<?xml version="1.0" encoding="utf-8"?>
<!DOCTYPE coverage SYSTEM "http://cobertura.sourceforge.net/xml/coverage-04.dtd">
<coverage line-rate="0.8810810810810811" branch-rate="0.7745098039215687" lines-covered="326" lines-valid="370" branches-covered="79" branches-valid="102" complexity="154" version="0" timestamp="1606870900">
  <sources>
    <source>C:\Users\Emir\</source>
  </sources>
  <packages>
    <package name="Filmoteka" line-rate="0.8926829268292683" branch-rate="0.8478260869565217" complexity="119">
      <classes>
        <class name="Filmoteka.Clan" filename="C:\Users\Emir\source\repos\VVS-ZADACA2\Filmoteka\Filmoteka\Clan.cs" line-rate="1" branch-rate="1" complexity="9">
          <methods>
            <method name="get_Watchliste" signature="()" line-rate="1" branch-rate="1" complexity="1">
              <lines>
                <line number="19" hits="3" branch="false" />
              </lines>
            </method>
            <method name="get_RokPretplate" signature="()" line-rate="1" branch-rate="1" complexity="1">
              <lines>
                <line number="23" hits="2" branch="false" />
              </lines>
            </method>
            <method name="ProdužiRok" signature="(...)" line-rate="1" branch-rate="1" complexity="4">
              <lines>
                <line number="59" hits="2" branch="false" />
                <line number="60" hits="2" branch="false" />
                <line number="61" hits="2" branch="false" />
                <line number="62" hits="2" branch="false" />
                <line number="63" hits="3" branch="true" condition-coverage="100% (4/4)" />
                <line number="64" hits="1" branch="false" />
                <line number="65" hits="1" branch="false" />
              </lines>
            </method>
            <method name="ResetujListe" signature="()" line-rate="1" branch-rate="1" complexity="1">
              <lines>
                <line number="68" hits="1" branch="false" />
                <line number="69" hits="1" branch="false" />
                <line number="70" hits="1" branch="false" />
              </lines>
            </method>
            <method name=".ctor" signature="(...)" line-rate="1" branch-rate="1" complexity="1">
              <lines>
                <line number="31" hits="4" branch="false" />
                <line number="32" hits="4" branch="false" />
                <line number="33" hits="4" branch="false" />
                <line number="34" hits="4" branch="false" />
                <line number="35" hits="4" branch="false" />
              </lines>
            </method>
            <method name=".ctor" signature="(...)" line-rate="1" branch-rate="1" complexity="1">
              <lines>
                <line number="38" hits="2" branch="false" />
                <line number="39" hits="2" branch="false" />
                <line number="40" hits="2" branch="false" />
                <line number="41" hits="2" branch="false" />
                <line number="42" hits="2" branch="false" />
              </lines>
            </method>
          </methods>
          <lines>
            <line number="19" hits="3" branch="false" />
            <line number="23" hits="2" branch="false" />
            <line number="31" hits="4" branch="false" />
            <line number="32" hits="4" branch="false" />
            <line number="33" hits="4" branch="false" />
            <line number="34" hits="4" branch="false" />
            <line number="35" hits="4" branch="false" />
            <line number="38" hits="2" branch="false" />
            <line number="39" hits="2" branch="false" />
            <line number="40" hits="2" branch="false" />
            <line number="41" hits="2" branch="false" />
            <line number="42" hits="2" branch="false" />
            <line number="59" hits="2" branch="false" />
            <line number="60" hits="2" branch="false" />
            <line number="61" hits="2" branch="false" />
            <line number="62" hits="2" branch="false" />
            <line number="63" hits="3" branch="true" condition-coverage="100% (4/4)" />
            <line number="64" hits="1" branch="false" />
            <line number="65" hits="1" branch="false" />
            <line number="68" hits="1" branch="false" />
            <line number="69" hits="1" branch="false" />
            <line number="70" hits="1" branch="false" />
          </lines>
        </class>
        <class name="Filmoteka.Film" filename="C:\Users\Emir\source\repos\VVS-ZADACA2\Filmoteka\Filmoteka\Film.cs" line-rate="0.8787878787878788" branch-rate="0.6666666666666666" complexity="18">
          <methods>
            <method name="get_Id" signature="()" line-rate="0" branch-rate="1" complexity="1">
              <lines>
                <line number="36" hits="0" branch="false" />
              </lines>
            </method>
            <method name="get_Naziv" signature="()" line-rate="1" branch-rate="1" complexity="1">
              <lines>
                <line number="41" hits="116" branch="false" />
              </lines>
            </method>
            <method name="set_Naziv" signature="(...)" line-rate="1" branch-rate="1" complexity="2">
              <lines>
                <line number="43" hits="25" branch="false" />
                <line number="44" hits="25" branch="true" condition-coverage="100% (2/2)" />
                <line number="45" hits="1" branch="false" />
                <line number="47" hits="24" branch="false" />
                <line number="48" hits="24" branch="false" />
              </lines>
            </method>
            <method name="get_Ocjena" signature="()" line-rate="1" branch-rate="1" complexity="1">
              <lines>
                <line number="53" hits="12" branch="false" />
              </lines>
            </method>
            <method name="set_Ocjena" signature="(...)" line-rate="0.8" branch-rate="0.5" complexity="4">
              <lines>
                <line number="55" hits="24" branch="false" />
                <line number="56" hits="24" branch="true" condition-coverage="50% (2/4)" />
                <line number="57" hits="0" branch="false" />
                <line number="59" hits="24" branch="false" />
                <line number="60" hits="24" branch="false" />
              </lines>
            </method>
            <method name="get_Žanr" signature="()" line-rate="1" branch-rate="1" complexity="1">
              <lines>
                <line number="65" hits="9" branch="false" />
              </lines>
            </method>
            <method name="set_Žanr" signature="(...)" line-rate="1" branch-rate="1" complexity="1">
              <lines>
                <line number="66" hits="24" branch="false" />
              </lines>
            </method>
            <method name="get_Glumci" signature="()" line-rate="1" branch-rate="1" complexity="1">
              <lines>
                <line number="71" hits="53" branch="false" />
              </lines>
            </method>
            <method name="set_Glumci" signature="(...)" line-rate="0.8333333333333334" branch-rate="0.75" complexity="4">
              <lines>
                <line number="73" hits="24" branch="false" />
                <line number="74" hits="166" branch="true" condition-coverage="100% (2/2)" />
                <line number="75" hits="47" branch="true" condition-coverage="50% (1/2)" />
                <line number="76" hits="0" branch="false" />
                <line number="78" hits="24" branch="false" />
                <line number="79" hits="24" branch="false" />
              </lines>
            </method>
            <method name=".ctor" signature="(...)" line-rate="0.9090909090909091" branch-rate="0.5" complexity="2">
              <lines>
                <line number="86" hits="25" branch="false" />
                <line number="87" hits="25" branch="false" />
                <line number="88" hits="25" branch="false" />
                <line number="89" hits="25" branch="false" />
                <line number="91" hits="25" branch="false" />
                <line number="92" hits="24" branch="false" />
                <line number="93" hits="24" branch="false" />
                <line number="95" hits="24" branch="true" condition-coverage="50% (1/2)" />
                <line number="96" hits="0" branch="false" />
                <line number="98" hits="24" branch="false" />
                <line number="99" hits="24" branch="false" />
              </lines>
            </method>
          </methods>
          <lines>
            <line number="36" hits="0" branch="false" />
            <line number="41" hits="116" branch="false" />
            <line number="43" hits="25" branch="false" />
            <line number="44" hits="25" branch="true" condition-coverage="100% (2/2)" />
            <line number="45" hits="1" branch="false" />
            <line number="47" hits="24" branch="false" />
            <line number="48" hits="24" branch="false" />
            <line number="53" hits="12" branch="false" />
            <line number="55" hits="24" branch="false" />
            <line number="56" hits="24" branch="true" condition-coverage="50% (2/4)" />
            <line number="57" hits="0" branch="false" />
            <line number="59" hits="24" branch="false" />
            <line number="60" hits="24" branch="false" />
            <line number="65" hits="9" branch="false" />
            <line number="66" hits="24" branch="false" />
            <line number="71" hits="53" branch="false" />
            <line number="73" hits="24" branch="false" />
            <line number="74" hits="166" branch="true" condition-coverage="100% (2/2)" />
            <line number="75" hits="47" branch="true" condition-coverage="50% (1/2)" />
            <line number="76" hits="0" branch="false" />
            <line number="78" hits="24" branch="false" />
            <line number="79" hits="24" branch="false" />
            <line number="86" hits="25" branch="false" />
            <line number="87" hits="25" branch="false" />
            <line number="88" hits="25" branch="false" />
            <line number="89" hits="25" branch="false" />
            <line number="91" hits="25" branch="false" />
            <line number="92" hits="24" branch="false" />
            <line number="93" hits="24" branch="false" />
            <line number="95" hits="24" branch="true" condition-coverage="50% (1/2)" />
            <line number="96" hits="0" branch="false" />
            <line number="98" hits="24" branch="false" />
            <line number="99" hits="24" branch="false" />
          </lines>
        </class>
        <class name="Filmoteka.Filmoteka" filename="C:\Users\Emir\source\repos\VVS-ZADACA2\Filmoteka\Filmoteka\Filmoteka.cs" line-rate="0.84" branch-rate="0.8055555555555556" complexity="42">
          <methods>
            <method name="get_Gosti" signature="()" line-rate="1" branch-rate="1" complexity="1">
              <lines>
                <line number="21" hits="4" branch="false" />
              </lines>
            </method>
            <method name="get_Clanovi" signature="()" line-rate="0" branch-rate="1" complexity="1">
              <lines>
                <line number="26" hits="0" branch="false" />
              </lines>
            </method>
            <method name="get_Filmovi" signature="()" line-rate="1" branch-rate="1" complexity="1">
              <lines>
                <line number="31" hits="11" branch="false" />
              </lines>
            </method>
            <method name="RadSaKorisnicima" signature="(...)" line-rate="0.8" branch-rate="0.8571428571428571" complexity="14">
              <lines>
                <line number="48" hits="6" branch="false" />
                <line number="49" hits="6" branch="true" condition-coverage="100% (2/2)" />
                <line number="50" hits="4" branch="false" />
                <line number="51" hits="8" branch="false" />
                <line number="52" hits="4" branch="true" condition-coverage="100% (2/2)" />
                <line number="53" hits="0" branch="false" />
                <line number="55" hits="4" branch="true" condition-coverage="100% (2/2)" />
                <line number="56" hits="3" branch="true" condition-coverage="50% (1/2)" />
                <line number="57" hits="0" branch="false" />
                <line number="59" hits="3" branch="false" />
                <line number="62" hits="1" branch="false" />
                <line number="63" hits="3" branch="false" />
                <line number="65" hits="2" branch="true" condition-coverage="100% (2/2)" />
                <line number="66" hits="2" branch="false" />
                <line number="67" hits="6" branch="false" />
                <line number="68" hits="2" branch="true" condition-coverage="100% (2/2)" />
                <line number="69" hits="0" branch="false" />
                <line number="71" hits="1" branch="false" />
                <line number="72" hits="1" branch="false" />
                <line number="73" hits="1" branch="false" />
                <line number="75" hits="1" branch="true" condition-coverage="50% (1/2)" />
                <line number="76" hits="1" branch="false" />
                <line number="78" hits="0" branch="false" />
                <line number="79" hits="0" branch="false" />
                <line number="80" hits="4" branch="false" />
              </lines>
            </method>
            <method name="DodajWatchlistu" signature="(...)" line-rate="0.8333333333333334" branch-rate="0.75" complexity="4">
              <lines>
                <line number="83" hits="1" branch="false" />
                <line number="84" hits="5" branch="true" condition-coverage="100% (2/2)" />
                <line number="85" hits="1" branch="true" condition-coverage="50% (1/2)" />
                <line number="86" hits="0" branch="false" />
                <line number="88" hits="1" branch="false" />
                <line number="89" hits="1" branch="false" />
              </lines>
            </method>
            <method name="DajSveFilmoveZaRezisera" signature="(...)" line-rate="0.5555555555555556" branch-rate="0.25" complexity="4">
              <lines>
                <line number="92" hits="1" branch="false" />
                <line number="93" hits="1" branch="false" />
                <line number="95" hits="4" branch="true" condition-coverage="50% (1/2)" />
                <line number="96" hits="1" branch="false" />
                <line number="97" hits="1" branch="true" condition-coverage="0% (0/2)" />
                <line number="98" hits="0" branch="false" />
                <line number="99" hits="0" branch="false" />
                <line number="101" hits="0" branch="false" />
                <line number="102" hits="0" branch="false" />
              </lines>
            </method>
            <method name="DajSveFilmoveSGlumcima" signature="(...)" line-rate="0.9583333333333334" branch-rate="0.9285714285714286" complexity="14">
              <lines>
                <line number="113" hits="3" branch="false" />
                <line number="114" hits="3" branch="false" />
                <line number="115" hits="0" branch="true" condition-coverage="50% (1/2)" />
                <line number="117" hits="18" branch="true" condition-coverage="100% (2/2)" />
                <line number="118" hits="6" branch="false" />
                <line number="119" hits="100" branch="true" condition-coverage="100% (2/2)" />
                <line number="120" hits="44" branch="false" />
                <line number="121" hits="44" branch="true" condition-coverage="100% (2/2)" />
                <line number="122" hits="44" branch="false" />
                <line number="123" hits="44" branch="false" />
                <line number="124" hits="124" branch="true" condition-coverage="100% (2/2)" />
                <line number="125" hits="53" branch="false" />
                <line number="127" hits="53" branch="true" condition-coverage="100% (2/2)" />
                <line number="128" hits="35" branch="false" />
                <line number="130" hits="35" branch="false" />
                <line number="131" hits="35" branch="false" />
                <line number="133" hits="18" branch="false" />
                <line number="134" hits="44" branch="true" condition-coverage="100% (2/2)" />
                <line number="135" hits="9" branch="false" />
                <line number="137" hits="44" branch="false" />
                <line number="138" hits="44" branch="false" />
                <line number="141" hits="6" branch="false" />
                <line number="142" hits="3" branch="false" />
                <line number="143" hits="3" branch="false" />
              </lines>
            </method>
            <method name="DodajNastavak" signature="(...)" line-rate="1" branch-rate="1" complexity="1">
              <lines>
                <line number="146" hits="3" branch="false" />
                <line number="147" hits="3" branch="false" />
              </lines>
            </method>
            <method name=".ctor" signature="()" line-rate="1" branch-rate="1" complexity="1">
              <lines>
                <line number="38" hits="12" branch="false" />
                <line number="39" hits="12" branch="false" />
                <line number="41" hits="12" branch="false" />
              </lines>
            </method>
            <method name=".cctor" signature="()" line-rate="1" branch-rate="1" complexity="1">
              <lines>
                <line number="11" hits="1" branch="false" />
                <line number="12" hits="1" branch="false" />
                <line number="13" hits="1" branch="false" />
              </lines>
            </method>
          </methods>
          <lines>
            <line number="11" hits="1" branch="false" />
            <line number="12" hits="1" branch="false" />
            <line number="13" hits="1" branch="false" />
            <line number="21" hits="4" branch="false" />
            <line number="26" hits="0" branch="false" />
            <line number="31" hits="11" branch="false" />
            <line number="38" hits="12" branch="false" />
            <line number="39" hits="12" branch="false" />
            <line number="41" hits="12" branch="false" />
            <line number="48" hits="6" branch="false" />
            <line number="49" hits="6" branch="true" condition-coverage="100% (2/2)" />
            <line number="50" hits="4" branch="false" />
            <line number="51" hits="8" branch="false" />
            <line number="52" hits="4" branch="true" condition-coverage="100% (2/2)" />
            <line number="53" hits="0" branch="false" />
            <line number="55" hits="4" branch="true" condition-coverage="100% (2/2)" />
            <line number="56" hits="3" branch="true" condition-coverage="50% (1/2)" />
            <line number="57" hits="0" branch="false" />
            <line number="59" hits="3" branch="false" />
            <line number="62" hits="1" branch="false" />
            <line number="63" hits="3" branch="false" />
            <line number="65" hits="2" branch="true" condition-coverage="100% (2/2)" />
            <line number="66" hits="2" branch="false" />
            <line number="67" hits="6" branch="false" />
            <line number="68" hits="2" branch="true" condition-coverage="100% (2/2)" />
            <line number="69" hits="0" branch="false" />
            <line number="71" hits="1" branch="false" />
            <line number="72" hits="1" branch="false" />
            <line number="73" hits="1" branch="false" />
            <line number="75" hits="1" branch="true" condition-coverage="50% (1/2)" />
            <line number="76" hits="1" branch="false" />
            <line number="78" hits="0" branch="false" />
            <line number="79" hits="0" branch="false" />
            <line number="80" hits="4" branch="false" />
            <line number="83" hits="1" branch="false" />
            <line number="84" hits="5" branch="true" condition-coverage="100% (2/2)" />
            <line number="85" hits="1" branch="true" condition-coverage="50% (1/2)" />
            <line number="86" hits="0" branch="false" />
            <line number="88" hits="1" branch="false" />
            <line number="89" hits="1" branch="false" />
            <line number="92" hits="1" branch="false" />
            <line number="93" hits="1" branch="false" />
            <line number="95" hits="4" branch="true" condition-coverage="50% (1/2)" />
            <line number="96" hits="1" branch="false" />
            <line number="97" hits="1" branch="true" condition-coverage="0% (0/2)" />
            <line number="98" hits="0" branch="false" />
            <line number="99" hits="0" branch="false" />
            <line number="101" hits="0" branch="false" />
            <line number="102" hits="0" branch="false" />
            <line number="113" hits="3" branch="false" />
            <line number="114" hits="3" branch="false" />
            <line number="115" hits="0" branch="true" condition-coverage="50% (1/2)" />
            <line number="117" hits="18" branch="true" condition-coverage="100% (2/2)" />
            <line number="118" hits="6" branch="false" />
            <line number="119" hits="100" branch="true" condition-coverage="100% (2/2)" />
            <line number="120" hits="44" branch="false" />
            <line number="121" hits="44" branch="true" condition-coverage="100% (2/2)" />
            <line number="122" hits="44" branch="false" />
            <line number="123" hits="44" branch="false" />
            <line number="124" hits="124" branch="true" condition-coverage="100% (2/2)" />
            <line number="125" hits="53" branch="false" />
            <line number="127" hits="53" branch="true" condition-coverage="100% (2/2)" />
            <line number="128" hits="35" branch="false" />
            <line number="130" hits="35" branch="false" />
            <line number="131" hits="35" branch="false" />
            <line number="133" hits="18" branch="false" />
            <line number="134" hits="44" branch="true" condition-coverage="100% (2/2)" />
            <line number="135" hits="9" branch="false" />
            <line number="137" hits="44" branch="false" />
            <line number="138" hits="44" branch="false" />
            <line number="141" hits="6" branch="false" />
            <line number="142" hits="3" branch="false" />
            <line number="143" hits="3" branch="false" />
            <line number="146" hits="3" branch="false" />
            <line number="147" hits="3" branch="false" />
          </lines>
        </class>
        <class name="Filmoteka.Gost" filename="C:\Users\Emir\source\repos\VVS-ZADACA2\Filmoteka\Filmoteka\Gost.cs" line-rate="0.9183673469387755" branch-rate="0.90625" complexity="39">
          <methods>
            <method name="get_Username" signature="()" line-rate="0" branch-rate="1" complexity="1">
              <lines>
                <line number="21" hits="0" branch="false" />
              </lines>
            </method>
            <method name="set_Username" signature="(...)" line-rate="1" branch-rate="0.625" complexity="8">
              <lines>
                <line number="23" hits="13" branch="false" />
                <line number="24" hits="13" branch="true" condition-coverage="63% (5/8)" />
                <line number="25" hits="13" branch="false" />
                <line number="26" hits="1" branch="false" />
                <line number="28" hits="12" branch="false" />
                <line number="29" hits="12" branch="false" />
              </lines>
            </method>
            <method name="get_Password" signature="()" line-rate="0" branch-rate="1" complexity="1">
              <lines>
                <line number="34" hits="0" branch="false" />
              </lines>
            </method>
            <method name="set_Password" signature="(...)" line-rate="1" branch-rate="1" complexity="8">
              <lines>
                <line number="36" hits="12" branch="false" />
                <line number="37" hits="12" branch="true" condition-coverage="100% (8/8)" />
                <line number="38" hits="12" branch="false" />
                <line number="39" hits="1" branch="false" />
                <line number="41" hits="22" branch="false" />
                <line number="42" hits="11" branch="false" />
              </lines>
            </method>
            <method name="get_Ime" signature="()" line-rate="0" branch-rate="1" complexity="1">
              <lines>
                <line number="47" hits="0" branch="false" />
              </lines>
            </method>
            <method name="set_Ime" signature="(...)" line-rate="1" branch-rate="1" complexity="6">
              <lines>
                <line number="49" hits="11" branch="false" />
                <line number="50" hits="11" branch="true" condition-coverage="100% (6/6)" />
                <line number="51" hits="11" branch="false" />
                <line number="52" hits="1" branch="false" />
                <line number="54" hits="10" branch="false" />
                <line number="55" hits="10" branch="false" />
              </lines>
            </method>
            <method name="get_Prezime" signature="()" line-rate="0" branch-rate="1" complexity="1">
              <lines>
                <line number="60" hits="0" branch="false" />
              </lines>
            </method>
            <method name="set_Prezime" signature="(...)" line-rate="1" branch-rate="1" complexity="6">
              <lines>
                <line number="62" hits="10" branch="false" />
                <line number="63" hits="10" branch="true" condition-coverage="100% (6/6)" />
                <line number="64" hits="10" branch="false" />
                <line number="65" hits="1" branch="false" />
                <line number="67" hits="9" branch="false" />
                <line number="68" hits="9" branch="false" />
              </lines>
            </method>
            <method name="get_Id" signature="()" line-rate="1" branch-rate="1" complexity="1">
              <lines>
                <line number="73" hits="16" branch="false" />
              </lines>
            </method>
            <method name="AutomatskiKorisničkiPodaci" signature="(...)" line-rate="1" branch-rate="1" complexity="4">
              <lines>
                <line number="113" hits="3" branch="false" />
                <line number="114" hits="3" branch="true" condition-coverage="100% (4/4)" />
                <line number="115" hits="1" branch="false" />
                <line number="116" hits="1" branch="false" />
                <line number="118" hits="2" branch="false" />
                <line number="119" hits="2" branch="false" />
                <line number="121" hits="2" branch="false" />
                <line number="123" hits="2" branch="false" />
              </lines>
            </method>
            <method name=".ctor" signature="(...)" line-rate="1" branch-rate="1" complexity="1">
              <lines>
                <line number="80" hits="13" branch="false" />
                <line number="81" hits="13" branch="false" />
                <line number="82" hits="13" branch="false" />
                <line number="83" hits="13" branch="false" />
                <line number="84" hits="13" branch="false" />
                <line number="85" hits="12" branch="false" />
                <line number="86" hits="11" branch="false" />
                <line number="87" hits="10" branch="false" />
                <line number="88" hits="9" branch="false" />
              </lines>
            </method>
            <method name=".ctor" signature="()" line-rate="1" branch-rate="1" complexity="1">
              <lines>
                <line number="90" hits="2" branch="false" />
                <line number="91" hits="2" branch="false" />
                <line number="93" hits="2" branch="false" />
              </lines>
            </method>
          </methods>
          <lines>
            <line number="21" hits="0" branch="false" />
            <line number="23" hits="13" branch="false" />
            <line number="24" hits="13" branch="true" condition-coverage="63% (5/8)" />
            <line number="25" hits="13" branch="false" />
            <line number="26" hits="1" branch="false" />
            <line number="28" hits="12" branch="false" />
            <line number="29" hits="12" branch="false" />
            <line number="34" hits="0" branch="false" />
            <line number="36" hits="12" branch="false" />
            <line number="37" hits="12" branch="true" condition-coverage="100% (8/8)" />
            <line number="38" hits="12" branch="false" />
            <line number="39" hits="1" branch="false" />
            <line number="41" hits="22" branch="false" />
            <line number="42" hits="11" branch="false" />
            <line number="47" hits="0" branch="false" />
            <line number="49" hits="11" branch="false" />
            <line number="50" hits="11" branch="true" condition-coverage="100% (6/6)" />
            <line number="51" hits="11" branch="false" />
            <line number="52" hits="1" branch="false" />
            <line number="54" hits="10" branch="false" />
            <line number="55" hits="10" branch="false" />
            <line number="60" hits="0" branch="false" />
            <line number="62" hits="10" branch="false" />
            <line number="63" hits="10" branch="true" condition-coverage="100% (6/6)" />
            <line number="64" hits="10" branch="false" />
            <line number="65" hits="1" branch="false" />
            <line number="67" hits="9" branch="false" />
            <line number="68" hits="9" branch="false" />
            <line number="73" hits="16" branch="false" />
            <line number="80" hits="13" branch="false" />
            <line number="81" hits="13" branch="false" />
            <line number="82" hits="13" branch="false" />
            <line number="83" hits="13" branch="false" />
            <line number="84" hits="13" branch="false" />
            <line number="85" hits="12" branch="false" />
            <line number="86" hits="11" branch="false" />
            <line number="87" hits="10" branch="false" />
            <line number="88" hits="9" branch="false" />
            <line number="90" hits="2" branch="false" />
            <line number="91" hits="2" branch="false" />
            <line number="93" hits="2" branch="false" />
            <line number="113" hits="3" branch="false" />
            <line number="114" hits="3" branch="true" condition-coverage="100% (4/4)" />
            <line number="115" hits="1" branch="false" />
            <line number="116" hits="1" branch="false" />
            <line number="118" hits="2" branch="false" />
            <line number="119" hits="2" branch="false" />
            <line number="121" hits="2" branch="false" />
            <line number="123" hits="2" branch="false" />
          </lines>
        </class>
        <class name="Filmoteka.Reziser" filename="C:\Users\Emir\source\repos\VVS-ZADACA2\Filmoteka\Filmoteka\Reziser.cs" line-rate="1" branch-rate="1" complexity="1">
          <methods>
            <method name="DaLiJeReziraoFilm" signature="(...)" line-rate="1" branch-rate="1" complexity="1">
              <lines>
                <line number="14" hits="1" branch="false" />
                <line number="15" hits="1" branch="false" />
              </lines>
            </method>
          </methods>
          <lines>
            <line number="14" hits="1" branch="false" />
            <line number="15" hits="1" branch="false" />
          </lines>
        </class>
        <class name="Filmoteka.Watchlist" filename="C:\Users\Emir\source\repos\VVS-ZADACA2\Filmoteka\Filmoteka\Watchlist.cs" line-rate="0.9166666666666666" branch-rate="1" complexity="10">
          <methods>
            <method name="get_Naziv" signature="()" line-rate="0" branch-rate="1" complexity="1">
              <lines>
                <line number="20" hits="0" branch="false" />
              </lines>
            </method>
            <method name="set_Naziv" signature="(...)" line-rate="1" branch-rate="1" complexity="2">
              <lines>
                <line number="22" hits="4" branch="false" />
                <line number="23" hits="4" branch="true" condition-coverage="100% (2/2)" />
                <line number="24" hits="1" branch="false" />
                <line number="26" hits="3" branch="false" />
                <line number="27" hits="3" branch="false" />
              </lines>
            </method>
            <method name="get_Filmovi" signature="()" line-rate="0" branch-rate="1" complexity="1">
              <lines>
                <line number="31" hits="0" branch="false" />
              </lines>
            </method>
            <method name="DajSrednjuOcjenuSvihFilmova" signature="()" line-rate="1" branch-rate="1" complexity="4">
              <lines>
                <line number="60" hits="2" branch="false" />
                <line number="61" hits="3" branch="true" condition-coverage="100% (2/2)" />
                <line number="62" hits="1" branch="false" />
                <line number="63" hits="8" branch="true" condition-coverage="100% (2/2)" />
                <line number="64" hits="3" branch="false" />
                <line number="65" hits="3" branch="false" />
                <line number="66" hits="3" branch="false" />
                <line number="67" hits="1" branch="false" />
                <line number="68" hits="1" branch="false" />
                <line number="70" hits="1" branch="false" />
              </lines>
            </method>
            <method name=".ctor" signature="(...)" line-rate="1" branch-rate="1" complexity="2">
              <lines>
                <line number="38" hits="4" branch="false" />
                <line number="39" hits="4" branch="false" />
                <line number="40" hits="4" branch="false" />
                <line number="42" hits="3" branch="true" condition-coverage="100% (2/2)" />
                <line number="43" hits="1" branch="false" />
                <line number="45" hits="2" branch="false" />
                <line number="46" hits="3" branch="false" />
              </lines>
            </method>
          </methods>
          <lines>
            <line number="20" hits="0" branch="false" />
            <line number="22" hits="4" branch="false" />
            <line number="23" hits="4" branch="true" condition-coverage="100% (2/2)" />
            <line number="24" hits="1" branch="false" />
            <line number="26" hits="3" branch="false" />
            <line number="27" hits="3" branch="false" />
            <line number="31" hits="0" branch="false" />
            <line number="38" hits="4" branch="false" />
            <line number="39" hits="4" branch="false" />
            <line number="40" hits="4" branch="false" />
            <line number="42" hits="3" branch="true" condition-coverage="100% (2/2)" />
            <line number="43" hits="1" branch="false" />
            <line number="45" hits="2" branch="false" />
            <line number="46" hits="3" branch="false" />
            <line number="60" hits="2" branch="false" />
            <line number="61" hits="3" branch="true" condition-coverage="100% (2/2)" />
            <line number="62" hits="1" branch="false" />
            <line number="63" hits="8" branch="true" condition-coverage="100% (2/2)" />
            <line number="64" hits="3" branch="false" />
            <line number="65" hits="3" branch="false" />
            <line number="66" hits="3" branch="false" />
            <line number="67" hits="1" branch="false" />
            <line number="68" hits="1" branch="false" />
            <line number="70" hits="1" branch="false" />
          </lines>
        </class>
      </classes>
    </package>
    <package name="Unit Testovi" line-rate="0.8666666666666667" branch-rate="0.1" complexity="35">
      <classes>
        <class name="AutoGeneratedProgram" filename="C:\Users\Emir\.nuget\packages\microsoft.net.test.sdk\16.5.0\build\netcoreapp2.1\Microsoft.NET.Test.Sdk.Program.cs" line-rate="0" branch-rate="1" complexity="1">
          <methods>
            <method name="Main" signature="(...)" line-rate="0" branch-rate="1" complexity="1">
              <lines>
                <line number="4" hits="0" branch="false" />
              </lines>
            </method>
          </methods>
          <lines>
            <line number="4" hits="0" branch="false" />
          </lines>
        </class>
        <class name="Unit_Testovi.NoviTestovi" filename="C:\Users\Emir\source\repos\VVS-ZADACA2\Filmoteka\Unit Testovi\NoviTestovi.cs" line-rate="0.8719512195121951" branch-rate="0.1" complexity="34">
          <methods>
            <method name="TestZamjenskiObjekat" signature="()" line-rate="0.75" branch-rate="1" complexity="1">
              <lines>
                <line number="15" hits="1" branch="false" />
                <line number="16" hits="1" branch="false" />
                <line number="18" hits="1" branch="false" />
                <line number="19" hits="1" branch="false" />
                <line number="21" hits="1" branch="false" />
                <line number="23" hits="1" branch="false" />
                <line number="25" hits="0" branch="false" />
                <line number="26" hits="0" branch="false" />
              </lines>
            </method>
            <method name="TestDodajNastavakIstiGlumci" signature="()" line-rate="0.7142857142857143" branch-rate="0" complexity="4">
              <lines>
                <line number="34" hits="1" branch="false" />
                <line number="35" hits="1" branch="false" />
                <line number="37" hits="1" branch="false" />
                <line number="38" hits="1" branch="false" />
                <line number="40" hits="1" branch="false" />
                <line number="42" hits="0" branch="true" condition-coverage="0% (0/4)" />
                <line number="43" hits="0" branch="false" />
              </lines>
            </method>
            <method name="TestDodajNastavakRazlicitiGlumci" signature="()" line-rate="0.7142857142857143" branch-rate="0" complexity="4">
              <lines>
                <line number="47" hits="1" branch="false" />
                <line number="48" hits="1" branch="false" />
                <line number="50" hits="1" branch="false" />
                <line number="51" hits="1" branch="false" />
                <line number="53" hits="1" branch="false" />
                <line number="55" hits="0" branch="true" condition-coverage="0% (0/4)" />
                <line number="56" hits="0" branch="false" />
              </lines>
            </method>
            <method name="TestDodajNastavakIzuzetak" signature="()" line-rate="0.8" branch-rate="1" complexity="1">
              <lines>
                <line number="61" hits="1" branch="false" />
                <line number="62" hits="1" branch="false" />
                <line number="64" hits="1" branch="false" />
                <line number="66" hits="1" branch="false" />
                <line number="67" hits="0" branch="false" />
              </lines>
            </method>
            <method name="TestDajSveFilmoveSGLumcima" signature="()" line-rate="1" branch-rate="1" complexity="1">
              <lines>
                <line number="71" hits="1" branch="false" />
                <line number="72" hits="1" branch="false" />
                <line number="73" hits="1" branch="false" />
                <line number="74" hits="1" branch="false" />
                <line number="75" hits="1" branch="false" />
                <line number="78" hits="1" branch="false" />
                <line number="79" hits="1" branch="false" />
                <line number="80" hits="1" branch="false" />
                <line number="81" hits="1" branch="false" />
                <line number="83" hits="1" branch="false" />
                <line number="84" hits="1" branch="false" />
              </lines>
            </method>
            <method name="TestDajSrednjuOcjenuSvihFilmova" signature="()" line-rate="1" branch-rate="1" complexity="1">
              <lines>
                <line number="92" hits="1" branch="false" />
                <line number="93" hits="1" branch="false" />
                <line number="94" hits="1" branch="false" />
                <line number="95" hits="1" branch="false" />
                <line number="96" hits="1" branch="false" />
                <line number="97" hits="1" branch="false" />
                <line number="98" hits="1" branch="false" />
                <line number="99" hits="1" branch="false" />
                <line number="100" hits="1" branch="false" />
              </lines>
            </method>
            <method name="TestDajSrednjuOcjenuSvihFilmovaPrazan" signature="()" line-rate="0.75" branch-rate="1" complexity="1">
              <lines>
                <line number="107" hits="1" branch="false" />
                <line number="108" hits="1" branch="false" />
                <line number="109" hits="1" branch="false" />
                <line number="110" hits="0" branch="false" />
              </lines>
            </method>
            <method name="TestWatchlistKonstruktorIzuzetak" signature="()" line-rate="0.5" branch-rate="1" complexity="1">
              <lines>
                <line number="118" hits="1" branch="false" />
                <line number="119" hits="1" branch="false" />
                <line number="120" hits="0" branch="false" />
                <line number="121" hits="0" branch="false" />
              </lines>
            </method>
            <method name="TestProdužiRokValidan" signature="()" line-rate="1" branch-rate="1" complexity="1">
              <lines>
                <line number="125" hits="1" branch="false" />
                <line number="126" hits="1" branch="false" />
                <line number="127" hits="1" branch="false" />
                <line number="128" hits="1" branch="false" />
                <line number="129" hits="1" branch="false" />
                <line number="130" hits="1" branch="false" />
                <line number="131" hits="1" branch="false" />
                <line number="132" hits="1" branch="false" />
              </lines>
            </method>
            <method name="TestAutomatskiKorisničkiPodaciIzuzetak" signature="()" line-rate="0.6666666666666666" branch-rate="1" complexity="1">
              <lines>
                <line number="140" hits="1" branch="false" />
                <line number="141" hits="1" branch="false" />
                <line number="142" hits="0" branch="false" />
              </lines>
            </method>
            <method name="TestAutomatskiKorisničkiPodaciUsername" signature="()" line-rate="1" branch-rate="1" complexity="1">
              <lines>
                <line number="149" hits="1" branch="false" />
                <line number="150" hits="1" branch="false" />
                <line number="151" hits="1" branch="false" />
                <line number="152" hits="1" branch="false" />
                <line number="153" hits="1" branch="false" />
              </lines>
            </method>
            <method name="TestAutomatskiKorisničkiPodaciPassword" signature="()" line-rate="1" branch-rate="1" complexity="1">
              <lines>
                <line number="160" hits="1" branch="false" />
                <line number="161" hits="1" branch="false" />
                <line number="162" hits="1" branch="false" />
                <line number="163" hits="1" branch="false" />
                <line number="164" hits="1" branch="false" />
              </lines>
            </method>
            <method name="TestGostKonstruktorIzuzetakUsername" signature="()" line-rate="0.6666666666666666" branch-rate="1" complexity="1">
              <lines>
                <line number="172" hits="1" branch="false" />
                <line number="173" hits="1" branch="false" />
                <line number="174" hits="0" branch="false" />
              </lines>
            </method>
            <method name="TestGostKonstruktorIzuzetakPassword" signature="()" line-rate="0.6666666666666666" branch-rate="1" complexity="1">
              <lines>
                <line number="182" hits="1" branch="false" />
                <line number="183" hits="1" branch="false" />
                <line number="184" hits="0" branch="false" />
              </lines>
            </method>
            <method name="TestGostKonstruktorIzuzetakIme" signature="()" line-rate="0.6666666666666666" branch-rate="1" complexity="1">
              <lines>
                <line number="191" hits="1" branch="false" />
                <line number="192" hits="1" branch="false" />
                <line number="193" hits="0" branch="false" />
              </lines>
            </method>
            <method name="TestGostKonstruktorIzuzetakPrezime" signature="()" line-rate="0.6666666666666666" branch-rate="1" complexity="1">
              <lines>
                <line number="200" hits="1" branch="false" />
                <line number="201" hits="1" branch="false" />
                <line number="202" hits="0" branch="false" />
              </lines>
            </method>
            <method name="TestGostKonstruktor" signature="()" line-rate="1" branch-rate="1" complexity="1">
              <lines>
                <line number="208" hits="1" branch="false" />
                <line number="209" hits="1" branch="false" />
                <line number="210" hits="1" branch="false" />
              </lines>
            </method>
            <method name="TestProduziRokIzuzetak" signature="()" line-rate="0.8333333333333334" branch-rate="1" complexity="1">
              <lines>
                <line number="218" hits="1" branch="false" />
                <line number="219" hits="1" branch="false" />
                <line number="220" hits="1" branch="false" />
                <line number="221" hits="1" branch="false" />
                <line number="222" hits="1" branch="false" />
                <line number="223" hits="0" branch="false" />
              </lines>
            </method>
            <method name="TestClanKonstruktor" signature="()" line-rate="1" branch-rate="1" complexity="1">
              <lines>
                <line number="230" hits="1" branch="false" />
                <line number="231" hits="1" branch="false" />
                <line number="232" hits="1" branch="false" />
                <line number="233" hits="1" branch="false" />
                <line number="234" hits="1" branch="false" />
              </lines>
            </method>
            <method name="TestResetujListe" signature="()" line-rate="1" branch-rate="1" complexity="1">
              <lines>
                <line number="240" hits="1" branch="false" />
                <line number="241" hits="1" branch="false" />
                <line number="242" hits="1" branch="false" />
                <line number="243" hits="1" branch="false" />
                <line number="244" hits="1" branch="false" />
                <line number="245" hits="1" branch="false" />
              </lines>
            </method>
            <method name="TestDodajWatchlistu" signature="()" line-rate="1" branch-rate="1" complexity="1">
              <lines>
                <line number="252" hits="1" branch="false" />
                <line number="253" hits="1" branch="false" />
                <line number="254" hits="1" branch="false" />
                <line number="255" hits="1" branch="false" />
                <line number="256" hits="1" branch="false" />
                <line number="257" hits="1" branch="false" />
                <line number="258" hits="1" branch="false" />
                <line number="259" hits="1" branch="false" />
              </lines>
            </method>
            <method name="TestDodajWatchlistuNevalidnoIme" signature="()" line-rate="0.7142857142857143" branch-rate="1" complexity="1">
              <lines>
                <line number="268" hits="1" branch="false" />
                <line number="269" hits="1" branch="false" />
                <line number="270" hits="1" branch="false" />
                <line number="271" hits="1" branch="false" />
                <line number="272" hits="1" branch="false" />
                <line number="273" hits="0" branch="false" />
                <line number="274" hits="0" branch="false" />
              </lines>
            </method>
            <method name="TestRadSaKorisnicima1" signature="()" line-rate="1" branch-rate="1" complexity="1">
              <lines>
                <line number="281" hits="1" branch="false" />
                <line number="282" hits="1" branch="false" />
                <line number="284" hits="1" branch="false" />
                <line number="285" hits="1" branch="false" />
                <line number="286" hits="1" branch="false" />
                <line number="287" hits="1" branch="false" />
                <line number="289" hits="1" branch="false" />
                <line number="290" hits="1" branch="false" />
              </lines>
            </method>
            <method name="TestRadSaKorisnicima2" signature="()" line-rate="0.9090909090909091" branch-rate="0.5" complexity="2">
              <lines>
                <line number="297" hits="1" branch="false" />
                <line number="298" hits="1" branch="false" />
                <line number="300" hits="1" branch="false" />
                <line number="301" hits="1" branch="false" />
                <line number="302" hits="1" branch="false" />
                <line number="303" hits="1" branch="false" />
                <line number="304" hits="1" branch="true" condition-coverage="50% (1/2)" />
                <line number="305" hits="1" branch="false" />
                <line number="306" hits="1" branch="false" />
                <line number="307" hits="1" branch="false" />
                <line number="308" hits="0" branch="false" />
              </lines>
            </method>
            <method name="TestRadSaKorisnicima3" signature="()" line-rate="0.875" branch-rate="1" complexity="1">
              <lines>
                <line number="316" hits="1" branch="false" />
                <line number="317" hits="1" branch="false" />
                <line number="319" hits="1" branch="false" />
                <line number="320" hits="1" branch="false" />
                <line number="321" hits="1" branch="false" />
                <line number="322" hits="1" branch="false" />
                <line number="323" hits="1" branch="false" />
                <line number="324" hits="0" branch="false" />
              </lines>
            </method>
            <method name="TestRadSaKorisnicima4" signature="()" line-rate="0.8571428571428571" branch-rate="1" complexity="1">
              <lines>
                <line number="332" hits="1" branch="false" />
                <line number="333" hits="1" branch="false" />
                <line number="335" hits="1" branch="false" />
                <line number="336" hits="1" branch="false" />
                <line number="337" hits="1" branch="false" />
                <line number="338" hits="1" branch="false" />
                <line number="339" hits="0" branch="false" />
              </lines>
            </method>
            <method name="TestDajSveFilmoveSGLumcima2" signature="()" line-rate="1" branch-rate="1" complexity="1">
              <lines>
                <line number="347" hits="1" branch="false" />
                <line number="348" hits="1" branch="false" />
                <line number="350" hits="1" branch="false" />
                <line number="351" hits="1" branch="false" />
                <line number="352" hits="1" branch="false" />
                <line number="353" hits="1" branch="false" />
                <line number="354" hits="1" branch="false" />
              </lines>
            </method>
          </methods>
          <lines>
            <line number="15" hits="1" branch="false" />
            <line number="16" hits="1" branch="false" />
            <line number="18" hits="1" branch="false" />
            <line number="19" hits="1" branch="false" />
            <line number="21" hits="1" branch="false" />
            <line number="23" hits="1" branch="false" />
            <line number="25" hits="0" branch="false" />
            <line number="26" hits="0" branch="false" />
            <line number="34" hits="1" branch="false" />
            <line number="35" hits="1" branch="false" />
            <line number="37" hits="1" branch="false" />
            <line number="38" hits="1" branch="false" />
            <line number="40" hits="1" branch="false" />
            <line number="42" hits="0" branch="true" condition-coverage="0% (0/4)" />
            <line number="43" hits="0" branch="false" />
            <line number="47" hits="1" branch="false" />
            <line number="48" hits="1" branch="false" />
            <line number="50" hits="1" branch="false" />
            <line number="51" hits="1" branch="false" />
            <line number="53" hits="1" branch="false" />
            <line number="55" hits="0" branch="true" condition-coverage="0% (0/4)" />
            <line number="56" hits="0" branch="false" />
            <line number="61" hits="1" branch="false" />
            <line number="62" hits="1" branch="false" />
            <line number="64" hits="1" branch="false" />
            <line number="66" hits="1" branch="false" />
            <line number="67" hits="0" branch="false" />
            <line number="71" hits="1" branch="false" />
            <line number="72" hits="1" branch="false" />
            <line number="73" hits="1" branch="false" />
            <line number="74" hits="1" branch="false" />
            <line number="75" hits="1" branch="false" />
            <line number="78" hits="1" branch="false" />
            <line number="79" hits="1" branch="false" />
            <line number="80" hits="1" branch="false" />
            <line number="81" hits="1" branch="false" />
            <line number="83" hits="1" branch="false" />
            <line number="84" hits="1" branch="false" />
            <line number="92" hits="1" branch="false" />
            <line number="93" hits="1" branch="false" />
            <line number="94" hits="1" branch="false" />
            <line number="95" hits="1" branch="false" />
            <line number="96" hits="1" branch="false" />
            <line number="97" hits="1" branch="false" />
            <line number="98" hits="1" branch="false" />
            <line number="99" hits="1" branch="false" />
            <line number="100" hits="1" branch="false" />
            <line number="107" hits="1" branch="false" />
            <line number="108" hits="1" branch="false" />
            <line number="109" hits="1" branch="false" />
            <line number="110" hits="0" branch="false" />
            <line number="118" hits="1" branch="false" />
            <line number="119" hits="1" branch="false" />
            <line number="120" hits="0" branch="false" />
            <line number="121" hits="0" branch="false" />
            <line number="125" hits="1" branch="false" />
            <line number="126" hits="1" branch="false" />
            <line number="127" hits="1" branch="false" />
            <line number="128" hits="1" branch="false" />
            <line number="129" hits="1" branch="false" />
            <line number="130" hits="1" branch="false" />
            <line number="131" hits="1" branch="false" />
            <line number="132" hits="1" branch="false" />
            <line number="140" hits="1" branch="false" />
            <line number="141" hits="1" branch="false" />
            <line number="142" hits="0" branch="false" />
            <line number="149" hits="1" branch="false" />
            <line number="150" hits="1" branch="false" />
            <line number="151" hits="1" branch="false" />
            <line number="152" hits="1" branch="false" />
            <line number="153" hits="1" branch="false" />
            <line number="160" hits="1" branch="false" />
            <line number="161" hits="1" branch="false" />
            <line number="162" hits="1" branch="false" />
            <line number="163" hits="1" branch="false" />
            <line number="164" hits="1" branch="false" />
            <line number="172" hits="1" branch="false" />
            <line number="173" hits="1" branch="false" />
            <line number="174" hits="0" branch="false" />
            <line number="182" hits="1" branch="false" />
            <line number="183" hits="1" branch="false" />
            <line number="184" hits="0" branch="false" />
            <line number="191" hits="1" branch="false" />
            <line number="192" hits="1" branch="false" />
            <line number="193" hits="0" branch="false" />
            <line number="200" hits="1" branch="false" />
            <line number="201" hits="1" branch="false" />
            <line number="202" hits="0" branch="false" />
            <line number="208" hits="1" branch="false" />
            <line number="209" hits="1" branch="false" />
            <line number="210" hits="1" branch="false" />
            <line number="218" hits="1" branch="false" />
            <line number="219" hits="1" branch="false" />
            <line number="220" hits="1" branch="false" />
            <line number="221" hits="1" branch="false" />
            <line number="222" hits="1" branch="false" />
            <line number="223" hits="0" branch="false" />
            <line number="230" hits="1" branch="false" />
            <line number="231" hits="1" branch="false" />
            <line number="232" hits="1" branch="false" />
            <line number="233" hits="1" branch="false" />
            <line number="234" hits="1" branch="false" />
            <line number="240" hits="1" branch="false" />
            <line number="241" hits="1" branch="false" />
            <line number="242" hits="1" branch="false" />
            <line number="243" hits="1" branch="false" />
            <line number="244" hits="1" branch="false" />
            <line number="245" hits="1" branch="false" />
            <line number="252" hits="1" branch="false" />
            <line number="253" hits="1" branch="false" />
            <line number="254" hits="1" branch="false" />
            <line number="255" hits="1" branch="false" />
            <line number="256" hits="1" branch="false" />
            <line number="257" hits="1" branch="false" />
            <line number="258" hits="1" branch="false" />
            <line number="259" hits="1" branch="false" />
            <line number="268" hits="1" branch="false" />
            <line number="269" hits="1" branch="false" />
            <line number="270" hits="1" branch="false" />
            <line number="271" hits="1" branch="false" />
            <line number="272" hits="1" branch="false" />
            <line number="273" hits="0" branch="false" />
            <line number="274" hits="0" branch="false" />
            <line number="281" hits="1" branch="false" />
            <line number="282" hits="1" branch="false" />
            <line number="284" hits="1" branch="false" />
            <line number="285" hits="1" branch="false" />
            <line number="286" hits="1" branch="false" />
            <line number="287" hits="1" branch="false" />
            <line number="289" hits="1" branch="false" />
            <line number="290" hits="1" branch="false" />
            <line number="297" hits="1" branch="false" />
            <line number="298" hits="1" branch="false" />
            <line number="300" hits="1" branch="false" />
            <line number="301" hits="1" branch="false" />
            <line number="302" hits="1" branch="false" />
            <line number="303" hits="1" branch="false" />
            <line number="304" hits="1" branch="true" condition-coverage="50% (1/2)" />
            <line number="305" hits="1" branch="false" />
            <line number="306" hits="1" branch="false" />
            <line number="307" hits="1" branch="false" />
            <line number="308" hits="0" branch="false" />
            <line number="316" hits="1" branch="false" />
            <line number="317" hits="1" branch="false" />
            <line number="319" hits="1" branch="false" />
            <line number="320" hits="1" branch="false" />
            <line number="321" hits="1" branch="false" />
            <line number="322" hits="1" branch="false" />
            <line number="323" hits="1" branch="false" />
            <line number="324" hits="0" branch="false" />
            <line number="332" hits="1" branch="false" />
            <line number="333" hits="1" branch="false" />
            <line number="335" hits="1" branch="false" />
            <line number="336" hits="1" branch="false" />
            <line number="337" hits="1" branch="false" />
            <line number="338" hits="1" branch="false" />
            <line number="339" hits="0" branch="false" />
            <line number="347" hits="1" branch="false" />
            <line number="348" hits="1" branch="false" />
            <line number="350" hits="1" branch="false" />
            <line number="351" hits="1" branch="false" />
            <line number="352" hits="1" branch="false" />
            <line number="353" hits="1" branch="false" />
            <line number="354" hits="1" branch="false" />
          </lines>
        </class>
      </classes>
    </package>
  </packages>
</coverage>