TpTrace Information: 0 : 896, 1, 2020/12/01, 13:31:08.189, 2631054068921, testhost.dll, DefaultEngineInvoker.Invoke: Testhost process started with args :[--port, 49475],[--endpoint, 127.0.0.1:049475],[--role, client],[--parentprocessid, 9648],[--diag, C:\Users\EK\Desktop\VVS-Zadaca2\Filmoteka\Unit Testovi\bin\Debug\fine-code-coverage\_outputfolder\diagnostics.host.20-12-01_13-31-07_86303_4.log],[--tracelevel, 4],[--datacollectionport, 49474],[--telemetryoptedin, false]
TpTrace Information: 0 : 896, 1, 2020/12/01, 13:31:08.198, 2631054108231, testhost.dll, DefaultEngineInvoker.SetParentProcessExitCallback: Monitoring parent process with id: '9648'
TpTrace Information: 0 : 896, 1, 2020/12/01, 13:31:08.210, 2631054230993, testhost.dll, DefaultEngineInvoker.GetConnectionInfo: Initialize communication on endpoint address: '127.0.0.1:049475'
TpTrace Information: 0 : 896, 1, 2020/12/01, 13:31:08.232, 2631054451651, testhost.dll, SocketClient.Start: connecting to server endpoint: 127.0.0.1:049475
TpTrace Information: 0 : 896, 1, 2020/12/01, 13:31:08.242, 2631054548211, testhost.dll, DefaultEngineInvoker.ConnectToDatacollector: Connecting to datacollector, port: 49474
TpTrace Information: 0 : 896, 5, 2020/12/01, 13:31:08.245, 2631054585873, testhost.dll, SocketClient.OnServerConnected: connected to server endpoint: 127.0.0.1:049475
TpTrace Information: 0 : 896, 1, 2020/12/01, 13:31:08.248, 2631054617181, testhost.dll, Trying to connect to server on socket : 127.0.0.1:49474 
TpTrace Verbose: 0 : 896, 5, 2020/12/01, 13:31:08.249, 2631054626771, testhost.dll, Connected to server, and starting MessageLoopAsync
TpTrace Verbose: 0 : 896, 1, 2020/12/01, 13:31:08.249, 2631054627201, testhost.dll, SocketCommunicationManager : SetupClientAsync : Attempting to connect to the server.
TpTrace Information: 0 : 896, 5, 2020/12/01, 13:31:08.253, 2631054667566, testhost.dll, Connected to the server successfully 
TpTrace Information: 0 : 896, 5, 2020/12/01, 13:31:08.254, 2631054669709, testhost.dll, Using the buffer size of 16384 bytes
TpTrace Information: 0 : 896, 1, 2020/12/01, 13:31:08.255, 2631054686027, testhost.dll, DefaultEngineInvoker.Invoke: Start Request Processing.
TpTrace Verbose: 0 : 896, 9, 2020/12/01, 13:31:08.256, 2631054693443, testhost.dll, TcpClientExtensions.MessageLoopAsync: Polling on remoteEndPoint: [::ffff:127.0.0.1]:49475 localEndPoint: [::ffff:127.0.0.1]:49477
TpTrace Verbose: 0 : 896, 9, 2020/12/01, 13:31:08.257, 2631054698771, testhost.dll, TcpClientExtensions.MessageLoopAsync: NotifyDataAvailable remoteEndPoint: [::ffff:127.0.0.1]:49475 localEndPoint: [::ffff:127.0.0.1]:49477
TpTrace Information: 0 : 896, 12, 2020/12/01, 13:31:08.257, 2631054702611, testhost.dll, DefaultEngineInvoker.StartProcessingAsync: Connected to vstest.console, Starting process requests.
TpTrace Information: 0 : 896, 9, 2020/12/01, 13:31:08.487, 2631056998382, testhost.dll, TestRequestHandler.ProcessRequests: received message: (ProtocolVersion) -> 3
TpTrace Verbose: 0 : 896, 9, 2020/12/01, 13:31:08.595, 2631058085281, testhost.dll, TestRequestHandler.SendData:  sending data from testhost: {"Version":2,"MessageType":"TestSession.Message","Payload":{"MessageLevel":0,"Message":"Logging TestHost Diagnostics in file: C:\\Users\\EK\\Desktop\\VVS-Zadaca2\\Filmoteka\\Unit Testovi\\bin\\Debug\\fine-code-coverage\\_outputfolder\\diagnostics.host.20-12-01_13-31-07_86303_4.log"}}
TpTrace Verbose: 0 : 896, 9, 2020/12/01, 13:31:08.596, 2631058088824, testhost.dll, TcpClientExtensions.MessageLoopAsync: Polling on remoteEndPoint: [::ffff:127.0.0.1]:49475 localEndPoint: [::ffff:127.0.0.1]:49477
TpTrace Verbose: 0 : 896, 9, 2020/12/01, 13:31:08.596, 2631058090774, testhost.dll, TcpClientExtensions.MessageLoopAsync: NotifyDataAvailable remoteEndPoint: [::ffff:127.0.0.1]:49475 localEndPoint: [::ffff:127.0.0.1]:49477
TpTrace Information: 0 : 896, 9, 2020/12/01, 13:31:08.605, 2631058187474, testhost.dll, TestRequestHandler.ProcessRequests: received message: (TestExecution.Initialize) -> [
  "C:\\Users\\EK\\Desktop\\VVS-Zadaca2\\Filmoteka\\Unit Testovi\\bin\\Debug\\fine-code-coverage\\Microsoft.VisualStudio.TestPlatform.MSTest.TestAdapter.dll"
]
TpTrace Information: 0 : 896, 9, 2020/12/01, 13:31:08.606, 2631058190554, testhost.dll, Execution Session Initialize.
TpTrace Verbose: 0 : 896, 9, 2020/12/01, 13:31:08.619, 2631058319753, testhost.dll, TcpClientExtensions.MessageLoopAsync: Polling on remoteEndPoint: [::ffff:127.0.0.1]:49475 localEndPoint: [::ffff:127.0.0.1]:49477
TpTrace Verbose: 0 : 896, 9, 2020/12/01, 13:31:08.619, 2631058320914, testhost.dll, TcpClientExtensions.MessageLoopAsync: NotifyDataAvailable remoteEndPoint: [::ffff:127.0.0.1]:49475 localEndPoint: [::ffff:127.0.0.1]:49477
TpTrace Verbose: 0 : 896, 4, 2020/12/01, 13:31:08.622, 2631058356304, testhost.dll, TestExecutorService: Loading the extensions
TpTrace Information: 0 : 896, 9, 2020/12/01, 13:31:08.623, 2631058365051, testhost.dll, TestRequestHandler.ProcessRequests: received message: (TestExecution.StartWithSources) -> {
  "AdapterSourceMap": {
    "_none_": [
      "C:\\Users\\EK\\Desktop\\VVS-Zadaca2\\Filmoteka\\Unit Testovi\\bin\\Debug\\fine-code-coverage\\Unit Testovi.dll"
    ]
  },
  "RunSettings": "<RunSettings>\r\n  <RunConfiguration>\r\n    <ResultsDirectory>C:\\Users\\EK\\Desktop\\VVS-Zadaca2\\Filmoteka\\Unit Testovi\\bin\\Debug\\fine-code-coverage\\_outputfolder</ResultsDirectory>\r\n    <TargetPlatform>X64</TargetPlatform>\r\n    <TargetFrameworkVersion>.NETCoreApp,Version=v3.1</TargetFrameworkVersion>\r\n    <DesignMode>False</DesignMode>\r\n    <CollectSourceInformation>False</CollectSourceInformation>\r\n  </RunConfiguration>\r\n  <LoggerRunSettings>\r\n    <Loggers>\r\n      <Logger friendlyName=\"blame\" enabled=\"True\" />\r\n      <Logger friendlyName=\"Console\" uri=\"logger://microsoft/TestPlatform/ConsoleLogger/v1\" assemblyQualifiedName=\"Microsoft.VisualStudio.TestPlatform.CommandLine.Internal.ConsoleLogger, vstest.console, Version=15.0.0.0, Culture=neutral, PublicKeyToken=b03f5f7f11d50a3a\" codeBase=\"C:\\Program Files\\dotnet\\sdk\\5.0.100\\vstest.console.dll\" enabled=\"True\" />\r\n    </Loggers>\r\n  </LoggerRunSettings>\r\n  <DataCollectionRunSettings>\r\n    <DataCollectors>\r\n      <DataCollector friendlyName=\"blame\" enabled=\"True\">\r\n        <Configuration>\r\n          <ResultsDirectory>C:\\Users\\EK\\Desktop\\VVS-Zadaca2\\Filmoteka\\Unit Testovi\\bin\\Debug\\fine-code-coverage\\_outputfolder</ResultsDirectory>\r\n        </Configuration>\r\n      </DataCollector>\r\n    </DataCollectors>\r\n  </DataCollectionRunSettings>\r\n</RunSettings>",
  "TestExecutionContext": {
    "FrequencyOfRunStatsChangeEvent": 10,
    "RunStatsChangeEventTimeout": "00:00:01.5000000",
    "InIsolation": false,
    "KeepAlive": false,
    "AreTestCaseLevelEventsRequired": false,
    "IsDebug": false,
    "TestCaseFilter": null,
    "FilterOptions": null
  },
  "Package": null
}
TpTrace Information: 0 : 896, 9, 2020/12/01, 13:31:08.623, 2631058366721, testhost.dll, Execution started.
TpTrace Verbose: 0 : 896, 4, 2020/12/01, 13:31:08.625, 2631058381569, testhost.dll, TestPluginCache.DiscoverTestExtensions: finding test extensions in assemblies endswith: TestAdapter.dll TPluginInfo: Microsoft.VisualStudio.TestPlatform.Common.ExtensionFramework.Utilities.TestExecutorPluginInformation TExtension: Microsoft.VisualStudio.TestPlatform.ObjectModel.Adapter.ITestExecutor
TpTrace Verbose: 0 : 896, 4, 2020/12/01, 13:31:08.626, 2631058396327, testhost.dll, TestPluginCache.GetExtensionPaths: Filtered extension paths: 
TpTrace Verbose: 0 : 896, 4, 2020/12/01, 13:31:08.627, 2631058400966, testhost.dll, TestPluginCache.GetExtensionPaths: Added default extension paths: C:\Users\EK\Desktop\VVS-Zadaca2\Filmoteka\Unit Testovi\bin\Debug\fine-code-coverage\Microsoft.VisualStudio.TestPlatform.MSTest.TestAdapter.dll
TpTrace Verbose: 0 : 896, 4, 2020/12/01, 13:31:08.627, 2631058401679, testhost.dll, TestPluginCache.GetExtensionPaths: Added unfilterableExtensionPaths: 
TpTrace Information: 0 : 896, 4, 2020/12/01, 13:31:08.630, 2631058432902, testhost.dll, AssemblyResolver.ctor: Creating AssemblyResolver with searchDirectories C:\Users\EK\Desktop\VVS-Zadaca2\Filmoteka\Unit Testovi\bin\Debug\fine-code-coverage
TpTrace Verbose: 0 : 896, 4, 2020/12/01, 13:31:08.632, 2631058456999, testhost.dll, TestPluginCache.DiscoverTestExtensions: Discovering the extensions using extension path.
TpTrace Verbose: 0 : 896, 4, 2020/12/01, 13:31:08.633, 2631058458272, testhost.dll, TestPluginCache.GetExtensionPaths: Filtered extension paths: 
TpTrace Verbose: 0 : 896, 4, 2020/12/01, 13:31:08.633, 2631058458817, testhost.dll, TestPluginCache.GetExtensionPaths: Added default extension paths: C:\Users\EK\Desktop\VVS-Zadaca2\Filmoteka\Unit Testovi\bin\Debug\fine-code-coverage\Microsoft.VisualStudio.TestPlatform.MSTest.TestAdapter.dll
TpTrace Verbose: 0 : 896, 4, 2020/12/01, 13:31:08.633, 2631058459339, testhost.dll, TestPluginCache.GetExtensionPaths: Added unfilterableExtensionPaths: 
TpTrace Verbose: 0 : 896, 4, 2020/12/01, 13:31:08.633, 2631058460132, testhost.dll, TestPluginCache.DiscoverTestExtensions: Discovering the extensions using allExtensionPaths: C:\Users\EK\Desktop\VVS-Zadaca2\Filmoteka\Unit Testovi\bin\Debug\fine-code-coverage\Microsoft.VisualStudio.TestPlatform.MSTest.TestAdapter.dll
TpTrace Information: 0 : 896, 4, 2020/12/01, 13:31:08.634, 2631058473060, testhost.dll, AssemblyResolver.AddSearchDirectories: Adding more searchDirectories C:\Users\EK\Desktop\VVS-Zadaca2\Filmoteka\Unit Testovi\bin\Debug\fine-code-coverage
TpTrace Information: 0 : 896, 4, 2020/12/01, 13:31:08.640, 2631058536075, testhost.dll, AssemblyResolver.OnResolve: Microsoft.VisualStudio.TestPlatform.MSTest.TestAdapter: Resolving assembly.
TpTrace Information: 0 : 896, 4, 2020/12/01, 13:31:08.642, 2631058556602, testhost.dll, AssemblyResolver.OnResolve: Resolved assembly: Microsoft.VisualStudio.TestPlatform.MSTest.TestAdapter, from path: C:\Users\EK\Desktop\VVS-Zadaca2\Filmoteka\Unit Testovi\bin\Debug\fine-code-coverage\Microsoft.VisualStudio.TestPlatform.MSTest.TestAdapter.dll
TpTrace Information: 0 : 896, 4, 2020/12/01, 13:31:08.645, 2631058584948, testhost.dll, AssemblyResolver.OnResolve: Microsoft.VisualStudio.TestPlatform.MSTestAdapter.PlatformServices.Interface: Resolving assembly.
TpTrace Information: 0 : 896, 4, 2020/12/01, 13:31:08.646, 2631058592172, testhost.dll, AssemblyResolver.OnResolve: Resolved assembly: Microsoft.VisualStudio.TestPlatform.MSTestAdapter.PlatformServices.Interface, from path: C:\Users\EK\Desktop\VVS-Zadaca2\Filmoteka\Unit Testovi\bin\Debug\fine-code-coverage\Microsoft.VisualStudio.TestPlatform.MSTestAdapter.PlatformServices.Interface.dll
TpTrace Information: 0 : 896, 4, 2020/12/01, 13:31:08.646, 2631058595444, testhost.dll, AssemblyResolver.OnResolve: Microsoft.VisualStudio.TestPlatform.MSTestAdapter.PlatformServices: Resolving assembly.
TpTrace Information: 0 : 896, 4, 2020/12/01, 13:31:08.647, 2631058602270, testhost.dll, AssemblyResolver.OnResolve: Resolved assembly: Microsoft.VisualStudio.TestPlatform.MSTestAdapter.PlatformServices, from path: C:\Users\EK\Desktop\VVS-Zadaca2\Filmoteka\Unit Testovi\bin\Debug\fine-code-coverage\Microsoft.VisualStudio.TestPlatform.MSTestAdapter.PlatformServices.dll
TpTrace Verbose: 0 : 896, 4, 2020/12/01, 13:31:08.653, 2631058666747, testhost.dll, TestPluginCache: Discovered the extensions using extension path ''.
TpTrace Verbose: 0 : 896, 4, 2020/12/01, 13:31:08.654, 2631058672493, testhost.dll, TestPluginCache: Discoverers are ''.
TpTrace Verbose: 0 : 896, 4, 2020/12/01, 13:31:08.654, 2631058673471, testhost.dll, TestPluginCache: Executors are 'executor://MSTestAdapter/v2'.
TpTrace Verbose: 0 : 896, 4, 2020/12/01, 13:31:08.654, 2631058674748, testhost.dll, TestPluginCache: Setting providers are ''.
TpTrace Verbose: 0 : 896, 4, 2020/12/01, 13:31:08.654, 2631058675963, testhost.dll, TestPluginCache: Loggers are ''.
TpTrace Verbose: 0 : 896, 9, 2020/12/01, 13:31:08.658, 2631058714279, testhost.dll, TcpClientExtensions.MessageLoopAsync: Polling on remoteEndPoint: [::ffff:127.0.0.1]:49475 localEndPoint: [::ffff:127.0.0.1]:49477
TpTrace Information: 0 : 896, 4, 2020/12/01, 13:31:08.663, 2631058760527, testhost.dll, TestPluginManager.CreateTestExtension: Attempting to load test extension: Microsoft.VisualStudio.TestPlatform.MSTest.TestAdapter.MSTestExecutor
TpTrace Verbose: 0 : 896, 4, 2020/12/01, 13:31:08.668, 2631058810412, testhost.dll, TestExecutorExtensionManager: Loading executor Microsoft.VisualStudio.TestPlatform.MSTest.TestAdapter.MSTestExecutor
TpTrace Verbose: 0 : 896, 4, 2020/12/01, 13:31:08.668, 2631058811228, testhost.dll, TestExecutorService: Loaded the executors
TpTrace Verbose: 0 : 896, 4, 2020/12/01, 13:31:08.669, 2631058823486, testhost.dll, TestPluginCache.DiscoverTestExtensions: finding test extensions in assemblies endswith: TestAdapter.dll TPluginInfo: Microsoft.VisualStudio.TestPlatform.Common.ExtensionFramework.Utilities.TestSettingsProviderPluginInformation TExtension: Microsoft.VisualStudio.TestPlatform.ObjectModel.Adapter.ISettingsProvider
TpTrace Verbose: 0 : 896, 4, 2020/12/01, 13:31:08.669, 2631058827577, testhost.dll, TestPluginCache.GetExtensionPaths: Filtered extension paths: 
TpTrace Verbose: 0 : 896, 4, 2020/12/01, 13:31:08.670, 2631058828224, testhost.dll, TestPluginCache.GetExtensionPaths: Added default extension paths: C:\Users\EK\Desktop\VVS-Zadaca2\Filmoteka\Unit Testovi\bin\Debug\fine-code-coverage\Microsoft.VisualStudio.TestPlatform.MSTest.TestAdapter.dll
TpTrace Verbose: 0 : 896, 4, 2020/12/01, 13:31:08.670, 2631058828750, testhost.dll, TestPluginCache.GetExtensionPaths: Added unfilterableExtensionPaths: 
TpTrace Information: 0 : 896, 4, 2020/12/01, 13:31:08.670, 2631058831009, testhost.dll, AssemblyResolver.AddSearchDirectories: Adding more searchDirectories C:\Users\EK\Desktop\VVS-Zadaca2\Filmoteka\Unit Testovi\bin\Debug\fine-code-coverage
TpTrace Verbose: 0 : 896, 4, 2020/12/01, 13:31:08.670, 2631058831700, testhost.dll, TestPluginCache.DiscoverTestExtensions: Discovering the extensions using extension path.
TpTrace Verbose: 0 : 896, 4, 2020/12/01, 13:31:08.670, 2631058832190, testhost.dll, TestPluginCache.GetExtensionPaths: Filtered extension paths: 
TpTrace Verbose: 0 : 896, 4, 2020/12/01, 13:31:08.670, 2631058832605, testhost.dll, TestPluginCache.GetExtensionPaths: Added default extension paths: C:\Users\EK\Desktop\VVS-Zadaca2\Filmoteka\Unit Testovi\bin\Debug\fine-code-coverage\Microsoft.VisualStudio.TestPlatform.MSTest.TestAdapter.dll
TpTrace Verbose: 0 : 896, 4, 2020/12/01, 13:31:08.670, 2631058833097, testhost.dll, TestPluginCache.GetExtensionPaths: Added unfilterableExtensionPaths: 
TpTrace Verbose: 0 : 896, 4, 2020/12/01, 13:31:08.670, 2631058833582, testhost.dll, TestPluginCache.DiscoverTestExtensions: Discovering the extensions using allExtensionPaths: C:\Users\EK\Desktop\VVS-Zadaca2\Filmoteka\Unit Testovi\bin\Debug\fine-code-coverage\Microsoft.VisualStudio.TestPlatform.MSTest.TestAdapter.dll
TpTrace Information: 0 : 896, 4, 2020/12/01, 13:31:08.670, 2631058834269, testhost.dll, AssemblyResolver.AddSearchDirectories: Adding more searchDirectories C:\Users\EK\Desktop\VVS-Zadaca2\Filmoteka\Unit Testovi\bin\Debug\fine-code-coverage
TpTrace Verbose: 0 : 896, 4, 2020/12/01, 13:31:08.670, 2631058837142, testhost.dll, TestPluginCache: Discovered the extensions using extension path ''.
TpTrace Verbose: 0 : 896, 4, 2020/12/01, 13:31:08.670, 2631058837697, testhost.dll, TestPluginCache: Discoverers are ''.
TpTrace Verbose: 0 : 896, 4, 2020/12/01, 13:31:08.671, 2631058838311, testhost.dll, TestPluginCache: Executors are 'executor://MSTestAdapter/v2'.
TpTrace Verbose: 0 : 896, 4, 2020/12/01, 13:31:08.671, 2631058839186, testhost.dll, TestPluginCache: Setting providers are ''.
TpTrace Verbose: 0 : 896, 4, 2020/12/01, 13:31:08.671, 2631058839660, testhost.dll, TestPluginCache: Loggers are ''.
TpTrace Verbose: 0 : 896, 4, 2020/12/01, 13:31:08.672, 2631058852404, testhost.dll, TestExecutorService: Loaded the settings providers
TpTrace Information: 0 : 896, 4, 2020/12/01, 13:31:08.672, 2631058853097, testhost.dll, TestExecutorService: Loaded the extensions
TpTrace Information: 0 : 896, 4, 2020/12/01, 13:31:08.768, 2631059817317, testhost.dll, TestDiscoveryManager: Discovering tests from sources C:\Users\EK\Desktop\VVS-Zadaca2\Filmoteka\Unit Testovi\bin\Debug\fine-code-coverage\Unit Testovi.dll
TpTrace Verbose: 0 : 896, 4, 2020/12/01, 13:31:08.771, 2631059844158, testhost.dll, TestPluginCache.DiscoverTestExtensions: finding test extensions in assemblies endswith: TestAdapter.dll TPluginInfo: Microsoft.VisualStudio.TestPlatform.Common.ExtensionFramework.Utilities.TestDiscovererPluginInformation TExtension: Microsoft.VisualStudio.TestPlatform.ObjectModel.Adapter.ITestDiscoverer
TpTrace Verbose: 0 : 896, 4, 2020/12/01, 13:31:08.771, 2631059845926, testhost.dll, TestPluginCache.GetExtensionPaths: Filtered extension paths: 
TpTrace Verbose: 0 : 896, 4, 2020/12/01, 13:31:08.771, 2631059846489, testhost.dll, TestPluginCache.GetExtensionPaths: Added default extension paths: C:\Users\EK\Desktop\VVS-Zadaca2\Filmoteka\Unit Testovi\bin\Debug\fine-code-coverage\Microsoft.VisualStudio.TestPlatform.MSTest.TestAdapter.dll
TpTrace Verbose: 0 : 896, 4, 2020/12/01, 13:31:08.771, 2631059846913, testhost.dll, TestPluginCache.GetExtensionPaths: Added unfilterableExtensionPaths: 
TpTrace Information: 0 : 896, 4, 2020/12/01, 13:31:08.772, 2631059848337, testhost.dll, AssemblyResolver.AddSearchDirectories: Adding more searchDirectories C:\Users\EK\Desktop\VVS-Zadaca2\Filmoteka\Unit Testovi\bin\Debug\fine-code-coverage
TpTrace Verbose: 0 : 896, 4, 2020/12/01, 13:31:08.772, 2631059848875, testhost.dll, TestPluginCache.DiscoverTestExtensions: Discovering the extensions using extension path.
TpTrace Verbose: 0 : 896, 4, 2020/12/01, 13:31:08.772, 2631059849368, testhost.dll, TestPluginCache.GetExtensionPaths: Filtered extension paths: 
TpTrace Verbose: 0 : 896, 4, 2020/12/01, 13:31:08.772, 2631059849864, testhost.dll, TestPluginCache.GetExtensionPaths: Added default extension paths: C:\Users\EK\Desktop\VVS-Zadaca2\Filmoteka\Unit Testovi\bin\Debug\fine-code-coverage\Microsoft.VisualStudio.TestPlatform.MSTest.TestAdapter.dll
TpTrace Verbose: 0 : 896, 4, 2020/12/01, 13:31:08.772, 2631059850286, testhost.dll, TestPluginCache.GetExtensionPaths: Added unfilterableExtensionPaths: 
TpTrace Verbose: 0 : 896, 4, 2020/12/01, 13:31:08.772, 2631059850715, testhost.dll, TestPluginCache.DiscoverTestExtensions: Discovering the extensions using allExtensionPaths: C:\Users\EK\Desktop\VVS-Zadaca2\Filmoteka\Unit Testovi\bin\Debug\fine-code-coverage\Microsoft.VisualStudio.TestPlatform.MSTest.TestAdapter.dll
TpTrace Information: 0 : 896, 4, 2020/12/01, 13:31:08.772, 2631059851330, testhost.dll, AssemblyResolver.AddSearchDirectories: Adding more searchDirectories C:\Users\EK\Desktop\VVS-Zadaca2\Filmoteka\Unit Testovi\bin\Debug\fine-code-coverage
TpTrace Verbose: 0 : 896, 4, 2020/12/01, 13:31:08.775, 2631059882898, testhost.dll, TestPluginCache: Discovered the extensions using extension path ''.
TpTrace Verbose: 0 : 896, 4, 2020/12/01, 13:31:08.775, 2631059883756, testhost.dll, TestPluginCache: Discoverers are 'Microsoft.VisualStudio.TestPlatform.MSTest.TestAdapter.MSTestDiscoverer, Microsoft.VisualStudio.TestPlatform.MSTest.TestAdapter, Version=14.0.0.0, Culture=neutral, PublicKeyToken=b03f5f7f11d50a3a'.
TpTrace Verbose: 0 : 896, 4, 2020/12/01, 13:31:08.775, 2631059884321, testhost.dll, TestPluginCache: Executors are 'executor://MSTestAdapter/v2'.
TpTrace Verbose: 0 : 896, 4, 2020/12/01, 13:31:08.775, 2631059884753, testhost.dll, TestPluginCache: Setting providers are ''.
TpTrace Verbose: 0 : 896, 4, 2020/12/01, 13:31:08.775, 2631059885139, testhost.dll, TestPluginCache: Loggers are ''.
TpTrace Verbose: 0 : 896, 4, 2020/12/01, 13:31:08.782, 2631059950667, testhost.dll, BaseRunTests.RunTestInternalWithExecutors: Running tests for executor://MSTestAdapter/v2
TpTrace Information: 0 : 896, 4, 2020/12/01, 13:31:08.859, 2631060724476, testhost.dll, AssemblyResolver.OnResolve: Microsoft.VisualStudio.TestPlatform.MSTestAdapter.PlatformServices.resources: Resolving assembly.
TpTrace Information: 0 : 896, 4, 2020/12/01, 13:31:08.859, 2631060726622, testhost.dll, AssemblyResolver.OnResolve: Microsoft.VisualStudio.TestPlatform.MSTestAdapter.PlatformServices.resources: Failed to load assembly.
TpTrace Information: 0 : 896, 4, 2020/12/01, 13:31:08.860, 2631060729893, testhost.dll, AssemblyResolver.OnResolve: Microsoft.VisualStudio.TestPlatform.MSTestAdapter.PlatformServices.resources: Resolving assembly.
TpTrace Information: 0 : 896, 4, 2020/12/01, 13:31:08.860, 2631060730589, testhost.dll, AssemblyResolver.OnResolve: Microsoft.VisualStudio.TestPlatform.MSTestAdapter.PlatformServices.resources: Resolved from cache.
TpTrace Verbose: 0 : 896, 4, 2020/12/01, 13:31:08.880, 2631060934771, testhost.dll, TestExecutionRecorder.RecordStart: Starting test: Unit_Testovi.NoviTestovi.TestZamjenskiObjekat.
TpTrace Information: 0 : 896, 4, 2020/12/01, 13:31:09.026, 2631062395713, testhost.dll, AssemblyResolver.OnResolve: Microsoft.VisualStudio.TestPlatform.MSTest.TestAdapter.resources: Resolving assembly.
TpTrace Information: 0 : 896, 4, 2020/12/01, 13:31:09.026, 2631062397731, testhost.dll, AssemblyResolver.OnResolve: Microsoft.VisualStudio.TestPlatform.MSTest.TestAdapter.resources: Failed to load assembly.
TpTrace Verbose: 0 : 896, 4, 2020/12/01, 13:31:09.069, 2631062818862, testhost.dll, TestExecutionRecorder.RecordEnd: test: Unit_Testovi.NoviTestovi.TestZamjenskiObjekat execution completed.
TpTrace Verbose: 0 : 896, 4, 2020/12/01, 13:31:09.096, 2631063095590, testhost.dll, TestExecutionRecorder.RecordResult: Received result for test: Unit_Testovi.NoviTestovi.TestZamjenskiObjekat.
TpTrace Warning: 0 : 896, 4, 2020/12/01, 13:31:09.106, 2631063192018, testhost.dll, InProgressTests is null
TpTrace Warning: 0 : 896, 4, 2020/12/01, 13:31:09.112, 2631063251953, testhost.dll, TestRunCache: No test found corresponding to testResult 'TestZamjenskiObjekat  Failed
  Message: Test method Unit_Testovi.NoviTestovi.TestZamjenskiObjekat threw exception: 
System.NotImplementedException: The method or operation is not implemented.
  StackTrace:
    at Filmoteka.Reziser.DaLiJeReziraoFilm(Film f) in C:\Users\EK\Desktop\VVS-Zadaca2\Filmoteka\Filmoteka\Reziser.cs:line 15
   at Filmoteka.Filmoteka.DajSveFilmoveZaRezisera(IReziser reziser) in C:\Users\EK\Desktop\VVS-Zadaca2\Filmoteka\Filmoteka\Filmoteka.cs:line 97
   at Unit_Testovi.NoviTestovi.TestZamjenskiObjekat() in C:\Users\EK\Desktop\VVS-Zadaca2\Filmoteka\Unit Testovi\NoviTestovi.cs:line 23
' in inProgress list.
TpTrace Verbose: 0 : 896, 4, 2020/12/01, 13:31:09.112, 2631063256137, testhost.dll, TestExecutionRecorder.RecordStart: Starting test: Unit_Testovi.NoviTestovi.TestDodajNastavakIstiGlumci.
TpTrace Verbose: 0 : 896, 4, 2020/12/01, 13:31:09.119, 2631063326781, testhost.dll, TestExecutionRecorder.RecordEnd: test: Unit_Testovi.NoviTestovi.TestDodajNastavakIstiGlumci execution completed.
TpTrace Verbose: 0 : 896, 4, 2020/12/01, 13:31:09.134, 2631063475661, testhost.dll, TestExecutionRecorder.RecordResult: Received result for test: Unit_Testovi.NoviTestovi.TestDodajNastavakIstiGlumci.
TpTrace Warning: 0 : 896, 4, 2020/12/01, 13:31:09.135, 2631063479090, testhost.dll, InProgressTests is null
TpTrace Warning: 0 : 896, 4, 2020/12/01, 13:31:09.135, 2631063480975, testhost.dll, TestRunCache: No test found corresponding to testResult 'TestDodajNastavakIstiGlumci  Failed
  Message: Test method Unit_Testovi.NoviTestovi.TestDodajNastavakIstiGlumci threw exception: 
System.NotImplementedException: The method or operation is not implemented.
  StackTrace:
    at Filmoteka.Filmoteka.DodajNastavak(Film film, Double rating, Boolean istiGlumci, List`1 noviGlumci) in C:\Users\EK\Desktop\VVS-Zadaca2\Filmoteka\Filmoteka\Filmoteka.cs:line 147
   at Unit_Testovi.NoviTestovi.TestDodajNastavakIstiGlumci() in C:\Users\EK\Desktop\VVS-Zadaca2\Filmoteka\Unit Testovi\NoviTestovi.cs:line 40
' in inProgress list.
TpTrace Verbose: 0 : 896, 4, 2020/12/01, 13:31:09.135, 2631063482856, testhost.dll, TestExecutionRecorder.RecordStart: Starting test: Unit_Testovi.NoviTestovi.TestDodajNastavakRazlicitiGlumci.
TpTrace Verbose: 0 : 896, 4, 2020/12/01, 13:31:09.141, 2631063544729, testhost.dll, TestExecutionRecorder.RecordEnd: test: Unit_Testovi.NoviTestovi.TestDodajNastavakRazlicitiGlumci execution completed.
TpTrace Verbose: 0 : 896, 4, 2020/12/01, 13:31:09.144, 2631063576668, testhost.dll, TestExecutionRecorder.RecordResult: Received result for test: Unit_Testovi.NoviTestovi.TestDodajNastavakRazlicitiGlumci.
TpTrace Warning: 0 : 896, 4, 2020/12/01, 13:31:09.145, 2631063579097, testhost.dll, InProgressTests is null
TpTrace Warning: 0 : 896, 4, 2020/12/01, 13:31:09.145, 2631063580938, testhost.dll, TestRunCache: No test found corresponding to testResult 'TestDodajNastavakRazlicitiGlumci  Failed
  Message: Test method Unit_Testovi.NoviTestovi.TestDodajNastavakRazlicitiGlumci threw exception: 
System.NotImplementedException: The method or operation is not implemented.
  StackTrace:
    at Filmoteka.Filmoteka.DodajNastavak(Film film, Double rating, Boolean istiGlumci, List`1 noviGlumci) in C:\Users\EK\Desktop\VVS-Zadaca2\Filmoteka\Filmoteka\Filmoteka.cs:line 147
   at Unit_Testovi.NoviTestovi.TestDodajNastavakRazlicitiGlumci() in C:\Users\EK\Desktop\VVS-Zadaca2\Filmoteka\Unit Testovi\NoviTestovi.cs:line 53
' in inProgress list.
TpTrace Verbose: 0 : 896, 4, 2020/12/01, 13:31:09.145, 2631063582598, testhost.dll, TestExecutionRecorder.RecordStart: Starting test: Unit_Testovi.NoviTestovi.TestDodajNastavakIzuzetak.
TpTrace Information: 0 : 896, 4, 2020/12/01, 13:31:09.157, 2631063700264, testhost.dll, AssemblyResolver.OnResolve: Microsoft.VisualStudio.TestPlatform.TestFramework.resources: Resolving assembly.
TpTrace Information: 0 : 896, 4, 2020/12/01, 13:31:09.157, 2631063705596, testhost.dll, AssemblyResolver.OnResolve: Microsoft.VisualStudio.TestPlatform.TestFramework.resources: Failed to load assembly.
TpTrace Verbose: 0 : 896, 4, 2020/12/01, 13:31:09.161, 2631063739624, testhost.dll, TestExecutionRecorder.RecordEnd: test: Unit_Testovi.NoviTestovi.TestDodajNastavakIzuzetak execution completed.
TpTrace Verbose: 0 : 896, 4, 2020/12/01, 13:31:09.164, 2631063775058, testhost.dll, TestExecutionRecorder.RecordResult: Received result for test: Unit_Testovi.NoviTestovi.TestDodajNastavakIzuzetak.
TpTrace Warning: 0 : 896, 4, 2020/12/01, 13:31:09.164, 2631063777500, testhost.dll, InProgressTests is null
TpTrace Warning: 0 : 896, 4, 2020/12/01, 13:31:09.165, 2631063779144, testhost.dll, TestRunCache: No test found corresponding to testResult 'TestDodajNastavakIzuzetak  Failed
  Message: Test method threw exception System.NotImplementedException, but exception System.ArgumentNullException was expected. Exception message: System.NotImplementedException: The method or operation is not implemented.
  StackTrace:
   at Filmoteka.Filmoteka.DodajNastavak(Film film, Double rating, Boolean istiGlumci, List`1 noviGlumci) in C:\Users\EK\Desktop\VVS-Zadaca2\Filmoteka\Filmoteka\Filmoteka.cs:line 147
   at Unit_Testovi.NoviTestovi.TestDodajNastavakIzuzetak() in C:\Users\EK\Desktop\VVS-Zadaca2\Filmoteka\Unit Testovi\NoviTestovi.cs:line 66
' in inProgress list.
TpTrace Verbose: 0 : 896, 4, 2020/12/01, 13:31:09.165, 2631063781401, testhost.dll, TestExecutionRecorder.RecordStart: Starting test: Unit_Testovi.NoviTestovi.TestDajSveFilmoveSGLumcima.
TpTrace Verbose: 0 : 896, 4, 2020/12/01, 13:31:09.176, 2631063890972, testhost.dll, TestExecutionRecorder.RecordEnd: test: Unit_Testovi.NoviTestovi.TestDajSveFilmoveSGLumcima execution completed.
TpTrace Verbose: 0 : 896, 4, 2020/12/01, 13:31:09.179, 2631063923936, testhost.dll, TestExecutionRecorder.RecordResult: Received result for test: Unit_Testovi.NoviTestovi.TestDajSveFilmoveSGLumcima.
TpTrace Warning: 0 : 896, 4, 2020/12/01, 13:31:09.179, 2631063926435, testhost.dll, InProgressTests is null
TpTrace Warning: 0 : 896, 4, 2020/12/01, 13:31:09.180, 2631063937782, testhost.dll, TestRunCache: No test found corresponding to testResult 'TestDajSveFilmoveSGLumcima  Passed
  Test Messages:
  StdOutMsgs:
3
' in inProgress list.
TpTrace Verbose: 0 : 896, 4, 2020/12/01, 13:31:09.181, 2631063940011, testhost.dll, TestExecutionRecorder.RecordStart: Starting test: Unit_Testovi.NoviTestovi.TestDajSrednjuOcjenuSvihFilmova.
TpTrace Verbose: 0 : 896, 4, 2020/12/01, 13:31:09.189, 2631064022390, testhost.dll, TestExecutionRecorder.RecordEnd: test: Unit_Testovi.NoviTestovi.TestDajSrednjuOcjenuSvihFilmova execution completed.
TpTrace Verbose: 0 : 896, 4, 2020/12/01, 13:31:09.192, 2631064052454, testhost.dll, TestExecutionRecorder.RecordResult: Received result for test: Unit_Testovi.NoviTestovi.TestDajSrednjuOcjenuSvihFilmova.
TpTrace Warning: 0 : 896, 4, 2020/12/01, 13:31:09.192, 2631064054512, testhost.dll, InProgressTests is null
TpTrace Warning: 0 : 896, 4, 2020/12/01, 13:31:09.192, 2631064056127, testhost.dll, TestRunCache: No test found corresponding to testResult 'TestDajSrednjuOcjenuSvihFilmova  Passed' in inProgress list.
TpTrace Verbose: 0 : 896, 4, 2020/12/01, 13:31:09.192, 2631064057509, testhost.dll, TestExecutionRecorder.RecordStart: Starting test: Unit_Testovi.NoviTestovi.TestDajSrednjuOcjenuSvihFilmovaPrazan.
TpTrace Verbose: 0 : 896, 4, 2020/12/01, 13:31:09.197, 2631064106623, testhost.dll, TestExecutionRecorder.RecordEnd: test: Unit_Testovi.NoviTestovi.TestDajSrednjuOcjenuSvihFilmovaPrazan execution completed.
TpTrace Verbose: 0 : 896, 4, 2020/12/01, 13:31:09.200, 2631064135557, testhost.dll, TestExecutionRecorder.RecordResult: Received result for test: Unit_Testovi.NoviTestovi.TestDajSrednjuOcjenuSvihFilmovaPrazan.
TpTrace Warning: 0 : 896, 4, 2020/12/01, 13:31:09.200, 2631064137701, testhost.dll, InProgressTests is null
TpTrace Warning: 0 : 896, 4, 2020/12/01, 13:31:09.201, 2631064139211, testhost.dll, TestRunCache: No test found corresponding to testResult 'TestDajSrednjuOcjenuSvihFilmovaPrazan  Passed' in inProgress list.
TpTrace Verbose: 0 : 896, 4, 2020/12/01, 13:31:09.201, 2631064140688, testhost.dll, TestExecutionRecorder.RecordStart: Starting test: Unit_Testovi.NoviTestovi.TestProdužiRokValidan.
TpTrace Verbose: 0 : 896, 4, 2020/12/01, 13:31:09.215, 2631064280214, testhost.dll, TestExecutionRecorder.RecordEnd: test: Unit_Testovi.NoviTestovi.TestProdužiRokValidan execution completed.
TpTrace Verbose: 0 : 896, 4, 2020/12/01, 13:31:09.218, 2631064311706, testhost.dll, TestExecutionRecorder.RecordResult: Received result for test: Unit_Testovi.NoviTestovi.TestProdužiRokValidan.
TpTrace Warning: 0 : 896, 4, 2020/12/01, 13:31:09.218, 2631064313871, testhost.dll, InProgressTests is null
TpTrace Warning: 0 : 896, 4, 2020/12/01, 13:31:09.218, 2631064315371, testhost.dll, TestRunCache: No test found corresponding to testResult 'TestProdužiRokValidan  Passed' in inProgress list.
TpTrace Verbose: 0 : 896, 4, 2020/12/01, 13:31:09.218, 2631064316782, testhost.dll, TestExecutionRecorder.RecordStart: Starting test: Unit_Testovi.NoviTestovi.TestAutomatskiKorisničkiPodaci.
TpTrace Verbose: 0 : 896, 4, 2020/12/01, 13:31:09.231, 2631064443460, testhost.dll, TestExecutionRecorder.RecordEnd: test: Unit_Testovi.NoviTestovi.TestAutomatskiKorisničkiPodaci execution completed.
TpTrace Verbose: 0 : 896, 4, 2020/12/01, 13:31:09.234, 2631064474225, testhost.dll, TestExecutionRecorder.RecordResult: Received result for test: Unit_Testovi.NoviTestovi.TestAutomatskiKorisničkiPodaci.
TpTrace Warning: 0 : 896, 4, 2020/12/01, 13:31:09.234, 2631064476368, testhost.dll, InProgressTests is null
TpTrace Warning: 0 : 896, 4, 2020/12/01, 13:31:09.234, 2631064477873, testhost.dll, TestRunCache: No test found corresponding to testResult 'TestAutomatskiKorisničkiPodaci  Passed' in inProgress list.
TpTrace Verbose: 0 : 896, 4, 2020/12/01, 13:31:09.241, 2631064540654, testhost.dll, BaseRunTests.RunTestInternalWithExecutors: Completed running tests for executor://MSTestAdapter/v2
TpTrace Information: 0 : 896, 4, 2020/12/01, 13:31:09.257, 2631064700403, testhost.dll, Sending test run complete
TpTrace Verbose: 0 : 896, 4, 2020/12/01, 13:31:09.341, 2631065541591, testhost.dll, TestRequestHandler.SendData:  sending data from testhost: {"Version":2,"MessageType":"TestExecution.Completed","Payload":{"TestRunCompleteArgs":{"TestRunStatistics":{"ExecutedTests":9,"Stats":{"Failed":4,"Passed":5}},"IsCanceled":false,"IsAborted":false,"Error":null,"AttachmentSets":[],"ElapsedTimeInRunningTests":"00:00:00.4636425","Metrics":{}},"LastRunTests":{"NewTestResults":[{"TestCase":{"Id":"aef9dec6-1181-fac1-2596-b31421e8da47","FullyQualifiedName":"Unit_Testovi.NoviTestovi.TestZamjenskiObjekat","DisplayName":"TestZamjenskiObjekat","ExecutorUri":"executor://MSTestAdapter/v2","Source":"C:\\Users\\EK\\Desktop\\VVS-Zadaca2\\Filmoteka\\Unit Testovi\\bin\\Debug\\fine-code-coverage\\Unit Testovi.dll","CodeFilePath":null,"LineNumber":-1,"Properties":[{"Key":{"Id":"MSTestDiscoverer.TestClassName","Label":"ClassName","Category":"","Description":"","Attributes":1,"ValueType":"System.String"},"Value":"Unit_Testovi.NoviTestovi"},{"Key":{"Id":"TestObject.Traits","Label":"Traits","Category":"","Description":"","Attributes":5,"ValueType":"System.Collections.Generic.KeyValuePair`2[[System.String],[System.String]][]"},"Value":[]}]},"Attachments":[],"Outcome":2,"ErrorMessage":"Test method Unit_Testovi.NoviTestovi.TestZamjenskiObjekat threw exception: \r\nSystem.NotImplementedException: The method or operation is not implemented.","ErrorStackTrace":"    at Filmoteka.Reziser.DaLiJeReziraoFilm(Film f) in C:\\Users\\EK\\Desktop\\VVS-Zadaca2\\Filmoteka\\Filmoteka\\Reziser.cs:line 15\r\n   at Filmoteka.Filmoteka.DajSveFilmoveZaRezisera(IReziser reziser) in C:\\Users\\EK\\Desktop\\VVS-Zadaca2\\Filmoteka\\Filmoteka\\Filmoteka.cs:line 97\r\n   at Unit_Testovi.NoviTestovi.TestZamjenskiObjekat() in C:\\Users\\EK\\Desktop\\VVS-Zadaca2\\Filmoteka\\Unit Testovi\\NoviTestovi.cs:line 23\r\n","DisplayName":null,"Messages":[],"ComputerName":null,"Duration":"00:00:00.0412499","StartTime":"2020-12-01T13:31:08.9701301+01:00","EndTime":"2020-12-01T13:31:09.062049+01:00","Properties":[{"Key":{"Id":"ExecutionId","Label":"ExecutionId","Category":"","Description":"","Attributes":1,"ValueType":"System.Guid"},"Value":"00000000-0000-0000-0000-000000000000"},{"Key":{"Id":"ParentExecId","Label":"ParentExecId","Category":"","Description":"","Attributes":1,"ValueType":"System.Guid"},"Value":"00000000-0000-0000-0000-000000000000"},{"Key":{"Id":"InnerResultsCount","Label":"InnerResultsCount","Category":"","Description":"","Attributes":1,"ValueType":"System.Int32"},"Value":0}]},{"TestCase":{"Id":"307a9543-71bf-45b1-736e-e86a33581b25","FullyQualifiedName":"Unit_Testovi.NoviTestovi.TestDodajNastavakIstiGlumci","DisplayName":"TestDodajNastavakIstiGlumci","ExecutorUri":"executor://MSTestAdapter/v2","Source":"C:\\Users\\EK\\Desktop\\VVS-Zadaca2\\Filmoteka\\Unit Testovi\\bin\\Debug\\fine-code-coverage\\Unit Testovi.dll","CodeFilePath":null,"LineNumber":-1,"Properties":[{"Key":{"Id":"MSTestDiscoverer.TestClassName","Label":"ClassName","Category":"","Description":"","Attributes":1,"ValueType":"System.String"},"Value":"Unit_Testovi.NoviTestovi"},{"Key":{"Id":"TestObject.Traits","Label":"Traits","Category":"","Description":"","Attributes":5,"ValueType":"System.Collections.Generic.KeyValuePair`2[[System.String],[System.String]][]"},"Value":[]}]},"Attachments":[],"Outcome":2,"ErrorMessage":"Test method Unit_Testovi.NoviTestovi.TestDodajNastavakIstiGlumci threw exception: \r\nSystem.NotImplementedException: The method or operation is not implemented.","ErrorStackTrace":"    at Filmoteka.Filmoteka.DodajNastavak(Film film, Double rating, Boolean istiGlumci, List`1 noviGlumci) in C:\\Users\\EK\\Desktop\\VVS-Zadaca2\\Filmoteka\\Filmoteka\\Filmoteka.cs:line 147\r\n   at Unit_Testovi.NoviTestovi.TestDodajNastavakIstiGlumci() in C:\\Users\\EK\\Desktop\\VVS-Zadaca2\\Filmoteka\\Unit Testovi\\NoviTestovi.cs:line 40\r\n","DisplayName":null,"Messages":[],"ComputerName":null,"Duration":"00:00:00.0028294","StartTime":"2020-12-01T13:31:09.1164349+01:00","EndTime":"2020-12-01T13:31:09.1198271+01:00","Properties":[{"Key":{"Id":"ExecutionId","Label":"ExecutionId","Category":"","Description":"","Attributes":1,"ValueType":"System.Guid"},"Value":"00000000-0000-0000-0000-000000000000"},{"Key":{"Id":"ParentExecId","Label":"ParentExecId","Category":"","Description":"","Attributes":1,"ValueType":"System.Guid"},"Value":"00000000-0000-0000-0000-000000000000"},{"Key":{"Id":"InnerResultsCount","Label":"InnerResultsCount","Category":"","Description":"","Attributes":1,"ValueType":"System.Int32"},"Value":0}]},{"TestCase":{"Id":"ccc8a4b1-0bba-0d1f-634a-2a0e08c0293a","FullyQualifiedName":"Unit_Testovi.NoviTestovi.TestDodajNastavakRazlicitiGlumci","DisplayName":"TestDodajNastavakRazlicitiGlumci","ExecutorUri":"executor://MSTestAdapter/v2","Source":"C:\\Users\\EK\\Desktop\\VVS-Zadaca2\\Filmoteka\\Unit Testovi\\bin\\Debug\\fine-code-coverage\\Unit Testovi.dll","CodeFilePath":null,"LineNumber":-1,"Properties":[{"Key":{"Id":"MSTestDiscoverer.TestClassName","Label":"ClassName","Category":"","Description":"","Attributes":1,"ValueType":"System.String"},"Value":"Unit_Testovi.NoviTestovi"},{"Key":{"Id":"TestObject.Traits","Label":"Traits","Category":"","Description":"","Attributes":5,"ValueType":"System.Collections.Generic.KeyValuePair`2[[System.String],[System.String]][]"},"Value":[]}]},"Attachments":[],"Outcome":2,"ErrorMessage":"Test method Unit_Testovi.NoviTestovi.TestDodajNastavakRazlicitiGlumci threw exception: \r\nSystem.NotImplementedException: The method or operation is not implemented.","ErrorStackTrace":"    at Filmoteka.Filmoteka.DodajNastavak(Film film, Double rating, Boolean istiGlumci, List`1 noviGlumci) in C:\\Users\\EK\\Desktop\\VVS-Zadaca2\\Filmoteka\\Filmoteka\\Filmoteka.cs:line 147\r\n   at Unit_Testovi.NoviTestovi.TestDodajNastavakRazlicitiGlumci() in C:\\Users\\EK\\Desktop\\VVS-Zadaca2\\Filmoteka\\Unit Testovi\\NoviTestovi.cs:line 53\r\n","DisplayName":null,"Messages":[],"ComputerName":null,"Duration":"00:00:00.0026996","StartTime":"2020-12-01T13:31:09.1385608+01:00","EndTime":"2020-12-01T13:31:09.1416374+01:00","Properties":[{"Key":{"Id":"ExecutionId","Label":"ExecutionId","Category":"","Description":"","Attributes":1,"ValueType":"System.Guid"},"Value":"00000000-0000-0000-0000-000000000000"},{"Key":{"Id":"ParentExecId","Label":"ParentExecId","Category":"","Description":"","Attributes":1,"ValueType":"System.Guid"},"Value":"00000000-0000-0000-0000-000000000000"},{"Key":{"Id":"InnerResultsCount","Label":"InnerResultsCount","Category":"","Description":"","Attributes":1,"ValueType":"System.Int32"},"Value":0}]},{"TestCase":{"Id":"83c1ddde-4e31-66fc-a376-4096e8037e77","FullyQualifiedName":"Unit_Testovi.NoviTestovi.TestDodajNastavakIzuzetak","DisplayName":"TestDodajNastavakIzuzetak","ExecutorUri":"executor://MSTestAdapter/v2","Source":"C:\\Users\\EK\\Desktop\\VVS-Zadaca2\\Filmoteka\\Unit Testovi\\bin\\Debug\\fine-code-coverage\\Unit Testovi.dll","CodeFilePath":null,"LineNumber":-1,"Properties":[{"Key":{"Id":"MSTestDiscoverer.TestClassName","Label":"ClassName","Category":"","Description":"","Attributes":1,"ValueType":"System.String"},"Value":"Unit_Testovi.NoviTestovi"},{"Key":{"Id":"TestObject.Traits","Label":"Traits","Category":"","Description":"","Attributes":5,"ValueType":"System.Collections.Generic.KeyValuePair`2[[System.String],[System.String]][]"},"Value":[]}]},"Attachments":[],"Outcome":2,"ErrorMessage":"Test method threw exception System.NotImplementedException, but exception System.ArgumentNullException was expected. Exception message: System.NotImplementedException: The method or operation is not implemented.","ErrorStackTrace":"   at Filmoteka.Filmoteka.DodajNastavak(Film film, Double rating, Boolean istiGlumci, List`1 noviGlumci) in C:\\Users\\EK\\Desktop\\VVS-Zadaca2\\Filmoteka\\Filmoteka\\Filmoteka.cs:line 147\r\n   at Unit_Testovi.NoviTestovi.TestDodajNastavakIzuzetak() in C:\\Users\\EK\\Desktop\\VVS-Zadaca2\\Filmoteka\\Unit Testovi\\NoviTestovi.cs:line 66\r\n","DisplayName":null,"Messages":[],"ComputerName":null,"Duration":"00:00:00.0096129","StartTime":"2020-12-01T13:31:09.1508454+01:00","EndTime":"2020-12-01T13:31:09.1611191+01:00","Properties":[{"Key":{"Id":"ExecutionId","Label":"ExecutionId","Category":"","Description":"","Attributes":1,"ValueType":"System.Guid"},"Value":"00000000-0000-0000-0000-000000000000"},{"Key":{"Id":"ParentExecId","Label":"ParentExecId","Category":"","Description":"","Attributes":1,"ValueType":"System.Guid"},"Value":"00000000-0000-0000-0000-000000000000"},{"Key":{"Id":"InnerResultsCount","Label":"InnerResultsCount","Category":"","Description":"","Attributes":1,"ValueType":"System.Int32"},"Value":0}]},{"TestCase":{"Id":"729a6b5e-7234-caa5-77a0-368e88dfe702","FullyQualifiedName":"Unit_Testovi.NoviTestovi.TestDajSveFilmoveSGLumcima","DisplayName":"TestDajSveFilmoveSGLumcima","ExecutorUri":"executor://MSTestAdapter/v2","Source":"C:\\Users\\EK\\Desktop\\VVS-Zadaca2\\Filmoteka\\Unit Testovi\\bin\\Debug\\fine-code-coverage\\Unit Testovi.dll","CodeFilePath":null,"LineNumber":-1,"Properties":[{"Key":{"Id":"MSTestDiscoverer.TestClassName","Label":"ClassName","Category":"","Description":"","Attributes":1,"ValueType":"System.String"},"Value":"Unit_Testovi.NoviTestovi"},{"Key":{"Id":"TestObject.Traits","Label":"Traits","Category":"","Description":"","Attributes":5,"ValueType":"System.Collections.Generic.KeyValuePair`2[[System.String],[System.String]][]"},"Value":[]}]},"Attachments":[],"Outcome":1,"ErrorMessage":null,"ErrorStackTrace":null,"DisplayName":null,"Messages":[{"Category":"StdOutMsgs","Text":"3\r\n"}],"ComputerName":null,"Duration":"00:00:00.0071657","StartTime":"2020-12-01T13:31:09.168429+01:00","EndTime":"2020-12-01T13:31:09.1759581+01:00","Properties":[{"Key":{"Id":"ExecutionId","Label":"ExecutionId","Category":"","Description":"","Attributes":1,"ValueType":"System.Guid"},"Value":"00000000-0000-0000-0000-000000000000"},{"Key":{"Id":"ParentExecId","Label":"ParentExecId","Category":"","Description":"","Attributes":1,"ValueType":"System.Guid"},"Value":"00000000-0000-0000-0000-000000000000"},{"Key":{"Id":"InnerResultsCount","Label":"InnerResultsCount","Category":"","Description":"","Attributes":1,"ValueType":"System.Int32"},"Value":0}]},{"TestCase":{"Id":"ff1b4d14-945d-8df7-b04f-61053947ac65","FullyQualifiedName":"Unit_Testovi.NoviTestovi.TestDajSrednjuOcjenuSvihFilmova","DisplayName":"TestDajSrednjuOcjenuSvihFilmova","ExecutorUri":"executor://MSTestAdapter/v2","Source":"C:\\Users\\EK\\Desktop\\VVS-Zadaca2\\Filmoteka\\Unit Testovi\\bin\\Debug\\fine-code-coverage\\Unit Testovi.dll","CodeFilePath":null,"LineNumber":-1,"Properties":[{"Key":{"Id":"MSTestDiscoverer.TestClassName","Label":"ClassName","Category":"","Description":"","Attributes":1,"ValueType":"System.String"},"Value":"Unit_Testovi.NoviTestovi"},{"Key":{"Id":"TestObject.Traits","Label":"Traits","Category":"","Description":"","Attributes":5,"ValueType":"System.Collections.Generic.KeyValuePair`2[[System.String],[System.String]][]"},"Value":[]}]},"Attachments":[],"Outcome":1,"ErrorMessage":null,"ErrorStackTrace":null,"DisplayName":null,"Messages":[],"ComputerName":null,"Duration":"00:00:00.0047242","StartTime":"2020-12-01T13:31:09.1843381+01:00","EndTime":"2020-12-01T13:31:09.1894051+01:00","Properties":[{"Key":{"Id":"ExecutionId","Label":"ExecutionId","Category":"","Description":"","Attributes":1,"ValueType":"System.Guid"},"Value":"00000000-0000-0000-0000-000000000000"},{"Key":{"Id":"ParentExecId","Label":"ParentExecId","Category":"","Description":"","Attributes":1,"ValueType":"System.Guid"},"Value":"00000000-0000-0000-0000-000000000000"},{"Key":{"Id":"InnerResultsCount","Label":"InnerResultsCount","Category":"","Description":"","Attributes":1,"ValueType":"System.Int32"},"Value":0}]},{"TestCase":{"Id":"5ce7f736-72c3-ced1-6d90-e30c94cad1f2","FullyQualifiedName":"Unit_Testovi.NoviTestovi.TestDajSrednjuOcjenuSvihFilmovaPrazan","DisplayName":"TestDajSrednjuOcjenuSvihFilmovaPrazan","ExecutorUri":"executor://MSTestAdapter/v2","Source":"C:\\Users\\EK\\Desktop\\VVS-Zadaca2\\Filmoteka\\Unit Testovi\\bin\\Debug\\fine-code-coverage\\Unit Testovi.dll","CodeFilePath":null,"LineNumber":-1,"Properties":[{"Key":{"Id":"MSTestDiscoverer.TestClassName","Label":"ClassName","Category":"","Description":"","Attributes":1,"ValueType":"System.String"},"Value":"Unit_Testovi.NoviTestovi"},{"Key":{"Id":"TestObject.Traits","Label":"Traits","Category":"","Description":"","Attributes":5,"ValueType":"System.Collections.Generic.KeyValuePair`2[[System.String],[System.String]][]"},"Value":[]}]},"Attachments":[],"Outcome":1,"ErrorMessage":null,"ErrorStackTrace":null,"DisplayName":null,"Messages":[],"ComputerName":null,"Duration":"00:00:00.0014432","StartTime":"2020-12-01T13:31:09.1959381+01:00","EndTime":"2020-12-01T13:31:09.1978289+01:00","Properties":[{"Key":{"Id":"ExecutionId","Label":"ExecutionId","Category":"","Description":"","Attributes":1,"ValueType":"System.Guid"},"Value":"00000000-0000-0000-0000-000000000000"},{"Key":{"Id":"ParentExecId","Label":"ParentExecId","Category":"","Description":"","Attributes":1,"ValueType":"System.Guid"},"Value":"00000000-0000-0000-0000-000000000000"},{"Key":{"Id":"InnerResultsCount","Label":"InnerResultsCount","Category":"","Description":"","Attributes":1,"ValueType":"System.Int32"},"Value":0}]},{"TestCase":{"Id":"b1426bd4-5b5c-cdf7-b56e-482bb38d32fa","FullyQualifiedName":"Unit_Testovi.NoviTestovi.TestProdužiRokValidan","DisplayName":"TestProdužiRokValidan","ExecutorUri":"executor://MSTestAdapter/v2","Source":"C:\\Users\\EK\\Desktop\\VVS-Zadaca2\\Filmoteka\\Unit Testovi\\bin\\Debug\\fine-code-coverage\\Unit Testovi.dll","CodeFilePath":null,"LineNumber":-1,"Properties":[{"Key":{"Id":"MSTestDiscoverer.TestClassName","Label":"ClassName","Category":"","Description":"","Attributes":1,"ValueType":"System.String"},"Value":"Unit_Testovi.NoviTestovi"},{"Key":{"Id":"TestObject.Traits","Label":"Traits","Category":"","Description":"","Attributes":5,"ValueType":"System.Collections.Generic.KeyValuePair`2[[System.String],[System.String]][]"},"Value":[]}]},"Attachments":[],"Outcome":1,"ErrorMessage":null,"ErrorStackTrace":null,"DisplayName":null,"Messages":[],"ComputerName":null,"Duration":"00:00:00.0097119","StartTime":"2020-12-01T13:31:09.205179+01:00","EndTime":"2020-12-01T13:31:09.2151826+01:00","Properties":[{"Key":{"Id":"ExecutionId","Label":"ExecutionId","Category":"","Description":"","Attributes":1,"ValueType":"System.Guid"},"Value":"00000000-0000-0000-0000-000000000000"},{"Key":{"Id":"ParentExecId","Label":"ParentExecId","Category":"","Description":"","Attributes":1,"ValueType":"System.Guid"},"Value":"00000000-0000-0000-0000-000000000000"},{"Key":{"Id":"InnerResultsCount","Label":"InnerResultsCount","Category":"","Description":"","Attributes":1,"ValueType":"System.Int32"},"Value":0}]},{"TestCase":{"Id":"51dd1ac1-d216-595b-ce52-4cef1977089c","FullyQualifiedName":"Unit_Testovi.NoviTestovi.TestAutomatskiKorisničkiPodaci","DisplayName":"TestAutomatskiKorisničkiPodaci","ExecutorUri":"executor://MSTestAdapter/v2","Source":"C:\\Users\\EK\\Desktop\\VVS-Zadaca2\\Filmoteka\\Unit Testovi\\bin\\Debug\\fine-code-coverage\\Unit Testovi.dll","CodeFilePath":null,"LineNumber":-1,"Properties":[{"Key":{"Id":"MSTestDiscoverer.TestClassName","Label":"ClassName","Category":"","Description":"","Attributes":1,"ValueType":"System.String"},"Value":"Unit_Testovi.NoviTestovi"},{"Key":{"Id":"TestObject.Traits","Label":"Traits","Category":"","Description":"","Attributes":5,"ValueType":"System.Collections.Generic.KeyValuePair`2[[System.String],[System.String]][]"},"Value":[]}]},"Attachments":[],"Outcome":1,"ErrorMessage":null,"ErrorStackTrace":null,"DisplayName":null,"Messages":[],"ComputerName":null,"Duration":"00:00:00.0094078","StartTime":"2020-12-01T13:31:09.2216381+01:00","EndTime":"2020-12-01T13:31:09.231508+01:00","Properties":[{"Key":{"Id":"ExecutionId","Label":"ExecutionId","Category":"","Description":"","Attributes":1,"ValueType":"System.Guid"},"Value":"00000000-0000-0000-0000-000000000000"},{"Key":{"Id":"ParentExecId","Label":"ParentExecId","Category":"","Description":"","Attributes":1,"ValueType":"System.Guid"},"Value":"00000000-0000-0000-0000-000000000000"},{"Key":{"Id":"InnerResultsCount","Label":"InnerResultsCount","Category":"","Description":"","Attributes":1,"ValueType":"System.Int32"},"Value":0}]}],"TestRunStatistics":{"ExecutedTests":9,"Stats":{"Failed":4,"Passed":5}},"ActiveTests":[]},"RunAttachments":[],"ExecutorUris":["executor://mstestadapter/v2"]}}
TpTrace Verbose: 0 : 896, 4, 2020/12/01, 13:31:09.342, 2631065550929, testhost.dll, BaseRunTests.RunTests: Run is complete.
TpTrace Verbose: 0 : 896, 9, 2020/12/01, 13:31:09.344, 2631065572989, testhost.dll, TcpClientExtensions.MessageLoopAsync: NotifyDataAvailable remoteEndPoint: [::ffff:127.0.0.1]:49475 localEndPoint: [::ffff:127.0.0.1]:49477
TpTrace Information: 0 : 896, 9, 2020/12/01, 13:31:09.344, 2631065574657, testhost.dll, TestRequestHandler.ProcessRequests: received message: (TestSession.Terminate) -> null
TpTrace Information: 0 : 896, 9, 2020/12/01, 13:31:09.344, 2631065575285, testhost.dll, Session End message received from server. Closing the connection.
TpTrace Information: 0 : 896, 9, 2020/12/01, 13:31:09.345, 2631065581219, testhost.dll, SocketClient.Stop: Stop communication from server endpoint: 127.0.0.1:049475
TpTrace Information: 0 : 896, 9, 2020/12/01, 13:31:09.345, 2631065581910, testhost.dll, SocketClient: Stop: Cancellation requested. Stopping message loop.
TpTrace Verbose: 0 : 896, 9, 2020/12/01, 13:31:09.345, 2631065585086, testhost.dll, LengthPrefixCommunicationChannel.Dispose: Dispose reader and writer.
TpTrace Information: 0 : 896, 9, 2020/12/01, 13:31:09.345, 2631065585801, testhost.dll, Closing the connection !
TpTrace Information: 0 : 896, 9, 2020/12/01, 13:31:09.346, 2631065588761, testhost.dll, SocketClient.PrivateStop: Stop communication from server endpoint: 127.0.0.1:049475, error:
TpTrace Verbose: 0 : 896, 9, 2020/12/01, 13:31:09.346, 2631065591419, testhost.dll, LengthPrefixCommunicationChannel.Dispose: Dispose reader and writer.
TpTrace Verbose: 0 : 896, 9, 2020/12/01, 13:31:09.346, 2631065592386, testhost.dll, TcpClientExtensions.MessageLoopAsync: exiting MessageLoopAsync remoteEndPoint: [::ffff:127.0.0.1]:49475 localEndPoint: [::ffff:127.0.0.1]:49477
TpTrace Information: 0 : 896, 1, 2020/12/01, 13:31:09.346, 2631065591494, testhost.dll, Closing the connection !
TpTrace Information: 0 : 896, 1, 2020/12/01, 13:31:09.346, 2631065594320, testhost.dll, SocketClient.Stop: Stop communication from server endpoint: 127.0.0.1:049475
TpTrace Verbose: 0 : 896, 1, 2020/12/01, 13:31:09.346, 2631065594877, testhost.dll, LengthPrefixCommunicationChannel.Dispose: Dispose reader and writer.
TpTrace Information: 0 : 896, 1, 2020/12/01, 13:31:09.346, 2631065596234, testhost.dll, Testhost process exiting.
