TpTrace Information: 0 : 5736, 1, 2020/11/30, 18:56:32.425, 1962196761555, testhost.dll, DefaultEngineInvoker.Invoke: Testhost process started with args :[--port, 63559],[--endpoint, 127.0.0.1:063559],[--role, client],[--parentprocessid, 15692],[--diag, C:\Users\EK\Desktop\VerifikacijaIValidacijaSoftvera-Vjezbe\Filmoteka\Unit Testovi\bin\Debug\fine-code-coverage\_outputfolder\diagnostics.host.20-11-30_18-56-32_28937_6.log],[--tracelevel, 4],[--datacollectionport, 63558],[--telemetryoptedin, false]
TpTrace Information: 0 : 5736, 1, 2020/11/30, 18:56:32.432, 1962196790602, testhost.dll, DefaultEngineInvoker.SetParentProcessExitCallback: Monitoring parent process with id: '15692'
TpTrace Information: 0 : 5736, 1, 2020/11/30, 18:56:32.437, 1962196845106, testhost.dll, DefaultEngineInvoker.GetConnectionInfo: Initialize communication on endpoint address: '127.0.0.1:063559'
TpTrace Information: 0 : 5736, 1, 2020/11/30, 18:56:32.451, 1962196981230, testhost.dll, SocketClient.Start: connecting to server endpoint: 127.0.0.1:063559
TpTrace Information: 0 : 5736, 1, 2020/11/30, 18:56:32.455, 1962197025236, testhost.dll, DefaultEngineInvoker.ConnectToDatacollector: Connecting to datacollector, port: 63558
TpTrace Information: 0 : 5736, 8, 2020/11/30, 18:56:32.457, 1962197048919, testhost.dll, SocketClient.OnServerConnected: connected to server endpoint: 127.0.0.1:063559
TpTrace Information: 0 : 5736, 1, 2020/11/30, 18:56:32.459, 1962197065556, testhost.dll, Trying to connect to server on socket : 127.0.0.1:63558 
TpTrace Verbose: 0 : 5736, 8, 2020/11/30, 18:56:32.459, 1962197068254, testhost.dll, Connected to server, and starting MessageLoopAsync
TpTrace Verbose: 0 : 5736, 1, 2020/11/30, 18:56:32.460, 1962197070590, testhost.dll, SocketCommunicationManager : SetupClientAsync : Attempting to connect to the server.
TpTrace Information: 0 : 5736, 10, 2020/11/30, 18:56:32.462, 1962197091194, testhost.dll, Connected to the server successfully 
TpTrace Information: 0 : 5736, 10, 2020/11/30, 18:56:32.462, 1962197092477, testhost.dll, Using the buffer size of 16384 bytes
TpTrace Verbose: 0 : 5736, 8, 2020/11/30, 18:56:32.462, 1962197096449, testhost.dll, TcpClientExtensions.MessageLoopAsync: Polling on remoteEndPoint: [::ffff:127.0.0.1]:63559 localEndPoint: [::ffff:127.0.0.1]:63560
TpTrace Information: 0 : 5736, 1, 2020/11/30, 18:56:32.462, 1962197099000, testhost.dll, DefaultEngineInvoker.Invoke: Start Request Processing.
TpTrace Verbose: 0 : 5736, 8, 2020/11/30, 18:56:32.463, 1962197100499, testhost.dll, TcpClientExtensions.MessageLoopAsync: NotifyDataAvailable remoteEndPoint: [::ffff:127.0.0.1]:63559 localEndPoint: [::ffff:127.0.0.1]:63560
TpTrace Information: 0 : 5736, 11, 2020/11/30, 18:56:32.463, 1962197107651, testhost.dll, DefaultEngineInvoker.StartProcessingAsync: Connected to vstest.console, Starting process requests.
TpTrace Information: 0 : 5736, 8, 2020/11/30, 18:56:32.572, 1962198192157, testhost.dll, TestRequestHandler.ProcessRequests: received message: (ProtocolVersion) -> 3
TpTrace Verbose: 0 : 5736, 8, 2020/11/30, 18:56:32.598, 1962198453281, testhost.dll, TestRequestHandler.SendData:  sending data from testhost: {"Version":2,"MessageType":"TestSession.Message","Payload":{"MessageLevel":0,"Message":"Logging TestHost Diagnostics in file: C:\\Users\\EK\\Desktop\\VerifikacijaIValidacijaSoftvera-Vjezbe\\Filmoteka\\Unit Testovi\\bin\\Debug\\fine-code-coverage\\_outputfolder\\diagnostics.host.20-11-30_18-56-32_28937_6.log"}}
TpTrace Verbose: 0 : 5736, 8, 2020/11/30, 18:56:32.598, 1962198454974, testhost.dll, TcpClientExtensions.MessageLoopAsync: Polling on remoteEndPoint: [::ffff:127.0.0.1]:63559 localEndPoint: [::ffff:127.0.0.1]:63560
TpTrace Verbose: 0 : 5736, 8, 2020/11/30, 18:56:32.598, 1962198455562, testhost.dll, TcpClientExtensions.MessageLoopAsync: NotifyDataAvailable remoteEndPoint: [::ffff:127.0.0.1]:63559 localEndPoint: [::ffff:127.0.0.1]:63560
TpTrace Information: 0 : 5736, 8, 2020/11/30, 18:56:32.601, 1962198487950, testhost.dll, TestRequestHandler.ProcessRequests: received message: (TestExecution.Initialize) -> [
  "C:\\Users\\EK\\Desktop\\VerifikacijaIValidacijaSoftvera-Vjezbe\\Filmoteka\\Unit Testovi\\bin\\Debug\\fine-code-coverage\\Microsoft.VisualStudio.TestPlatform.MSTest.TestAdapter.dll"
]
TpTrace Information: 0 : 5736, 8, 2020/11/30, 18:56:32.601, 1962198489484, testhost.dll, Execution Session Initialize.
TpTrace Verbose: 0 : 5736, 8, 2020/11/30, 18:56:32.607, 1962198548533, testhost.dll, TcpClientExtensions.MessageLoopAsync: Polling on remoteEndPoint: [::ffff:127.0.0.1]:63559 localEndPoint: [::ffff:127.0.0.1]:63560
TpTrace Verbose: 0 : 5736, 8, 2020/11/30, 18:56:32.607, 1962198549067, testhost.dll, TcpClientExtensions.MessageLoopAsync: NotifyDataAvailable remoteEndPoint: [::ffff:127.0.0.1]:63559 localEndPoint: [::ffff:127.0.0.1]:63560
TpTrace Verbose: 0 : 5736, 4, 2020/11/30, 18:56:32.610, 1962198570321, testhost.dll, TestExecutorService: Loading the extensions
TpTrace Information: 0 : 5736, 8, 2020/11/30, 18:56:32.610, 1962198573845, testhost.dll, TestRequestHandler.ProcessRequests: received message: (TestExecution.StartWithSources) -> {
  "AdapterSourceMap": {
    "_none_": [
      "C:\\Users\\EK\\Desktop\\VerifikacijaIValidacijaSoftvera-Vjezbe\\Filmoteka\\Unit Testovi\\bin\\Debug\\fine-code-coverage\\Unit Testovi.dll"
    ]
  },
  "RunSettings": "<RunSettings>\r\n  <RunConfiguration>\r\n    <ResultsDirectory>C:\\Users\\EK\\Desktop\\VerifikacijaIValidacijaSoftvera-Vjezbe\\Filmoteka\\Unit Testovi\\bin\\Debug\\fine-code-coverage\\_outputfolder</ResultsDirectory>\r\n    <TargetPlatform>X64</TargetPlatform>\r\n    <TargetFrameworkVersion>.NETCoreApp,Version=v3.1</TargetFrameworkVersion>\r\n    <DesignMode>False</DesignMode>\r\n    <CollectSourceInformation>False</CollectSourceInformation>\r\n  </RunConfiguration>\r\n  <LoggerRunSettings>\r\n    <Loggers>\r\n      <Logger friendlyName=\"blame\" enabled=\"True\" />\r\n      <Logger friendlyName=\"Console\" uri=\"logger://microsoft/TestPlatform/ConsoleLogger/v1\" assemblyQualifiedName=\"Microsoft.VisualStudio.TestPlatform.CommandLine.Internal.ConsoleLogger, vstest.console, Version=15.0.0.0, Culture=neutral, PublicKeyToken=b03f5f7f11d50a3a\" codeBase=\"C:\\Program Files\\dotnet\\sdk\\5.0.100\\vstest.console.dll\" enabled=\"True\" />\r\n    </Loggers>\r\n  </LoggerRunSettings>\r\n  <DataCollectionRunSettings>\r\n    <DataCollectors>\r\n      <DataCollector friendlyName=\"blame\" enabled=\"True\">\r\n        <Configuration>\r\n          <ResultsDirectory>C:\\Users\\EK\\Desktop\\VerifikacijaIValidacijaSoftvera-Vjezbe\\Filmoteka\\Unit Testovi\\bin\\Debug\\fine-code-coverage\\_outputfolder</ResultsDirectory>\r\n        </Configuration>\r\n      </DataCollector>\r\n    </DataCollectors>\r\n  </DataCollectionRunSettings>\r\n</RunSettings>",
  "TestExecutionContext": {
    "FrequencyOfRunStatsChangeEvent": 10,
    "RunStatsChangeEventTimeout": "00:00:01.5000000",
    "InIsolation": false,
    "KeepAlive": false,
    "AreTestCaseLevelEventsRequired": false,
    "IsDebug": false,
    "TestCaseFilter": null,
    "FilterOptions": null
  },
  "Package": null
}
TpTrace Information: 0 : 5736, 8, 2020/11/30, 18:56:32.610, 1962198574812, testhost.dll, Execution started.
TpTrace Verbose: 0 : 5736, 4, 2020/11/30, 18:56:32.611, 1962198585514, testhost.dll, TestPluginCache.DiscoverTestExtensions: finding test extensions in assemblies endswith: TestAdapter.dll TPluginInfo: Microsoft.VisualStudio.TestPlatform.Common.ExtensionFramework.Utilities.TestExecutorPluginInformation TExtension: Microsoft.VisualStudio.TestPlatform.ObjectModel.Adapter.ITestExecutor
TpTrace Verbose: 0 : 5736, 4, 2020/11/30, 18:56:32.612, 1962198593870, testhost.dll, TestPluginCache.GetExtensionPaths: Filtered extension paths: 
TpTrace Verbose: 0 : 5736, 4, 2020/11/30, 18:56:32.612, 1962198596862, testhost.dll, TestPluginCache.GetExtensionPaths: Added default extension paths: C:\Users\EK\Desktop\VerifikacijaIValidacijaSoftvera-Vjezbe\Filmoteka\Unit Testovi\bin\Debug\fine-code-coverage\Microsoft.VisualStudio.TestPlatform.MSTest.TestAdapter.dll
TpTrace Verbose: 0 : 5736, 4, 2020/11/30, 18:56:32.612, 1962198597262, testhost.dll, TestPluginCache.GetExtensionPaths: Added unfilterableExtensionPaths: 
TpTrace Information: 0 : 5736, 4, 2020/11/30, 18:56:32.614, 1962198617272, testhost.dll, AssemblyResolver.ctor: Creating AssemblyResolver with searchDirectories C:\Users\EK\Desktop\VerifikacijaIValidacijaSoftvera-Vjezbe\Filmoteka\Unit Testovi\bin\Debug\fine-code-coverage
TpTrace Verbose: 0 : 5736, 4, 2020/11/30, 18:56:32.616, 1962198634385, testhost.dll, TestPluginCache.DiscoverTestExtensions: Discovering the extensions using extension path.
TpTrace Verbose: 0 : 5736, 4, 2020/11/30, 18:56:32.616, 1962198635747, testhost.dll, TestPluginCache.GetExtensionPaths: Filtered extension paths: 
TpTrace Verbose: 0 : 5736, 4, 2020/11/30, 18:56:32.616, 1962198636147, testhost.dll, TestPluginCache.GetExtensionPaths: Added default extension paths: C:\Users\EK\Desktop\VerifikacijaIValidacijaSoftvera-Vjezbe\Filmoteka\Unit Testovi\bin\Debug\fine-code-coverage\Microsoft.VisualStudio.TestPlatform.MSTest.TestAdapter.dll
TpTrace Verbose: 0 : 5736, 4, 2020/11/30, 18:56:32.616, 1962198636409, testhost.dll, TestPluginCache.GetExtensionPaths: Added unfilterableExtensionPaths: 
TpTrace Verbose: 0 : 5736, 4, 2020/11/30, 18:56:32.616, 1962198636913, testhost.dll, TestPluginCache.DiscoverTestExtensions: Discovering the extensions using allExtensionPaths: C:\Users\EK\Desktop\VerifikacijaIValidacijaSoftvera-Vjezbe\Filmoteka\Unit Testovi\bin\Debug\fine-code-coverage\Microsoft.VisualStudio.TestPlatform.MSTest.TestAdapter.dll
TpTrace Information: 0 : 5736, 4, 2020/11/30, 18:56:32.617, 1962198644213, testhost.dll, AssemblyResolver.AddSearchDirectories: Adding more searchDirectories C:\Users\EK\Desktop\VerifikacijaIValidacijaSoftvera-Vjezbe\Filmoteka\Unit Testovi\bin\Debug\fine-code-coverage
TpTrace Information: 0 : 5736, 4, 2020/11/30, 18:56:32.621, 1962198682353, testhost.dll, AssemblyResolver.OnResolve: Microsoft.VisualStudio.TestPlatform.MSTest.TestAdapter: Resolving assembly.
TpTrace Information: 0 : 5736, 4, 2020/11/30, 18:56:32.622, 1962198695227, testhost.dll, AssemblyResolver.OnResolve: Resolved assembly: Microsoft.VisualStudio.TestPlatform.MSTest.TestAdapter, from path: C:\Users\EK\Desktop\VerifikacijaIValidacijaSoftvera-Vjezbe\Filmoteka\Unit Testovi\bin\Debug\fine-code-coverage\Microsoft.VisualStudio.TestPlatform.MSTest.TestAdapter.dll
TpTrace Information: 0 : 5736, 4, 2020/11/30, 18:56:32.623, 1962198709408, testhost.dll, AssemblyResolver.OnResolve: Microsoft.VisualStudio.TestPlatform.MSTestAdapter.PlatformServices.Interface: Resolving assembly.
TpTrace Information: 0 : 5736, 4, 2020/11/30, 18:56:32.624, 1962198714136, testhost.dll, AssemblyResolver.OnResolve: Resolved assembly: Microsoft.VisualStudio.TestPlatform.MSTestAdapter.PlatformServices.Interface, from path: C:\Users\EK\Desktop\VerifikacijaIValidacijaSoftvera-Vjezbe\Filmoteka\Unit Testovi\bin\Debug\fine-code-coverage\Microsoft.VisualStudio.TestPlatform.MSTestAdapter.PlatformServices.Interface.dll
TpTrace Information: 0 : 5736, 4, 2020/11/30, 18:56:32.624, 1962198716196, testhost.dll, AssemblyResolver.OnResolve: Microsoft.VisualStudio.TestPlatform.MSTestAdapter.PlatformServices: Resolving assembly.
TpTrace Information: 0 : 5736, 4, 2020/11/30, 18:56:32.625, 1962198720261, testhost.dll, AssemblyResolver.OnResolve: Resolved assembly: Microsoft.VisualStudio.TestPlatform.MSTestAdapter.PlatformServices, from path: C:\Users\EK\Desktop\VerifikacijaIValidacijaSoftvera-Vjezbe\Filmoteka\Unit Testovi\bin\Debug\fine-code-coverage\Microsoft.VisualStudio.TestPlatform.MSTestAdapter.PlatformServices.dll
TpTrace Verbose: 0 : 5736, 4, 2020/11/30, 18:56:32.629, 1962198762203, testhost.dll, TestPluginCache: Discovered the extensions using extension path ''.
TpTrace Verbose: 0 : 5736, 4, 2020/11/30, 18:56:32.629, 1962198766012, testhost.dll, TestPluginCache: Discoverers are ''.
TpTrace Verbose: 0 : 5736, 4, 2020/11/30, 18:56:32.629, 1962198766594, testhost.dll, TestPluginCache: Executors are 'executor://MSTestAdapter/v2'.
TpTrace Verbose: 0 : 5736, 4, 2020/11/30, 18:56:32.629, 1962198767328, testhost.dll, TestPluginCache: Setting providers are ''.
TpTrace Verbose: 0 : 5736, 4, 2020/11/30, 18:56:32.629, 1962198768017, testhost.dll, TestPluginCache: Loggers are ''.
TpTrace Verbose: 0 : 5736, 8, 2020/11/30, 18:56:32.631, 1962198787825, testhost.dll, TcpClientExtensions.MessageLoopAsync: Polling on remoteEndPoint: [::ffff:127.0.0.1]:63559 localEndPoint: [::ffff:127.0.0.1]:63560
TpTrace Information: 0 : 5736, 4, 2020/11/30, 18:56:32.635, 1962198820509, testhost.dll, TestPluginManager.CreateTestExtension: Attempting to load test extension: Microsoft.VisualStudio.TestPlatform.MSTest.TestAdapter.MSTestExecutor
TpTrace Verbose: 0 : 5736, 4, 2020/11/30, 18:56:32.637, 1962198848131, testhost.dll, TestExecutorExtensionManager: Loading executor Microsoft.VisualStudio.TestPlatform.MSTest.TestAdapter.MSTestExecutor
TpTrace Verbose: 0 : 5736, 4, 2020/11/30, 18:56:32.637, 1962198848773, testhost.dll, TestExecutorService: Loaded the executors
TpTrace Verbose: 0 : 5736, 4, 2020/11/30, 18:56:32.638, 1962198856871, testhost.dll, TestPluginCache.DiscoverTestExtensions: finding test extensions in assemblies endswith: TestAdapter.dll TPluginInfo: Microsoft.VisualStudio.TestPlatform.Common.ExtensionFramework.Utilities.TestSettingsProviderPluginInformation TExtension: Microsoft.VisualStudio.TestPlatform.ObjectModel.Adapter.ISettingsProvider
TpTrace Verbose: 0 : 5736, 4, 2020/11/30, 18:56:32.638, 1962198859417, testhost.dll, TestPluginCache.GetExtensionPaths: Filtered extension paths: 
TpTrace Verbose: 0 : 5736, 4, 2020/11/30, 18:56:32.638, 1962198859805, testhost.dll, TestPluginCache.GetExtensionPaths: Added default extension paths: C:\Users\EK\Desktop\VerifikacijaIValidacijaSoftvera-Vjezbe\Filmoteka\Unit Testovi\bin\Debug\fine-code-coverage\Microsoft.VisualStudio.TestPlatform.MSTest.TestAdapter.dll
TpTrace Verbose: 0 : 5736, 4, 2020/11/30, 18:56:32.639, 1962198860077, testhost.dll, TestPluginCache.GetExtensionPaths: Added unfilterableExtensionPaths: 
TpTrace Information: 0 : 5736, 4, 2020/11/30, 18:56:32.639, 1962198861595, testhost.dll, AssemblyResolver.AddSearchDirectories: Adding more searchDirectories C:\Users\EK\Desktop\VerifikacijaIValidacijaSoftvera-Vjezbe\Filmoteka\Unit Testovi\bin\Debug\fine-code-coverage
TpTrace Verbose: 0 : 5736, 4, 2020/11/30, 18:56:32.639, 1962198862133, testhost.dll, TestPluginCache.DiscoverTestExtensions: Discovering the extensions using extension path.
TpTrace Verbose: 0 : 5736, 4, 2020/11/30, 18:56:32.639, 1962198862432, testhost.dll, TestPluginCache.GetExtensionPaths: Filtered extension paths: 
TpTrace Verbose: 0 : 5736, 4, 2020/11/30, 18:56:32.639, 1962198862683, testhost.dll, TestPluginCache.GetExtensionPaths: Added default extension paths: C:\Users\EK\Desktop\VerifikacijaIValidacijaSoftvera-Vjezbe\Filmoteka\Unit Testovi\bin\Debug\fine-code-coverage\Microsoft.VisualStudio.TestPlatform.MSTest.TestAdapter.dll
TpTrace Verbose: 0 : 5736, 4, 2020/11/30, 18:56:32.639, 1962198862971, testhost.dll, TestPluginCache.GetExtensionPaths: Added unfilterableExtensionPaths: 
TpTrace Verbose: 0 : 5736, 4, 2020/11/30, 18:56:32.639, 1962198863242, testhost.dll, TestPluginCache.DiscoverTestExtensions: Discovering the extensions using allExtensionPaths: C:\Users\EK\Desktop\VerifikacijaIValidacijaSoftvera-Vjezbe\Filmoteka\Unit Testovi\bin\Debug\fine-code-coverage\Microsoft.VisualStudio.TestPlatform.MSTest.TestAdapter.dll
TpTrace Information: 0 : 5736, 4, 2020/11/30, 18:56:32.639, 1962198863632, testhost.dll, AssemblyResolver.AddSearchDirectories: Adding more searchDirectories C:\Users\EK\Desktop\VerifikacijaIValidacijaSoftvera-Vjezbe\Filmoteka\Unit Testovi\bin\Debug\fine-code-coverage
TpTrace Verbose: 0 : 5736, 4, 2020/11/30, 18:56:32.639, 1962198865439, testhost.dll, TestPluginCache: Discovered the extensions using extension path ''.
TpTrace Verbose: 0 : 5736, 4, 2020/11/30, 18:56:32.639, 1962198865768, testhost.dll, TestPluginCache: Discoverers are ''.
TpTrace Verbose: 0 : 5736, 4, 2020/11/30, 18:56:32.639, 1962198866145, testhost.dll, TestPluginCache: Executors are 'executor://MSTestAdapter/v2'.
TpTrace Verbose: 0 : 5736, 4, 2020/11/30, 18:56:32.639, 1962198867088, testhost.dll, TestPluginCache: Setting providers are ''.
TpTrace Verbose: 0 : 5736, 4, 2020/11/30, 18:56:32.639, 1962198867408, testhost.dll, TestPluginCache: Loggers are ''.
TpTrace Verbose: 0 : 5736, 4, 2020/11/30, 18:56:32.640, 1962198875703, testhost.dll, TestExecutorService: Loaded the settings providers
TpTrace Information: 0 : 5736, 4, 2020/11/30, 18:56:32.640, 1962198876074, testhost.dll, TestExecutorService: Loaded the extensions
TpTrace Information: 0 : 5736, 4, 2020/11/30, 18:56:32.701, 1962199481347, testhost.dll, TestDiscoveryManager: Discovering tests from sources C:\Users\EK\Desktop\VerifikacijaIValidacijaSoftvera-Vjezbe\Filmoteka\Unit Testovi\bin\Debug\fine-code-coverage\Unit Testovi.dll
TpTrace Verbose: 0 : 5736, 4, 2020/11/30, 18:56:32.702, 1962199496917, testhost.dll, TestPluginCache.DiscoverTestExtensions: finding test extensions in assemblies endswith: TestAdapter.dll TPluginInfo: Microsoft.VisualStudio.TestPlatform.Common.ExtensionFramework.Utilities.TestDiscovererPluginInformation TExtension: Microsoft.VisualStudio.TestPlatform.ObjectModel.Adapter.ITestDiscoverer
TpTrace Verbose: 0 : 5736, 4, 2020/11/30, 18:56:32.702, 1962199497869, testhost.dll, TestPluginCache.GetExtensionPaths: Filtered extension paths: 
TpTrace Verbose: 0 : 5736, 4, 2020/11/30, 18:56:32.702, 1962199498191, testhost.dll, TestPluginCache.GetExtensionPaths: Added default extension paths: C:\Users\EK\Desktop\VerifikacijaIValidacijaSoftvera-Vjezbe\Filmoteka\Unit Testovi\bin\Debug\fine-code-coverage\Microsoft.VisualStudio.TestPlatform.MSTest.TestAdapter.dll
TpTrace Verbose: 0 : 5736, 4, 2020/11/30, 18:56:32.702, 1962199498436, testhost.dll, TestPluginCache.GetExtensionPaths: Added unfilterableExtensionPaths: 
TpTrace Information: 0 : 5736, 4, 2020/11/30, 18:56:32.702, 1962199499307, testhost.dll, AssemblyResolver.AddSearchDirectories: Adding more searchDirectories C:\Users\EK\Desktop\VerifikacijaIValidacijaSoftvera-Vjezbe\Filmoteka\Unit Testovi\bin\Debug\fine-code-coverage
TpTrace Verbose: 0 : 5736, 4, 2020/11/30, 18:56:32.702, 1962199499623, testhost.dll, TestPluginCache.DiscoverTestExtensions: Discovering the extensions using extension path.
TpTrace Verbose: 0 : 5736, 4, 2020/11/30, 18:56:32.703, 1962199499917, testhost.dll, TestPluginCache.GetExtensionPaths: Filtered extension paths: 
TpTrace Verbose: 0 : 5736, 4, 2020/11/30, 18:56:32.703, 1962199500146, testhost.dll, TestPluginCache.GetExtensionPaths: Added default extension paths: C:\Users\EK\Desktop\VerifikacijaIValidacijaSoftvera-Vjezbe\Filmoteka\Unit Testovi\bin\Debug\fine-code-coverage\Microsoft.VisualStudio.TestPlatform.MSTest.TestAdapter.dll
TpTrace Verbose: 0 : 5736, 4, 2020/11/30, 18:56:32.703, 1962199500374, testhost.dll, TestPluginCache.GetExtensionPaths: Added unfilterableExtensionPaths: 
TpTrace Verbose: 0 : 5736, 4, 2020/11/30, 18:56:32.703, 1962199500704, testhost.dll, TestPluginCache.DiscoverTestExtensions: Discovering the extensions using allExtensionPaths: C:\Users\EK\Desktop\VerifikacijaIValidacijaSoftvera-Vjezbe\Filmoteka\Unit Testovi\bin\Debug\fine-code-coverage\Microsoft.VisualStudio.TestPlatform.MSTest.TestAdapter.dll
TpTrace Information: 0 : 5736, 4, 2020/11/30, 18:56:32.703, 1962199501035, testhost.dll, AssemblyResolver.AddSearchDirectories: Adding more searchDirectories C:\Users\EK\Desktop\VerifikacijaIValidacijaSoftvera-Vjezbe\Filmoteka\Unit Testovi\bin\Debug\fine-code-coverage
TpTrace Verbose: 0 : 5736, 4, 2020/11/30, 18:56:32.704, 1962199519369, testhost.dll, TestPluginCache: Discovered the extensions using extension path ''.
TpTrace Verbose: 0 : 5736, 4, 2020/11/30, 18:56:32.704, 1962199519836, testhost.dll, TestPluginCache: Discoverers are 'Microsoft.VisualStudio.TestPlatform.MSTest.TestAdapter.MSTestDiscoverer, Microsoft.VisualStudio.TestPlatform.MSTest.TestAdapter, Version=14.0.0.0, Culture=neutral, PublicKeyToken=b03f5f7f11d50a3a'.
TpTrace Verbose: 0 : 5736, 4, 2020/11/30, 18:56:32.705, 1962199520214, testhost.dll, TestPluginCache: Executors are 'executor://MSTestAdapter/v2'.
TpTrace Verbose: 0 : 5736, 4, 2020/11/30, 18:56:32.705, 1962199520518, testhost.dll, TestPluginCache: Setting providers are ''.
TpTrace Verbose: 0 : 5736, 4, 2020/11/30, 18:56:32.705, 1962199520766, testhost.dll, TestPluginCache: Loggers are ''.
TpTrace Verbose: 0 : 5736, 4, 2020/11/30, 18:56:32.708, 1962199559616, testhost.dll, BaseRunTests.RunTestInternalWithExecutors: Running tests for executor://MSTestAdapter/v2
TpTrace Information: 0 : 5736, 4, 2020/11/30, 18:56:32.753, 1962200007287, testhost.dll, AssemblyResolver.OnResolve: Microsoft.VisualStudio.TestPlatform.MSTestAdapter.PlatformServices.resources: Resolving assembly.
TpTrace Information: 0 : 5736, 4, 2020/11/30, 18:56:32.753, 1962200009279, testhost.dll, AssemblyResolver.OnResolve: Microsoft.VisualStudio.TestPlatform.MSTestAdapter.PlatformServices.resources: Failed to load assembly.
TpTrace Information: 0 : 5736, 4, 2020/11/30, 18:56:32.754, 1962200011403, testhost.dll, AssemblyResolver.OnResolve: Microsoft.VisualStudio.TestPlatform.MSTestAdapter.PlatformServices.resources: Resolving assembly.
TpTrace Information: 0 : 5736, 4, 2020/11/30, 18:56:32.754, 1962200012008, testhost.dll, AssemblyResolver.OnResolve: Microsoft.VisualStudio.TestPlatform.MSTestAdapter.PlatformServices.resources: Resolved from cache.
TpTrace Verbose: 0 : 5736, 4, 2020/11/30, 18:56:32.768, 1962200154558, testhost.dll, TestExecutionRecorder.RecordStart: Starting test: Unit_Testovi.NoviTestovi.TestZamjenskiObjekat.
TpTrace Information: 0 : 5736, 4, 2020/11/30, 18:56:32.855, 1962201021196, testhost.dll, AssemblyResolver.OnResolve: Microsoft.VisualStudio.TestPlatform.MSTest.TestAdapter.resources: Resolving assembly.
TpTrace Information: 0 : 5736, 4, 2020/11/30, 18:56:32.855, 1962201022515, testhost.dll, AssemblyResolver.OnResolve: Microsoft.VisualStudio.TestPlatform.MSTest.TestAdapter.resources: Failed to load assembly.
TpTrace Verbose: 0 : 5736, 4, 2020/11/30, 18:56:32.879, 1962201263956, testhost.dll, TestExecutionRecorder.RecordEnd: test: Unit_Testovi.NoviTestovi.TestZamjenskiObjekat execution completed.
TpTrace Verbose: 0 : 5736, 4, 2020/11/30, 18:56:32.891, 1962201382285, testhost.dll, TestExecutionRecorder.RecordResult: Received result for test: Unit_Testovi.NoviTestovi.TestZamjenskiObjekat.
TpTrace Warning: 0 : 5736, 4, 2020/11/30, 18:56:32.894, 1962201412854, testhost.dll, InProgressTests is null
TpTrace Warning: 0 : 5736, 4, 2020/11/30, 18:56:32.896, 1962201435906, testhost.dll, TestRunCache: No test found corresponding to testResult 'TestZamjenskiObjekat  Failed
  Message: Test method Unit_Testovi.NoviTestovi.TestZamjenskiObjekat threw exception: 
System.NotImplementedException: The method or operation is not implemented.
  StackTrace:
    at Filmoteka.Reziser.DaLiJeReziraoFilm(Film f) in C:\Users\EK\Desktop\VerifikacijaIValidacijaSoftvera-Vjezbe\Filmoteka\Filmoteka\Reziser.cs:line 15
   at Filmoteka.Filmoteka.DajSveFilmoveZaRezisera(IReziser reziser) in C:\Users\EK\Desktop\VerifikacijaIValidacijaSoftvera-Vjezbe\Filmoteka\Filmoteka\Filmoteka.cs:line 97
   at Unit_Testovi.NoviTestovi.TestZamjenskiObjekat() in C:\Users\EK\Desktop\VerifikacijaIValidacijaSoftvera-Vjezbe\Filmoteka\Unit Testovi\NoviTestovi.cs:line 23
' in inProgress list.
TpTrace Verbose: 0 : 5736, 4, 2020/11/30, 18:56:32.896, 1962201437692, testhost.dll, TestExecutionRecorder.RecordStart: Starting test: Unit_Testovi.NoviTestovi.TestDodajNastavakIstiGlumci.
TpTrace Verbose: 0 : 5736, 4, 2020/11/30, 18:56:32.899, 1962201462193, testhost.dll, TestExecutionRecorder.RecordEnd: test: Unit_Testovi.NoviTestovi.TestDodajNastavakIstiGlumci execution completed.
TpTrace Verbose: 0 : 5736, 4, 2020/11/30, 18:56:32.903, 1962201503112, testhost.dll, TestExecutionRecorder.RecordResult: Received result for test: Unit_Testovi.NoviTestovi.TestDodajNastavakIstiGlumci.
TpTrace Warning: 0 : 5736, 4, 2020/11/30, 18:56:32.903, 1962201504142, testhost.dll, InProgressTests is null
TpTrace Warning: 0 : 5736, 4, 2020/11/30, 18:56:32.903, 1962201504490, testhost.dll, TestRunCache: No test found corresponding to testResult 'TestDodajNastavakIstiGlumci  Failed
  Message: Test method Unit_Testovi.NoviTestovi.TestDodajNastavakIstiGlumci threw exception: 
System.NotImplementedException: The method or operation is not implemented.
  StackTrace:
    at Filmoteka.Filmoteka.DodajNastavak(Film film, Double rating, Boolean istiGlumci, List`1 noviGlumci) in C:\Users\EK\Desktop\VerifikacijaIValidacijaSoftvera-Vjezbe\Filmoteka\Filmoteka\Filmoteka.cs:line 127
   at Unit_Testovi.NoviTestovi.TestDodajNastavakIstiGlumci() in C:\Users\EK\Desktop\VerifikacijaIValidacijaSoftvera-Vjezbe\Filmoteka\Unit Testovi\NoviTestovi.cs:line 40
' in inProgress list.
TpTrace Verbose: 0 : 5736, 4, 2020/11/30, 18:56:32.903, 1962201504954, testhost.dll, TestExecutionRecorder.RecordStart: Starting test: Unit_Testovi.NoviTestovi.TestDodajNastavakRazlicitiGlumci.
TpTrace Verbose: 0 : 5736, 4, 2020/11/30, 18:56:32.905, 1962201520709, testhost.dll, TestExecutionRecorder.RecordEnd: test: Unit_Testovi.NoviTestovi.TestDodajNastavakRazlicitiGlumci execution completed.
TpTrace Verbose: 0 : 5736, 4, 2020/11/30, 18:56:32.905, 1962201528564, testhost.dll, TestExecutionRecorder.RecordResult: Received result for test: Unit_Testovi.NoviTestovi.TestDodajNastavakRazlicitiGlumci.
TpTrace Warning: 0 : 5736, 4, 2020/11/30, 18:56:32.905, 1962201529226, testhost.dll, InProgressTests is null
TpTrace Warning: 0 : 5736, 4, 2020/11/30, 18:56:32.905, 1962201529548, testhost.dll, TestRunCache: No test found corresponding to testResult 'TestDodajNastavakRazlicitiGlumci  Failed
  Message: Test method Unit_Testovi.NoviTestovi.TestDodajNastavakRazlicitiGlumci threw exception: 
System.NotImplementedException: The method or operation is not implemented.
  StackTrace:
    at Filmoteka.Filmoteka.DodajNastavak(Film film, Double rating, Boolean istiGlumci, List`1 noviGlumci) in C:\Users\EK\Desktop\VerifikacijaIValidacijaSoftvera-Vjezbe\Filmoteka\Filmoteka\Filmoteka.cs:line 127
   at Unit_Testovi.NoviTestovi.TestDodajNastavakRazlicitiGlumci() in C:\Users\EK\Desktop\VerifikacijaIValidacijaSoftvera-Vjezbe\Filmoteka\Unit Testovi\NoviTestovi.cs:line 53
' in inProgress list.
TpTrace Verbose: 0 : 5736, 4, 2020/11/30, 18:56:32.906, 1962201529901, testhost.dll, TestExecutionRecorder.RecordStart: Starting test: Unit_Testovi.NoviTestovi.TestDodajNastavakIzuzetak.
TpTrace Information: 0 : 5736, 4, 2020/11/30, 18:56:32.908, 1962201555421, testhost.dll, AssemblyResolver.OnResolve: Microsoft.VisualStudio.TestPlatform.TestFramework.resources: Resolving assembly.
TpTrace Information: 0 : 5736, 4, 2020/11/30, 18:56:32.908, 1962201556936, testhost.dll, AssemblyResolver.OnResolve: Microsoft.VisualStudio.TestPlatform.TestFramework.resources: Failed to load assembly.
TpTrace Verbose: 0 : 5736, 4, 2020/11/30, 18:56:32.909, 1962201564197, testhost.dll, TestExecutionRecorder.RecordEnd: test: Unit_Testovi.NoviTestovi.TestDodajNastavakIzuzetak execution completed.
TpTrace Verbose: 0 : 5736, 4, 2020/11/30, 18:56:32.910, 1962201572969, testhost.dll, TestExecutionRecorder.RecordResult: Received result for test: Unit_Testovi.NoviTestovi.TestDodajNastavakIzuzetak.
TpTrace Warning: 0 : 5736, 4, 2020/11/30, 18:56:32.910, 1962201573625, testhost.dll, InProgressTests is null
TpTrace Warning: 0 : 5736, 4, 2020/11/30, 18:56:32.910, 1962201573946, testhost.dll, TestRunCache: No test found corresponding to testResult 'TestDodajNastavakIzuzetak  Failed
  Message: Test method threw exception System.NotImplementedException, but exception System.ArgumentNullException was expected. Exception message: System.NotImplementedException: The method or operation is not implemented.
  StackTrace:
   at Filmoteka.Filmoteka.DodajNastavak(Film film, Double rating, Boolean istiGlumci, List`1 noviGlumci) in C:\Users\EK\Desktop\VerifikacijaIValidacijaSoftvera-Vjezbe\Filmoteka\Filmoteka\Filmoteka.cs:line 127
   at Unit_Testovi.NoviTestovi.TestDodajNastavakIzuzetak() in C:\Users\EK\Desktop\VerifikacijaIValidacijaSoftvera-Vjezbe\Filmoteka\Unit Testovi\NoviTestovi.cs:line 66
' in inProgress list.
TpTrace Verbose: 0 : 5736, 4, 2020/11/30, 18:56:32.910, 1962201574363, testhost.dll, TestExecutionRecorder.RecordStart: Starting test: Unit_Testovi.NoviTestovi.TestDajSveFilmoveSGLumcima.
TpTrace Verbose: 0 : 5736, 4, 2020/11/30, 18:56:32.914, 1962201612048, testhost.dll, TestExecutionRecorder.RecordEnd: test: Unit_Testovi.NoviTestovi.TestDajSveFilmoveSGLumcima execution completed.
TpTrace Verbose: 0 : 5736, 4, 2020/11/30, 18:56:32.915, 1962201621602, testhost.dll, TestExecutionRecorder.RecordResult: Received result for test: Unit_Testovi.NoviTestovi.TestDajSveFilmoveSGLumcima.
TpTrace Warning: 0 : 5736, 4, 2020/11/30, 18:56:32.915, 1962201622187, testhost.dll, InProgressTests is null
TpTrace Warning: 0 : 5736, 4, 2020/11/30, 18:56:32.915, 1962201622644, testhost.dll, TestRunCache: No test found corresponding to testResult 'TestDajSveFilmoveSGLumcima  Failed
  Message: Assert.AreEqual failed. Expected:<3>. Actual:<0>. 
  StackTrace:
   at Unit_Testovi.NoviTestovi.TestDajSveFilmoveSGLumcima() in C:\Users\EK\Desktop\VerifikacijaIValidacijaSoftvera-Vjezbe\Filmoteka\Unit Testovi\NoviTestovi.cs:line 80
' in inProgress list.
TpTrace Verbose: 0 : 5736, 4, 2020/11/30, 18:56:32.915, 1962201623000, testhost.dll, TestExecutionRecorder.RecordStart: Starting test: Unit_Testovi.NoviTestovi.TestDajSrednjuOcjenuSvihFilmova.
TpTrace Verbose: 0 : 5736, 4, 2020/11/30, 18:56:32.917, 1962201642575, testhost.dll, TestExecutionRecorder.RecordEnd: test: Unit_Testovi.NoviTestovi.TestDajSrednjuOcjenuSvihFilmova execution completed.
TpTrace Verbose: 0 : 5736, 4, 2020/11/30, 18:56:32.918, 1962201650827, testhost.dll, TestExecutionRecorder.RecordResult: Received result for test: Unit_Testovi.NoviTestovi.TestDajSrednjuOcjenuSvihFilmova.
TpTrace Warning: 0 : 5736, 4, 2020/11/30, 18:56:32.918, 1962201651507, testhost.dll, InProgressTests is null
TpTrace Warning: 0 : 5736, 4, 2020/11/30, 18:56:32.918, 1962201652613, testhost.dll, TestRunCache: No test found corresponding to testResult 'TestDajSrednjuOcjenuSvihFilmova  Passed' in inProgress list.
TpTrace Verbose: 0 : 5736, 4, 2020/11/30, 18:56:32.918, 1962201653014, testhost.dll, TestExecutionRecorder.RecordStart: Starting test: Unit_Testovi.NoviTestovi.TestDajSrednjuOcjenuSvihFilmovaPrazan.
TpTrace Verbose: 0 : 5736, 4, 2020/11/30, 18:56:32.919, 1962201665425, testhost.dll, TestExecutionRecorder.RecordEnd: test: Unit_Testovi.NoviTestovi.TestDajSrednjuOcjenuSvihFilmovaPrazan execution completed.
TpTrace Verbose: 0 : 5736, 4, 2020/11/30, 18:56:32.920, 1962201674016, testhost.dll, TestExecutionRecorder.RecordResult: Received result for test: Unit_Testovi.NoviTestovi.TestDajSrednjuOcjenuSvihFilmovaPrazan.
TpTrace Warning: 0 : 5736, 4, 2020/11/30, 18:56:32.920, 1962201674563, testhost.dll, InProgressTests is null
TpTrace Warning: 0 : 5736, 4, 2020/11/30, 18:56:32.920, 1962201674891, testhost.dll, TestRunCache: No test found corresponding to testResult 'TestDajSrednjuOcjenuSvihFilmovaPrazan  Passed' in inProgress list.
TpTrace Verbose: 0 : 5736, 4, 2020/11/30, 18:56:32.922, 1962201691411, testhost.dll, BaseRunTests.RunTestInternalWithExecutors: Completed running tests for executor://MSTestAdapter/v2
TpTrace Information: 0 : 5736, 4, 2020/11/30, 18:56:32.925, 1962201724364, testhost.dll, Sending test run complete
TpTrace Verbose: 0 : 5736, 4, 2020/11/30, 18:56:32.956, 1962202032987, testhost.dll, TestRequestHandler.SendData:  sending data from testhost: {"Version":2,"MessageType":"TestExecution.Completed","Payload":{"TestRunCompleteArgs":{"TestRunStatistics":{"ExecutedTests":7,"Stats":{"Failed":5,"Passed":2}},"IsCanceled":false,"IsAborted":false,"Error":null,"AttachmentSets":[],"ElapsedTimeInRunningTests":"00:00:00.2159133","Metrics":{}},"LastRunTests":{"NewTestResults":[{"TestCase":{"Id":"aef9dec6-1181-fac1-2596-b31421e8da47","FullyQualifiedName":"Unit_Testovi.NoviTestovi.TestZamjenskiObjekat","DisplayName":"TestZamjenskiObjekat","ExecutorUri":"executor://MSTestAdapter/v2","Source":"C:\\Users\\EK\\Desktop\\VerifikacijaIValidacijaSoftvera-Vjezbe\\Filmoteka\\Unit Testovi\\bin\\Debug\\fine-code-coverage\\Unit Testovi.dll","CodeFilePath":null,"LineNumber":-1,"Properties":[{"Key":{"Id":"MSTestDiscoverer.TestClassName","Label":"ClassName","Category":"","Description":"","Attributes":1,"ValueType":"System.String"},"Value":"Unit_Testovi.NoviTestovi"},{"Key":{"Id":"TestObject.Traits","Label":"Traits","Category":"","Description":"","Attributes":5,"ValueType":"System.Collections.Generic.KeyValuePair`2[[System.String],[System.String]][]"},"Value":[]}]},"Attachments":[],"Outcome":2,"ErrorMessage":"Test method Unit_Testovi.NoviTestovi.TestZamjenskiObjekat threw exception: \r\nSystem.NotImplementedException: The method or operation is not implemented.","ErrorStackTrace":"    at Filmoteka.Reziser.DaLiJeReziraoFilm(Film f) in C:\\Users\\EK\\Desktop\\VerifikacijaIValidacijaSoftvera-Vjezbe\\Filmoteka\\Filmoteka\\Reziser.cs:line 15\r\n   at Filmoteka.Filmoteka.DajSveFilmoveZaRezisera(IReziser reziser) in C:\\Users\\EK\\Desktop\\VerifikacijaIValidacijaSoftvera-Vjezbe\\Filmoteka\\Filmoteka\\Filmoteka.cs:line 97\r\n   at Unit_Testovi.NoviTestovi.TestZamjenskiObjekat() in C:\\Users\\EK\\Desktop\\VerifikacijaIValidacijaSoftvera-Vjezbe\\Filmoteka\\Unit Testovi\\NoviTestovi.cs:line 23\r\n","DisplayName":null,"Messages":[],"ComputerName":null,"Duration":"00:00:00.0254293","StartTime":"2020-11-30T18:56:32.8241918+01:00","EndTime":"2020-11-30T18:56:32.8756024+01:00","Properties":[{"Key":{"Id":"ExecutionId","Label":"ExecutionId","Category":"","Description":"","Attributes":1,"ValueType":"System.Guid"},"Value":"00000000-0000-0000-0000-000000000000"},{"Key":{"Id":"ParentExecId","Label":"ParentExecId","Category":"","Description":"","Attributes":1,"ValueType":"System.Guid"},"Value":"00000000-0000-0000-0000-000000000000"},{"Key":{"Id":"InnerResultsCount","Label":"InnerResultsCount","Category":"","Description":"","Attributes":1,"ValueType":"System.Int32"},"Value":0}]},{"TestCase":{"Id":"307a9543-71bf-45b1-736e-e86a33581b25","FullyQualifiedName":"Unit_Testovi.NoviTestovi.TestDodajNastavakIstiGlumci","DisplayName":"TestDodajNastavakIstiGlumci","ExecutorUri":"executor://MSTestAdapter/v2","Source":"C:\\Users\\EK\\Desktop\\VerifikacijaIValidacijaSoftvera-Vjezbe\\Filmoteka\\Unit Testovi\\bin\\Debug\\fine-code-coverage\\Unit Testovi.dll","CodeFilePath":null,"LineNumber":-1,"Properties":[{"Key":{"Id":"MSTestDiscoverer.TestClassName","Label":"ClassName","Category":"","Description":"","Attributes":1,"ValueType":"System.String"},"Value":"Unit_Testovi.NoviTestovi"},{"Key":{"Id":"TestObject.Traits","Label":"Traits","Category":"","Description":"","Attributes":5,"ValueType":"System.Collections.Generic.KeyValuePair`2[[System.String],[System.String]][]"},"Value":[]}]},"Attachments":[],"Outcome":2,"ErrorMessage":"Test method Unit_Testovi.NoviTestovi.TestDodajNastavakIstiGlumci threw exception: \r\nSystem.NotImplementedException: The method or operation is not implemented.","ErrorStackTrace":"    at Filmoteka.Filmoteka.DodajNastavak(Film film, Double rating, Boolean istiGlumci, List`1 noviGlumci) in C:\\Users\\EK\\Desktop\\VerifikacijaIValidacijaSoftvera-Vjezbe\\Filmoteka\\Filmoteka\\Filmoteka.cs:line 127\r\n   at Unit_Testovi.NoviTestovi.TestDodajNastavakIstiGlumci() in C:\\Users\\EK\\Desktop\\VerifikacijaIValidacijaSoftvera-Vjezbe\\Filmoteka\\Unit Testovi\\NoviTestovi.cs:line 40\r\n","DisplayName":null,"Messages":[],"ComputerName":null,"Duration":"00:00:00.0011443","StartTime":"2020-11-30T18:56:32.8978687+01:00","EndTime":"2020-11-30T18:56:32.8992051+01:00","Properties":[{"Key":{"Id":"ExecutionId","Label":"ExecutionId","Category":"","Description":"","Attributes":1,"ValueType":"System.Guid"},"Value":"00000000-0000-0000-0000-000000000000"},{"Key":{"Id":"ParentExecId","Label":"ParentExecId","Category":"","Description":"","Attributes":1,"ValueType":"System.Guid"},"Value":"00000000-0000-0000-0000-000000000000"},{"Key":{"Id":"InnerResultsCount","Label":"InnerResultsCount","Category":"","Description":"","Attributes":1,"ValueType":"System.Int32"},"Value":0}]},{"TestCase":{"Id":"ccc8a4b1-0bba-0d1f-634a-2a0e08c0293a","FullyQualifiedName":"Unit_Testovi.NoviTestovi.TestDodajNastavakRazlicitiGlumci","DisplayName":"TestDodajNastavakRazlicitiGlumci","ExecutorUri":"executor://MSTestAdapter/v2","Source":"C:\\Users\\EK\\Desktop\\VerifikacijaIValidacijaSoftvera-Vjezbe\\Filmoteka\\Unit Testovi\\bin\\Debug\\fine-code-coverage\\Unit Testovi.dll","CodeFilePath":null,"LineNumber":-1,"Properties":[{"Key":{"Id":"MSTestDiscoverer.TestClassName","Label":"ClassName","Category":"","Description":"","Attributes":1,"ValueType":"System.String"},"Value":"Unit_Testovi.NoviTestovi"},{"Key":{"Id":"TestObject.Traits","Label":"Traits","Category":"","Description":"","Attributes":5,"ValueType":"System.Collections.Generic.KeyValuePair`2[[System.String],[System.String]][]"},"Value":[]}]},"Attachments":[],"Outcome":2,"ErrorMessage":"Test method Unit_Testovi.NoviTestovi.TestDodajNastavakRazlicitiGlumci threw exception: \r\nSystem.NotImplementedException: The method or operation is not implemented.","ErrorStackTrace":"    at Filmoteka.Filmoteka.DodajNastavak(Film film, Double rating, Boolean istiGlumci, List`1 noviGlumci) in C:\\Users\\EK\\Desktop\\VerifikacijaIValidacijaSoftvera-Vjezbe\\Filmoteka\\Filmoteka\\Filmoteka.cs:line 127\r\n   at Unit_Testovi.NoviTestovi.TestDodajNastavakRazlicitiGlumci() in C:\\Users\\EK\\Desktop\\VerifikacijaIValidacijaSoftvera-Vjezbe\\Filmoteka\\Unit Testovi\\NoviTestovi.cs:line 53\r\n","DisplayName":null,"Messages":[],"ComputerName":null,"Duration":"00:00:00.0006936","StartTime":"2020-11-30T18:56:32.9042622+01:00","EndTime":"2020-11-30T18:56:32.9050755+01:00","Properties":[{"Key":{"Id":"ExecutionId","Label":"ExecutionId","Category":"","Description":"","Attributes":1,"ValueType":"System.Guid"},"Value":"00000000-0000-0000-0000-000000000000"},{"Key":{"Id":"ParentExecId","Label":"ParentExecId","Category":"","Description":"","Attributes":1,"ValueType":"System.Guid"},"Value":"00000000-0000-0000-0000-000000000000"},{"Key":{"Id":"InnerResultsCount","Label":"InnerResultsCount","Category":"","Description":"","Attributes":1,"ValueType":"System.Int32"},"Value":0}]},{"TestCase":{"Id":"83c1ddde-4e31-66fc-a376-4096e8037e77","FullyQualifiedName":"Unit_Testovi.NoviTestovi.TestDodajNastavakIzuzetak","DisplayName":"TestDodajNastavakIzuzetak","ExecutorUri":"executor://MSTestAdapter/v2","Source":"C:\\Users\\EK\\Desktop\\VerifikacijaIValidacijaSoftvera-Vjezbe\\Filmoteka\\Unit Testovi\\bin\\Debug\\fine-code-coverage\\Unit Testovi.dll","CodeFilePath":null,"LineNumber":-1,"Properties":[{"Key":{"Id":"MSTestDiscoverer.TestClassName","Label":"ClassName","Category":"","Description":"","Attributes":1,"ValueType":"System.String"},"Value":"Unit_Testovi.NoviTestovi"},{"Key":{"Id":"TestObject.Traits","Label":"Traits","Category":"","Description":"","Attributes":5,"ValueType":"System.Collections.Generic.KeyValuePair`2[[System.String],[System.String]][]"},"Value":[]}]},"Attachments":[],"Outcome":2,"ErrorMessage":"Test method threw exception System.NotImplementedException, but exception System.ArgumentNullException was expected. Exception message: System.NotImplementedException: The method or operation is not implemented.","ErrorStackTrace":"   at Filmoteka.Filmoteka.DodajNastavak(Film film, Double rating, Boolean istiGlumci, List`1 noviGlumci) in C:\\Users\\EK\\Desktop\\VerifikacijaIValidacijaSoftvera-Vjezbe\\Filmoteka\\Filmoteka\\Filmoteka.cs:line 127\r\n   at Unit_Testovi.NoviTestovi.TestDodajNastavakIzuzetak() in C:\\Users\\EK\\Desktop\\VerifikacijaIValidacijaSoftvera-Vjezbe\\Filmoteka\\Unit Testovi\\NoviTestovi.cs:line 66\r\n","DisplayName":null,"Messages":[],"ComputerName":null,"Duration":"00:00:00.0020775","StartTime":"2020-11-30T18:56:32.907177+01:00","EndTime":"2020-11-30T18:56:32.9094232+01:00","Properties":[{"Key":{"Id":"ExecutionId","Label":"ExecutionId","Category":"","Description":"","Attributes":1,"ValueType":"System.Guid"},"Value":"00000000-0000-0000-0000-000000000000"},{"Key":{"Id":"ParentExecId","Label":"ParentExecId","Category":"","Description":"","Attributes":1,"ValueType":"System.Guid"},"Value":"00000000-0000-0000-0000-000000000000"},{"Key":{"Id":"InnerResultsCount","Label":"InnerResultsCount","Category":"","Description":"","Attributes":1,"ValueType":"System.Int32"},"Value":0}]},{"TestCase":{"Id":"729a6b5e-7234-caa5-77a0-368e88dfe702","FullyQualifiedName":"Unit_Testovi.NoviTestovi.TestDajSveFilmoveSGLumcima","DisplayName":"TestDajSveFilmoveSGLumcima","ExecutorUri":"executor://MSTestAdapter/v2","Source":"C:\\Users\\EK\\Desktop\\VerifikacijaIValidacijaSoftvera-Vjezbe\\Filmoteka\\Unit Testovi\\bin\\Debug\\fine-code-coverage\\Unit Testovi.dll","CodeFilePath":null,"LineNumber":-1,"Properties":[{"Key":{"Id":"MSTestDiscoverer.TestClassName","Label":"ClassName","Category":"","Description":"","Attributes":1,"ValueType":"System.String"},"Value":"Unit_Testovi.NoviTestovi"},{"Key":{"Id":"TestObject.Traits","Label":"Traits","Category":"","Description":"","Attributes":5,"ValueType":"System.Collections.Generic.KeyValuePair`2[[System.String],[System.String]][]"},"Value":[]}]},"Attachments":[],"Outcome":2,"ErrorMessage":"Assert.AreEqual failed. Expected:<3>. Actual:<0>. ","ErrorStackTrace":"   at Unit_Testovi.NoviTestovi.TestDajSveFilmoveSGLumcima() in C:\\Users\\EK\\Desktop\\VerifikacijaIValidacijaSoftvera-Vjezbe\\Filmoteka\\Unit Testovi\\NoviTestovi.cs:line 80\r\n","DisplayName":null,"Messages":[],"ComputerName":null,"Duration":"00:00:00.0022128","StartTime":"2020-11-30T18:56:32.9117211+01:00","EndTime":"2020-11-30T18:56:32.9142048+01:00","Properties":[{"Key":{"Id":"ExecutionId","Label":"ExecutionId","Category":"","Description":"","Attributes":1,"ValueType":"System.Guid"},"Value":"00000000-0000-0000-0000-000000000000"},{"Key":{"Id":"ParentExecId","Label":"ParentExecId","Category":"","Description":"","Attributes":1,"ValueType":"System.Guid"},"Value":"00000000-0000-0000-0000-000000000000"},{"Key":{"Id":"InnerResultsCount","Label":"InnerResultsCount","Category":"","Description":"","Attributes":1,"ValueType":"System.Int32"},"Value":0}]},{"TestCase":{"Id":"ff1b4d14-945d-8df7-b04f-61053947ac65","FullyQualifiedName":"Unit_Testovi.NoviTestovi.TestDajSrednjuOcjenuSvihFilmova","DisplayName":"TestDajSrednjuOcjenuSvihFilmova","ExecutorUri":"executor://MSTestAdapter/v2","Source":"C:\\Users\\EK\\Desktop\\VerifikacijaIValidacijaSoftvera-Vjezbe\\Filmoteka\\Unit Testovi\\bin\\Debug\\fine-code-coverage\\Unit Testovi.dll","CodeFilePath":null,"LineNumber":-1,"Properties":[{"Key":{"Id":"MSTestDiscoverer.TestClassName","Label":"ClassName","Category":"","Description":"","Attributes":1,"ValueType":"System.String"},"Value":"Unit_Testovi.NoviTestovi"},{"Key":{"Id":"TestObject.Traits","Label":"Traits","Category":"","Description":"","Attributes":5,"ValueType":"System.Collections.Generic.KeyValuePair`2[[System.String],[System.String]][]"},"Value":[]}]},"Attachments":[],"Outcome":1,"ErrorMessage":null,"ErrorStackTrace":null,"DisplayName":null,"Messages":[],"ComputerName":null,"Duration":"00:00:00.0011427","StartTime":"2020-11-30T18:56:32.9160192+01:00","EndTime":"2020-11-30T18:56:32.9172614+01:00","Properties":[{"Key":{"Id":"ExecutionId","Label":"ExecutionId","Category":"","Description":"","Attributes":1,"ValueType":"System.Guid"},"Value":"00000000-0000-0000-0000-000000000000"},{"Key":{"Id":"ParentExecId","Label":"ParentExecId","Category":"","Description":"","Attributes":1,"ValueType":"System.Guid"},"Value":"00000000-0000-0000-0000-000000000000"},{"Key":{"Id":"InnerResultsCount","Label":"InnerResultsCount","Category":"","Description":"","Attributes":1,"ValueType":"System.Int32"},"Value":0}]},{"TestCase":{"Id":"5ce7f736-72c3-ced1-6d90-e30c94cad1f2","FullyQualifiedName":"Unit_Testovi.NoviTestovi.TestDajSrednjuOcjenuSvihFilmovaPrazan","DisplayName":"TestDajSrednjuOcjenuSvihFilmovaPrazan","ExecutorUri":"executor://MSTestAdapter/v2","Source":"C:\\Users\\EK\\Desktop\\VerifikacijaIValidacijaSoftvera-Vjezbe\\Filmoteka\\Unit Testovi\\bin\\Debug\\fine-code-coverage\\Unit Testovi.dll","CodeFilePath":null,"LineNumber":-1,"Properties":[{"Key":{"Id":"MSTestDiscoverer.TestClassName","Label":"ClassName","Category":"","Description":"","Attributes":1,"ValueType":"System.String"},"Value":"Unit_Testovi.NoviTestovi"},{"Key":{"Id":"TestObject.Traits","Label":"Traits","Category":"","Description":"","Attributes":5,"ValueType":"System.Collections.Generic.KeyValuePair`2[[System.String],[System.String]][]"},"Value":[]}]},"Attachments":[],"Outcome":1,"ErrorMessage":null,"ErrorStackTrace":null,"DisplayName":null,"Messages":[],"ComputerName":null,"Duration":"00:00:00.0003723","StartTime":"2020-11-30T18:56:32.9190394+01:00","EndTime":"2020-11-30T18:56:32.9195472+01:00","Properties":[{"Key":{"Id":"ExecutionId","Label":"ExecutionId","Category":"","Description":"","Attributes":1,"ValueType":"System.Guid"},"Value":"00000000-0000-0000-0000-000000000000"},{"Key":{"Id":"ParentExecId","Label":"ParentExecId","Category":"","Description":"","Attributes":1,"ValueType":"System.Guid"},"Value":"00000000-0000-0000-0000-000000000000"},{"Key":{"Id":"InnerResultsCount","Label":"InnerResultsCount","Category":"","Description":"","Attributes":1,"ValueType":"System.Int32"},"Value":0}]}],"TestRunStatistics":{"ExecutedTests":7,"Stats":{"Failed":5,"Passed":2}},"ActiveTests":[]},"RunAttachments":[],"ExecutorUris":["executor://mstestadapter/v2"]}}
TpTrace Verbose: 0 : 5736, 4, 2020/11/30, 18:56:32.956, 1962202038525, testhost.dll, BaseRunTests.RunTests: Run is complete.
TpTrace Verbose: 0 : 5736, 8, 2020/11/30, 18:56:32.957, 1962202049151, testhost.dll, TcpClientExtensions.MessageLoopAsync: NotifyDataAvailable remoteEndPoint: [::ffff:127.0.0.1]:63559 localEndPoint: [::ffff:127.0.0.1]:63560
TpTrace Information: 0 : 5736, 8, 2020/11/30, 18:56:32.958, 1962202049993, testhost.dll, TestRequestHandler.ProcessRequests: received message: (TestSession.Terminate) -> null
TpTrace Information: 0 : 5736, 8, 2020/11/30, 18:56:32.958, 1962202050285, testhost.dll, Session End message received from server. Closing the connection.
TpTrace Information: 0 : 5736, 8, 2020/11/30, 18:56:32.958, 1962202053680, testhost.dll, SocketClient.Stop: Stop communication from server endpoint: 127.0.0.1:063559
TpTrace Information: 0 : 5736, 8, 2020/11/30, 18:56:32.958, 1962202054052, testhost.dll, SocketClient: Stop: Cancellation requested. Stopping message loop.
TpTrace Verbose: 0 : 5736, 8, 2020/11/30, 18:56:32.958, 1962202056225, testhost.dll, LengthPrefixCommunicationChannel.Dispose: Dispose reader and writer.
TpTrace Information: 0 : 5736, 8, 2020/11/30, 18:56:32.958, 1962202056622, testhost.dll, Closing the connection !
TpTrace Information: 0 : 5736, 8, 2020/11/30, 18:56:32.958, 1962202058507, testhost.dll, SocketClient.PrivateStop: Stop communication from server endpoint: 127.0.0.1:063559, error:
TpTrace Verbose: 0 : 5736, 8, 2020/11/30, 18:56:32.959, 1962202060302, testhost.dll, LengthPrefixCommunicationChannel.Dispose: Dispose reader and writer.
TpTrace Information: 0 : 5736, 1, 2020/11/30, 18:56:32.959, 1962202060398, testhost.dll, Closing the connection !
TpTrace Verbose: 0 : 5736, 8, 2020/11/30, 18:56:32.959, 1962202060776, testhost.dll, TcpClientExtensions.MessageLoopAsync: exiting MessageLoopAsync remoteEndPoint: [::ffff:127.0.0.1]:63559 localEndPoint: [::ffff:127.0.0.1]:63560
TpTrace Information: 0 : 5736, 1, 2020/11/30, 18:56:32.959, 1962202061106, testhost.dll, SocketClient.Stop: Stop communication from server endpoint: 127.0.0.1:063559
TpTrace Verbose: 0 : 5736, 1, 2020/11/30, 18:56:32.959, 1962202061676, testhost.dll, LengthPrefixCommunicationChannel.Dispose: Dispose reader and writer.
TpTrace Information: 0 : 5736, 1, 2020/11/30, 18:56:32.959, 1962202062811, testhost.dll, Testhost process exiting.
