TpTrace Information: 0 : 12296, 1, 2020/12/02, 02:13:25.023, 817951569425, testhost.dll, DefaultEngineInvoker.Invoke: Testhost process started with args :[--port, 55267],[--endpoint, 127.0.0.1:055267],[--role, client],[--parentprocessid, 15620],[--diag, C:\Users\Emir\source\repos\VVS-ZADACA2\Filmoteka\Unit Testovi\bin\Debug\fine-code-coverage\_outputfolder\diagnostics.host.20-12-02_02-13-24_82700_6.log],[--tracelevel, 4],[--datacollectionport, 55266],[--telemetryoptedin, false]
TpTrace Information: 0 : 12296, 1, 2020/12/02, 02:13:25.031, 817951581061, testhost.dll, DefaultEngineInvoker.SetParentProcessExitCallback: Monitoring parent process with id: '15620'
TpTrace Information: 0 : 12296, 1, 2020/12/02, 02:13:25.038, 817951604748, testhost.dll, DefaultEngineInvoker.GetConnectionInfo: Initialize communication on endpoint address: '127.0.0.1:055267'
TpTrace Information: 0 : 12296, 1, 2020/12/02, 02:13:25.054, 817951651883, testhost.dll, SocketClient.Start: connecting to server endpoint: 127.0.0.1:055267
TpTrace Information: 0 : 12296, 1, 2020/12/02, 02:13:25.060, 817951671687, testhost.dll, DefaultEngineInvoker.ConnectToDatacollector: Connecting to datacollector, port: 55266
TpTrace Information: 0 : 12296, 6, 2020/12/02, 02:13:25.063, 817951679930, testhost.dll, SocketClient.OnServerConnected: connected to server endpoint: 127.0.0.1:055267
TpTrace Information: 0 : 12296, 1, 2020/12/02, 02:13:25.065, 817951686999, testhost.dll, Trying to connect to server on socket : 127.0.0.1:55266 
TpTrace Verbose: 0 : 12296, 6, 2020/12/02, 02:13:25.066, 817951687852, testhost.dll, Connected to server, and starting MessageLoopAsync
TpTrace Verbose: 0 : 12296, 1, 2020/12/02, 02:13:25.066, 817951688684, testhost.dll, SocketCommunicationManager : SetupClientAsync : Attempting to connect to the server.
TpTrace Information: 0 : 12296, 10, 2020/12/02, 02:13:25.068, 817951695424, testhost.dll, Connected to the server successfully 
TpTrace Information: 0 : 12296, 10, 2020/12/02, 02:13:25.068, 817951695614, testhost.dll, Using the buffer size of 16384 bytes
TpTrace Information: 0 : 12296, 1, 2020/12/02, 02:13:25.069, 817951697492, testhost.dll, DefaultEngineInvoker.Invoke: Start Request Processing.
TpTrace Verbose: 0 : 12296, 9, 2020/12/02, 02:13:25.070, 817951699901, testhost.dll, TcpClientExtensions.MessageLoopAsync: Polling on remoteEndPoint: [::ffff:127.0.0.1]:55267 localEndPoint: [::ffff:127.0.0.1]:55268
TpTrace Information: 0 : 12296, 11, 2020/12/02, 02:13:25.070, 817951700169, testhost.dll, DefaultEngineInvoker.StartProcessingAsync: Connected to vstest.console, Starting process requests.
TpTrace Verbose: 0 : 12296, 9, 2020/12/02, 02:13:25.070, 817951701062, testhost.dll, TcpClientExtensions.MessageLoopAsync: NotifyDataAvailable remoteEndPoint: [::ffff:127.0.0.1]:55267 localEndPoint: [::ffff:127.0.0.1]:55268
TpTrace Information: 0 : 12296, 9, 2020/12/02, 02:13:25.250, 817952249217, testhost.dll, TestRequestHandler.ProcessRequests: received message: (ProtocolVersion) -> 3
TpTrace Verbose: 0 : 12296, 9, 2020/12/02, 02:13:25.294, 817952382211, testhost.dll, TestRequestHandler.SendData:  sending data from testhost: {"Version":2,"MessageType":"TestSession.Message","Payload":{"MessageLevel":0,"Message":"Logging TestHost Diagnostics in file: C:\\Users\\Emir\\source\\repos\\VVS-ZADACA2\\Filmoteka\\Unit Testovi\\bin\\Debug\\fine-code-coverage\\_outputfolder\\diagnostics.host.20-12-02_02-13-24_82700_6.log"}}
TpTrace Verbose: 0 : 12296, 9, 2020/12/02, 02:13:25.294, 817952382735, testhost.dll, TcpClientExtensions.MessageLoopAsync: Polling on remoteEndPoint: [::ffff:127.0.0.1]:55267 localEndPoint: [::ffff:127.0.0.1]:55268
TpTrace Verbose: 0 : 12296, 9, 2020/12/02, 02:13:25.294, 817952382960, testhost.dll, TcpClientExtensions.MessageLoopAsync: NotifyDataAvailable remoteEndPoint: [::ffff:127.0.0.1]:55267 localEndPoint: [::ffff:127.0.0.1]:55268
TpTrace Information: 0 : 12296, 9, 2020/12/02, 02:13:25.300, 817952399941, testhost.dll, TestRequestHandler.ProcessRequests: received message: (TestExecution.Initialize) -> [
  "C:\\Users\\Emir\\source\\repos\\VVS-ZADACA2\\Filmoteka\\Unit Testovi\\bin\\Debug\\fine-code-coverage\\Microsoft.VisualStudio.TestPlatform.MSTest.TestAdapter.dll"
]
TpTrace Information: 0 : 12296, 9, 2020/12/02, 02:13:25.300, 817952400578, testhost.dll, Execution Session Initialize.
TpTrace Verbose: 0 : 12296, 9, 2020/12/02, 02:13:25.311, 817952432883, testhost.dll, TcpClientExtensions.MessageLoopAsync: Polling on remoteEndPoint: [::ffff:127.0.0.1]:55267 localEndPoint: [::ffff:127.0.0.1]:55268
TpTrace Verbose: 0 : 12296, 9, 2020/12/02, 02:13:25.311, 817952433230, testhost.dll, TcpClientExtensions.MessageLoopAsync: NotifyDataAvailable remoteEndPoint: [::ffff:127.0.0.1]:55267 localEndPoint: [::ffff:127.0.0.1]:55268
TpTrace Verbose: 0 : 12296, 4, 2020/12/02, 02:13:25.314, 817952443443, testhost.dll, TestExecutorService: Loading the extensions
TpTrace Information: 0 : 12296, 9, 2020/12/02, 02:13:25.315, 817952446482, testhost.dll, TestRequestHandler.ProcessRequests: received message: (TestExecution.StartWithSources) -> {
  "AdapterSourceMap": {
    "_none_": [
      "C:\\Users\\Emir\\source\\repos\\VVS-ZADACA2\\Filmoteka\\Unit Testovi\\bin\\Debug\\fine-code-coverage\\Unit Testovi.dll"
    ]
  },
  "RunSettings": "<RunSettings>\r\n  <RunConfiguration>\r\n    <ResultsDirectory>C:\\Users\\Emir\\source\\repos\\VVS-ZADACA2\\Filmoteka\\Unit Testovi\\bin\\Debug\\fine-code-coverage\\_outputfolder</ResultsDirectory>\r\n    <TargetPlatform>X64</TargetPlatform>\r\n    <TargetFrameworkVersion>.NETCoreApp,Version=v3.1</TargetFrameworkVersion>\r\n    <DesignMode>False</DesignMode>\r\n    <CollectSourceInformation>False</CollectSourceInformation>\r\n  </RunConfiguration>\r\n  <LoggerRunSettings>\r\n    <Loggers>\r\n      <Logger friendlyName=\"blame\" enabled=\"True\" />\r\n      <Logger friendlyName=\"Console\" uri=\"logger://microsoft/TestPlatform/ConsoleLogger/v1\" assemblyQualifiedName=\"Microsoft.VisualStudio.TestPlatform.CommandLine.Internal.ConsoleLogger, vstest.console, Version=15.0.0.0, Culture=neutral, PublicKeyToken=b03f5f7f11d50a3a\" codeBase=\"C:\\Program Files\\dotnet\\sdk\\3.1.403\\vstest.console.dll\" enabled=\"True\" />\r\n    </Loggers>\r\n  </LoggerRunSettings>\r\n  <DataCollectionRunSettings>\r\n    <DataCollectors>\r\n      <DataCollector friendlyName=\"blame\" enabled=\"True\">\r\n        <Configuration>\r\n          <ResultsDirectory>C:\\Users\\Emir\\source\\repos\\VVS-ZADACA2\\Filmoteka\\Unit Testovi\\bin\\Debug\\fine-code-coverage\\_outputfolder</ResultsDirectory>\r\n        </Configuration>\r\n      </DataCollector>\r\n    </DataCollectors>\r\n  </DataCollectionRunSettings>\r\n</RunSettings>",
  "TestExecutionContext": {
    "FrequencyOfRunStatsChangeEvent": 10,
    "RunStatsChangeEventTimeout": "00:00:01.5000000",
    "InIsolation": false,
    "KeepAlive": false,
    "AreTestCaseLevelEventsRequired": false,
    "IsDebug": false,
    "TestCaseFilter": null,
    "FilterOptions": null
  },
  "Package": null
}
TpTrace Information: 0 : 12296, 9, 2020/12/02, 02:13:25.315, 817952446910, testhost.dll, Execution started.
TpTrace Verbose: 0 : 12296, 4, 2020/12/02, 02:13:25.317, 817952450637, testhost.dll, TestPluginCache.DiscoverTestExtensions: finding test extensions in assemblies endswith: TestAdapter.dll TPluginInfo: Microsoft.VisualStudio.TestPlatform.Common.ExtensionFramework.Utilities.TestExecutorPluginInformation TExtension: Microsoft.VisualStudio.TestPlatform.ObjectModel.Adapter.ITestExecutor
TpTrace Verbose: 0 : 12296, 4, 2020/12/02, 02:13:25.318, 817952455185, testhost.dll, TestPluginCache.GetExtensionPaths: Filtered extension paths: 
TpTrace Verbose: 0 : 12296, 4, 2020/12/02, 02:13:25.319, 817952456761, testhost.dll, TestPluginCache.GetExtensionPaths: Added default extension paths: C:\Users\Emir\source\repos\VVS-ZADACA2\Filmoteka\Unit Testovi\bin\Debug\fine-code-coverage\Microsoft.VisualStudio.TestPlatform.MSTest.TestAdapter.dll
TpTrace Verbose: 0 : 12296, 4, 2020/12/02, 02:13:25.319, 817952456916, testhost.dll, TestPluginCache.GetExtensionPaths: Added unfilterableExtensionPaths: 
TpTrace Information: 0 : 12296, 4, 2020/12/02, 02:13:25.322, 817952466854, testhost.dll, AssemblyResolver.ctor: Creating AssemblyResolver with searchDirectories C:\Users\Emir\source\repos\VVS-ZADACA2\Filmoteka\Unit Testovi\bin\Debug\fine-code-coverage
TpTrace Verbose: 0 : 12296, 4, 2020/12/02, 02:13:25.324, 817952473534, testhost.dll, TestPluginCache.DiscoverTestExtensions: Discovering the extensions using extension path.
TpTrace Verbose: 0 : 12296, 4, 2020/12/02, 02:13:25.324, 817952473887, testhost.dll, TestPluginCache.GetExtensionPaths: Filtered extension paths: 
TpTrace Verbose: 0 : 12296, 4, 2020/12/02, 02:13:25.324, 817952474013, testhost.dll, TestPluginCache.GetExtensionPaths: Added default extension paths: C:\Users\Emir\source\repos\VVS-ZADACA2\Filmoteka\Unit Testovi\bin\Debug\fine-code-coverage\Microsoft.VisualStudio.TestPlatform.MSTest.TestAdapter.dll
TpTrace Verbose: 0 : 12296, 4, 2020/12/02, 02:13:25.324, 817952474170, testhost.dll, TestPluginCache.GetExtensionPaths: Added unfilterableExtensionPaths: 
TpTrace Verbose: 0 : 12296, 4, 2020/12/02, 02:13:25.324, 817952474402, testhost.dll, TestPluginCache.DiscoverTestExtensions: Discovering the extensions using allExtensionPaths: C:\Users\Emir\source\repos\VVS-ZADACA2\Filmoteka\Unit Testovi\bin\Debug\fine-code-coverage\Microsoft.VisualStudio.TestPlatform.MSTest.TestAdapter.dll
TpTrace Information: 0 : 12296, 4, 2020/12/02, 02:13:25.326, 817952478059, testhost.dll, AssemblyResolver.AddSearchDirectories: Adding more searchDirectories C:\Users\Emir\source\repos\VVS-ZADACA2\Filmoteka\Unit Testovi\bin\Debug\fine-code-coverage
TpTrace Information: 0 : 12296, 4, 2020/12/02, 02:13:25.332, 817952498347, testhost.dll, AssemblyResolver.OnResolve: Microsoft.VisualStudio.TestPlatform.MSTest.TestAdapter: Resolving assembly.
TpTrace Information: 0 : 12296, 4, 2020/12/02, 02:13:25.334, 817952504493, testhost.dll, AssemblyResolver.OnResolve: Resolved assembly: Microsoft.VisualStudio.TestPlatform.MSTest.TestAdapter, from path: C:\Users\Emir\source\repos\VVS-ZADACA2\Filmoteka\Unit Testovi\bin\Debug\fine-code-coverage\Microsoft.VisualStudio.TestPlatform.MSTest.TestAdapter.dll
TpTrace Information: 0 : 12296, 4, 2020/12/02, 02:13:25.337, 817952512175, testhost.dll, AssemblyResolver.OnResolve: Microsoft.VisualStudio.TestPlatform.MSTestAdapter.PlatformServices.Interface: Resolving assembly.
TpTrace Information: 0 : 12296, 4, 2020/12/02, 02:13:25.337, 817952513966, testhost.dll, AssemblyResolver.OnResolve: Resolved assembly: Microsoft.VisualStudio.TestPlatform.MSTestAdapter.PlatformServices.Interface, from path: C:\Users\Emir\source\repos\VVS-ZADACA2\Filmoteka\Unit Testovi\bin\Debug\fine-code-coverage\Microsoft.VisualStudio.TestPlatform.MSTestAdapter.PlatformServices.Interface.dll
TpTrace Information: 0 : 12296, 4, 2020/12/02, 02:13:25.338, 817952514999, testhost.dll, AssemblyResolver.OnResolve: Microsoft.VisualStudio.TestPlatform.MSTestAdapter.PlatformServices: Resolving assembly.
TpTrace Information: 0 : 12296, 4, 2020/12/02, 02:13:25.338, 817952516610, testhost.dll, AssemblyResolver.OnResolve: Resolved assembly: Microsoft.VisualStudio.TestPlatform.MSTestAdapter.PlatformServices, from path: C:\Users\Emir\source\repos\VVS-ZADACA2\Filmoteka\Unit Testovi\bin\Debug\fine-code-coverage\Microsoft.VisualStudio.TestPlatform.MSTestAdapter.PlatformServices.dll
TpTrace Verbose: 0 : 12296, 4, 2020/12/02, 02:13:25.346, 817952539706, testhost.dll, TestPluginCache: Discovered the extensions using extension path ''.
TpTrace Verbose: 0 : 12296, 4, 2020/12/02, 02:13:25.347, 817952541896, testhost.dll, TestPluginCache: Discoverers are ''.
TpTrace Verbose: 0 : 12296, 4, 2020/12/02, 02:13:25.347, 817952542149, testhost.dll, TestPluginCache: Executors are 'executor://MSTestAdapter/v2'.
TpTrace Verbose: 0 : 12296, 4, 2020/12/02, 02:13:25.347, 817952542410, testhost.dll, TestPluginCache: Setting providers are ''.
TpTrace Verbose: 0 : 12296, 4, 2020/12/02, 02:13:25.347, 817952542664, testhost.dll, TestPluginCache: Loggers are ''.
TpTrace Verbose: 0 : 12296, 9, 2020/12/02, 02:13:25.355, 817952566064, testhost.dll, TcpClientExtensions.MessageLoopAsync: Polling on remoteEndPoint: [::ffff:127.0.0.1]:55267 localEndPoint: [::ffff:127.0.0.1]:55268
TpTrace Information: 0 : 12296, 4, 2020/12/02, 02:13:25.355, 817952568887, testhost.dll, TestPluginManager.CreateTestExtension: Attempting to load test extension: Microsoft.VisualStudio.TestPlatform.MSTest.TestAdapter.MSTestExecutor
TpTrace Verbose: 0 : 12296, 4, 2020/12/02, 02:13:25.361, 817952586125, testhost.dll, TestExecutorExtensionManager: Loading executor Microsoft.VisualStudio.TestPlatform.MSTest.TestAdapter.MSTestExecutor
TpTrace Verbose: 0 : 12296, 4, 2020/12/02, 02:13:25.361, 817952586322, testhost.dll, TestExecutorService: Loaded the executors
TpTrace Verbose: 0 : 12296, 4, 2020/12/02, 02:13:25.362, 817952589879, testhost.dll, TestPluginCache.DiscoverTestExtensions: finding test extensions in assemblies endswith: TestAdapter.dll TPluginInfo: Microsoft.VisualStudio.TestPlatform.Common.ExtensionFramework.Utilities.TestSettingsProviderPluginInformation TExtension: Microsoft.VisualStudio.TestPlatform.ObjectModel.Adapter.ISettingsProvider
TpTrace Verbose: 0 : 12296, 4, 2020/12/02, 02:13:25.363, 817952591199, testhost.dll, TestPluginCache.GetExtensionPaths: Filtered extension paths: 
TpTrace Verbose: 0 : 12296, 4, 2020/12/02, 02:13:25.363, 817952591391, testhost.dll, TestPluginCache.GetExtensionPaths: Added default extension paths: C:\Users\Emir\source\repos\VVS-ZADACA2\Filmoteka\Unit Testovi\bin\Debug\fine-code-coverage\Microsoft.VisualStudio.TestPlatform.MSTest.TestAdapter.dll
TpTrace Verbose: 0 : 12296, 4, 2020/12/02, 02:13:25.363, 817952591580, testhost.dll, TestPluginCache.GetExtensionPaths: Added unfilterableExtensionPaths: 
TpTrace Information: 0 : 12296, 4, 2020/12/02, 02:13:25.363, 817952592251, testhost.dll, AssemblyResolver.AddSearchDirectories: Adding more searchDirectories C:\Users\Emir\source\repos\VVS-ZADACA2\Filmoteka\Unit Testovi\bin\Debug\fine-code-coverage
TpTrace Verbose: 0 : 12296, 4, 2020/12/02, 02:13:25.363, 817952592423, testhost.dll, TestPluginCache.DiscoverTestExtensions: Discovering the extensions using extension path.
TpTrace Verbose: 0 : 12296, 4, 2020/12/02, 02:13:25.363, 817952592542, testhost.dll, TestPluginCache.GetExtensionPaths: Filtered extension paths: 
TpTrace Verbose: 0 : 12296, 4, 2020/12/02, 02:13:25.363, 817952592668, testhost.dll, TestPluginCache.GetExtensionPaths: Added default extension paths: C:\Users\Emir\source\repos\VVS-ZADACA2\Filmoteka\Unit Testovi\bin\Debug\fine-code-coverage\Microsoft.VisualStudio.TestPlatform.MSTest.TestAdapter.dll
TpTrace Verbose: 0 : 12296, 4, 2020/12/02, 02:13:25.363, 817952592781, testhost.dll, TestPluginCache.GetExtensionPaths: Added unfilterableExtensionPaths: 
TpTrace Verbose: 0 : 12296, 4, 2020/12/02, 02:13:25.363, 817952592902, testhost.dll, TestPluginCache.DiscoverTestExtensions: Discovering the extensions using allExtensionPaths: C:\Users\Emir\source\repos\VVS-ZADACA2\Filmoteka\Unit Testovi\bin\Debug\fine-code-coverage\Microsoft.VisualStudio.TestPlatform.MSTest.TestAdapter.dll
TpTrace Information: 0 : 12296, 4, 2020/12/02, 02:13:25.363, 817952593073, testhost.dll, AssemblyResolver.AddSearchDirectories: Adding more searchDirectories C:\Users\Emir\source\repos\VVS-ZADACA2\Filmoteka\Unit Testovi\bin\Debug\fine-code-coverage
TpTrace Verbose: 0 : 12296, 4, 2020/12/02, 02:13:25.364, 817952593886, testhost.dll, TestPluginCache: Discovered the extensions using extension path ''.
TpTrace Verbose: 0 : 12296, 4, 2020/12/02, 02:13:25.364, 817952594032, testhost.dll, TestPluginCache: Discoverers are ''.
TpTrace Verbose: 0 : 12296, 4, 2020/12/02, 02:13:25.364, 817952594185, testhost.dll, TestPluginCache: Executors are 'executor://MSTestAdapter/v2'.
TpTrace Verbose: 0 : 12296, 4, 2020/12/02, 02:13:25.364, 817952594408, testhost.dll, TestPluginCache: Setting providers are ''.
TpTrace Verbose: 0 : 12296, 4, 2020/12/02, 02:13:25.364, 817952594519, testhost.dll, TestPluginCache: Loggers are ''.
TpTrace Verbose: 0 : 12296, 4, 2020/12/02, 02:13:25.365, 817952598791, testhost.dll, TestExecutorService: Loaded the settings providers
TpTrace Information: 0 : 12296, 4, 2020/12/02, 02:13:25.365, 817952599107, testhost.dll, TestExecutorService: Loaded the extensions
TpTrace Information: 0 : 12296, 4, 2020/12/02, 02:13:25.469, 817952913830, testhost.dll, TestDiscoveryManager: Discovering tests from sources C:\Users\Emir\source\repos\VVS-ZADACA2\Filmoteka\Unit Testovi\bin\Debug\fine-code-coverage\Unit Testovi.dll
TpTrace Verbose: 0 : 12296, 4, 2020/12/02, 02:13:25.472, 817952922427, testhost.dll, TestPluginCache.DiscoverTestExtensions: finding test extensions in assemblies endswith: TestAdapter.dll TPluginInfo: Microsoft.VisualStudio.TestPlatform.Common.ExtensionFramework.Utilities.TestDiscovererPluginInformation TExtension: Microsoft.VisualStudio.TestPlatform.ObjectModel.Adapter.ITestDiscoverer
TpTrace Verbose: 0 : 12296, 4, 2020/12/02, 02:13:25.472, 817952922774, testhost.dll, TestPluginCache.GetExtensionPaths: Filtered extension paths: 
TpTrace Verbose: 0 : 12296, 4, 2020/12/02, 02:13:25.472, 817952922933, testhost.dll, TestPluginCache.GetExtensionPaths: Added default extension paths: C:\Users\Emir\source\repos\VVS-ZADACA2\Filmoteka\Unit Testovi\bin\Debug\fine-code-coverage\Microsoft.VisualStudio.TestPlatform.MSTest.TestAdapter.dll
TpTrace Verbose: 0 : 12296, 4, 2020/12/02, 02:13:25.472, 817952923051, testhost.dll, TestPluginCache.GetExtensionPaths: Added unfilterableExtensionPaths: 
TpTrace Information: 0 : 12296, 4, 2020/12/02, 02:13:25.472, 817952923420, testhost.dll, AssemblyResolver.AddSearchDirectories: Adding more searchDirectories C:\Users\Emir\source\repos\VVS-ZADACA2\Filmoteka\Unit Testovi\bin\Debug\fine-code-coverage
TpTrace Verbose: 0 : 12296, 4, 2020/12/02, 02:13:25.472, 817952923553, testhost.dll, TestPluginCache.DiscoverTestExtensions: Discovering the extensions using extension path.
TpTrace Verbose: 0 : 12296, 4, 2020/12/02, 02:13:25.472, 817952923673, testhost.dll, TestPluginCache.GetExtensionPaths: Filtered extension paths: 
TpTrace Verbose: 0 : 12296, 4, 2020/12/02, 02:13:25.472, 817952923783, testhost.dll, TestPluginCache.GetExtensionPaths: Added default extension paths: C:\Users\Emir\source\repos\VVS-ZADACA2\Filmoteka\Unit Testovi\bin\Debug\fine-code-coverage\Microsoft.VisualStudio.TestPlatform.MSTest.TestAdapter.dll
TpTrace Verbose: 0 : 12296, 4, 2020/12/02, 02:13:25.472, 817952923908, testhost.dll, TestPluginCache.GetExtensionPaths: Added unfilterableExtensionPaths: 
TpTrace Verbose: 0 : 12296, 4, 2020/12/02, 02:13:25.472, 817952924030, testhost.dll, TestPluginCache.DiscoverTestExtensions: Discovering the extensions using allExtensionPaths: C:\Users\Emir\source\repos\VVS-ZADACA2\Filmoteka\Unit Testovi\bin\Debug\fine-code-coverage\Microsoft.VisualStudio.TestPlatform.MSTest.TestAdapter.dll
TpTrace Information: 0 : 12296, 4, 2020/12/02, 02:13:25.472, 817952924199, testhost.dll, AssemblyResolver.AddSearchDirectories: Adding more searchDirectories C:\Users\Emir\source\repos\VVS-ZADACA2\Filmoteka\Unit Testovi\bin\Debug\fine-code-coverage
TpTrace Verbose: 0 : 12296, 4, 2020/12/02, 02:13:25.475, 817952933676, testhost.dll, TestPluginCache: Discovered the extensions using extension path ''.
TpTrace Verbose: 0 : 12296, 4, 2020/12/02, 02:13:25.476, 817952933943, testhost.dll, TestPluginCache: Discoverers are 'Microsoft.VisualStudio.TestPlatform.MSTest.TestAdapter.MSTestDiscoverer, Microsoft.VisualStudio.TestPlatform.MSTest.TestAdapter, Version=14.0.0.0, Culture=neutral, PublicKeyToken=b03f5f7f11d50a3a'.
TpTrace Verbose: 0 : 12296, 4, 2020/12/02, 02:13:25.476, 817952934080, testhost.dll, TestPluginCache: Executors are 'executor://MSTestAdapter/v2'.
TpTrace Verbose: 0 : 12296, 4, 2020/12/02, 02:13:25.476, 817952934223, testhost.dll, TestPluginCache: Setting providers are ''.
TpTrace Verbose: 0 : 12296, 4, 2020/12/02, 02:13:25.476, 817952934332, testhost.dll, TestPluginCache: Loggers are ''.
TpTrace Verbose: 0 : 12296, 4, 2020/12/02, 02:13:25.483, 817952955258, testhost.dll, BaseRunTests.RunTestInternalWithExecutors: Running tests for executor://MSTestAdapter/v2
TpTrace Information: 0 : 12296, 4, 2020/12/02, 02:13:25.547, 817953150490, testhost.dll, AssemblyResolver.OnResolve: Microsoft.VisualStudio.TestPlatform.MSTestAdapter.PlatformServices.resources: Resolving assembly.
TpTrace Information: 0 : 12296, 4, 2020/12/02, 02:13:25.547, 817953150997, testhost.dll, AssemblyResolver.OnResolve: Microsoft.VisualStudio.TestPlatform.MSTestAdapter.PlatformServices.resources: Failed to load assembly.
TpTrace Information: 0 : 12296, 4, 2020/12/02, 02:13:25.547, 817953151737, testhost.dll, AssemblyResolver.OnResolve: Microsoft.VisualStudio.TestPlatform.MSTestAdapter.PlatformServices.resources: Resolving assembly.
TpTrace Information: 0 : 12296, 4, 2020/12/02, 02:13:25.547, 817953151890, testhost.dll, AssemblyResolver.OnResolve: Microsoft.VisualStudio.TestPlatform.MSTestAdapter.PlatformServices.resources: Resolved from cache.
TpTrace Verbose: 0 : 12296, 4, 2020/12/02, 02:13:25.568, 817953215841, testhost.dll, TestExecutionRecorder.RecordStart: Starting test: Unit_Testovi.NoviTestovi.TestZamjenskiObjekat.
TpTrace Information: 0 : 12296, 4, 2020/12/02, 02:13:25.695, 817953600153, testhost.dll, AssemblyResolver.OnResolve: Microsoft.VisualStudio.TestPlatform.MSTest.TestAdapter.resources: Resolving assembly.
TpTrace Information: 0 : 12296, 4, 2020/12/02, 02:13:25.695, 817953600615, testhost.dll, AssemblyResolver.OnResolve: Microsoft.VisualStudio.TestPlatform.MSTest.TestAdapter.resources: Failed to load assembly.
TpTrace Verbose: 0 : 12296, 4, 2020/12/02, 02:13:25.730, 817953706952, testhost.dll, TestExecutionRecorder.RecordEnd: test: Unit_Testovi.NoviTestovi.TestZamjenskiObjekat execution completed.
TpTrace Verbose: 0 : 12296, 4, 2020/12/02, 02:13:25.767, 817953821539, testhost.dll, TestExecutionRecorder.RecordResult: Received result for test: Unit_Testovi.NoviTestovi.TestZamjenskiObjekat.
TpTrace Warning: 0 : 12296, 4, 2020/12/02, 02:13:25.772, 817953835890, testhost.dll, InProgressTests is null
TpTrace Warning: 0 : 12296, 4, 2020/12/02, 02:13:25.775, 817953844157, testhost.dll, TestRunCache: No test found corresponding to testResult 'TestZamjenskiObjekat  Failed
  Message: Test method Unit_Testovi.NoviTestovi.TestZamjenskiObjekat threw exception: 
System.NotImplementedException: The method or operation is not implemented.
  StackTrace:
    at Filmoteka.Reziser.DaLiJeReziraoFilm(Film f) in C:\Users\Emir\source\repos\VVS-ZADACA2\Filmoteka\Filmoteka\Reziser.cs:line 15
   at Filmoteka.Filmoteka.DajSveFilmoveZaRezisera(IReziser reziser) in C:\Users\Emir\source\repos\VVS-ZADACA2\Filmoteka\Filmoteka\Filmoteka.cs:line 97
   at Unit_Testovi.NoviTestovi.TestZamjenskiObjekat() in C:\Users\Emir\source\repos\VVS-ZADACA2\Filmoteka\Unit Testovi\NoviTestovi.cs:line 23
' in inProgress list.
TpTrace Verbose: 0 : 12296, 4, 2020/12/02, 02:13:25.775, 817953844485, testhost.dll, TestExecutionRecorder.RecordStart: Starting test: Unit_Testovi.NoviTestovi.TestDodajNastavakIstiGlumci.
TpTrace Verbose: 0 : 12296, 4, 2020/12/02, 02:13:25.778, 817953854701, testhost.dll, TestExecutionRecorder.RecordEnd: test: Unit_Testovi.NoviTestovi.TestDodajNastavakIstiGlumci execution completed.
TpTrace Verbose: 0 : 12296, 4, 2020/12/02, 02:13:25.780, 817953860942, testhost.dll, TestExecutionRecorder.RecordResult: Received result for test: Unit_Testovi.NoviTestovi.TestDodajNastavakIstiGlumci.
TpTrace Warning: 0 : 12296, 4, 2020/12/02, 02:13:25.780, 817953861202, testhost.dll, InProgressTests is null
TpTrace Warning: 0 : 12296, 4, 2020/12/02, 02:13:25.780, 817953861351, testhost.dll, TestRunCache: No test found corresponding to testResult 'TestDodajNastavakIstiGlumci  Failed
  Message: Test method Unit_Testovi.NoviTestovi.TestDodajNastavakIstiGlumci threw exception: 
System.NotImplementedException: The method or operation is not implemented.
  StackTrace:
    at Filmoteka.Filmoteka.DodajNastavak(Film film, Double rating, Boolean istiGlumci, List`1 noviGlumci) in C:\Users\Emir\source\repos\VVS-ZADACA2\Filmoteka\Filmoteka\Filmoteka.cs:line 147
   at Unit_Testovi.NoviTestovi.TestDodajNastavakIstiGlumci() in C:\Users\Emir\source\repos\VVS-ZADACA2\Filmoteka\Unit Testovi\NoviTestovi.cs:line 40
' in inProgress list.
TpTrace Verbose: 0 : 12296, 4, 2020/12/02, 02:13:25.781, 817953861773, testhost.dll, TestExecutionRecorder.RecordStart: Starting test: Unit_Testovi.NoviTestovi.TestDodajNastavakRazlicitiGlumci.
TpTrace Verbose: 0 : 12296, 4, 2020/12/02, 02:13:25.783, 817953869854, testhost.dll, TestExecutionRecorder.RecordEnd: test: Unit_Testovi.NoviTestovi.TestDodajNastavakRazlicitiGlumci execution completed.
TpTrace Verbose: 0 : 12296, 4, 2020/12/02, 02:13:25.787, 817953880552, testhost.dll, TestExecutionRecorder.RecordResult: Received result for test: Unit_Testovi.NoviTestovi.TestDodajNastavakRazlicitiGlumci.
TpTrace Warning: 0 : 12296, 4, 2020/12/02, 02:13:25.787, 817953880765, testhost.dll, InProgressTests is null
TpTrace Warning: 0 : 12296, 4, 2020/12/02, 02:13:25.787, 817953880912, testhost.dll, TestRunCache: No test found corresponding to testResult 'TestDodajNastavakRazlicitiGlumci  Failed
  Message: Test method Unit_Testovi.NoviTestovi.TestDodajNastavakRazlicitiGlumci threw exception: 
System.NotImplementedException: The method or operation is not implemented.
  StackTrace:
    at Filmoteka.Filmoteka.DodajNastavak(Film film, Double rating, Boolean istiGlumci, List`1 noviGlumci) in C:\Users\Emir\source\repos\VVS-ZADACA2\Filmoteka\Filmoteka\Filmoteka.cs:line 147
   at Unit_Testovi.NoviTestovi.TestDodajNastavakRazlicitiGlumci() in C:\Users\Emir\source\repos\VVS-ZADACA2\Filmoteka\Unit Testovi\NoviTestovi.cs:line 53
' in inProgress list.
TpTrace Verbose: 0 : 12296, 4, 2020/12/02, 02:13:25.787, 817953881113, testhost.dll, TestExecutionRecorder.RecordStart: Starting test: Unit_Testovi.NoviTestovi.TestDodajNastavakIzuzetak.
TpTrace Information: 0 : 12296, 4, 2020/12/02, 02:13:25.791, 817953892508, testhost.dll, AssemblyResolver.OnResolve: Microsoft.VisualStudio.TestPlatform.TestFramework.resources: Resolving assembly.
TpTrace Information: 0 : 12296, 4, 2020/12/02, 02:13:25.791, 817953892946, testhost.dll, AssemblyResolver.OnResolve: Microsoft.VisualStudio.TestPlatform.TestFramework.resources: Failed to load assembly.
TpTrace Verbose: 0 : 12296, 4, 2020/12/02, 02:13:25.792, 817953896696, testhost.dll, TestExecutionRecorder.RecordEnd: test: Unit_Testovi.NoviTestovi.TestDodajNastavakIzuzetak execution completed.
TpTrace Verbose: 0 : 12296, 4, 2020/12/02, 02:13:25.794, 817953902761, testhost.dll, TestExecutionRecorder.RecordResult: Received result for test: Unit_Testovi.NoviTestovi.TestDodajNastavakIzuzetak.
TpTrace Warning: 0 : 12296, 4, 2020/12/02, 02:13:25.794, 817953903006, testhost.dll, InProgressTests is null
TpTrace Warning: 0 : 12296, 4, 2020/12/02, 02:13:25.794, 817953903161, testhost.dll, TestRunCache: No test found corresponding to testResult 'TestDodajNastavakIzuzetak  Failed
  Message: Test method threw exception System.NotImplementedException, but exception System.ArgumentNullException was expected. Exception message: System.NotImplementedException: The method or operation is not implemented.
  StackTrace:
   at Filmoteka.Filmoteka.DodajNastavak(Film film, Double rating, Boolean istiGlumci, List`1 noviGlumci) in C:\Users\Emir\source\repos\VVS-ZADACA2\Filmoteka\Filmoteka\Filmoteka.cs:line 147
   at Unit_Testovi.NoviTestovi.TestDodajNastavakIzuzetak() in C:\Users\Emir\source\repos\VVS-ZADACA2\Filmoteka\Unit Testovi\NoviTestovi.cs:line 66
' in inProgress list.
TpTrace Verbose: 0 : 12296, 4, 2020/12/02, 02:13:25.794, 817953903332, testhost.dll, TestExecutionRecorder.RecordStart: Starting test: Unit_Testovi.NoviTestovi.TestDajSveFilmoveSGLumcima2.
TpTrace Verbose: 0 : 12296, 4, 2020/12/02, 02:13:25.799, 817953916410, testhost.dll, TestExecutionRecorder.RecordEnd: test: Unit_Testovi.NoviTestovi.TestDajSveFilmoveSGLumcima2 execution completed.
TpTrace Verbose: 0 : 12296, 4, 2020/12/02, 02:13:25.801, 817953922506, testhost.dll, TestExecutionRecorder.RecordResult: Received result for test: Unit_Testovi.NoviTestovi.TestDajSveFilmoveSGLumcima2.
TpTrace Warning: 0 : 12296, 4, 2020/12/02, 02:13:25.801, 817953922787, testhost.dll, InProgressTests is null
TpTrace Warning: 0 : 12296, 4, 2020/12/02, 02:13:25.801, 817953923990, testhost.dll, TestRunCache: No test found corresponding to testResult 'TestDajSveFilmoveSGLumcima2  Passed
  Test Messages:
  StdOutMsgs:
3
' in inProgress list.
TpTrace Verbose: 0 : 12296, 4, 2020/12/02, 02:13:25.801, 817953924203, testhost.dll, TestExecutionRecorder.RecordStart: Starting test: Unit_Testovi.NoviTestovi.TestDajSrednjuOcjenuSvihFilmova.
TpTrace Verbose: 0 : 12296, 4, 2020/12/02, 02:13:25.805, 817953935162, testhost.dll, TestExecutionRecorder.RecordEnd: test: Unit_Testovi.NoviTestovi.TestDajSrednjuOcjenuSvihFilmova execution completed.
TpTrace Verbose: 0 : 12296, 4, 2020/12/02, 02:13:25.807, 817953941002, testhost.dll, TestExecutionRecorder.RecordResult: Received result for test: Unit_Testovi.NoviTestovi.TestDajSrednjuOcjenuSvihFilmova.
TpTrace Warning: 0 : 12296, 4, 2020/12/02, 02:13:25.807, 817953941217, testhost.dll, InProgressTests is null
TpTrace Warning: 0 : 12296, 4, 2020/12/02, 02:13:25.807, 817953941348, testhost.dll, TestRunCache: No test found corresponding to testResult 'TestDajSrednjuOcjenuSvihFilmova  Passed' in inProgress list.
TpTrace Verbose: 0 : 12296, 4, 2020/12/02, 02:13:25.807, 817953941506, testhost.dll, TestExecutionRecorder.RecordStart: Starting test: Unit_Testovi.NoviTestovi.TestDajSrednjuOcjenuSvihFilmovaPrazan.
TpTrace Verbose: 0 : 12296, 4, 2020/12/02, 02:13:25.809, 817953948491, testhost.dll, TestExecutionRecorder.RecordEnd: test: Unit_Testovi.NoviTestovi.TestDajSrednjuOcjenuSvihFilmovaPrazan execution completed.
TpTrace Verbose: 0 : 12296, 4, 2020/12/02, 02:13:25.811, 817953953730, testhost.dll, TestExecutionRecorder.RecordResult: Received result for test: Unit_Testovi.NoviTestovi.TestDajSrednjuOcjenuSvihFilmovaPrazan.
TpTrace Warning: 0 : 12296, 4, 2020/12/02, 02:13:25.811, 817953953951, testhost.dll, InProgressTests is null
TpTrace Warning: 0 : 12296, 4, 2020/12/02, 02:13:25.811, 817953954088, testhost.dll, TestRunCache: No test found corresponding to testResult 'TestDajSrednjuOcjenuSvihFilmovaPrazan  Passed' in inProgress list.
TpTrace Verbose: 0 : 12296, 4, 2020/12/02, 02:13:25.811, 817953954234, testhost.dll, TestExecutionRecorder.RecordStart: Starting test: Unit_Testovi.NoviTestovi.TestWatchlistKonstruktorIzuzetak.
TpTrace Verbose: 0 : 12296, 4, 2020/12/02, 02:13:25.813, 817953960669, testhost.dll, TestExecutionRecorder.RecordEnd: test: Unit_Testovi.NoviTestovi.TestWatchlistKonstruktorIzuzetak execution completed.
TpTrace Verbose: 0 : 12296, 4, 2020/12/02, 02:13:25.815, 817953965599, testhost.dll, TestExecutionRecorder.RecordResult: Received result for test: Unit_Testovi.NoviTestovi.TestWatchlistKonstruktorIzuzetak.
TpTrace Warning: 0 : 12296, 4, 2020/12/02, 02:13:25.815, 817953965810, testhost.dll, InProgressTests is null
TpTrace Warning: 0 : 12296, 4, 2020/12/02, 02:13:25.815, 817953965939, testhost.dll, TestRunCache: No test found corresponding to testResult 'TestWatchlistKonstruktorIzuzetak  Passed' in inProgress list.
TpTrace Verbose: 0 : 12296, 4, 2020/12/02, 02:13:25.815, 817953966084, testhost.dll, TestExecutionRecorder.RecordStart: Starting test: Unit_Testovi.NoviTestovi.TestProdužiRokValidan.
TpTrace Verbose: 0 : 12296, 4, 2020/12/02, 02:13:25.821, 817953983667, testhost.dll, TestExecutionRecorder.RecordEnd: test: Unit_Testovi.NoviTestovi.TestProdužiRokValidan execution completed.
TpTrace Verbose: 0 : 12296, 4, 2020/12/02, 02:13:25.826, 817954000394, testhost.dll, TestExecutionRecorder.RecordResult: Received result for test: Unit_Testovi.NoviTestovi.TestProdužiRokValidan.
TpTrace Warning: 0 : 12296, 4, 2020/12/02, 02:13:25.826, 817954000631, testhost.dll, InProgressTests is null
TpTrace Warning: 0 : 12296, 4, 2020/12/02, 02:13:25.826, 817954000764, testhost.dll, TestRunCache: No test found corresponding to testResult 'TestProdužiRokValidan  Passed' in inProgress list.
TpTrace Verbose: 0 : 12296, 4, 2020/12/02, 02:13:25.826, 817954000919, testhost.dll, TestExecutionRecorder.RecordStart: Starting test: Unit_Testovi.NoviTestovi.TestAutomatskiKorisničkiPodaciIzuzetak.
TpTrace Information: 0 : 12296, 4, 2020/12/02, 02:13:25.829, 817954008487, testhost.dll, Sending test run statistics
TpTrace Verbose: 0 : 12296, 4, 2020/12/02, 02:13:25.873, 817954141372, testhost.dll, TestRequestHandler.SendData:  sending data from testhost: {"Version":2,"MessageType":"TestExecution.StatsChange","Payload":{"NewTestResults":[{"TestCase":{"Id":"aef9dec6-1181-fac1-2596-b31421e8da47","FullyQualifiedName":"Unit_Testovi.NoviTestovi.TestZamjenskiObjekat","DisplayName":"TestZamjenskiObjekat","ExecutorUri":"executor://MSTestAdapter/v2","Source":"C:\\Users\\Emir\\source\\repos\\VVS-ZADACA2\\Filmoteka\\Unit Testovi\\bin\\Debug\\fine-code-coverage\\Unit Testovi.dll","CodeFilePath":null,"LineNumber":-1,"Properties":[{"Key":{"Id":"MSTestDiscoverer.TestClassName","Label":"ClassName","Category":"","Description":"","Attributes":1,"ValueType":"System.String"},"Value":"Unit_Testovi.NoviTestovi"},{"Key":{"Id":"TestObject.Traits","Label":"Traits","Category":"","Description":"","Attributes":5,"ValueType":"System.Collections.Generic.KeyValuePair`2[[System.String],[System.String]][]"},"Value":[]}]},"Attachments":[],"Outcome":2,"ErrorMessage":"Test method Unit_Testovi.NoviTestovi.TestZamjenskiObjekat threw exception: \r\nSystem.NotImplementedException: The method or operation is not implemented.","ErrorStackTrace":"    at Filmoteka.Reziser.DaLiJeReziraoFilm(Film f) in C:\\Users\\Emir\\source\\repos\\VVS-ZADACA2\\Filmoteka\\Filmoteka\\Reziser.cs:line 15\r\n   at Filmoteka.Filmoteka.DajSveFilmoveZaRezisera(IReziser reziser) in C:\\Users\\Emir\\source\\repos\\VVS-ZADACA2\\Filmoteka\\Filmoteka\\Filmoteka.cs:line 97\r\n   at Unit_Testovi.NoviTestovi.TestZamjenskiObjekat() in C:\\Users\\Emir\\source\\repos\\VVS-ZADACA2\\Filmoteka\\Unit Testovi\\NoviTestovi.cs:line 23\r\n","DisplayName":null,"Messages":[],"ComputerName":null,"Duration":"00:00:00.0349561","StartTime":"2020-12-02T02:13:25.6490518+01:00","EndTime":"2020-12-02T02:13:25.7240561+01:00","Properties":[{"Key":{"Id":"ExecutionId","Label":"ExecutionId","Category":"","Description":"","Attributes":1,"ValueType":"System.Guid"},"Value":"00000000-0000-0000-0000-000000000000"},{"Key":{"Id":"ParentExecId","Label":"ParentExecId","Category":"","Description":"","Attributes":1,"ValueType":"System.Guid"},"Value":"00000000-0000-0000-0000-000000000000"},{"Key":{"Id":"InnerResultsCount","Label":"InnerResultsCount","Category":"","Description":"","Attributes":1,"ValueType":"System.Int32"},"Value":0}]},{"TestCase":{"Id":"307a9543-71bf-45b1-736e-e86a33581b25","FullyQualifiedName":"Unit_Testovi.NoviTestovi.TestDodajNastavakIstiGlumci","DisplayName":"TestDodajNastavakIstiGlumci","ExecutorUri":"executor://MSTestAdapter/v2","Source":"C:\\Users\\Emir\\source\\repos\\VVS-ZADACA2\\Filmoteka\\Unit Testovi\\bin\\Debug\\fine-code-coverage\\Unit Testovi.dll","CodeFilePath":null,"LineNumber":-1,"Properties":[{"Key":{"Id":"MSTestDiscoverer.TestClassName","Label":"ClassName","Category":"","Description":"","Attributes":1,"ValueType":"System.String"},"Value":"Unit_Testovi.NoviTestovi"},{"Key":{"Id":"TestObject.Traits","Label":"Traits","Category":"","Description":"","Attributes":5,"ValueType":"System.Collections.Generic.KeyValuePair`2[[System.String],[System.String]][]"},"Value":[]}]},"Attachments":[],"Outcome":2,"ErrorMessage":"Test method Unit_Testovi.NoviTestovi.TestDodajNastavakIstiGlumci threw exception: \r\nSystem.NotImplementedException: The method or operation is not implemented.","ErrorStackTrace":"    at Filmoteka.Filmoteka.DodajNastavak(Film film, Double rating, Boolean istiGlumci, List`1 noviGlumci) in C:\\Users\\Emir\\source\\repos\\VVS-ZADACA2\\Filmoteka\\Filmoteka\\Filmoteka.cs:line 147\r\n   at Unit_Testovi.NoviTestovi.TestDodajNastavakIstiGlumci() in C:\\Users\\Emir\\source\\repos\\VVS-ZADACA2\\Filmoteka\\Unit Testovi\\NoviTestovi.cs:line 40\r\n","DisplayName":null,"Messages":[],"ComputerName":null,"Duration":"00:00:00.0011821","StartTime":"2020-12-02T02:13:25.7770592+01:00","EndTime":"2020-12-02T02:13:25.7780592+01:00","Properties":[{"Key":{"Id":"ExecutionId","Label":"ExecutionId","Category":"","Description":"","Attributes":1,"ValueType":"System.Guid"},"Value":"00000000-0000-0000-0000-000000000000"},{"Key":{"Id":"ParentExecId","Label":"ParentExecId","Category":"","Description":"","Attributes":1,"ValueType":"System.Guid"},"Value":"00000000-0000-0000-0000-000000000000"},{"Key":{"Id":"InnerResultsCount","Label":"InnerResultsCount","Category":"","Description":"","Attributes":1,"ValueType":"System.Int32"},"Value":0}]},{"TestCase":{"Id":"ccc8a4b1-0bba-0d1f-634a-2a0e08c0293a","FullyQualifiedName":"Unit_Testovi.NoviTestovi.TestDodajNastavakRazlicitiGlumci","DisplayName":"TestDodajNastavakRazlicitiGlumci","ExecutorUri":"executor://MSTestAdapter/v2","Source":"C:\\Users\\Emir\\source\\repos\\VVS-ZADACA2\\Filmoteka\\Unit Testovi\\bin\\Debug\\fine-code-coverage\\Unit Testovi.dll","CodeFilePath":null,"LineNumber":-1,"Properties":[{"Key":{"Id":"MSTestDiscoverer.TestClassName","Label":"ClassName","Category":"","Description":"","Attributes":1,"ValueType":"System.String"},"Value":"Unit_Testovi.NoviTestovi"},{"Key":{"Id":"TestObject.Traits","Label":"Traits","Category":"","Description":"","Attributes":5,"ValueType":"System.Collections.Generic.KeyValuePair`2[[System.String],[System.String]][]"},"Value":[]}]},"Attachments":[],"Outcome":2,"ErrorMessage":"Test method Unit_Testovi.NoviTestovi.TestDodajNastavakRazlicitiGlumci threw exception: \r\nSystem.NotImplementedException: The method or operation is not implemented.","ErrorStackTrace":"    at Filmoteka.Filmoteka.DodajNastavak(Film film, Double rating, Boolean istiGlumci, List`1 noviGlumci) in C:\\Users\\Emir\\source\\repos\\VVS-ZADACA2\\Filmoteka\\Filmoteka\\Filmoteka.cs:line 147\r\n   at Unit_Testovi.NoviTestovi.TestDodajNastavakRazlicitiGlumci() in C:\\Users\\Emir\\source\\repos\\VVS-ZADACA2\\Filmoteka\\Unit Testovi\\NoviTestovi.cs:line 53\r\n","DisplayName":null,"Messages":[],"ComputerName":null,"Duration":"00:00:00.0009746","StartTime":"2020-12-02T02:13:25.7820594+01:00","EndTime":"2020-12-02T02:13:25.7830595+01:00","Properties":[{"Key":{"Id":"ExecutionId","Label":"ExecutionId","Category":"","Description":"","Attributes":1,"ValueType":"System.Guid"},"Value":"00000000-0000-0000-0000-000000000000"},{"Key":{"Id":"ParentExecId","Label":"ParentExecId","Category":"","Description":"","Attributes":1,"ValueType":"System.Guid"},"Value":"00000000-0000-0000-0000-000000000000"},{"Key":{"Id":"InnerResultsCount","Label":"InnerResultsCount","Category":"","Description":"","Attributes":1,"ValueType":"System.Int32"},"Value":0}]},{"TestCase":{"Id":"83c1ddde-4e31-66fc-a376-4096e8037e77","FullyQualifiedName":"Unit_Testovi.NoviTestovi.TestDodajNastavakIzuzetak","DisplayName":"TestDodajNastavakIzuzetak","ExecutorUri":"executor://MSTestAdapter/v2","Source":"C:\\Users\\Emir\\source\\repos\\VVS-ZADACA2\\Filmoteka\\Unit Testovi\\bin\\Debug\\fine-code-coverage\\Unit Testovi.dll","CodeFilePath":null,"LineNumber":-1,"Properties":[{"Key":{"Id":"MSTestDiscoverer.TestClassName","Label":"ClassName","Category":"","Description":"","Attributes":1,"ValueType":"System.String"},"Value":"Unit_Testovi.NoviTestovi"},{"Key":{"Id":"TestObject.Traits","Label":"Traits","Category":"","Description":"","Attributes":5,"ValueType":"System.Collections.Generic.KeyValuePair`2[[System.String],[System.String]][]"},"Value":[]}]},"Attachments":[],"Outcome":2,"ErrorMessage":"Test method threw exception System.NotImplementedException, but exception System.ArgumentNullException was expected. Exception message: System.NotImplementedException: The method or operation is not implemented.","ErrorStackTrace":"   at Filmoteka.Filmoteka.DodajNastavak(Film film, Double rating, Boolean istiGlumci, List`1 noviGlumci) in C:\\Users\\Emir\\source\\repos\\VVS-ZADACA2\\Filmoteka\\Filmoteka\\Filmoteka.cs:line 147\r\n   at Unit_Testovi.NoviTestovi.TestDodajNastavakIzuzetak() in C:\\Users\\Emir\\source\\repos\\VVS-ZADACA2\\Filmoteka\\Unit Testovi\\NoviTestovi.cs:line 66\r\n","DisplayName":null,"Messages":[],"ComputerName":null,"Duration":"00:00:00.0031008","StartTime":"2020-12-02T02:13:25.7890598+01:00","EndTime":"2020-12-02T02:13:25.79206+01:00","Properties":[{"Key":{"Id":"ExecutionId","Label":"ExecutionId","Category":"","Description":"","Attributes":1,"ValueType":"System.Guid"},"Value":"00000000-0000-0000-0000-000000000000"},{"Key":{"Id":"ParentExecId","Label":"ParentExecId","Category":"","Description":"","Attributes":1,"ValueType":"System.Guid"},"Value":"00000000-0000-0000-0000-000000000000"},{"Key":{"Id":"InnerResultsCount","Label":"InnerResultsCount","Category":"","Description":"","Attributes":1,"ValueType":"System.Int32"},"Value":0}]},{"TestCase":{"Id":"b1e684c9-ba75-f6f1-bf40-5e4e7cedaaa8","FullyQualifiedName":"Unit_Testovi.NoviTestovi.TestDajSveFilmoveSGLumcima2","DisplayName":"TestDajSveFilmoveSGLumcima2","ExecutorUri":"executor://MSTestAdapter/v2","Source":"C:\\Users\\Emir\\source\\repos\\VVS-ZADACA2\\Filmoteka\\Unit Testovi\\bin\\Debug\\fine-code-coverage\\Unit Testovi.dll","CodeFilePath":null,"LineNumber":-1,"Properties":[{"Key":{"Id":"MSTestDiscoverer.TestClassName","Label":"ClassName","Category":"","Description":"","Attributes":1,"ValueType":"System.String"},"Value":"Unit_Testovi.NoviTestovi"},{"Key":{"Id":"TestObject.Traits","Label":"Traits","Category":"","Description":"","Attributes":5,"ValueType":"System.Collections.Generic.KeyValuePair`2[[System.String],[System.String]][]"},"Value":[]}]},"Attachments":[],"Outcome":1,"ErrorMessage":null,"ErrorStackTrace":null,"DisplayName":null,"Messages":[{"Category":"StdOutMsgs","Text":"3\r\n"}],"ComputerName":null,"Duration":"00:00:00.0025260","StartTime":"2020-12-02T02:13:25.7960602+01:00","EndTime":"2020-12-02T02:13:25.7980604+01:00","Properties":[{"Key":{"Id":"ExecutionId","Label":"ExecutionId","Category":"","Description":"","Attributes":1,"ValueType":"System.Guid"},"Value":"00000000-0000-0000-0000-000000000000"},{"Key":{"Id":"ParentExecId","Label":"ParentExecId","Category":"","Description":"","Attributes":1,"ValueType":"System.Guid"},"Value":"00000000-0000-0000-0000-000000000000"},{"Key":{"Id":"InnerResultsCount","Label":"InnerResultsCount","Category":"","Description":"","Attributes":1,"ValueType":"System.Int32"},"Value":0}]},{"TestCase":{"Id":"ff1b4d14-945d-8df7-b04f-61053947ac65","FullyQualifiedName":"Unit_Testovi.NoviTestovi.TestDajSrednjuOcjenuSvihFilmova","DisplayName":"TestDajSrednjuOcjenuSvihFilmova","ExecutorUri":"executor://MSTestAdapter/v2","Source":"C:\\Users\\Emir\\source\\repos\\VVS-ZADACA2\\Filmoteka\\Unit Testovi\\bin\\Debug\\fine-code-coverage\\Unit Testovi.dll","CodeFilePath":null,"LineNumber":-1,"Properties":[{"Key":{"Id":"MSTestDiscoverer.TestClassName","Label":"ClassName","Category":"","Description":"","Attributes":1,"ValueType":"System.String"},"Value":"Unit_Testovi.NoviTestovi"},{"Key":{"Id":"TestObject.Traits","Label":"Traits","Category":"","Description":"","Attributes":5,"ValueType":"System.Collections.Generic.KeyValuePair`2[[System.String],[System.String]][]"},"Value":[]}]},"Attachments":[],"Outcome":1,"ErrorMessage":null,"ErrorStackTrace":null,"DisplayName":null,"Messages":[],"ComputerName":null,"Duration":"00:00:00.0018552","StartTime":"2020-12-02T02:13:25.8030606+01:00","EndTime":"2020-12-02T02:13:25.8050608+01:00","Properties":[{"Key":{"Id":"ExecutionId","Label":"ExecutionId","Category":"","Description":"","Attributes":1,"ValueType":"System.Guid"},"Value":"00000000-0000-0000-0000-000000000000"},{"Key":{"Id":"ParentExecId","Label":"ParentExecId","Category":"","Description":"","Attributes":1,"ValueType":"System.Guid"},"Value":"00000000-0000-0000-0000-000000000000"},{"Key":{"Id":"InnerResultsCount","Label":"InnerResultsCount","Category":"","Description":"","Attributes":1,"ValueType":"System.Int32"},"Value":0}]},{"TestCase":{"Id":"5ce7f736-72c3-ced1-6d90-e30c94cad1f2","FullyQualifiedName":"Unit_Testovi.NoviTestovi.TestDajSrednjuOcjenuSvihFilmovaPrazan","DisplayName":"TestDajSrednjuOcjenuSvihFilmovaPrazan","ExecutorUri":"executor://MSTestAdapter/v2","Source":"C:\\Users\\Emir\\source\\repos\\VVS-ZADACA2\\Filmoteka\\Unit Testovi\\bin\\Debug\\fine-code-coverage\\Unit Testovi.dll","CodeFilePath":null,"LineNumber":-1,"Properties":[{"Key":{"Id":"MSTestDiscoverer.TestClassName","Label":"ClassName","Category":"","Description":"","Attributes":1,"ValueType":"System.String"},"Value":"Unit_Testovi.NoviTestovi"},{"Key":{"Id":"TestObject.Traits","Label":"Traits","Category":"","Description":"","Attributes":5,"ValueType":"System.Collections.Generic.KeyValuePair`2[[System.String],[System.String]][]"},"Value":[]}]},"Attachments":[],"Outcome":1,"ErrorMessage":null,"ErrorStackTrace":null,"DisplayName":null,"Messages":[],"ComputerName":null,"Duration":"00:00:00.0005978","StartTime":"2020-12-02T02:13:25.8080609+01:00","EndTime":"2020-12-02T02:13:25.809061+01:00","Properties":[{"Key":{"Id":"ExecutionId","Label":"ExecutionId","Category":"","Description":"","Attributes":1,"ValueType":"System.Guid"},"Value":"00000000-0000-0000-0000-000000000000"},{"Key":{"Id":"ParentExecId","Label":"ParentExecId","Category":"","Description":"","Attributes":1,"ValueType":"System.Guid"},"Value":"00000000-0000-0000-0000-000000000000"},{"Key":{"Id":"InnerResultsCount","Label":"InnerResultsCount","Category":"","Description":"","Attributes":1,"ValueType":"System.Int32"},"Value":0}]},{"TestCase":{"Id":"f5a195b5-097c-875e-c0c3-04764ba84a21","FullyQualifiedName":"Unit_Testovi.NoviTestovi.TestWatchlistKonstruktorIzuzetak","DisplayName":"TestWatchlistKonstruktorIzuzetak","ExecutorUri":"executor://MSTestAdapter/v2","Source":"C:\\Users\\Emir\\source\\repos\\VVS-ZADACA2\\Filmoteka\\Unit Testovi\\bin\\Debug\\fine-code-coverage\\Unit Testovi.dll","CodeFilePath":null,"LineNumber":-1,"Properties":[{"Key":{"Id":"MSTestDiscoverer.TestClassName","Label":"ClassName","Category":"","Description":"","Attributes":1,"ValueType":"System.String"},"Value":"Unit_Testovi.NoviTestovi"},{"Key":{"Id":"TestObject.Traits","Label":"Traits","Category":"","Description":"","Attributes":5,"ValueType":"System.Collections.Generic.KeyValuePair`2[[System.String],[System.String]][]"},"Value":[]}]},"Attachments":[],"Outcome":1,"ErrorMessage":null,"ErrorStackTrace":null,"DisplayName":null,"Messages":[],"ComputerName":null,"Duration":"00:00:00.0005165","StartTime":"2020-12-02T02:13:25.8120612+01:00","EndTime":"2020-12-02T02:13:25.8130612+01:00","Properties":[{"Key":{"Id":"ExecutionId","Label":"ExecutionId","Category":"","Description":"","Attributes":1,"ValueType":"System.Guid"},"Value":"00000000-0000-0000-0000-000000000000"},{"Key":{"Id":"ParentExecId","Label":"ParentExecId","Category":"","Description":"","Attributes":1,"ValueType":"System.Guid"},"Value":"00000000-0000-0000-0000-000000000000"},{"Key":{"Id":"InnerResultsCount","Label":"InnerResultsCount","Category":"","Description":"","Attributes":1,"ValueType":"System.Int32"},"Value":0}]},{"TestCase":{"Id":"b1426bd4-5b5c-cdf7-b56e-482bb38d32fa","FullyQualifiedName":"Unit_Testovi.NoviTestovi.TestProdužiRokValidan","DisplayName":"TestProdužiRokValidan","ExecutorUri":"executor://MSTestAdapter/v2","Source":"C:\\Users\\Emir\\source\\repos\\VVS-ZADACA2\\Filmoteka\\Unit Testovi\\bin\\Debug\\fine-code-coverage\\Unit Testovi.dll","CodeFilePath":null,"LineNumber":-1,"Properties":[{"Key":{"Id":"MSTestDiscoverer.TestClassName","Label":"ClassName","Category":"","Description":"","Attributes":1,"ValueType":"System.String"},"Value":"Unit_Testovi.NoviTestovi"},{"Key":{"Id":"TestObject.Traits","Label":"Traits","Category":"","Description":"","Attributes":5,"ValueType":"System.Collections.Generic.KeyValuePair`2[[System.String],[System.String]][]"},"Value":[]}]},"Attachments":[],"Outcome":1,"ErrorMessage":null,"ErrorStackTrace":null,"DisplayName":null,"Messages":[],"ComputerName":null,"Duration":"00:00:00.0036417","StartTime":"2020-12-02T02:13:25.8170614+01:00","EndTime":"2020-12-02T02:13:25.8210617+01:00","Properties":[{"Key":{"Id":"ExecutionId","Label":"ExecutionId","Category":"","Description":"","Attributes":1,"ValueType":"System.Guid"},"Value":"00000000-0000-0000-0000-000000000000"},{"Key":{"Id":"ParentExecId","Label":"ParentExecId","Category":"","Description":"","Attributes":1,"ValueType":"System.Guid"},"Value":"00000000-0000-0000-0000-000000000000"},{"Key":{"Id":"InnerResultsCount","Label":"InnerResultsCount","Category":"","Description":"","Attributes":1,"ValueType":"System.Int32"},"Value":0}]}],"TestRunStatistics":{"ExecutedTests":9,"Stats":{"Failed":4,"Passed":5}},"ActiveTests":[{"Id":"cad8ba2a-9c27-403a-f461-230cd3f8eda3","FullyQualifiedName":"Unit_Testovi.NoviTestovi.TestAutomatskiKorisničkiPodaciIzuzetak","DisplayName":"TestAutomatskiKorisničkiPodaciIzuzetak","ExecutorUri":"executor://MSTestAdapter/v2","Source":"C:\\Users\\Emir\\source\\repos\\VVS-ZADACA2\\Filmoteka\\Unit Testovi\\bin\\Debug\\fine-code-coverage\\Unit Testovi.dll","CodeFilePath":null,"LineNumber":-1,"Properties":[{"Key":{"Id":"MSTestDiscoverer.TestClassName","Label":"ClassName","Category":"","Description":"","Attributes":1,"ValueType":"System.String"},"Value":"Unit_Testovi.NoviTestovi"},{"Key":{"Id":"TestObject.Traits","Label":"Traits","Category":"","Description":"","Attributes":5,"ValueType":"System.Collections.Generic.KeyValuePair`2[[System.String],[System.String]][]"},"Value":[]}]}]}}
TpTrace Verbose: 0 : 12296, 4, 2020/12/02, 02:13:25.874, 817954146197, testhost.dll, TestRunCache: OnNewTestResult: Notified the onCacheHit callback.
TpTrace Verbose: 0 : 12296, 4, 2020/12/02, 02:13:25.881, 817954165948, testhost.dll, TestExecutionRecorder.RecordEnd: test: Unit_Testovi.NoviTestovi.TestAutomatskiKorisničkiPodaciIzuzetak execution completed.
TpTrace Warning: 0 : 12296, 4, 2020/12/02, 02:13:25.881, 817954166172, testhost.dll, InProgressTests is null
TpTrace Verbose: 0 : 12296, 4, 2020/12/02, 02:13:25.883, 817954173243, testhost.dll, TestExecutionRecorder.RecordResult: Received result for test: Unit_Testovi.NoviTestovi.TestAutomatskiKorisničkiPodaciIzuzetak.
TpTrace Warning: 0 : 12296, 4, 2020/12/02, 02:13:25.883, 817954173560, testhost.dll, InProgressTests is null
TpTrace Warning: 0 : 12296, 4, 2020/12/02, 02:13:25.883, 817954173702, testhost.dll, TestRunCache: No test found corresponding to testResult 'TestAutomatskiKorisničkiPodaciIzuzetak  Passed' in inProgress list.
TpTrace Verbose: 0 : 12296, 4, 2020/12/02, 02:13:25.883, 817954173870, testhost.dll, TestExecutionRecorder.RecordStart: Starting test: Unit_Testovi.NoviTestovi.TestAutomatskiKorisničkiPodaciUsername.
TpTrace Verbose: 0 : 12296, 4, 2020/12/02, 02:13:25.886, 817954183068, testhost.dll, TestExecutionRecorder.RecordEnd: test: Unit_Testovi.NoviTestovi.TestAutomatskiKorisničkiPodaciUsername execution completed.
TpTrace Verbose: 0 : 12296, 4, 2020/12/02, 02:13:25.888, 817954188797, testhost.dll, TestExecutionRecorder.RecordResult: Received result for test: Unit_Testovi.NoviTestovi.TestAutomatskiKorisničkiPodaciUsername.
TpTrace Warning: 0 : 12296, 4, 2020/12/02, 02:13:25.888, 817954189022, testhost.dll, InProgressTests is null
TpTrace Warning: 0 : 12296, 4, 2020/12/02, 02:13:25.888, 817954189155, testhost.dll, TestRunCache: No test found corresponding to testResult 'TestAutomatskiKorisničkiPodaciUsername  Passed' in inProgress list.
TpTrace Verbose: 0 : 12296, 4, 2020/12/02, 02:13:25.888, 817954189308, testhost.dll, TestExecutionRecorder.RecordStart: Starting test: Unit_Testovi.NoviTestovi.TestAutomatskiKorisničkiPodaciPassword.
TpTrace Verbose: 0 : 12296, 4, 2020/12/02, 02:13:25.891, 817954196446, testhost.dll, TestExecutionRecorder.RecordEnd: test: Unit_Testovi.NoviTestovi.TestAutomatskiKorisničkiPodaciPassword execution completed.
TpTrace Verbose: 0 : 12296, 4, 2020/12/02, 02:13:25.893, 817954203096, testhost.dll, TestExecutionRecorder.RecordResult: Received result for test: Unit_Testovi.NoviTestovi.TestAutomatskiKorisničkiPodaciPassword.
TpTrace Warning: 0 : 12296, 4, 2020/12/02, 02:13:25.893, 817954203330, testhost.dll, InProgressTests is null
TpTrace Warning: 0 : 12296, 4, 2020/12/02, 02:13:25.893, 817954203494, testhost.dll, TestRunCache: No test found corresponding to testResult 'TestAutomatskiKorisničkiPodaciPassword  Passed' in inProgress list.
TpTrace Verbose: 0 : 12296, 4, 2020/12/02, 02:13:25.893, 817954203664, testhost.dll, TestExecutionRecorder.RecordStart: Starting test: Unit_Testovi.NoviTestovi.TestGostKonstruktorIzuzetakUsername.
TpTrace Verbose: 0 : 12296, 4, 2020/12/02, 02:13:25.895, 817954211345, testhost.dll, TestExecutionRecorder.RecordEnd: test: Unit_Testovi.NoviTestovi.TestGostKonstruktorIzuzetakUsername execution completed.
TpTrace Verbose: 0 : 12296, 4, 2020/12/02, 02:13:25.897, 817954216582, testhost.dll, TestExecutionRecorder.RecordResult: Received result for test: Unit_Testovi.NoviTestovi.TestGostKonstruktorIzuzetakUsername.
TpTrace Warning: 0 : 12296, 4, 2020/12/02, 02:13:25.897, 817954216819, testhost.dll, InProgressTests is null
TpTrace Warning: 0 : 12296, 4, 2020/12/02, 02:13:25.897, 817954216952, testhost.dll, TestRunCache: No test found corresponding to testResult 'TestGostKonstruktorIzuzetakUsername  Passed' in inProgress list.
TpTrace Verbose: 0 : 12296, 4, 2020/12/02, 02:13:25.897, 817954217222, testhost.dll, TestExecutionRecorder.RecordStart: Starting test: Unit_Testovi.NoviTestovi.TestGostKonstruktorIzuzetakPassword.
TpTrace Verbose: 0 : 12296, 4, 2020/12/02, 02:13:25.900, 817954224454, testhost.dll, TestExecutionRecorder.RecordEnd: test: Unit_Testovi.NoviTestovi.TestGostKonstruktorIzuzetakPassword execution completed.
TpTrace Verbose: 0 : 12296, 4, 2020/12/02, 02:13:25.902, 817954231354, testhost.dll, TestExecutionRecorder.RecordResult: Received result for test: Unit_Testovi.NoviTestovi.TestGostKonstruktorIzuzetakPassword.
TpTrace Warning: 0 : 12296, 4, 2020/12/02, 02:13:25.902, 817954231595, testhost.dll, InProgressTests is null
TpTrace Warning: 0 : 12296, 4, 2020/12/02, 02:13:25.902, 817954231754, testhost.dll, TestRunCache: No test found corresponding to testResult 'TestGostKonstruktorIzuzetakPassword  Passed' in inProgress list.
TpTrace Verbose: 0 : 12296, 4, 2020/12/02, 02:13:25.902, 817954231915, testhost.dll, TestExecutionRecorder.RecordStart: Starting test: Unit_Testovi.NoviTestovi.TestGostKonstruktorIzuzetakIme.
TpTrace Verbose: 0 : 12296, 4, 2020/12/02, 02:13:25.905, 817954239164, testhost.dll, TestExecutionRecorder.RecordEnd: test: Unit_Testovi.NoviTestovi.TestGostKonstruktorIzuzetakIme execution completed.
TpTrace Verbose: 0 : 12296, 4, 2020/12/02, 02:13:25.907, 817954244691, testhost.dll, TestExecutionRecorder.RecordResult: Received result for test: Unit_Testovi.NoviTestovi.TestGostKonstruktorIzuzetakIme.
TpTrace Warning: 0 : 12296, 4, 2020/12/02, 02:13:25.907, 817954244914, testhost.dll, InProgressTests is null
TpTrace Warning: 0 : 12296, 4, 2020/12/02, 02:13:25.907, 817954245043, testhost.dll, TestRunCache: No test found corresponding to testResult 'TestGostKonstruktorIzuzetakIme  Passed' in inProgress list.
TpTrace Verbose: 0 : 12296, 4, 2020/12/02, 02:13:25.907, 817954245193, testhost.dll, TestExecutionRecorder.RecordStart: Starting test: Unit_Testovi.NoviTestovi.TestGostKonstruktorIzuzetakPrezime.
TpTrace Verbose: 0 : 12296, 4, 2020/12/02, 02:13:25.909, 817954252145, testhost.dll, TestExecutionRecorder.RecordEnd: test: Unit_Testovi.NoviTestovi.TestGostKonstruktorIzuzetakPrezime execution completed.
TpTrace Verbose: 0 : 12296, 4, 2020/12/02, 02:13:25.911, 817954257695, testhost.dll, TestExecutionRecorder.RecordResult: Received result for test: Unit_Testovi.NoviTestovi.TestGostKonstruktorIzuzetakPrezime.
TpTrace Warning: 0 : 12296, 4, 2020/12/02, 02:13:25.911, 817954257964, testhost.dll, InProgressTests is null
TpTrace Warning: 0 : 12296, 4, 2020/12/02, 02:13:25.911, 817954258174, testhost.dll, TestRunCache: No test found corresponding to testResult 'TestGostKonstruktorIzuzetakPrezime  Passed' in inProgress list.
TpTrace Verbose: 0 : 12296, 4, 2020/12/02, 02:13:25.911, 817954258385, testhost.dll, TestExecutionRecorder.RecordStart: Starting test: Unit_Testovi.NoviTestovi.TestGostKonstruktor.
TpTrace Verbose: 0 : 12296, 4, 2020/12/02, 02:13:25.913, 817954264163, testhost.dll, TestExecutionRecorder.RecordEnd: test: Unit_Testovi.NoviTestovi.TestGostKonstruktor execution completed.
TpTrace Verbose: 0 : 12296, 4, 2020/12/02, 02:13:25.915, 817954269565, testhost.dll, TestExecutionRecorder.RecordResult: Received result for test: Unit_Testovi.NoviTestovi.TestGostKonstruktor.
TpTrace Warning: 0 : 12296, 4, 2020/12/02, 02:13:25.915, 817954269758, testhost.dll, InProgressTests is null
TpTrace Warning: 0 : 12296, 4, 2020/12/02, 02:13:25.915, 817954269904, testhost.dll, TestRunCache: No test found corresponding to testResult 'TestGostKonstruktor  Passed' in inProgress list.
TpTrace Verbose: 0 : 12296, 4, 2020/12/02, 02:13:25.915, 817954270063, testhost.dll, TestExecutionRecorder.RecordStart: Starting test: Unit_Testovi.NoviTestovi.TestProduziRokIzuzetak.
TpTrace Verbose: 0 : 12296, 4, 2020/12/02, 02:13:25.917, 817954277548, testhost.dll, TestExecutionRecorder.RecordEnd: test: Unit_Testovi.NoviTestovi.TestProduziRokIzuzetak execution completed.
TpTrace Verbose: 0 : 12296, 4, 2020/12/02, 02:13:25.920, 817954284541, testhost.dll, TestExecutionRecorder.RecordResult: Received result for test: Unit_Testovi.NoviTestovi.TestProduziRokIzuzetak.
TpTrace Warning: 0 : 12296, 4, 2020/12/02, 02:13:25.920, 817954284759, testhost.dll, InProgressTests is null
TpTrace Warning: 0 : 12296, 4, 2020/12/02, 02:13:25.920, 817954284920, testhost.dll, TestRunCache: No test found corresponding to testResult 'TestProduziRokIzuzetak  Passed' in inProgress list.
TpTrace Verbose: 0 : 12296, 4, 2020/12/02, 02:13:25.920, 817954285073, testhost.dll, TestExecutionRecorder.RecordStart: Starting test: Unit_Testovi.NoviTestovi.TestClanKonstruktor.
TpTrace Information: 0 : 12296, 4, 2020/12/02, 02:13:25.920, 817954285266, testhost.dll, Sending test run statistics
TpTrace Verbose: 0 : 12296, 4, 2020/12/02, 02:13:25.923, 817954294114, testhost.dll, TestRequestHandler.SendData:  sending data from testhost: {"Version":2,"MessageType":"TestExecution.StatsChange","Payload":{"NewTestResults":[{"TestCase":{"Id":"cad8ba2a-9c27-403a-f461-230cd3f8eda3","FullyQualifiedName":"Unit_Testovi.NoviTestovi.TestAutomatskiKorisničkiPodaciIzuzetak","DisplayName":"TestAutomatskiKorisničkiPodaciIzuzetak","ExecutorUri":"executor://MSTestAdapter/v2","Source":"C:\\Users\\Emir\\source\\repos\\VVS-ZADACA2\\Filmoteka\\Unit Testovi\\bin\\Debug\\fine-code-coverage\\Unit Testovi.dll","CodeFilePath":null,"LineNumber":-1,"Properties":[{"Key":{"Id":"MSTestDiscoverer.TestClassName","Label":"ClassName","Category":"","Description":"","Attributes":1,"ValueType":"System.String"},"Value":"Unit_Testovi.NoviTestovi"},{"Key":{"Id":"TestObject.Traits","Label":"Traits","Category":"","Description":"","Attributes":5,"ValueType":"System.Collections.Generic.KeyValuePair`2[[System.String],[System.String]][]"},"Value":[]}]},"Attachments":[],"Outcome":1,"ErrorMessage":null,"ErrorStackTrace":null,"DisplayName":null,"Messages":[],"ComputerName":null,"Duration":"00:00:00.0040150","StartTime":"2020-12-02T02:13:25.8760648+01:00","EndTime":"2020-12-02T02:13:25.8810651+01:00","Properties":[{"Key":{"Id":"ExecutionId","Label":"ExecutionId","Category":"","Description":"","Attributes":1,"ValueType":"System.Guid"},"Value":"00000000-0000-0000-0000-000000000000"},{"Key":{"Id":"ParentExecId","Label":"ParentExecId","Category":"","Description":"","Attributes":1,"ValueType":"System.Guid"},"Value":"00000000-0000-0000-0000-000000000000"},{"Key":{"Id":"InnerResultsCount","Label":"InnerResultsCount","Category":"","Description":"","Attributes":1,"ValueType":"System.Int32"},"Value":0}]},{"TestCase":{"Id":"34271688-a4e2-dbb0-0f29-edee8d7255ec","FullyQualifiedName":"Unit_Testovi.NoviTestovi.TestAutomatskiKorisničkiPodaciUsername","DisplayName":"TestAutomatskiKorisničkiPodaciUsername","ExecutorUri":"executor://MSTestAdapter/v2","Source":"C:\\Users\\Emir\\source\\repos\\VVS-ZADACA2\\Filmoteka\\Unit Testovi\\bin\\Debug\\fine-code-coverage\\Unit Testovi.dll","CodeFilePath":null,"LineNumber":-1,"Properties":[{"Key":{"Id":"MSTestDiscoverer.TestClassName","Label":"ClassName","Category":"","Description":"","Attributes":1,"ValueType":"System.String"},"Value":"Unit_Testovi.NoviTestovi"},{"Key":{"Id":"TestObject.Traits","Label":"Traits","Category":"","Description":"","Attributes":5,"ValueType":"System.Collections.Generic.KeyValuePair`2[[System.String],[System.String]][]"},"Value":[]}]},"Attachments":[],"Outcome":1,"ErrorMessage":null,"ErrorStackTrace":null,"DisplayName":null,"Messages":[],"ComputerName":null,"Duration":"00:00:00.0008980","StartTime":"2020-12-02T02:13:25.8850653+01:00","EndTime":"2020-12-02T02:13:25.8860654+01:00","Properties":[{"Key":{"Id":"ExecutionId","Label":"ExecutionId","Category":"","Description":"","Attributes":1,"ValueType":"System.Guid"},"Value":"00000000-0000-0000-0000-000000000000"},{"Key":{"Id":"ParentExecId","Label":"ParentExecId","Category":"","Description":"","Attributes":1,"ValueType":"System.Guid"},"Value":"00000000-0000-0000-0000-000000000000"},{"Key":{"Id":"InnerResultsCount","Label":"InnerResultsCount","Category":"","Description":"","Attributes":1,"ValueType":"System.Int32"},"Value":0}]},{"TestCase":{"Id":"3e680ae4-a773-3605-0554-850350f5daa3","FullyQualifiedName":"Unit_Testovi.NoviTestovi.TestAutomatskiKorisničkiPodaciPassword","DisplayName":"TestAutomatskiKorisničkiPodaciPassword","ExecutorUri":"executor://MSTestAdapter/v2","Source":"C:\\Users\\Emir\\source\\repos\\VVS-ZADACA2\\Filmoteka\\Unit Testovi\\bin\\Debug\\fine-code-coverage\\Unit Testovi.dll","CodeFilePath":null,"LineNumber":-1,"Properties":[{"Key":{"Id":"MSTestDiscoverer.TestClassName","Label":"ClassName","Category":"","Description":"","Attributes":1,"ValueType":"System.String"},"Value":"Unit_Testovi.NoviTestovi"},{"Key":{"Id":"TestObject.Traits","Label":"Traits","Category":"","Description":"","Attributes":5,"ValueType":"System.Collections.Generic.KeyValuePair`2[[System.String],[System.String]][]"},"Value":[]}]},"Attachments":[],"Outcome":1,"ErrorMessage":null,"ErrorStackTrace":null,"DisplayName":null,"Messages":[],"ComputerName":null,"Duration":"00:00:00.0002946","StartTime":"2020-12-02T02:13:25.8900656+01:00","EndTime":"2020-12-02T02:13:25.8910657+01:00","Properties":[{"Key":{"Id":"ExecutionId","Label":"ExecutionId","Category":"","Description":"","Attributes":1,"ValueType":"System.Guid"},"Value":"00000000-0000-0000-0000-000000000000"},{"Key":{"Id":"ParentExecId","Label":"ParentExecId","Category":"","Description":"","Attributes":1,"ValueType":"System.Guid"},"Value":"00000000-0000-0000-0000-000000000000"},{"Key":{"Id":"InnerResultsCount","Label":"InnerResultsCount","Category":"","Description":"","Attributes":1,"ValueType":"System.Int32"},"Value":0}]},{"TestCase":{"Id":"39b408a3-583c-b5a0-7503-f509f012c8d2","FullyQualifiedName":"Unit_Testovi.NoviTestovi.TestGostKonstruktorIzuzetakUsername","DisplayName":"TestGostKonstruktorIzuzetakUsername","ExecutorUri":"executor://MSTestAdapter/v2","Source":"C:\\Users\\Emir\\source\\repos\\VVS-ZADACA2\\Filmoteka\\Unit Testovi\\bin\\Debug\\fine-code-coverage\\Unit Testovi.dll","CodeFilePath":null,"LineNumber":-1,"Properties":[{"Key":{"Id":"MSTestDiscoverer.TestClassName","Label":"ClassName","Category":"","Description":"","Attributes":1,"ValueType":"System.String"},"Value":"Unit_Testovi.NoviTestovi"},{"Key":{"Id":"TestObject.Traits","Label":"Traits","Category":"","Description":"","Attributes":5,"ValueType":"System.Collections.Generic.KeyValuePair`2[[System.String],[System.String]][]"},"Value":[]}]},"Attachments":[],"Outcome":1,"ErrorMessage":null,"ErrorStackTrace":null,"DisplayName":null,"Messages":[],"ComputerName":null,"Duration":"00:00:00.0006214","StartTime":"2020-12-02T02:13:25.8950659+01:00","EndTime":"2020-12-02T02:13:25.8950659+01:00","Properties":[{"Key":{"Id":"ExecutionId","Label":"ExecutionId","Category":"","Description":"","Attributes":1,"ValueType":"System.Guid"},"Value":"00000000-0000-0000-0000-000000000000"},{"Key":{"Id":"ParentExecId","Label":"ParentExecId","Category":"","Description":"","Attributes":1,"ValueType":"System.Guid"},"Value":"00000000-0000-0000-0000-000000000000"},{"Key":{"Id":"InnerResultsCount","Label":"InnerResultsCount","Category":"","Description":"","Attributes":1,"ValueType":"System.Int32"},"Value":0}]},{"TestCase":{"Id":"86fa567a-4e12-53dd-0313-f751ffd2eb88","FullyQualifiedName":"Unit_Testovi.NoviTestovi.TestGostKonstruktorIzuzetakPassword","DisplayName":"TestGostKonstruktorIzuzetakPassword","ExecutorUri":"executor://MSTestAdapter/v2","Source":"C:\\Users\\Emir\\source\\repos\\VVS-ZADACA2\\Filmoteka\\Unit Testovi\\bin\\Debug\\fine-code-coverage\\Unit Testovi.dll","CodeFilePath":null,"LineNumber":-1,"Properties":[{"Key":{"Id":"MSTestDiscoverer.TestClassName","Label":"ClassName","Category":"","Description":"","Attributes":1,"ValueType":"System.String"},"Value":"Unit_Testovi.NoviTestovi"},{"Key":{"Id":"TestObject.Traits","Label":"Traits","Category":"","Description":"","Attributes":5,"ValueType":"System.Collections.Generic.KeyValuePair`2[[System.String],[System.String]][]"},"Value":[]}]},"Attachments":[],"Outcome":1,"ErrorMessage":null,"ErrorStackTrace":null,"DisplayName":null,"Messages":[],"ComputerName":null,"Duration":"00:00:00.0005688","StartTime":"2020-12-02T02:13:25.8990661+01:00","EndTime":"2020-12-02T02:13:25.9000662+01:00","Properties":[{"Key":{"Id":"ExecutionId","Label":"ExecutionId","Category":"","Description":"","Attributes":1,"ValueType":"System.Guid"},"Value":"00000000-0000-0000-0000-000000000000"},{"Key":{"Id":"ParentExecId","Label":"ParentExecId","Category":"","Description":"","Attributes":1,"ValueType":"System.Guid"},"Value":"00000000-0000-0000-0000-000000000000"},{"Key":{"Id":"InnerResultsCount","Label":"InnerResultsCount","Category":"","Description":"","Attributes":1,"ValueType":"System.Int32"},"Value":0}]},{"TestCase":{"Id":"41fd401d-9afa-9f74-6f5c-6cf219b029c2","FullyQualifiedName":"Unit_Testovi.NoviTestovi.TestGostKonstruktorIzuzetakIme","DisplayName":"TestGostKonstruktorIzuzetakIme","ExecutorUri":"executor://MSTestAdapter/v2","Source":"C:\\Users\\Emir\\source\\repos\\VVS-ZADACA2\\Filmoteka\\Unit Testovi\\bin\\Debug\\fine-code-coverage\\Unit Testovi.dll","CodeFilePath":null,"LineNumber":-1,"Properties":[{"Key":{"Id":"MSTestDiscoverer.TestClassName","Label":"ClassName","Category":"","Description":"","Attributes":1,"ValueType":"System.String"},"Value":"Unit_Testovi.NoviTestovi"},{"Key":{"Id":"TestObject.Traits","Label":"Traits","Category":"","Description":"","Attributes":5,"ValueType":"System.Collections.Generic.KeyValuePair`2[[System.String],[System.String]][]"},"Value":[]}]},"Attachments":[],"Outcome":1,"ErrorMessage":null,"ErrorStackTrace":null,"DisplayName":null,"Messages":[],"ComputerName":null,"Duration":"00:00:00.0005833","StartTime":"2020-12-02T02:13:25.9040664+01:00","EndTime":"2020-12-02T02:13:25.9050665+01:00","Properties":[{"Key":{"Id":"ExecutionId","Label":"ExecutionId","Category":"","Description":"","Attributes":1,"ValueType":"System.Guid"},"Value":"00000000-0000-0000-0000-000000000000"},{"Key":{"Id":"ParentExecId","Label":"ParentExecId","Category":"","Description":"","Attributes":1,"ValueType":"System.Guid"},"Value":"00000000-0000-0000-0000-000000000000"},{"Key":{"Id":"InnerResultsCount","Label":"InnerResultsCount","Category":"","Description":"","Attributes":1,"ValueType":"System.Int32"},"Value":0}]},{"TestCase":{"Id":"5496d222-d9d9-035e-24df-a9776c77309d","FullyQualifiedName":"Unit_Testovi.NoviTestovi.TestGostKonstruktorIzuzetakPrezime","DisplayName":"TestGostKonstruktorIzuzetakPrezime","ExecutorUri":"executor://MSTestAdapter/v2","Source":"C:\\Users\\Emir\\source\\repos\\VVS-ZADACA2\\Filmoteka\\Unit Testovi\\bin\\Debug\\fine-code-coverage\\Unit Testovi.dll","CodeFilePath":null,"LineNumber":-1,"Properties":[{"Key":{"Id":"MSTestDiscoverer.TestClassName","Label":"ClassName","Category":"","Description":"","Attributes":1,"ValueType":"System.String"},"Value":"Unit_Testovi.NoviTestovi"},{"Key":{"Id":"TestObject.Traits","Label":"Traits","Category":"","Description":"","Attributes":5,"ValueType":"System.Collections.Generic.KeyValuePair`2[[System.String],[System.String]][]"},"Value":[]}]},"Attachments":[],"Outcome":1,"ErrorMessage":null,"ErrorStackTrace":null,"DisplayName":null,"Messages":[],"ComputerName":null,"Duration":"00:00:00.0005747","StartTime":"2020-12-02T02:13:25.9080666+01:00","EndTime":"2020-12-02T02:13:25.9090667+01:00","Properties":[{"Key":{"Id":"ExecutionId","Label":"ExecutionId","Category":"","Description":"","Attributes":1,"ValueType":"System.Guid"},"Value":"00000000-0000-0000-0000-000000000000"},{"Key":{"Id":"ParentExecId","Label":"ParentExecId","Category":"","Description":"","Attributes":1,"ValueType":"System.Guid"},"Value":"00000000-0000-0000-0000-000000000000"},{"Key":{"Id":"InnerResultsCount","Label":"InnerResultsCount","Category":"","Description":"","Attributes":1,"ValueType":"System.Int32"},"Value":0}]},{"TestCase":{"Id":"12b3125e-4566-927c-a90b-70d580a15a51","FullyQualifiedName":"Unit_Testovi.NoviTestovi.TestGostKonstruktor","DisplayName":"TestGostKonstruktor","ExecutorUri":"executor://MSTestAdapter/v2","Source":"C:\\Users\\Emir\\source\\repos\\VVS-ZADACA2\\Filmoteka\\Unit Testovi\\bin\\Debug\\fine-code-coverage\\Unit Testovi.dll","CodeFilePath":null,"LineNumber":-1,"Properties":[{"Key":{"Id":"MSTestDiscoverer.TestClassName","Label":"ClassName","Category":"","Description":"","Attributes":1,"ValueType":"System.String"},"Value":"Unit_Testovi.NoviTestovi"},{"Key":{"Id":"TestObject.Traits","Label":"Traits","Category":"","Description":"","Attributes":5,"ValueType":"System.Collections.Generic.KeyValuePair`2[[System.String],[System.String]][]"},"Value":[]}]},"Attachments":[],"Outcome":1,"ErrorMessage":null,"ErrorStackTrace":null,"DisplayName":null,"Messages":[],"ComputerName":null,"Duration":"00:00:00.0001887","StartTime":"2020-12-02T02:13:25.9130669+01:00","EndTime":"2020-12-02T02:13:25.9130669+01:00","Properties":[{"Key":{"Id":"ExecutionId","Label":"ExecutionId","Category":"","Description":"","Attributes":1,"ValueType":"System.Guid"},"Value":"00000000-0000-0000-0000-000000000000"},{"Key":{"Id":"ParentExecId","Label":"ParentExecId","Category":"","Description":"","Attributes":1,"ValueType":"System.Guid"},"Value":"00000000-0000-0000-0000-000000000000"},{"Key":{"Id":"InnerResultsCount","Label":"InnerResultsCount","Category":"","Description":"","Attributes":1,"ValueType":"System.Int32"},"Value":0}]},{"TestCase":{"Id":"bf2ecff7-0441-824e-00de-bca953b0fadc","FullyQualifiedName":"Unit_Testovi.NoviTestovi.TestProduziRokIzuzetak","DisplayName":"TestProduziRokIzuzetak","ExecutorUri":"executor://MSTestAdapter/v2","Source":"C:\\Users\\Emir\\source\\repos\\VVS-ZADACA2\\Filmoteka\\Unit Testovi\\bin\\Debug\\fine-code-coverage\\Unit Testovi.dll","CodeFilePath":null,"LineNumber":-1,"Properties":[{"Key":{"Id":"MSTestDiscoverer.TestClassName","Label":"ClassName","Category":"","Description":"","Attributes":1,"ValueType":"System.String"},"Value":"Unit_Testovi.NoviTestovi"},{"Key":{"Id":"TestObject.Traits","Label":"Traits","Category":"","Description":"","Attributes":5,"ValueType":"System.Collections.Generic.KeyValuePair`2[[System.String],[System.String]][]"},"Value":[]}]},"Attachments":[],"Outcome":1,"ErrorMessage":null,"ErrorStackTrace":null,"DisplayName":null,"Messages":[],"ComputerName":null,"Duration":"00:00:00.0006158","StartTime":"2020-12-02T02:13:25.9160671+01:00","EndTime":"2020-12-02T02:13:25.9170672+01:00","Properties":[{"Key":{"Id":"ExecutionId","Label":"ExecutionId","Category":"","Description":"","Attributes":1,"ValueType":"System.Guid"},"Value":"00000000-0000-0000-0000-000000000000"},{"Key":{"Id":"ParentExecId","Label":"ParentExecId","Category":"","Description":"","Attributes":1,"ValueType":"System.Guid"},"Value":"00000000-0000-0000-0000-000000000000"},{"Key":{"Id":"InnerResultsCount","Label":"InnerResultsCount","Category":"","Description":"","Attributes":1,"ValueType":"System.Int32"},"Value":0}]}],"TestRunStatistics":{"ExecutedTests":18,"Stats":{"Failed":4,"Passed":14}},"ActiveTests":[{"Id":"9ab13ecb-b998-21e4-8673-9699e018df29","FullyQualifiedName":"Unit_Testovi.NoviTestovi.TestClanKonstruktor","DisplayName":"TestClanKonstruktor","ExecutorUri":"executor://MSTestAdapter/v2","Source":"C:\\Users\\Emir\\source\\repos\\VVS-ZADACA2\\Filmoteka\\Unit Testovi\\bin\\Debug\\fine-code-coverage\\Unit Testovi.dll","CodeFilePath":null,"LineNumber":-1,"Properties":[{"Key":{"Id":"MSTestDiscoverer.TestClassName","Label":"ClassName","Category":"","Description":"","Attributes":1,"ValueType":"System.String"},"Value":"Unit_Testovi.NoviTestovi"},{"Key":{"Id":"TestObject.Traits","Label":"Traits","Category":"","Description":"","Attributes":5,"ValueType":"System.Collections.Generic.KeyValuePair`2[[System.String],[System.String]][]"},"Value":[]}]}]}}
TpTrace Verbose: 0 : 12296, 4, 2020/12/02, 02:13:25.923, 817954295989, testhost.dll, TestRunCache: OnNewTestResult: Notified the onCacheHit callback.
TpTrace Verbose: 0 : 12296, 4, 2020/12/02, 02:13:25.926, 817954304629, testhost.dll, TestExecutionRecorder.RecordEnd: test: Unit_Testovi.NoviTestovi.TestClanKonstruktor execution completed.
TpTrace Warning: 0 : 12296, 4, 2020/12/02, 02:13:25.926, 817954304827, testhost.dll, InProgressTests is null
TpTrace Verbose: 0 : 12296, 4, 2020/12/02, 02:13:25.929, 817954311822, testhost.dll, TestExecutionRecorder.RecordResult: Received result for test: Unit_Testovi.NoviTestovi.TestClanKonstruktor.
TpTrace Warning: 0 : 12296, 4, 2020/12/02, 02:13:25.929, 817954312075, testhost.dll, InProgressTests is null
TpTrace Warning: 0 : 12296, 4, 2020/12/02, 02:13:25.929, 817954312222, testhost.dll, TestRunCache: No test found corresponding to testResult 'TestClanKonstruktor  Passed' in inProgress list.
TpTrace Verbose: 0 : 12296, 4, 2020/12/02, 02:13:25.929, 817954312422, testhost.dll, TestExecutionRecorder.RecordStart: Starting test: Unit_Testovi.NoviTestovi.TestResetujListe.
TpTrace Verbose: 0 : 12296, 4, 2020/12/02, 02:13:25.931, 817954319444, testhost.dll, TestExecutionRecorder.RecordEnd: test: Unit_Testovi.NoviTestovi.TestResetujListe execution completed.
TpTrace Verbose: 0 : 12296, 4, 2020/12/02, 02:13:25.934, 817954329311, testhost.dll, TestExecutionRecorder.RecordResult: Received result for test: Unit_Testovi.NoviTestovi.TestResetujListe.
TpTrace Warning: 0 : 12296, 4, 2020/12/02, 02:13:25.934, 817954329583, testhost.dll, InProgressTests is null
TpTrace Warning: 0 : 12296, 4, 2020/12/02, 02:13:25.935, 817954329774, testhost.dll, TestRunCache: No test found corresponding to testResult 'TestResetujListe  Passed' in inProgress list.
TpTrace Verbose: 0 : 12296, 4, 2020/12/02, 02:13:25.935, 817954329993, testhost.dll, TestExecutionRecorder.RecordStart: Starting test: Unit_Testovi.NoviTestovi.TestDodajWatchlistu.
TpTrace Verbose: 0 : 12296, 4, 2020/12/02, 02:13:25.944, 817954358615, testhost.dll, TestExecutionRecorder.RecordEnd: test: Unit_Testovi.NoviTestovi.TestDodajWatchlistu execution completed.
TpTrace Verbose: 0 : 12296, 4, 2020/12/02, 02:13:25.949, 817954373171, testhost.dll, TestExecutionRecorder.RecordResult: Received result for test: Unit_Testovi.NoviTestovi.TestDodajWatchlistu.
TpTrace Warning: 0 : 12296, 4, 2020/12/02, 02:13:25.949, 817954373466, testhost.dll, InProgressTests is null
TpTrace Warning: 0 : 12296, 4, 2020/12/02, 02:13:25.949, 817954373679, testhost.dll, TestRunCache: No test found corresponding to testResult 'TestDodajWatchlistu  Passed' in inProgress list.
TpTrace Verbose: 0 : 12296, 4, 2020/12/02, 02:13:25.949, 817954373894, testhost.dll, TestExecutionRecorder.RecordStart: Starting test: Unit_Testovi.NoviTestovi.TestDodajWatchlistuNevalidnoIme.
TpTrace Verbose: 0 : 12296, 4, 2020/12/02, 02:13:25.954, 817954388392, testhost.dll, TestExecutionRecorder.RecordEnd: test: Unit_Testovi.NoviTestovi.TestDodajWatchlistuNevalidnoIme execution completed.
TpTrace Verbose: 0 : 12296, 4, 2020/12/02, 02:13:25.958, 817954400063, testhost.dll, TestExecutionRecorder.RecordResult: Received result for test: Unit_Testovi.NoviTestovi.TestDodajWatchlistuNevalidnoIme.
TpTrace Warning: 0 : 12296, 4, 2020/12/02, 02:13:25.958, 817954400339, testhost.dll, InProgressTests is null
TpTrace Warning: 0 : 12296, 4, 2020/12/02, 02:13:25.958, 817954400517, testhost.dll, TestRunCache: No test found corresponding to testResult 'TestDodajWatchlistuNevalidnoIme  Passed' in inProgress list.
TpTrace Verbose: 0 : 12296, 4, 2020/12/02, 02:13:25.958, 817954400712, testhost.dll, TestExecutionRecorder.RecordStart: Starting test: Unit_Testovi.NoviTestovi.TestRadSaKorisnicima2.
TpTrace Verbose: 0 : 12296, 4, 2020/12/02, 02:13:25.963, 817954414961, testhost.dll, TestExecutionRecorder.RecordEnd: test: Unit_Testovi.NoviTestovi.TestRadSaKorisnicima2 execution completed.
TpTrace Verbose: 0 : 12296, 4, 2020/12/02, 02:13:25.966, 817954425663, testhost.dll, TestExecutionRecorder.RecordResult: Received result for test: Unit_Testovi.NoviTestovi.TestRadSaKorisnicima2.
TpTrace Warning: 0 : 12296, 4, 2020/12/02, 02:13:25.966, 817954425994, testhost.dll, InProgressTests is null
TpTrace Warning: 0 : 12296, 4, 2020/12/02, 02:13:25.966, 817954426177, testhost.dll, TestRunCache: No test found corresponding to testResult 'TestRadSaKorisnicima2  Passed' in inProgress list.
TpTrace Verbose: 0 : 12296, 4, 2020/12/02, 02:13:25.966, 817954426377, testhost.dll, TestExecutionRecorder.RecordStart: Starting test: Unit_Testovi.NoviTestovi.TestRadSaKorisnicima1.
TpTrace Verbose: 0 : 12296, 4, 2020/12/02, 02:13:25.973, 817954445356, testhost.dll, TestExecutionRecorder.RecordEnd: test: Unit_Testovi.NoviTestovi.TestRadSaKorisnicima1 execution completed.
TpTrace Verbose: 0 : 12296, 4, 2020/12/02, 02:13:25.977, 817954457592, testhost.dll, TestExecutionRecorder.RecordResult: Received result for test: Unit_Testovi.NoviTestovi.TestRadSaKorisnicima1.
TpTrace Warning: 0 : 12296, 4, 2020/12/02, 02:13:25.977, 817954457933, testhost.dll, InProgressTests is null
TpTrace Warning: 0 : 12296, 4, 2020/12/02, 02:13:25.977, 817954458298, testhost.dll, TestRunCache: No test found corresponding to testResult 'TestRadSaKorisnicima1  Failed
  Message: Assert.IsTrue failed. 
  StackTrace:
   at Unit_Testovi.NoviTestovi.TestRadSaKorisnicima1() in C:\Users\Emir\source\repos\VVS-ZADACA2\Filmoteka\Unit Testovi\NoviTestovi.cs:line 305
' in inProgress list.
TpTrace Verbose: 0 : 12296, 4, 2020/12/02, 02:13:25.977, 817954458676, testhost.dll, TestExecutionRecorder.RecordStart: Starting test: Unit_Testovi.NoviTestovi.TestRadSaKorisnicima3.
TpTrace Verbose: 0 : 12296, 4, 2020/12/02, 02:13:25.982, 817954472758, testhost.dll, TestExecutionRecorder.RecordEnd: test: Unit_Testovi.NoviTestovi.TestRadSaKorisnicima3 execution completed.
TpTrace Verbose: 0 : 12296, 4, 2020/12/02, 02:13:25.985, 817954482254, testhost.dll, TestExecutionRecorder.RecordResult: Received result for test: Unit_Testovi.NoviTestovi.TestRadSaKorisnicima3.
TpTrace Warning: 0 : 12296, 4, 2020/12/02, 02:13:25.985, 817954482537, testhost.dll, InProgressTests is null
TpTrace Warning: 0 : 12296, 4, 2020/12/02, 02:13:25.985, 817954482773, testhost.dll, TestRunCache: No test found corresponding to testResult 'TestRadSaKorisnicima3  Passed' in inProgress list.
TpTrace Verbose: 0 : 12296, 4, 2020/12/02, 02:13:25.985, 817954483019, testhost.dll, TestExecutionRecorder.RecordStart: Starting test: Unit_Testovi.NoviTestovi.TestRadSaKorisnicima4.
TpTrace Verbose: 0 : 12296, 4, 2020/12/02, 02:13:25.988, 817954493136, testhost.dll, TestExecutionRecorder.RecordEnd: test: Unit_Testovi.NoviTestovi.TestRadSaKorisnicima4 execution completed.
TpTrace Verbose: 0 : 12296, 4, 2020/12/02, 02:13:25.991, 817954500570, testhost.dll, TestExecutionRecorder.RecordResult: Received result for test: Unit_Testovi.NoviTestovi.TestRadSaKorisnicima4.
TpTrace Warning: 0 : 12296, 4, 2020/12/02, 02:13:25.991, 817954500808, testhost.dll, InProgressTests is null
TpTrace Warning: 0 : 12296, 4, 2020/12/02, 02:13:25.991, 817954500942, testhost.dll, TestRunCache: No test found corresponding to testResult 'TestRadSaKorisnicima4  Passed' in inProgress list.
TpTrace Verbose: 0 : 12296, 4, 2020/12/02, 02:13:25.991, 817954501097, testhost.dll, TestExecutionRecorder.RecordStart: Starting test: Unit_Testovi.NoviTestovi.TestDajSveFilmoveSGLumcima1.
TpTrace Verbose: 0 : 12296, 4, 2020/12/02, 02:13:25.994, 817954509554, testhost.dll, TestExecutionRecorder.RecordEnd: test: Unit_Testovi.NoviTestovi.TestDajSveFilmoveSGLumcima1 execution completed.
TpTrace Verbose: 0 : 12296, 4, 2020/12/02, 02:13:25.996, 817954516634, testhost.dll, TestExecutionRecorder.RecordResult: Received result for test: Unit_Testovi.NoviTestovi.TestDajSveFilmoveSGLumcima1.
TpTrace Warning: 0 : 12296, 4, 2020/12/02, 02:13:25.996, 817954516855, testhost.dll, InProgressTests is null
TpTrace Warning: 0 : 12296, 4, 2020/12/02, 02:13:25.996, 817954517000, testhost.dll, TestRunCache: No test found corresponding to testResult 'TestDajSveFilmoveSGLumcima1  Failed
  Message: Test method did not throw expected exception System.InvalidOperationException. Lista filmova je prazna
  Test Messages:
  StdOutMsgs:
1
' in inProgress list.
TpTrace Verbose: 0 : 12296, 4, 2020/12/02, 02:13:25.996, 817954517190, testhost.dll, TestExecutionRecorder.RecordStart: Starting test: Unit_Testovi.NoviTestovi.TestWatchlistGetters.
TpTrace Information: 0 : 12296, 4, 2020/12/02, 02:13:25.996, 817954517320, testhost.dll, Sending test run statistics
TpTrace Verbose: 0 : 12296, 4, 2020/12/02, 02:13:25.999, 817954526738, testhost.dll, TestRequestHandler.SendData:  sending data from testhost: {"Version":2,"MessageType":"TestExecution.StatsChange","Payload":{"NewTestResults":[{"TestCase":{"Id":"9ab13ecb-b998-21e4-8673-9699e018df29","FullyQualifiedName":"Unit_Testovi.NoviTestovi.TestClanKonstruktor","DisplayName":"TestClanKonstruktor","ExecutorUri":"executor://MSTestAdapter/v2","Source":"C:\\Users\\Emir\\source\\repos\\VVS-ZADACA2\\Filmoteka\\Unit Testovi\\bin\\Debug\\fine-code-coverage\\Unit Testovi.dll","CodeFilePath":null,"LineNumber":-1,"Properties":[{"Key":{"Id":"MSTestDiscoverer.TestClassName","Label":"ClassName","Category":"","Description":"","Attributes":1,"ValueType":"System.String"},"Value":"Unit_Testovi.NoviTestovi"},{"Key":{"Id":"TestObject.Traits","Label":"Traits","Category":"","Description":"","Attributes":5,"ValueType":"System.Collections.Generic.KeyValuePair`2[[System.String],[System.String]][]"},"Value":[]}]},"Attachments":[],"Outcome":1,"ErrorMessage":null,"ErrorStackTrace":null,"DisplayName":null,"Messages":[],"ComputerName":null,"Duration":"00:00:00.0004491","StartTime":"2020-12-02T02:13:25.9260677+01:00","EndTime":"2020-12-02T02:13:25.9260677+01:00","Properties":[{"Key":{"Id":"ExecutionId","Label":"ExecutionId","Category":"","Description":"","Attributes":1,"ValueType":"System.Guid"},"Value":"00000000-0000-0000-0000-000000000000"},{"Key":{"Id":"ParentExecId","Label":"ParentExecId","Category":"","Description":"","Attributes":1,"ValueType":"System.Guid"},"Value":"00000000-0000-0000-0000-000000000000"},{"Key":{"Id":"InnerResultsCount","Label":"InnerResultsCount","Category":"","Description":"","Attributes":1,"ValueType":"System.Int32"},"Value":0}]},{"TestCase":{"Id":"b45e19f7-dfb7-efd1-2a7c-9c68ce58acc9","FullyQualifiedName":"Unit_Testovi.NoviTestovi.TestResetujListe","DisplayName":"TestResetujListe","ExecutorUri":"executor://MSTestAdapter/v2","Source":"C:\\Users\\Emir\\source\\repos\\VVS-ZADACA2\\Filmoteka\\Unit Testovi\\bin\\Debug\\fine-code-coverage\\Unit Testovi.dll","CodeFilePath":null,"LineNumber":-1,"Properties":[{"Key":{"Id":"MSTestDiscoverer.TestClassName","Label":"ClassName","Category":"","Description":"","Attributes":1,"ValueType":"System.String"},"Value":"Unit_Testovi.NoviTestovi"},{"Key":{"Id":"TestObject.Traits","Label":"Traits","Category":"","Description":"","Attributes":5,"ValueType":"System.Collections.Generic.KeyValuePair`2[[System.String],[System.String]][]"},"Value":[]}]},"Attachments":[],"Outcome":1,"ErrorMessage":null,"ErrorStackTrace":null,"DisplayName":null,"Messages":[],"ComputerName":null,"Duration":"00:00:00.0004281","StartTime":"2020-12-02T02:13:25.931068+01:00","EndTime":"2020-12-02T02:13:25.931068+01:00","Properties":[{"Key":{"Id":"ExecutionId","Label":"ExecutionId","Category":"","Description":"","Attributes":1,"ValueType":"System.Guid"},"Value":"00000000-0000-0000-0000-000000000000"},{"Key":{"Id":"ParentExecId","Label":"ParentExecId","Category":"","Description":"","Attributes":1,"ValueType":"System.Guid"},"Value":"00000000-0000-0000-0000-000000000000"},{"Key":{"Id":"InnerResultsCount","Label":"InnerResultsCount","Category":"","Description":"","Attributes":1,"ValueType":"System.Int32"},"Value":0}]},{"TestCase":{"Id":"b05d0ee2-def9-a4ac-4204-55ae9d535972","FullyQualifiedName":"Unit_Testovi.NoviTestovi.TestDodajWatchlistu","DisplayName":"TestDodajWatchlistu","ExecutorUri":"executor://MSTestAdapter/v2","Source":"C:\\Users\\Emir\\source\\repos\\VVS-ZADACA2\\Filmoteka\\Unit Testovi\\bin\\Debug\\fine-code-coverage\\Unit Testovi.dll","CodeFilePath":null,"LineNumber":-1,"Properties":[{"Key":{"Id":"MSTestDiscoverer.TestClassName","Label":"ClassName","Category":"","Description":"","Attributes":1,"ValueType":"System.String"},"Value":"Unit_Testovi.NoviTestovi"},{"Key":{"Id":"TestObject.Traits","Label":"Traits","Category":"","Description":"","Attributes":5,"ValueType":"System.Collections.Generic.KeyValuePair`2[[System.String],[System.String]][]"},"Value":[]}]},"Attachments":[],"Outcome":1,"ErrorMessage":null,"ErrorStackTrace":null,"DisplayName":null,"Messages":[],"ComputerName":null,"Duration":"00:00:00.0010173","StartTime":"2020-12-02T02:13:25.9430686+01:00","EndTime":"2020-12-02T02:13:25.9440687+01:00","Properties":[{"Key":{"Id":"ExecutionId","Label":"ExecutionId","Category":"","Description":"","Attributes":1,"ValueType":"System.Guid"},"Value":"00000000-0000-0000-0000-000000000000"},{"Key":{"Id":"ParentExecId","Label":"ParentExecId","Category":"","Description":"","Attributes":1,"ValueType":"System.Guid"},"Value":"00000000-0000-0000-0000-000000000000"},{"Key":{"Id":"InnerResultsCount","Label":"InnerResultsCount","Category":"","Description":"","Attributes":1,"ValueType":"System.Int32"},"Value":0}]},{"TestCase":{"Id":"b77e61f6-961e-3255-4cea-b7287e0b046c","FullyQualifiedName":"Unit_Testovi.NoviTestovi.TestDodajWatchlistuNevalidnoIme","DisplayName":"TestDodajWatchlistuNevalidnoIme","ExecutorUri":"executor://MSTestAdapter/v2","Source":"C:\\Users\\Emir\\source\\repos\\VVS-ZADACA2\\Filmoteka\\Unit Testovi\\bin\\Debug\\fine-code-coverage\\Unit Testovi.dll","CodeFilePath":null,"LineNumber":-1,"Properties":[{"Key":{"Id":"MSTestDiscoverer.TestClassName","Label":"ClassName","Category":"","Description":"","Attributes":1,"ValueType":"System.String"},"Value":"Unit_Testovi.NoviTestovi"},{"Key":{"Id":"TestObject.Traits","Label":"Traits","Category":"","Description":"","Attributes":5,"ValueType":"System.Collections.Generic.KeyValuePair`2[[System.String],[System.String]][]"},"Value":[]}]},"Attachments":[],"Outcome":1,"ErrorMessage":null,"ErrorStackTrace":null,"DisplayName":null,"Messages":[],"ComputerName":null,"Duration":"00:00:00.0012459","StartTime":"2020-12-02T02:13:25.9520692+01:00","EndTime":"2020-12-02T02:13:25.9540693+01:00","Properties":[{"Key":{"Id":"ExecutionId","Label":"ExecutionId","Category":"","Description":"","Attributes":1,"ValueType":"System.Guid"},"Value":"00000000-0000-0000-0000-000000000000"},{"Key":{"Id":"ParentExecId","Label":"ParentExecId","Category":"","Description":"","Attributes":1,"ValueType":"System.Guid"},"Value":"00000000-0000-0000-0000-000000000000"},{"Key":{"Id":"InnerResultsCount","Label":"InnerResultsCount","Category":"","Description":"","Attributes":1,"ValueType":"System.Int32"},"Value":0}]},{"TestCase":{"Id":"0b1a277a-5ea3-c22e-a0d5-2071500cf294","FullyQualifiedName":"Unit_Testovi.NoviTestovi.TestRadSaKorisnicima2","DisplayName":"TestRadSaKorisnicima2","ExecutorUri":"executor://MSTestAdapter/v2","Source":"C:\\Users\\Emir\\source\\repos\\VVS-ZADACA2\\Filmoteka\\Unit Testovi\\bin\\Debug\\fine-code-coverage\\Unit Testovi.dll","CodeFilePath":null,"LineNumber":-1,"Properties":[{"Key":{"Id":"MSTestDiscoverer.TestClassName","Label":"ClassName","Category":"","Description":"","Attributes":1,"ValueType":"System.String"},"Value":"Unit_Testovi.NoviTestovi"},{"Key":{"Id":"TestObject.Traits","Label":"Traits","Category":"","Description":"","Attributes":5,"ValueType":"System.Collections.Generic.KeyValuePair`2[[System.String],[System.String]][]"},"Value":[]}]},"Attachments":[],"Outcome":1,"ErrorMessage":null,"ErrorStackTrace":null,"DisplayName":null,"Messages":[],"ComputerName":null,"Duration":"00:00:00.0017585","StartTime":"2020-12-02T02:13:25.9610697+01:00","EndTime":"2020-12-02T02:13:25.9620697+01:00","Properties":[{"Key":{"Id":"ExecutionId","Label":"ExecutionId","Category":"","Description":"","Attributes":1,"ValueType":"System.Guid"},"Value":"00000000-0000-0000-0000-000000000000"},{"Key":{"Id":"ParentExecId","Label":"ParentExecId","Category":"","Description":"","Attributes":1,"ValueType":"System.Guid"},"Value":"00000000-0000-0000-0000-000000000000"},{"Key":{"Id":"InnerResultsCount","Label":"InnerResultsCount","Category":"","Description":"","Attributes":1,"ValueType":"System.Int32"},"Value":0}]},{"TestCase":{"Id":"a5a51751-0b91-1792-b4d7-773d10f46762","FullyQualifiedName":"Unit_Testovi.NoviTestovi.TestRadSaKorisnicima1","DisplayName":"TestRadSaKorisnicima1","ExecutorUri":"executor://MSTestAdapter/v2","Source":"C:\\Users\\Emir\\source\\repos\\VVS-ZADACA2\\Filmoteka\\Unit Testovi\\bin\\Debug\\fine-code-coverage\\Unit Testovi.dll","CodeFilePath":null,"LineNumber":-1,"Properties":[{"Key":{"Id":"MSTestDiscoverer.TestClassName","Label":"ClassName","Category":"","Description":"","Attributes":1,"ValueType":"System.String"},"Value":"Unit_Testovi.NoviTestovi"},{"Key":{"Id":"TestObject.Traits","Label":"Traits","Category":"","Description":"","Attributes":5,"ValueType":"System.Collections.Generic.KeyValuePair`2[[System.String],[System.String]][]"},"Value":[]}]},"Attachments":[],"Outcome":2,"ErrorMessage":"Assert.IsTrue failed. ","ErrorStackTrace":"   at Unit_Testovi.NoviTestovi.TestRadSaKorisnicima1() in C:\\Users\\Emir\\source\\repos\\VVS-ZADACA2\\Filmoteka\\Unit Testovi\\NoviTestovi.cs:line 305\r\n","DisplayName":null,"Messages":[],"ComputerName":null,"Duration":"00:00:00.0023840","StartTime":"2020-12-02T02:13:25.9700702+01:00","EndTime":"2020-12-02T02:13:25.9720703+01:00","Properties":[{"Key":{"Id":"ExecutionId","Label":"ExecutionId","Category":"","Description":"","Attributes":1,"ValueType":"System.Guid"},"Value":"00000000-0000-0000-0000-000000000000"},{"Key":{"Id":"ParentExecId","Label":"ParentExecId","Category":"","Description":"","Attributes":1,"ValueType":"System.Guid"},"Value":"00000000-0000-0000-0000-000000000000"},{"Key":{"Id":"InnerResultsCount","Label":"InnerResultsCount","Category":"","Description":"","Attributes":1,"ValueType":"System.Int32"},"Value":0}]},{"TestCase":{"Id":"5237efcb-1dfd-8c0c-9928-ddd872268d8c","FullyQualifiedName":"Unit_Testovi.NoviTestovi.TestRadSaKorisnicima3","DisplayName":"TestRadSaKorisnicima3","ExecutorUri":"executor://MSTestAdapter/v2","Source":"C:\\Users\\Emir\\source\\repos\\VVS-ZADACA2\\Filmoteka\\Unit Testovi\\bin\\Debug\\fine-code-coverage\\Unit Testovi.dll","CodeFilePath":null,"LineNumber":-1,"Properties":[{"Key":{"Id":"MSTestDiscoverer.TestClassName","Label":"ClassName","Category":"","Description":"","Attributes":1,"ValueType":"System.String"},"Value":"Unit_Testovi.NoviTestovi"},{"Key":{"Id":"TestObject.Traits","Label":"Traits","Category":"","Description":"","Attributes":5,"ValueType":"System.Collections.Generic.KeyValuePair`2[[System.String],[System.String]][]"},"Value":[]}]},"Attachments":[],"Outcome":1,"ErrorMessage":null,"ErrorStackTrace":null,"DisplayName":null,"Messages":[],"ComputerName":null,"Duration":"00:00:00.0009394","StartTime":"2020-12-02T02:13:25.9800708+01:00","EndTime":"2020-12-02T02:13:25.9820709+01:00","Properties":[{"Key":{"Id":"ExecutionId","Label":"ExecutionId","Category":"","Description":"","Attributes":1,"ValueType":"System.Guid"},"Value":"00000000-0000-0000-0000-000000000000"},{"Key":{"Id":"ParentExecId","Label":"ParentExecId","Category":"","Description":"","Attributes":1,"ValueType":"System.Guid"},"Value":"00000000-0000-0000-0000-000000000000"},{"Key":{"Id":"InnerResultsCount","Label":"InnerResultsCount","Category":"","Description":"","Attributes":1,"ValueType":"System.Int32"},"Value":0}]},{"TestCase":{"Id":"66b33d35-cbdf-c6db-f5e2-bd2af0c7a32e","FullyQualifiedName":"Unit_Testovi.NoviTestovi.TestRadSaKorisnicima4","DisplayName":"TestRadSaKorisnicima4","ExecutorUri":"executor://MSTestAdapter/v2","Source":"C:\\Users\\Emir\\source\\repos\\VVS-ZADACA2\\Filmoteka\\Unit Testovi\\bin\\Debug\\fine-code-coverage\\Unit Testovi.dll","CodeFilePath":null,"LineNumber":-1,"Properties":[{"Key":{"Id":"MSTestDiscoverer.TestClassName","Label":"ClassName","Category":"","Description":"","Attributes":1,"ValueType":"System.String"},"Value":"Unit_Testovi.NoviTestovi"},{"Key":{"Id":"TestObject.Traits","Label":"Traits","Category":"","Description":"","Attributes":5,"ValueType":"System.Collections.Generic.KeyValuePair`2[[System.String],[System.String]][]"},"Value":[]}]},"Attachments":[],"Outcome":1,"ErrorMessage":null,"ErrorStackTrace":null,"DisplayName":null,"Messages":[],"ComputerName":null,"Duration":"00:00:00.0008003","StartTime":"2020-12-02T02:13:25.9870712+01:00","EndTime":"2020-12-02T02:13:25.9880712+01:00","Properties":[{"Key":{"Id":"ExecutionId","Label":"ExecutionId","Category":"","Description":"","Attributes":1,"ValueType":"System.Guid"},"Value":"00000000-0000-0000-0000-000000000000"},{"Key":{"Id":"ParentExecId","Label":"ParentExecId","Category":"","Description":"","Attributes":1,"ValueType":"System.Guid"},"Value":"00000000-0000-0000-0000-000000000000"},{"Key":{"Id":"InnerResultsCount","Label":"InnerResultsCount","Category":"","Description":"","Attributes":1,"ValueType":"System.Int32"},"Value":0}]},{"TestCase":{"Id":"ffd38ca0-f8ca-4a3f-f9f8-5898c8624527","FullyQualifiedName":"Unit_Testovi.NoviTestovi.TestDajSveFilmoveSGLumcima1","DisplayName":"TestDajSveFilmoveSGLumcima1","ExecutorUri":"executor://MSTestAdapter/v2","Source":"C:\\Users\\Emir\\source\\repos\\VVS-ZADACA2\\Filmoteka\\Unit Testovi\\bin\\Debug\\fine-code-coverage\\Unit Testovi.dll","CodeFilePath":null,"LineNumber":-1,"Properties":[{"Key":{"Id":"MSTestDiscoverer.TestClassName","Label":"ClassName","Category":"","Description":"","Attributes":1,"ValueType":"System.String"},"Value":"Unit_Testovi.NoviTestovi"},{"Key":{"Id":"TestObject.Traits","Label":"Traits","Category":"","Description":"","Attributes":5,"ValueType":"System.Collections.Generic.KeyValuePair`2[[System.String],[System.String]][]"},"Value":[]}]},"Attachments":[],"Outcome":2,"ErrorMessage":"Test method did not throw expected exception System.InvalidOperationException. Lista filmova je prazna","ErrorStackTrace":null,"DisplayName":null,"Messages":[{"Category":"StdOutMsgs","Text":"1\r\n"}],"ComputerName":null,"Duration":"00:00:00.0006043","StartTime":"2020-12-02T02:13:25.9930715+01:00","EndTime":"2020-12-02T02:13:25.9940716+01:00","Properties":[{"Key":{"Id":"ExecutionId","Label":"ExecutionId","Category":"","Description":"","Attributes":1,"ValueType":"System.Guid"},"Value":"00000000-0000-0000-0000-000000000000"},{"Key":{"Id":"ParentExecId","Label":"ParentExecId","Category":"","Description":"","Attributes":1,"ValueType":"System.Guid"},"Value":"00000000-0000-0000-0000-000000000000"},{"Key":{"Id":"InnerResultsCount","Label":"InnerResultsCount","Category":"","Description":"","Attributes":1,"ValueType":"System.Int32"},"Value":0}]}],"TestRunStatistics":{"ExecutedTests":27,"Stats":{"Failed":6,"Passed":21}},"ActiveTests":[{"Id":"4c112a7f-3f51-b744-8a86-026b4873fce5","FullyQualifiedName":"Unit_Testovi.NoviTestovi.TestWatchlistGetters","DisplayName":"TestWatchlistGetters","ExecutorUri":"executor://MSTestAdapter/v2","Source":"C:\\Users\\Emir\\source\\repos\\VVS-ZADACA2\\Filmoteka\\Unit Testovi\\bin\\Debug\\fine-code-coverage\\Unit Testovi.dll","CodeFilePath":null,"LineNumber":-1,"Properties":[{"Key":{"Id":"MSTestDiscoverer.TestClassName","Label":"ClassName","Category":"","Description":"","Attributes":1,"ValueType":"System.String"},"Value":"Unit_Testovi.NoviTestovi"},{"Key":{"Id":"TestObject.Traits","Label":"Traits","Category":"","Description":"","Attributes":5,"ValueType":"System.Collections.Generic.KeyValuePair`2[[System.String],[System.String]][]"},"Value":[]}]}]}}
TpTrace Verbose: 0 : 12296, 4, 2020/12/02, 02:13:26.004, 817954540314, testhost.dll, TestRunCache: OnNewTestResult: Notified the onCacheHit callback.
TpTrace Verbose: 0 : 12296, 4, 2020/12/02, 02:13:26.007, 817954550353, testhost.dll, TestExecutionRecorder.RecordEnd: test: Unit_Testovi.NoviTestovi.TestWatchlistGetters execution completed.
TpTrace Warning: 0 : 12296, 4, 2020/12/02, 02:13:26.007, 817954550588, testhost.dll, InProgressTests is null
TpTrace Verbose: 0 : 12296, 4, 2020/12/02, 02:13:26.010, 817954558532, testhost.dll, TestExecutionRecorder.RecordResult: Received result for test: Unit_Testovi.NoviTestovi.TestWatchlistGetters.
TpTrace Warning: 0 : 12296, 4, 2020/12/02, 02:13:26.010, 817954558835, testhost.dll, InProgressTests is null
TpTrace Warning: 0 : 12296, 4, 2020/12/02, 02:13:26.010, 817954559084, testhost.dll, TestRunCache: No test found corresponding to testResult 'TestWatchlistGetters  Passed' in inProgress list.
TpTrace Verbose: 0 : 12296, 4, 2020/12/02, 02:13:26.010, 817954559365, testhost.dll, TestExecutionRecorder.RecordStart: Starting test: Unit_Testovi.NoviTestovi.TestOcjenaFilma.
TpTrace Verbose: 0 : 12296, 4, 2020/12/02, 02:13:26.013, 817954567329, testhost.dll, TestExecutionRecorder.RecordEnd: test: Unit_Testovi.NoviTestovi.TestOcjenaFilma execution completed.
TpTrace Verbose: 0 : 12296, 4, 2020/12/02, 02:13:26.015, 817954574085, testhost.dll, TestExecutionRecorder.RecordResult: Received result for test: Unit_Testovi.NoviTestovi.TestOcjenaFilma.
TpTrace Warning: 0 : 12296, 4, 2020/12/02, 02:13:26.015, 817954574300, testhost.dll, InProgressTests is null
TpTrace Warning: 0 : 12296, 4, 2020/12/02, 02:13:26.015, 817954574431, testhost.dll, TestRunCache: No test found corresponding to testResult 'TestOcjenaFilma  Passed' in inProgress list.
TpTrace Verbose: 0 : 12296, 4, 2020/12/02, 02:13:26.015, 817954574581, testhost.dll, TestExecutionRecorder.RecordStart: Starting test: Unit_Testovi.NoviTestovi.TestOcjenaFilmaNevalidna.
TpTrace Verbose: 0 : 12296, 4, 2020/12/02, 02:13:26.018, 817954583272, testhost.dll, TestExecutionRecorder.RecordEnd: test: Unit_Testovi.NoviTestovi.TestOcjenaFilmaNevalidna execution completed.
TpTrace Verbose: 0 : 12296, 4, 2020/12/02, 02:13:26.020, 817954590287, testhost.dll, TestExecutionRecorder.RecordResult: Received result for test: Unit_Testovi.NoviTestovi.TestOcjenaFilmaNevalidna.
TpTrace Warning: 0 : 12296, 4, 2020/12/02, 02:13:26.020, 817954590509, testhost.dll, InProgressTests is null
TpTrace Warning: 0 : 12296, 4, 2020/12/02, 02:13:26.020, 817954590640, testhost.dll, TestRunCache: No test found corresponding to testResult 'TestOcjenaFilmaNevalidna  Passed' in inProgress list.
TpTrace Verbose: 0 : 12296, 4, 2020/12/02, 02:13:26.020, 817954590793, testhost.dll, TestExecutionRecorder.RecordStart: Starting test: Unit_Testovi.NoviTestovi.TestGlumciFilmaGreska.
TpTrace Verbose: 0 : 12296, 4, 2020/12/02, 02:13:26.023, 817954598494, testhost.dll, TestExecutionRecorder.RecordEnd: test: Unit_Testovi.NoviTestovi.TestGlumciFilmaGreska execution completed.
TpTrace Verbose: 0 : 12296, 4, 2020/12/02, 02:13:26.025, 817954604644, testhost.dll, TestExecutionRecorder.RecordResult: Received result for test: Unit_Testovi.NoviTestovi.TestGlumciFilmaGreska.
TpTrace Warning: 0 : 12296, 4, 2020/12/02, 02:13:26.025, 817954604841, testhost.dll, InProgressTests is null
TpTrace Warning: 0 : 12296, 4, 2020/12/02, 02:13:26.025, 817954604979, testhost.dll, TestRunCache: No test found corresponding to testResult 'TestGlumciFilmaGreska  Passed' in inProgress list.
TpTrace Verbose: 0 : 12296, 4, 2020/12/02, 02:13:26.025, 817954605130, testhost.dll, TestExecutionRecorder.RecordStart: Starting test: Unit_Testovi.NoviTestovi.TestKonstruktorFilmaNull.
TpTrace Verbose: 0 : 12296, 4, 2020/12/02, 02:13:26.027, 817954611108, testhost.dll, TestExecutionRecorder.RecordEnd: test: Unit_Testovi.NoviTestovi.TestKonstruktorFilmaNull execution completed.
TpTrace Verbose: 0 : 12296, 4, 2020/12/02, 02:13:26.029, 817954617682, testhost.dll, TestExecutionRecorder.RecordResult: Received result for test: Unit_Testovi.NoviTestovi.TestKonstruktorFilmaNull.
TpTrace Warning: 0 : 12296, 4, 2020/12/02, 02:13:26.029, 817954617923, testhost.dll, InProgressTests is null
TpTrace Warning: 0 : 12296, 4, 2020/12/02, 02:13:26.029, 817954618069, testhost.dll, TestRunCache: No test found corresponding to testResult 'TestKonstruktorFilmaNull  Passed' in inProgress list.
TpTrace Verbose: 0 : 12296, 4, 2020/12/02, 02:13:26.029, 817954618238, testhost.dll, TestExecutionRecorder.RecordStart: Starting test: Unit_Testovi.NoviTestovi.TestFilmIdGet.
TpTrace Verbose: 0 : 12296, 4, 2020/12/02, 02:13:26.031, 817954623690, testhost.dll, TestExecutionRecorder.RecordEnd: test: Unit_Testovi.NoviTestovi.TestFilmIdGet execution completed.
TpTrace Verbose: 0 : 12296, 4, 2020/12/02, 02:13:26.033, 817954628192, testhost.dll, TestExecutionRecorder.RecordResult: Received result for test: Unit_Testovi.NoviTestovi.TestFilmIdGet.
TpTrace Warning: 0 : 12296, 4, 2020/12/02, 02:13:26.033, 817954628425, testhost.dll, InProgressTests is null
TpTrace Warning: 0 : 12296, 4, 2020/12/02, 02:13:26.033, 817954628574, testhost.dll, TestRunCache: No test found corresponding to testResult 'TestFilmIdGet  Passed' in inProgress list.
TpTrace Verbose: 0 : 12296, 4, 2020/12/02, 02:13:26.033, 817954628720, testhost.dll, TestExecutionRecorder.RecordStart: Starting test: Unit_Testovi.NoviTestovi.TestGostGetters.
TpTrace Verbose: 0 : 12296, 4, 2020/12/02, 02:13:26.035, 817954635005, testhost.dll, TestExecutionRecorder.RecordEnd: test: Unit_Testovi.NoviTestovi.TestGostGetters execution completed.
TpTrace Verbose: 0 : 12296, 4, 2020/12/02, 02:13:26.036, 817954639461, testhost.dll, TestExecutionRecorder.RecordResult: Received result for test: Unit_Testovi.NoviTestovi.TestGostGetters.
TpTrace Warning: 0 : 12296, 4, 2020/12/02, 02:13:26.036, 817954639675, testhost.dll, InProgressTests is null
TpTrace Warning: 0 : 12296, 4, 2020/12/02, 02:13:26.036, 817954639804, testhost.dll, TestRunCache: No test found corresponding to testResult 'TestGostGetters  Passed' in inProgress list.
TpTrace Verbose: 0 : 12296, 4, 2020/12/02, 02:13:26.039, 817954647640, testhost.dll, BaseRunTests.RunTestInternalWithExecutors: Completed running tests for executor://MSTestAdapter/v2
TpTrace Information: 0 : 12296, 4, 2020/12/02, 02:13:26.042, 817954657675, testhost.dll, Sending test run complete
TpTrace Verbose: 0 : 12296, 4, 2020/12/02, 02:13:26.059, 817954707680, testhost.dll, TestRequestHandler.SendData:  sending data from testhost: {"Version":2,"MessageType":"TestExecution.Completed","Payload":{"TestRunCompleteArgs":{"TestRunStatistics":{"ExecutedTests":34,"Stats":{"Failed":6,"Passed":28}},"IsCanceled":false,"IsAborted":false,"Error":null,"AttachmentSets":[],"ElapsedTimeInRunningTests":"00:00:00.5615300","Metrics":{}},"LastRunTests":{"NewTestResults":[{"TestCase":{"Id":"4c112a7f-3f51-b744-8a86-026b4873fce5","FullyQualifiedName":"Unit_Testovi.NoviTestovi.TestWatchlistGetters","DisplayName":"TestWatchlistGetters","ExecutorUri":"executor://MSTestAdapter/v2","Source":"C:\\Users\\Emir\\source\\repos\\VVS-ZADACA2\\Filmoteka\\Unit Testovi\\bin\\Debug\\fine-code-coverage\\Unit Testovi.dll","CodeFilePath":null,"LineNumber":-1,"Properties":[{"Key":{"Id":"MSTestDiscoverer.TestClassName","Label":"ClassName","Category":"","Description":"","Attributes":1,"ValueType":"System.String"},"Value":"Unit_Testovi.NoviTestovi"},{"Key":{"Id":"TestObject.Traits","Label":"Traits","Category":"","Description":"","Attributes":5,"ValueType":"System.Collections.Generic.KeyValuePair`2[[System.String],[System.String]][]"},"Value":[]}]},"Attachments":[],"Outcome":1,"ErrorMessage":null,"ErrorStackTrace":null,"DisplayName":null,"Messages":[],"ComputerName":null,"Duration":"00:00:00.0006471","StartTime":"2020-12-02T02:13:26.0060723+01:00","EndTime":"2020-12-02T02:13:26.0070723+01:00","Properties":[{"Key":{"Id":"ExecutionId","Label":"ExecutionId","Category":"","Description":"","Attributes":1,"ValueType":"System.Guid"},"Value":"00000000-0000-0000-0000-000000000000"},{"Key":{"Id":"ParentExecId","Label":"ParentExecId","Category":"","Description":"","Attributes":1,"ValueType":"System.Guid"},"Value":"00000000-0000-0000-0000-000000000000"},{"Key":{"Id":"InnerResultsCount","Label":"InnerResultsCount","Category":"","Description":"","Attributes":1,"ValueType":"System.Int32"},"Value":0}]},{"TestCase":{"Id":"6b3c749b-c159-aafa-2990-c9e4026f0c9b","FullyQualifiedName":"Unit_Testovi.NoviTestovi.TestOcjenaFilma","DisplayName":"TestOcjenaFilma","ExecutorUri":"executor://MSTestAdapter/v2","Source":"C:\\Users\\Emir\\source\\repos\\VVS-ZADACA2\\Filmoteka\\Unit Testovi\\bin\\Debug\\fine-code-coverage\\Unit Testovi.dll","CodeFilePath":null,"LineNumber":-1,"Properties":[{"Key":{"Id":"MSTestDiscoverer.TestClassName","Label":"ClassName","Category":"","Description":"","Attributes":1,"ValueType":"System.String"},"Value":"Unit_Testovi.NoviTestovi"},{"Key":{"Id":"TestObject.Traits","Label":"Traits","Category":"","Description":"","Attributes":5,"ValueType":"System.Collections.Generic.KeyValuePair`2[[System.String],[System.String]][]"},"Value":[]}]},"Attachments":[],"Outcome":1,"ErrorMessage":null,"ErrorStackTrace":null,"DisplayName":null,"Messages":[],"ComputerName":null,"Duration":"00:00:00.0004228","StartTime":"2020-12-02T02:13:26.0120726+01:00","EndTime":"2020-12-02T02:13:26.0130727+01:00","Properties":[{"Key":{"Id":"ExecutionId","Label":"ExecutionId","Category":"","Description":"","Attributes":1,"ValueType":"System.Guid"},"Value":"00000000-0000-0000-0000-000000000000"},{"Key":{"Id":"ParentExecId","Label":"ParentExecId","Category":"","Description":"","Attributes":1,"ValueType":"System.Guid"},"Value":"00000000-0000-0000-0000-000000000000"},{"Key":{"Id":"InnerResultsCount","Label":"InnerResultsCount","Category":"","Description":"","Attributes":1,"ValueType":"System.Int32"},"Value":0}]},{"TestCase":{"Id":"0de731af-9fce-2c49-97db-103c13d35c18","FullyQualifiedName":"Unit_Testovi.NoviTestovi.TestOcjenaFilmaNevalidna","DisplayName":"TestOcjenaFilmaNevalidna","ExecutorUri":"executor://MSTestAdapter/v2","Source":"C:\\Users\\Emir\\source\\repos\\VVS-ZADACA2\\Filmoteka\\Unit Testovi\\bin\\Debug\\fine-code-coverage\\Unit Testovi.dll","CodeFilePath":null,"LineNumber":-1,"Properties":[{"Key":{"Id":"MSTestDiscoverer.TestClassName","Label":"ClassName","Category":"","Description":"","Attributes":1,"ValueType":"System.String"},"Value":"Unit_Testovi.NoviTestovi"},{"Key":{"Id":"TestObject.Traits","Label":"Traits","Category":"","Description":"","Attributes":5,"ValueType":"System.Collections.Generic.KeyValuePair`2[[System.String],[System.String]][]"},"Value":[]}]},"Attachments":[],"Outcome":1,"ErrorMessage":null,"ErrorStackTrace":null,"DisplayName":null,"Messages":[],"ComputerName":null,"Duration":"00:00:00.0007349","StartTime":"2020-12-02T02:13:26.0170729+01:00","EndTime":"2020-12-02T02:13:26.0180729+01:00","Properties":[{"Key":{"Id":"ExecutionId","Label":"ExecutionId","Category":"","Description":"","Attributes":1,"ValueType":"System.Guid"},"Value":"00000000-0000-0000-0000-000000000000"},{"Key":{"Id":"ParentExecId","Label":"ParentExecId","Category":"","Description":"","Attributes":1,"ValueType":"System.Guid"},"Value":"00000000-0000-0000-0000-000000000000"},{"Key":{"Id":"InnerResultsCount","Label":"InnerResultsCount","Category":"","Description":"","Attributes":1,"ValueType":"System.Int32"},"Value":0}]},{"TestCase":{"Id":"1fd12fe1-cad1-16ba-f60d-5607f5c76911","FullyQualifiedName":"Unit_Testovi.NoviTestovi.TestGlumciFilmaGreska","DisplayName":"TestGlumciFilmaGreska","ExecutorUri":"executor://MSTestAdapter/v2","Source":"C:\\Users\\Emir\\source\\repos\\VVS-ZADACA2\\Filmoteka\\Unit Testovi\\bin\\Debug\\fine-code-coverage\\Unit Testovi.dll","CodeFilePath":null,"LineNumber":-1,"Properties":[{"Key":{"Id":"MSTestDiscoverer.TestClassName","Label":"ClassName","Category":"","Description":"","Attributes":1,"ValueType":"System.String"},"Value":"Unit_Testovi.NoviTestovi"},{"Key":{"Id":"TestObject.Traits","Label":"Traits","Category":"","Description":"","Attributes":5,"ValueType":"System.Collections.Generic.KeyValuePair`2[[System.String],[System.String]][]"},"Value":[]}]},"Attachments":[],"Outcome":1,"ErrorMessage":null,"ErrorStackTrace":null,"DisplayName":null,"Messages":[],"ComputerName":null,"Duration":"00:00:00.0006842","StartTime":"2020-12-02T02:13:26.0220732+01:00","EndTime":"2020-12-02T02:13:26.0230732+01:00","Properties":[{"Key":{"Id":"ExecutionId","Label":"ExecutionId","Category":"","Description":"","Attributes":1,"ValueType":"System.Guid"},"Value":"00000000-0000-0000-0000-000000000000"},{"Key":{"Id":"ParentExecId","Label":"ParentExecId","Category":"","Description":"","Attributes":1,"ValueType":"System.Guid"},"Value":"00000000-0000-0000-0000-000000000000"},{"Key":{"Id":"InnerResultsCount","Label":"InnerResultsCount","Category":"","Description":"","Attributes":1,"ValueType":"System.Int32"},"Value":0}]},{"TestCase":{"Id":"715aaf6e-0938-2509-4933-188da981eb81","FullyQualifiedName":"Unit_Testovi.NoviTestovi.TestKonstruktorFilmaNull","DisplayName":"TestKonstruktorFilmaNull","ExecutorUri":"executor://MSTestAdapter/v2","Source":"C:\\Users\\Emir\\source\\repos\\VVS-ZADACA2\\Filmoteka\\Unit Testovi\\bin\\Debug\\fine-code-coverage\\Unit Testovi.dll","CodeFilePath":null,"LineNumber":-1,"Properties":[{"Key":{"Id":"MSTestDiscoverer.TestClassName","Label":"ClassName","Category":"","Description":"","Attributes":1,"ValueType":"System.String"},"Value":"Unit_Testovi.NoviTestovi"},{"Key":{"Id":"TestObject.Traits","Label":"Traits","Category":"","Description":"","Attributes":5,"ValueType":"System.Collections.Generic.KeyValuePair`2[[System.String],[System.String]][]"},"Value":[]}]},"Attachments":[],"Outcome":1,"ErrorMessage":null,"ErrorStackTrace":null,"DisplayName":null,"Messages":[],"ComputerName":null,"Duration":"00:00:00.0002808","StartTime":"2020-12-02T02:13:26.0270735+01:00","EndTime":"2020-12-02T02:13:26.0270735+01:00","Properties":[{"Key":{"Id":"ExecutionId","Label":"ExecutionId","Category":"","Description":"","Attributes":1,"ValueType":"System.Guid"},"Value":"00000000-0000-0000-0000-000000000000"},{"Key":{"Id":"ParentExecId","Label":"ParentExecId","Category":"","Description":"","Attributes":1,"ValueType":"System.Guid"},"Value":"00000000-0000-0000-0000-000000000000"},{"Key":{"Id":"InnerResultsCount","Label":"InnerResultsCount","Category":"","Description":"","Attributes":1,"ValueType":"System.Int32"},"Value":0}]},{"TestCase":{"Id":"a8cc0d83-d5b1-9283-3596-9227ef7276ff","FullyQualifiedName":"Unit_Testovi.NoviTestovi.TestFilmIdGet","DisplayName":"TestFilmIdGet","ExecutorUri":"executor://MSTestAdapter/v2","Source":"C:\\Users\\Emir\\source\\repos\\VVS-ZADACA2\\Filmoteka\\Unit Testovi\\bin\\Debug\\fine-code-coverage\\Unit Testovi.dll","CodeFilePath":null,"LineNumber":-1,"Properties":[{"Key":{"Id":"MSTestDiscoverer.TestClassName","Label":"ClassName","Category":"","Description":"","Attributes":1,"ValueType":"System.String"},"Value":"Unit_Testovi.NoviTestovi"},{"Key":{"Id":"TestObject.Traits","Label":"Traits","Category":"","Description":"","Attributes":5,"ValueType":"System.Collections.Generic.KeyValuePair`2[[System.String],[System.String]][]"},"Value":[]}]},"Attachments":[],"Outcome":1,"ErrorMessage":null,"ErrorStackTrace":null,"DisplayName":null,"Messages":[],"ComputerName":null,"Duration":"00:00:00.0002949","StartTime":"2020-12-02T02:13:26.0310737+01:00","EndTime":"2020-12-02T02:13:26.0310737+01:00","Properties":[{"Key":{"Id":"ExecutionId","Label":"ExecutionId","Category":"","Description":"","Attributes":1,"ValueType":"System.Guid"},"Value":"00000000-0000-0000-0000-000000000000"},{"Key":{"Id":"ParentExecId","Label":"ParentExecId","Category":"","Description":"","Attributes":1,"ValueType":"System.Guid"},"Value":"00000000-0000-0000-0000-000000000000"},{"Key":{"Id":"InnerResultsCount","Label":"InnerResultsCount","Category":"","Description":"","Attributes":1,"ValueType":"System.Int32"},"Value":0}]},{"TestCase":{"Id":"27b7b273-e32f-a952-1733-b8680029fe70","FullyQualifiedName":"Unit_Testovi.NoviTestovi.TestGostGetters","DisplayName":"TestGostGetters","ExecutorUri":"executor://MSTestAdapter/v2","Source":"C:\\Users\\Emir\\source\\repos\\VVS-ZADACA2\\Filmoteka\\Unit Testovi\\bin\\Debug\\fine-code-coverage\\Unit Testovi.dll","CodeFilePath":null,"LineNumber":-1,"Properties":[{"Key":{"Id":"MSTestDiscoverer.TestClassName","Label":"ClassName","Category":"","Description":"","Attributes":1,"ValueType":"System.String"},"Value":"Unit_Testovi.NoviTestovi"},{"Key":{"Id":"TestObject.Traits","Label":"Traits","Category":"","Description":"","Attributes":5,"ValueType":"System.Collections.Generic.KeyValuePair`2[[System.String],[System.String]][]"},"Value":[]}]},"Attachments":[],"Outcome":1,"ErrorMessage":null,"ErrorStackTrace":null,"DisplayName":null,"Messages":[],"ComputerName":null,"Duration":"00:00:00.0005800","StartTime":"2020-12-02T02:13:26.0340739+01:00","EndTime":"2020-12-02T02:13:26.0350739+01:00","Properties":[{"Key":{"Id":"ExecutionId","Label":"ExecutionId","Category":"","Description":"","Attributes":1,"ValueType":"System.Guid"},"Value":"00000000-0000-0000-0000-000000000000"},{"Key":{"Id":"ParentExecId","Label":"ParentExecId","Category":"","Description":"","Attributes":1,"ValueType":"System.Guid"},"Value":"00000000-0000-0000-0000-000000000000"},{"Key":{"Id":"InnerResultsCount","Label":"InnerResultsCount","Category":"","Description":"","Attributes":1,"ValueType":"System.Int32"},"Value":0}]}],"TestRunStatistics":{"ExecutedTests":34,"Stats":{"Failed":6,"Passed":28}},"ActiveTests":[]},"RunAttachments":[],"ExecutorUris":["executor://mstestadapter/v2"]}}
TpTrace Verbose: 0 : 12296, 4, 2020/12/02, 02:13:26.059, 817954709494, testhost.dll, BaseRunTests.RunTests: Run is complete.
TpTrace Verbose: 0 : 12296, 9, 2020/12/02, 02:13:26.062, 817954716718, testhost.dll, TcpClientExtensions.MessageLoopAsync: NotifyDataAvailable remoteEndPoint: [::ffff:127.0.0.1]:55267 localEndPoint: [::ffff:127.0.0.1]:55268
TpTrace Information: 0 : 12296, 9, 2020/12/02, 02:13:26.062, 817954717105, testhost.dll, TestRequestHandler.ProcessRequests: received message: (TestSession.Terminate) -> null
TpTrace Information: 0 : 12296, 9, 2020/12/02, 02:13:26.062, 817954717228, testhost.dll, Session End message received from server. Closing the connection.
TpTrace Information: 0 : 12296, 9, 2020/12/02, 02:13:26.062, 817954718387, testhost.dll, SocketClient.Stop: Stop communication from server endpoint: 127.0.0.1:055267
TpTrace Information: 0 : 12296, 9, 2020/12/02, 02:13:26.062, 817954718519, testhost.dll, SocketClient: Stop: Cancellation requested. Stopping message loop.
TpTrace Verbose: 0 : 12296, 9, 2020/12/02, 02:13:26.063, 817954719235, testhost.dll, LengthPrefixCommunicationChannel.Dispose: Dispose reader and writer.
TpTrace Information: 0 : 12296, 9, 2020/12/02, 02:13:26.063, 817954719404, testhost.dll, Closing the connection !
TpTrace Information: 0 : 12296, 9, 2020/12/02, 02:13:26.063, 817954720213, testhost.dll, SocketClient.PrivateStop: Stop communication from server endpoint: 127.0.0.1:055267, error:
TpTrace Verbose: 0 : 12296, 9, 2020/12/02, 02:13:26.063, 817954721214, testhost.dll, LengthPrefixCommunicationChannel.Dispose: Dispose reader and writer.
TpTrace Information: 0 : 12296, 1, 2020/12/02, 02:13:26.063, 817954721276, testhost.dll, Closing the connection !
TpTrace Verbose: 0 : 12296, 9, 2020/12/02, 02:13:26.063, 817954721398, testhost.dll, TcpClientExtensions.MessageLoopAsync: exiting MessageLoopAsync remoteEndPoint: [::ffff:127.0.0.1]:55267 localEndPoint: [::ffff:127.0.0.1]:55268
TpTrace Information: 0 : 12296, 1, 2020/12/02, 02:13:26.063, 817954721570, testhost.dll, SocketClient.Stop: Stop communication from server endpoint: 127.0.0.1:055267
TpTrace Verbose: 0 : 12296, 1, 2020/12/02, 02:13:26.063, 817954721717, testhost.dll, LengthPrefixCommunicationChannel.Dispose: Dispose reader and writer.
TpTrace Information: 0 : 12296, 1, 2020/12/02, 02:13:26.063, 817954722028, testhost.dll, Testhost process exiting.
