TpTrace Information: 0 : 11192, 1, 2020/12/01, 14:33:56.612, 2668738282134, testhost.dll, DefaultEngineInvoker.Invoke: Testhost process started with args :[--port, 50294],[--endpoint, 127.0.0.1:050294],[--role, client],[--parentprocessid, 12972],[--diag, C:\Users\EK\Desktop\VVS-Zadaca2\Filmoteka\Unit Testovi\bin\Debug\fine-code-coverage\_outputfolder\diagnostics.host.20-12-01_14-33-56_48166_4.log],[--tracelevel, 4],[--datacollectionport, 50293],[--telemetryoptedin, false]
TpTrace Information: 0 : 11192, 1, 2020/12/01, 14:33:56.617, 2668738305727, testhost.dll, DefaultEngineInvoker.SetParentProcessExitCallback: Monitoring parent process with id: '12972'
TpTrace Information: 0 : 11192, 1, 2020/12/01, 14:33:56.623, 2668738363194, testhost.dll, DefaultEngineInvoker.GetConnectionInfo: Initialize communication on endpoint address: '127.0.0.1:050294'
TpTrace Information: 0 : 11192, 1, 2020/12/01, 14:33:56.636, 2668738490060, testhost.dll, SocketClient.Start: connecting to server endpoint: 127.0.0.1:050294
TpTrace Information: 0 : 11192, 1, 2020/12/01, 14:33:56.640, 2668738532465, testhost.dll, DefaultEngineInvoker.ConnectToDatacollector: Connecting to datacollector, port: 50293
TpTrace Information: 0 : 11192, 8, 2020/12/01, 14:33:56.642, 2668738550406, testhost.dll, SocketClient.OnServerConnected: connected to server endpoint: 127.0.0.1:050294
TpTrace Information: 0 : 11192, 1, 2020/12/01, 14:33:56.643, 2668738561364, testhost.dll, Trying to connect to server on socket : 127.0.0.1:50293 
TpTrace Verbose: 0 : 11192, 1, 2020/12/01, 14:33:56.643, 2668738565429, testhost.dll, SocketCommunicationManager : SetupClientAsync : Attempting to connect to the server.
TpTrace Verbose: 0 : 11192, 8, 2020/12/01, 14:33:56.643, 2668738566483, testhost.dll, Connected to server, and starting MessageLoopAsync
TpTrace Information: 0 : 11192, 10, 2020/12/01, 14:33:56.645, 2668738579550, testhost.dll, Connected to the server successfully 
TpTrace Information: 0 : 11192, 10, 2020/12/01, 14:33:56.645, 2668738580170, testhost.dll, Using the buffer size of 16384 bytes
TpTrace Information: 0 : 11192, 1, 2020/12/01, 14:33:56.645, 2668738585134, testhost.dll, DefaultEngineInvoker.Invoke: Start Request Processing.
TpTrace Verbose: 0 : 11192, 8, 2020/12/01, 14:33:56.646, 2668738589971, testhost.dll, TcpClientExtensions.MessageLoopAsync: Polling on remoteEndPoint: [::ffff:127.0.0.1]:50294 localEndPoint: [::ffff:127.0.0.1]:50295
TpTrace Verbose: 0 : 11192, 8, 2020/12/01, 14:33:56.646, 2668738592656, testhost.dll, TcpClientExtensions.MessageLoopAsync: NotifyDataAvailable remoteEndPoint: [::ffff:127.0.0.1]:50294 localEndPoint: [::ffff:127.0.0.1]:50295
TpTrace Information: 0 : 11192, 11, 2020/12/01, 14:33:56.646, 2668738592694, testhost.dll, DefaultEngineInvoker.StartProcessingAsync: Connected to vstest.console, Starting process requests.
TpTrace Information: 0 : 11192, 8, 2020/12/01, 14:33:56.757, 2668739704657, testhost.dll, TestRequestHandler.ProcessRequests: received message: (ProtocolVersion) -> 3
TpTrace Verbose: 0 : 11192, 8, 2020/12/01, 14:33:56.783, 2668739965547, testhost.dll, TestRequestHandler.SendData:  sending data from testhost: {"Version":2,"MessageType":"TestSession.Message","Payload":{"MessageLevel":0,"Message":"Logging TestHost Diagnostics in file: C:\\Users\\EK\\Desktop\\VVS-Zadaca2\\Filmoteka\\Unit Testovi\\bin\\Debug\\fine-code-coverage\\_outputfolder\\diagnostics.host.20-12-01_14-33-56_48166_4.log"}}
TpTrace Verbose: 0 : 11192, 8, 2020/12/01, 14:33:56.783, 2668739967544, testhost.dll, TcpClientExtensions.MessageLoopAsync: Polling on remoteEndPoint: [::ffff:127.0.0.1]:50294 localEndPoint: [::ffff:127.0.0.1]:50295
TpTrace Verbose: 0 : 11192, 8, 2020/12/01, 14:33:56.784, 2668739968112, testhost.dll, TcpClientExtensions.MessageLoopAsync: NotifyDataAvailable remoteEndPoint: [::ffff:127.0.0.1]:50294 localEndPoint: [::ffff:127.0.0.1]:50295
TpTrace Information: 0 : 11192, 8, 2020/12/01, 14:33:56.787, 2668740001102, testhost.dll, TestRequestHandler.ProcessRequests: received message: (TestExecution.Initialize) -> [
  "C:\\Users\\EK\\Desktop\\VVS-Zadaca2\\Filmoteka\\Unit Testovi\\bin\\Debug\\fine-code-coverage\\Microsoft.VisualStudio.TestPlatform.MSTest.TestAdapter.dll"
]
TpTrace Information: 0 : 11192, 8, 2020/12/01, 14:33:56.787, 2668740002631, testhost.dll, Execution Session Initialize.
TpTrace Verbose: 0 : 11192, 8, 2020/12/01, 14:33:56.794, 2668740070963, testhost.dll, TcpClientExtensions.MessageLoopAsync: Polling on remoteEndPoint: [::ffff:127.0.0.1]:50294 localEndPoint: [::ffff:127.0.0.1]:50295
TpTrace Verbose: 0 : 11192, 8, 2020/12/01, 14:33:56.794, 2668740071895, testhost.dll, TcpClientExtensions.MessageLoopAsync: NotifyDataAvailable remoteEndPoint: [::ffff:127.0.0.1]:50294 localEndPoint: [::ffff:127.0.0.1]:50295
TpTrace Verbose: 0 : 11192, 4, 2020/12/01, 14:33:56.796, 2668740094085, testhost.dll, TestExecutorService: Loading the extensions
TpTrace Information: 0 : 11192, 8, 2020/12/01, 14:33:56.797, 2668740098819, testhost.dll, TestRequestHandler.ProcessRequests: received message: (TestExecution.StartWithSources) -> {
  "AdapterSourceMap": {
    "_none_": [
      "C:\\Users\\EK\\Desktop\\VVS-Zadaca2\\Filmoteka\\Unit Testovi\\bin\\Debug\\fine-code-coverage\\Unit Testovi.dll"
    ]
  },
  "RunSettings": "<RunSettings>\r\n  <RunConfiguration>\r\n    <ResultsDirectory>C:\\Users\\EK\\Desktop\\VVS-Zadaca2\\Filmoteka\\Unit Testovi\\bin\\Debug\\fine-code-coverage\\_outputfolder</ResultsDirectory>\r\n    <TargetPlatform>X64</TargetPlatform>\r\n    <TargetFrameworkVersion>.NETCoreApp,Version=v3.1</TargetFrameworkVersion>\r\n    <DesignMode>False</DesignMode>\r\n    <CollectSourceInformation>False</CollectSourceInformation>\r\n  </RunConfiguration>\r\n  <LoggerRunSettings>\r\n    <Loggers>\r\n      <Logger friendlyName=\"blame\" enabled=\"True\" />\r\n      <Logger friendlyName=\"Console\" uri=\"logger://microsoft/TestPlatform/ConsoleLogger/v1\" assemblyQualifiedName=\"Microsoft.VisualStudio.TestPlatform.CommandLine.Internal.ConsoleLogger, vstest.console, Version=15.0.0.0, Culture=neutral, PublicKeyToken=b03f5f7f11d50a3a\" codeBase=\"C:\\Program Files\\dotnet\\sdk\\5.0.100\\vstest.console.dll\" enabled=\"True\" />\r\n    </Loggers>\r\n  </LoggerRunSettings>\r\n  <DataCollectionRunSettings>\r\n    <DataCollectors>\r\n      <DataCollector friendlyName=\"blame\" enabled=\"True\">\r\n        <Configuration>\r\n          <ResultsDirectory>C:\\Users\\EK\\Desktop\\VVS-Zadaca2\\Filmoteka\\Unit Testovi\\bin\\Debug\\fine-code-coverage\\_outputfolder</ResultsDirectory>\r\n        </Configuration>\r\n      </DataCollector>\r\n    </DataCollectors>\r\n  </DataCollectionRunSettings>\r\n</RunSettings>",
  "TestExecutionContext": {
    "FrequencyOfRunStatsChangeEvent": 10,
    "RunStatsChangeEventTimeout": "00:00:01.5000000",
    "InIsolation": false,
    "KeepAlive": false,
    "AreTestCaseLevelEventsRequired": false,
    "IsDebug": false,
    "TestCaseFilter": null,
    "FilterOptions": null
  },
  "Package": null
}
TpTrace Information: 0 : 11192, 8, 2020/12/01, 14:33:56.797, 2668740099744, testhost.dll, Execution started.
TpTrace Verbose: 0 : 11192, 4, 2020/12/01, 14:33:56.798, 2668740108689, testhost.dll, TestPluginCache.DiscoverTestExtensions: finding test extensions in assemblies endswith: TestAdapter.dll TPluginInfo: Microsoft.VisualStudio.TestPlatform.Common.ExtensionFramework.Utilities.TestExecutorPluginInformation TExtension: Microsoft.VisualStudio.TestPlatform.ObjectModel.Adapter.ITestExecutor
TpTrace Verbose: 0 : 11192, 4, 2020/12/01, 14:33:56.798, 2668740117144, testhost.dll, TestPluginCache.GetExtensionPaths: Filtered extension paths: 
TpTrace Verbose: 0 : 11192, 4, 2020/12/01, 14:33:56.799, 2668740119770, testhost.dll, TestPluginCache.GetExtensionPaths: Added default extension paths: C:\Users\EK\Desktop\VVS-Zadaca2\Filmoteka\Unit Testovi\bin\Debug\fine-code-coverage\Microsoft.VisualStudio.TestPlatform.MSTest.TestAdapter.dll
TpTrace Verbose: 0 : 11192, 4, 2020/12/01, 14:33:56.799, 2668740120216, testhost.dll, TestPluginCache.GetExtensionPaths: Added unfilterableExtensionPaths: 
TpTrace Information: 0 : 11192, 4, 2020/12/01, 14:33:56.801, 2668740139307, testhost.dll, AssemblyResolver.ctor: Creating AssemblyResolver with searchDirectories C:\Users\EK\Desktop\VVS-Zadaca2\Filmoteka\Unit Testovi\bin\Debug\fine-code-coverage
TpTrace Verbose: 0 : 11192, 4, 2020/12/01, 14:33:56.802, 2668740154068, testhost.dll, TestPluginCache.DiscoverTestExtensions: Discovering the extensions using extension path.
TpTrace Verbose: 0 : 11192, 4, 2020/12/01, 14:33:56.802, 2668740154804, testhost.dll, TestPluginCache.GetExtensionPaths: Filtered extension paths: 
TpTrace Verbose: 0 : 11192, 4, 2020/12/01, 14:33:56.802, 2668740155305, testhost.dll, TestPluginCache.GetExtensionPaths: Added default extension paths: C:\Users\EK\Desktop\VVS-Zadaca2\Filmoteka\Unit Testovi\bin\Debug\fine-code-coverage\Microsoft.VisualStudio.TestPlatform.MSTest.TestAdapter.dll
TpTrace Verbose: 0 : 11192, 4, 2020/12/01, 14:33:56.802, 2668740155757, testhost.dll, TestPluginCache.GetExtensionPaths: Added unfilterableExtensionPaths: 
TpTrace Verbose: 0 : 11192, 4, 2020/12/01, 14:33:56.802, 2668740156209, testhost.dll, TestPluginCache.DiscoverTestExtensions: Discovering the extensions using allExtensionPaths: C:\Users\EK\Desktop\VVS-Zadaca2\Filmoteka\Unit Testovi\bin\Debug\fine-code-coverage\Microsoft.VisualStudio.TestPlatform.MSTest.TestAdapter.dll
TpTrace Information: 0 : 11192, 4, 2020/12/01, 14:33:56.803, 2668740163412, testhost.dll, AssemblyResolver.AddSearchDirectories: Adding more searchDirectories C:\Users\EK\Desktop\VVS-Zadaca2\Filmoteka\Unit Testovi\bin\Debug\fine-code-coverage
TpTrace Information: 0 : 11192, 4, 2020/12/01, 14:33:56.807, 2668740200414, testhost.dll, AssemblyResolver.OnResolve: Microsoft.VisualStudio.TestPlatform.MSTest.TestAdapter: Resolving assembly.
TpTrace Information: 0 : 11192, 4, 2020/12/01, 14:33:56.808, 2668740214201, testhost.dll, AssemblyResolver.OnResolve: Resolved assembly: Microsoft.VisualStudio.TestPlatform.MSTest.TestAdapter, from path: C:\Users\EK\Desktop\VVS-Zadaca2\Filmoteka\Unit Testovi\bin\Debug\fine-code-coverage\Microsoft.VisualStudio.TestPlatform.MSTest.TestAdapter.dll
TpTrace Information: 0 : 11192, 4, 2020/12/01, 14:33:56.810, 2668740228241, testhost.dll, AssemblyResolver.OnResolve: Microsoft.VisualStudio.TestPlatform.MSTestAdapter.PlatformServices.Interface: Resolving assembly.
TpTrace Information: 0 : 11192, 4, 2020/12/01, 14:33:56.810, 2668740232310, testhost.dll, AssemblyResolver.OnResolve: Resolved assembly: Microsoft.VisualStudio.TestPlatform.MSTestAdapter.PlatformServices.Interface, from path: C:\Users\EK\Desktop\VVS-Zadaca2\Filmoteka\Unit Testovi\bin\Debug\fine-code-coverage\Microsoft.VisualStudio.TestPlatform.MSTestAdapter.PlatformServices.Interface.dll
TpTrace Information: 0 : 11192, 4, 2020/12/01, 14:33:56.810, 2668740234016, testhost.dll, AssemblyResolver.OnResolve: Microsoft.VisualStudio.TestPlatform.MSTestAdapter.PlatformServices: Resolving assembly.
TpTrace Information: 0 : 11192, 4, 2020/12/01, 14:33:56.811, 2668740238269, testhost.dll, AssemblyResolver.OnResolve: Resolved assembly: Microsoft.VisualStudio.TestPlatform.MSTestAdapter.PlatformServices, from path: C:\Users\EK\Desktop\VVS-Zadaca2\Filmoteka\Unit Testovi\bin\Debug\fine-code-coverage\Microsoft.VisualStudio.TestPlatform.MSTestAdapter.PlatformServices.dll
TpTrace Verbose: 0 : 11192, 4, 2020/12/01, 14:33:56.815, 2668740278655, testhost.dll, TestPluginCache: Discovered the extensions using extension path ''.
TpTrace Verbose: 0 : 11192, 4, 2020/12/01, 14:33:56.815, 2668740282114, testhost.dll, TestPluginCache: Discoverers are ''.
TpTrace Verbose: 0 : 11192, 4, 2020/12/01, 14:33:56.815, 2668740282656, testhost.dll, TestPluginCache: Executors are 'executor://MSTestAdapter/v2'.
TpTrace Verbose: 0 : 11192, 4, 2020/12/01, 14:33:56.815, 2668740283326, testhost.dll, TestPluginCache: Setting providers are ''.
TpTrace Verbose: 0 : 11192, 4, 2020/12/01, 14:33:56.815, 2668740284037, testhost.dll, TestPluginCache: Loggers are ''.
TpTrace Verbose: 0 : 11192, 8, 2020/12/01, 14:33:56.817, 2668740303166, testhost.dll, TcpClientExtensions.MessageLoopAsync: Polling on remoteEndPoint: [::ffff:127.0.0.1]:50294 localEndPoint: [::ffff:127.0.0.1]:50295
TpTrace Information: 0 : 11192, 4, 2020/12/01, 14:33:56.820, 2668740331414, testhost.dll, TestPluginManager.CreateTestExtension: Attempting to load test extension: Microsoft.VisualStudio.TestPlatform.MSTest.TestAdapter.MSTestExecutor
TpTrace Verbose: 0 : 11192, 4, 2020/12/01, 14:33:56.823, 2668740359513, testhost.dll, TestExecutorExtensionManager: Loading executor Microsoft.VisualStudio.TestPlatform.MSTest.TestAdapter.MSTestExecutor
TpTrace Verbose: 0 : 11192, 4, 2020/12/01, 14:33:56.823, 2668740359920, testhost.dll, TestExecutorService: Loaded the executors
TpTrace Verbose: 0 : 11192, 4, 2020/12/01, 14:33:56.823, 2668740367371, testhost.dll, TestPluginCache.DiscoverTestExtensions: finding test extensions in assemblies endswith: TestAdapter.dll TPluginInfo: Microsoft.VisualStudio.TestPlatform.Common.ExtensionFramework.Utilities.TestSettingsProviderPluginInformation TExtension: Microsoft.VisualStudio.TestPlatform.ObjectModel.Adapter.ISettingsProvider
TpTrace Verbose: 0 : 11192, 4, 2020/12/01, 14:33:56.824, 2668740369635, testhost.dll, TestPluginCache.GetExtensionPaths: Filtered extension paths: 
TpTrace Verbose: 0 : 11192, 4, 2020/12/01, 14:33:56.824, 2668740370004, testhost.dll, TestPluginCache.GetExtensionPaths: Added default extension paths: C:\Users\EK\Desktop\VVS-Zadaca2\Filmoteka\Unit Testovi\bin\Debug\fine-code-coverage\Microsoft.VisualStudio.TestPlatform.MSTest.TestAdapter.dll
TpTrace Verbose: 0 : 11192, 4, 2020/12/01, 14:33:56.824, 2668740370340, testhost.dll, TestPluginCache.GetExtensionPaths: Added unfilterableExtensionPaths: 
TpTrace Information: 0 : 11192, 4, 2020/12/01, 14:33:56.824, 2668740372304, testhost.dll, AssemblyResolver.AddSearchDirectories: Adding more searchDirectories C:\Users\EK\Desktop\VVS-Zadaca2\Filmoteka\Unit Testovi\bin\Debug\fine-code-coverage
TpTrace Verbose: 0 : 11192, 4, 2020/12/01, 14:33:56.824, 2668740372854, testhost.dll, TestPluginCache.DiscoverTestExtensions: Discovering the extensions using extension path.
TpTrace Verbose: 0 : 11192, 4, 2020/12/01, 14:33:56.824, 2668740373122, testhost.dll, TestPluginCache.GetExtensionPaths: Filtered extension paths: 
TpTrace Verbose: 0 : 11192, 4, 2020/12/01, 14:33:56.824, 2668740373630, testhost.dll, TestPluginCache.GetExtensionPaths: Added default extension paths: C:\Users\EK\Desktop\VVS-Zadaca2\Filmoteka\Unit Testovi\bin\Debug\fine-code-coverage\Microsoft.VisualStudio.TestPlatform.MSTest.TestAdapter.dll
TpTrace Verbose: 0 : 11192, 4, 2020/12/01, 14:33:56.824, 2668740373992, testhost.dll, TestPluginCache.GetExtensionPaths: Added unfilterableExtensionPaths: 
TpTrace Verbose: 0 : 11192, 4, 2020/12/01, 14:33:56.824, 2668740374238, testhost.dll, TestPluginCache.DiscoverTestExtensions: Discovering the extensions using allExtensionPaths: C:\Users\EK\Desktop\VVS-Zadaca2\Filmoteka\Unit Testovi\bin\Debug\fine-code-coverage\Microsoft.VisualStudio.TestPlatform.MSTest.TestAdapter.dll
TpTrace Information: 0 : 11192, 4, 2020/12/01, 14:33:56.824, 2668740374594, testhost.dll, AssemblyResolver.AddSearchDirectories: Adding more searchDirectories C:\Users\EK\Desktop\VVS-Zadaca2\Filmoteka\Unit Testovi\bin\Debug\fine-code-coverage
TpTrace Verbose: 0 : 11192, 4, 2020/12/01, 14:33:56.824, 2668740376256, testhost.dll, TestPluginCache: Discovered the extensions using extension path ''.
TpTrace Verbose: 0 : 11192, 4, 2020/12/01, 14:33:56.824, 2668740376609, testhost.dll, TestPluginCache: Discoverers are ''.
TpTrace Verbose: 0 : 11192, 4, 2020/12/01, 14:33:56.824, 2668740376955, testhost.dll, TestPluginCache: Executors are 'executor://MSTestAdapter/v2'.
TpTrace Verbose: 0 : 11192, 4, 2020/12/01, 14:33:56.824, 2668740377419, testhost.dll, TestPluginCache: Setting providers are ''.
TpTrace Verbose: 0 : 11192, 4, 2020/12/01, 14:33:56.824, 2668740377680, testhost.dll, TestPluginCache: Loggers are ''.
TpTrace Verbose: 0 : 11192, 4, 2020/12/01, 14:33:56.825, 2668740385042, testhost.dll, TestExecutorService: Loaded the settings providers
TpTrace Information: 0 : 11192, 4, 2020/12/01, 14:33:56.825, 2668740385739, testhost.dll, TestExecutorService: Loaded the extensions
TpTrace Information: 0 : 11192, 4, 2020/12/01, 14:33:56.885, 2668740978395, testhost.dll, TestDiscoveryManager: Discovering tests from sources C:\Users\EK\Desktop\VVS-Zadaca2\Filmoteka\Unit Testovi\bin\Debug\fine-code-coverage\Unit Testovi.dll
TpTrace Verbose: 0 : 11192, 4, 2020/12/01, 14:33:56.886, 2668740994061, testhost.dll, TestPluginCache.DiscoverTestExtensions: finding test extensions in assemblies endswith: TestAdapter.dll TPluginInfo: Microsoft.VisualStudio.TestPlatform.Common.ExtensionFramework.Utilities.TestDiscovererPluginInformation TExtension: Microsoft.VisualStudio.TestPlatform.ObjectModel.Adapter.ITestDiscoverer
TpTrace Verbose: 0 : 11192, 4, 2020/12/01, 14:33:56.886, 2668740995061, testhost.dll, TestPluginCache.GetExtensionPaths: Filtered extension paths: 
TpTrace Verbose: 0 : 11192, 4, 2020/12/01, 14:33:56.886, 2668740995536, testhost.dll, TestPluginCache.GetExtensionPaths: Added default extension paths: C:\Users\EK\Desktop\VVS-Zadaca2\Filmoteka\Unit Testovi\bin\Debug\fine-code-coverage\Microsoft.VisualStudio.TestPlatform.MSTest.TestAdapter.dll
TpTrace Verbose: 0 : 11192, 4, 2020/12/01, 14:33:56.886, 2668740996017, testhost.dll, TestPluginCache.GetExtensionPaths: Added unfilterableExtensionPaths: 
TpTrace Information: 0 : 11192, 4, 2020/12/01, 14:33:56.886, 2668740996930, testhost.dll, AssemblyResolver.AddSearchDirectories: Adding more searchDirectories C:\Users\EK\Desktop\VVS-Zadaca2\Filmoteka\Unit Testovi\bin\Debug\fine-code-coverage
TpTrace Verbose: 0 : 11192, 4, 2020/12/01, 14:33:56.886, 2668740997323, testhost.dll, TestPluginCache.DiscoverTestExtensions: Discovering the extensions using extension path.
TpTrace Verbose: 0 : 11192, 4, 2020/12/01, 14:33:56.886, 2668740997592, testhost.dll, TestPluginCache.GetExtensionPaths: Filtered extension paths: 
TpTrace Verbose: 0 : 11192, 4, 2020/12/01, 14:33:56.886, 2668740997836, testhost.dll, TestPluginCache.GetExtensionPaths: Added default extension paths: C:\Users\EK\Desktop\VVS-Zadaca2\Filmoteka\Unit Testovi\bin\Debug\fine-code-coverage\Microsoft.VisualStudio.TestPlatform.MSTest.TestAdapter.dll
TpTrace Verbose: 0 : 11192, 4, 2020/12/01, 14:33:56.887, 2668740998206, testhost.dll, TestPluginCache.GetExtensionPaths: Added unfilterableExtensionPaths: 
TpTrace Verbose: 0 : 11192, 4, 2020/12/01, 14:33:56.887, 2668740999023, testhost.dll, TestPluginCache.DiscoverTestExtensions: Discovering the extensions using allExtensionPaths: C:\Users\EK\Desktop\VVS-Zadaca2\Filmoteka\Unit Testovi\bin\Debug\fine-code-coverage\Microsoft.VisualStudio.TestPlatform.MSTest.TestAdapter.dll
TpTrace Information: 0 : 11192, 4, 2020/12/01, 14:33:56.887, 2668740999974, testhost.dll, AssemblyResolver.AddSearchDirectories: Adding more searchDirectories C:\Users\EK\Desktop\VVS-Zadaca2\Filmoteka\Unit Testovi\bin\Debug\fine-code-coverage
TpTrace Verbose: 0 : 11192, 4, 2020/12/01, 14:33:56.889, 2668741019049, testhost.dll, TestPluginCache: Discovered the extensions using extension path ''.
TpTrace Verbose: 0 : 11192, 4, 2020/12/01, 14:33:56.889, 2668741019544, testhost.dll, TestPluginCache: Discoverers are 'Microsoft.VisualStudio.TestPlatform.MSTest.TestAdapter.MSTestDiscoverer, Microsoft.VisualStudio.TestPlatform.MSTest.TestAdapter, Version=14.0.0.0, Culture=neutral, PublicKeyToken=b03f5f7f11d50a3a'.
TpTrace Verbose: 0 : 11192, 4, 2020/12/01, 14:33:56.889, 2668741019881, testhost.dll, TestPluginCache: Executors are 'executor://MSTestAdapter/v2'.
TpTrace Verbose: 0 : 11192, 4, 2020/12/01, 14:33:56.889, 2668741020127, testhost.dll, TestPluginCache: Setting providers are ''.
TpTrace Verbose: 0 : 11192, 4, 2020/12/01, 14:33:56.889, 2668741020346, testhost.dll, TestPluginCache: Loggers are ''.
TpTrace Verbose: 0 : 11192, 4, 2020/12/01, 14:33:56.892, 2668741057948, testhost.dll, BaseRunTests.RunTestInternalWithExecutors: Running tests for executor://MSTestAdapter/v2
TpTrace Information: 0 : 11192, 4, 2020/12/01, 14:33:56.929, 2668741424194, testhost.dll, AssemblyResolver.OnResolve: Microsoft.VisualStudio.TestPlatform.MSTestAdapter.PlatformServices.resources: Resolving assembly.
TpTrace Information: 0 : 11192, 4, 2020/12/01, 14:33:56.929, 2668741425855, testhost.dll, AssemblyResolver.OnResolve: Microsoft.VisualStudio.TestPlatform.MSTestAdapter.PlatformServices.resources: Failed to load assembly.
TpTrace Information: 0 : 11192, 4, 2020/12/01, 14:33:56.929, 2668741427954, testhost.dll, AssemblyResolver.OnResolve: Microsoft.VisualStudio.TestPlatform.MSTestAdapter.PlatformServices.resources: Resolving assembly.
TpTrace Information: 0 : 11192, 4, 2020/12/01, 14:33:56.930, 2668741428337, testhost.dll, AssemblyResolver.OnResolve: Microsoft.VisualStudio.TestPlatform.MSTestAdapter.PlatformServices.resources: Resolved from cache.
TpTrace Verbose: 0 : 11192, 4, 2020/12/01, 14:33:56.942, 2668741548614, testhost.dll, TestExecutionRecorder.RecordStart: Starting test: Unit_Testovi.NoviTestovi.TestZamjenskiObjekat.
TpTrace Information: 0 : 11192, 4, 2020/12/01, 14:33:57.021, 2668742346688, testhost.dll, AssemblyResolver.OnResolve: Microsoft.VisualStudio.TestPlatform.MSTest.TestAdapter.resources: Resolving assembly.
TpTrace Information: 0 : 11192, 4, 2020/12/01, 14:33:57.021, 2668742347899, testhost.dll, AssemblyResolver.OnResolve: Microsoft.VisualStudio.TestPlatform.MSTest.TestAdapter.resources: Failed to load assembly.
TpTrace Verbose: 0 : 11192, 4, 2020/12/01, 14:33:57.050, 2668742629578, testhost.dll, TestExecutionRecorder.RecordEnd: test: Unit_Testovi.NoviTestovi.TestZamjenskiObjekat execution completed.
TpTrace Verbose: 0 : 11192, 4, 2020/12/01, 14:33:57.064, 2668742774526, testhost.dll, TestExecutionRecorder.RecordResult: Received result for test: Unit_Testovi.NoviTestovi.TestZamjenskiObjekat.
TpTrace Warning: 0 : 11192, 4, 2020/12/01, 14:33:57.067, 2668742805717, testhost.dll, InProgressTests is null
TpTrace Warning: 0 : 11192, 4, 2020/12/01, 14:33:57.069, 2668742823128, testhost.dll, TestRunCache: No test found corresponding to testResult 'TestZamjenskiObjekat  Failed
  Message: Test method Unit_Testovi.NoviTestovi.TestZamjenskiObjekat threw exception: 
System.NotImplementedException: The method or operation is not implemented.
  StackTrace:
    at Filmoteka.Reziser.DaLiJeReziraoFilm(Film f) in C:\Users\EK\Desktop\VVS-Zadaca2\Filmoteka\Filmoteka\Reziser.cs:line 15
   at Filmoteka.Filmoteka.DajSveFilmoveZaRezisera(IReziser reziser) in C:\Users\EK\Desktop\VVS-Zadaca2\Filmoteka\Filmoteka\Filmoteka.cs:line 97
   at Unit_Testovi.NoviTestovi.TestZamjenskiObjekat() in C:\Users\EK\Desktop\VVS-Zadaca2\Filmoteka\Unit Testovi\NoviTestovi.cs:line 23
' in inProgress list.
TpTrace Verbose: 0 : 11192, 4, 2020/12/01, 14:33:57.069, 2668742824428, testhost.dll, TestExecutionRecorder.RecordStart: Starting test: Unit_Testovi.NoviTestovi.TestDodajNastavakIstiGlumci.
TpTrace Verbose: 0 : 11192, 4, 2020/12/01, 14:33:57.074, 2668742873079, testhost.dll, TestExecutionRecorder.RecordEnd: test: Unit_Testovi.NoviTestovi.TestDodajNastavakIstiGlumci execution completed.
TpTrace Verbose: 0 : 11192, 4, 2020/12/01, 14:33:57.075, 2668742883972, testhost.dll, TestExecutionRecorder.RecordResult: Received result for test: Unit_Testovi.NoviTestovi.TestDodajNastavakIstiGlumci.
TpTrace Warning: 0 : 11192, 4, 2020/12/01, 14:33:57.075, 2668742884930, testhost.dll, InProgressTests is null
TpTrace Warning: 0 : 11192, 4, 2020/12/01, 14:33:57.075, 2668742885524, testhost.dll, TestRunCache: No test found corresponding to testResult 'TestDodajNastavakIstiGlumci  Failed
  Message: Test method Unit_Testovi.NoviTestovi.TestDodajNastavakIstiGlumci threw exception: 
System.NotImplementedException: The method or operation is not implemented.
  StackTrace:
    at Filmoteka.Filmoteka.DodajNastavak(Film film, Double rating, Boolean istiGlumci, List`1 noviGlumci) in C:\Users\EK\Desktop\VVS-Zadaca2\Filmoteka\Filmoteka\Filmoteka.cs:line 147
   at Unit_Testovi.NoviTestovi.TestDodajNastavakIstiGlumci() in C:\Users\EK\Desktop\VVS-Zadaca2\Filmoteka\Unit Testovi\NoviTestovi.cs:line 40
' in inProgress list.
TpTrace Verbose: 0 : 11192, 4, 2020/12/01, 14:33:57.075, 2668742886184, testhost.dll, TestExecutionRecorder.RecordStart: Starting test: Unit_Testovi.NoviTestovi.TestDodajNastavakRazlicitiGlumci.
TpTrace Verbose: 0 : 11192, 4, 2020/12/01, 14:33:57.077, 2668742903074, testhost.dll, TestExecutionRecorder.RecordEnd: test: Unit_Testovi.NoviTestovi.TestDodajNastavakRazlicitiGlumci execution completed.
TpTrace Verbose: 0 : 11192, 4, 2020/12/01, 14:33:57.078, 2668742914162, testhost.dll, TestExecutionRecorder.RecordResult: Received result for test: Unit_Testovi.NoviTestovi.TestDodajNastavakRazlicitiGlumci.
TpTrace Warning: 0 : 11192, 4, 2020/12/01, 14:33:57.078, 2668742914908, testhost.dll, InProgressTests is null
TpTrace Warning: 0 : 11192, 4, 2020/12/01, 14:33:57.078, 2668742915290, testhost.dll, TestRunCache: No test found corresponding to testResult 'TestDodajNastavakRazlicitiGlumci  Failed
  Message: Test method Unit_Testovi.NoviTestovi.TestDodajNastavakRazlicitiGlumci threw exception: 
System.NotImplementedException: The method or operation is not implemented.
  StackTrace:
    at Filmoteka.Filmoteka.DodajNastavak(Film film, Double rating, Boolean istiGlumci, List`1 noviGlumci) in C:\Users\EK\Desktop\VVS-Zadaca2\Filmoteka\Filmoteka\Filmoteka.cs:line 147
   at Unit_Testovi.NoviTestovi.TestDodajNastavakRazlicitiGlumci() in C:\Users\EK\Desktop\VVS-Zadaca2\Filmoteka\Unit Testovi\NoviTestovi.cs:line 53
' in inProgress list.
TpTrace Verbose: 0 : 11192, 4, 2020/12/01, 14:33:57.078, 2668742915734, testhost.dll, TestExecutionRecorder.RecordStart: Starting test: Unit_Testovi.NoviTestovi.TestDodajNastavakIzuzetak.
TpTrace Information: 0 : 11192, 4, 2020/12/01, 14:33:57.081, 2668742944693, testhost.dll, AssemblyResolver.OnResolve: Microsoft.VisualStudio.TestPlatform.TestFramework.resources: Resolving assembly.
TpTrace Information: 0 : 11192, 4, 2020/12/01, 14:33:57.081, 2668742946050, testhost.dll, AssemblyResolver.OnResolve: Microsoft.VisualStudio.TestPlatform.TestFramework.resources: Failed to load assembly.
TpTrace Verbose: 0 : 11192, 4, 2020/12/01, 14:33:57.082, 2668742953919, testhost.dll, TestExecutionRecorder.RecordEnd: test: Unit_Testovi.NoviTestovi.TestDodajNastavakIzuzetak execution completed.
TpTrace Verbose: 0 : 11192, 4, 2020/12/01, 14:33:57.083, 2668742963400, testhost.dll, TestExecutionRecorder.RecordResult: Received result for test: Unit_Testovi.NoviTestovi.TestDodajNastavakIzuzetak.
TpTrace Warning: 0 : 11192, 4, 2020/12/01, 14:33:57.083, 2668742963947, testhost.dll, InProgressTests is null
TpTrace Warning: 0 : 11192, 4, 2020/12/01, 14:33:57.083, 2668742964309, testhost.dll, TestRunCache: No test found corresponding to testResult 'TestDodajNastavakIzuzetak  Failed
  Message: Test method threw exception System.NotImplementedException, but exception System.ArgumentNullException was expected. Exception message: System.NotImplementedException: The method or operation is not implemented.
  StackTrace:
   at Filmoteka.Filmoteka.DodajNastavak(Film film, Double rating, Boolean istiGlumci, List`1 noviGlumci) in C:\Users\EK\Desktop\VVS-Zadaca2\Filmoteka\Filmoteka\Filmoteka.cs:line 147
   at Unit_Testovi.NoviTestovi.TestDodajNastavakIzuzetak() in C:\Users\EK\Desktop\VVS-Zadaca2\Filmoteka\Unit Testovi\NoviTestovi.cs:line 66
' in inProgress list.
TpTrace Verbose: 0 : 11192, 4, 2020/12/01, 14:33:57.083, 2668742964711, testhost.dll, TestExecutionRecorder.RecordStart: Starting test: Unit_Testovi.NoviTestovi.TestDajSveFilmoveSGLumcima.
TpTrace Verbose: 0 : 11192, 4, 2020/12/01, 14:33:57.086, 2668742990367, testhost.dll, TestExecutionRecorder.RecordEnd: test: Unit_Testovi.NoviTestovi.TestDajSveFilmoveSGLumcima execution completed.
TpTrace Verbose: 0 : 11192, 4, 2020/12/01, 14:33:57.087, 2668742999103, testhost.dll, TestExecutionRecorder.RecordResult: Received result for test: Unit_Testovi.NoviTestovi.TestDajSveFilmoveSGLumcima.
TpTrace Warning: 0 : 11192, 4, 2020/12/01, 14:33:57.087, 2668742999659, testhost.dll, InProgressTests is null
TpTrace Warning: 0 : 11192, 4, 2020/12/01, 14:33:57.087, 2668743002290, testhost.dll, TestRunCache: No test found corresponding to testResult 'TestDajSveFilmoveSGLumcima  Passed
  Test Messages:
  StdOutMsgs:
3
' in inProgress list.
TpTrace Verbose: 0 : 11192, 4, 2020/12/01, 14:33:57.087, 2668743002805, testhost.dll, TestExecutionRecorder.RecordStart: Starting test: Unit_Testovi.NoviTestovi.TestDajSrednjuOcjenuSvihFilmova.
TpTrace Verbose: 0 : 11192, 4, 2020/12/01, 14:33:57.089, 2668743022312, testhost.dll, TestExecutionRecorder.RecordEnd: test: Unit_Testovi.NoviTestovi.TestDajSrednjuOcjenuSvihFilmova execution completed.
TpTrace Verbose: 0 : 11192, 4, 2020/12/01, 14:33:57.090, 2668743030920, testhost.dll, TestExecutionRecorder.RecordResult: Received result for test: Unit_Testovi.NoviTestovi.TestDajSrednjuOcjenuSvihFilmova.
TpTrace Warning: 0 : 11192, 4, 2020/12/01, 14:33:57.090, 2668743031495, testhost.dll, InProgressTests is null
TpTrace Warning: 0 : 11192, 4, 2020/12/01, 14:33:57.090, 2668743031835, testhost.dll, TestRunCache: No test found corresponding to testResult 'TestDajSrednjuOcjenuSvihFilmova  Passed' in inProgress list.
TpTrace Verbose: 0 : 11192, 4, 2020/12/01, 14:33:57.090, 2668743032179, testhost.dll, TestExecutionRecorder.RecordStart: Starting test: Unit_Testovi.NoviTestovi.TestDajSrednjuOcjenuSvihFilmovaPrazan.
TpTrace Verbose: 0 : 11192, 4, 2020/12/01, 14:33:57.091, 2668743044994, testhost.dll, TestExecutionRecorder.RecordEnd: test: Unit_Testovi.NoviTestovi.TestDajSrednjuOcjenuSvihFilmovaPrazan execution completed.
TpTrace Verbose: 0 : 11192, 4, 2020/12/01, 14:33:57.092, 2668743052924, testhost.dll, TestExecutionRecorder.RecordResult: Received result for test: Unit_Testovi.NoviTestovi.TestDajSrednjuOcjenuSvihFilmovaPrazan.
TpTrace Warning: 0 : 11192, 4, 2020/12/01, 14:33:57.092, 2668743053452, testhost.dll, InProgressTests is null
TpTrace Warning: 0 : 11192, 4, 2020/12/01, 14:33:57.092, 2668743053860, testhost.dll, TestRunCache: No test found corresponding to testResult 'TestDajSrednjuOcjenuSvihFilmovaPrazan  Passed' in inProgress list.
TpTrace Verbose: 0 : 11192, 4, 2020/12/01, 14:33:57.092, 2668743054230, testhost.dll, TestExecutionRecorder.RecordStart: Starting test: Unit_Testovi.NoviTestovi.TestProdužiRokValidan.
TpTrace Verbose: 0 : 11192, 4, 2020/12/01, 14:33:57.096, 2668743090470, testhost.dll, TestExecutionRecorder.RecordEnd: test: Unit_Testovi.NoviTestovi.TestProdužiRokValidan execution completed.
TpTrace Verbose: 0 : 11192, 4, 2020/12/01, 14:33:57.097, 2668743099578, testhost.dll, TestExecutionRecorder.RecordResult: Received result for test: Unit_Testovi.NoviTestovi.TestProdužiRokValidan.
TpTrace Warning: 0 : 11192, 4, 2020/12/01, 14:33:57.097, 2668743100152, testhost.dll, InProgressTests is null
TpTrace Warning: 0 : 11192, 4, 2020/12/01, 14:33:57.097, 2668743100503, testhost.dll, TestRunCache: No test found corresponding to testResult 'TestProdužiRokValidan  Passed' in inProgress list.
TpTrace Verbose: 0 : 11192, 4, 2020/12/01, 14:33:57.097, 2668743100957, testhost.dll, TestExecutionRecorder.RecordStart: Starting test: Unit_Testovi.NoviTestovi.TestAutomatskiKorisničkiPodaciIzuzetak.
TpTrace Verbose: 0 : 11192, 4, 2020/12/01, 14:33:57.100, 2668743133276, testhost.dll, TestExecutionRecorder.RecordEnd: test: Unit_Testovi.NoviTestovi.TestAutomatskiKorisničkiPodaciIzuzetak execution completed.
TpTrace Verbose: 0 : 11192, 4, 2020/12/01, 14:33:57.101, 2668743142346, testhost.dll, TestExecutionRecorder.RecordResult: Received result for test: Unit_Testovi.NoviTestovi.TestAutomatskiKorisničkiPodaciIzuzetak.
TpTrace Warning: 0 : 11192, 4, 2020/12/01, 14:33:57.101, 2668743142866, testhost.dll, InProgressTests is null
TpTrace Warning: 0 : 11192, 4, 2020/12/01, 14:33:57.101, 2668743143207, testhost.dll, TestRunCache: No test found corresponding to testResult 'TestAutomatskiKorisničkiPodaciIzuzetak  Passed' in inProgress list.
TpTrace Verbose: 0 : 11192, 4, 2020/12/01, 14:33:57.101, 2668743143576, testhost.dll, TestExecutionRecorder.RecordStart: Starting test: Unit_Testovi.NoviTestovi.TestAutomatskiKorisničkiPodaciUsername.
TpTrace Information: 0 : 11192, 4, 2020/12/01, 14:33:57.103, 2668743159081, testhost.dll, Sending test run statistics
TpTrace Verbose: 0 : 11192, 4, 2020/12/01, 14:33:57.125, 2668743387498, testhost.dll, TestRequestHandler.SendData:  sending data from testhost: {"Version":2,"MessageType":"TestExecution.StatsChange","Payload":{"NewTestResults":[{"TestCase":{"Id":"aef9dec6-1181-fac1-2596-b31421e8da47","FullyQualifiedName":"Unit_Testovi.NoviTestovi.TestZamjenskiObjekat","DisplayName":"TestZamjenskiObjekat","ExecutorUri":"executor://MSTestAdapter/v2","Source":"C:\\Users\\EK\\Desktop\\VVS-Zadaca2\\Filmoteka\\Unit Testovi\\bin\\Debug\\fine-code-coverage\\Unit Testovi.dll","CodeFilePath":null,"LineNumber":-1,"Properties":[{"Key":{"Id":"MSTestDiscoverer.TestClassName","Label":"ClassName","Category":"","Description":"","Attributes":1,"ValueType":"System.String"},"Value":"Unit_Testovi.NoviTestovi"},{"Key":{"Id":"TestObject.Traits","Label":"Traits","Category":"","Description":"","Attributes":5,"ValueType":"System.Collections.Generic.KeyValuePair`2[[System.String],[System.String]][]"},"Value":[]}]},"Attachments":[],"Outcome":2,"ErrorMessage":"Test method Unit_Testovi.NoviTestovi.TestZamjenskiObjekat threw exception: \r\nSystem.NotImplementedException: The method or operation is not implemented.","ErrorStackTrace":"    at Filmoteka.Reziser.DaLiJeReziraoFilm(Film f) in C:\\Users\\EK\\Desktop\\VVS-Zadaca2\\Filmoteka\\Filmoteka\\Reziser.cs:line 15\r\n   at Filmoteka.Filmoteka.DajSveFilmoveZaRezisera(IReziser reziser) in C:\\Users\\EK\\Desktop\\VVS-Zadaca2\\Filmoteka\\Filmoteka\\Filmoteka.cs:line 97\r\n   at Unit_Testovi.NoviTestovi.TestZamjenskiObjekat() in C:\\Users\\EK\\Desktop\\VVS-Zadaca2\\Filmoteka\\Unit Testovi\\NoviTestovi.cs:line 23\r\n","DisplayName":null,"Messages":[],"ComputerName":null,"Duration":"00:00:00.0266607","StartTime":"2020-12-01T14:33:56.9931494+01:00","EndTime":"2020-12-01T14:33:57.0455656+01:00","Properties":[{"Key":{"Id":"ExecutionId","Label":"ExecutionId","Category":"","Description":"","Attributes":1,"ValueType":"System.Guid"},"Value":"00000000-0000-0000-0000-000000000000"},{"Key":{"Id":"ParentExecId","Label":"ParentExecId","Category":"","Description":"","Attributes":1,"ValueType":"System.Guid"},"Value":"00000000-0000-0000-0000-000000000000"},{"Key":{"Id":"InnerResultsCount","Label":"InnerResultsCount","Category":"","Description":"","Attributes":1,"ValueType":"System.Int32"},"Value":0}]},{"TestCase":{"Id":"307a9543-71bf-45b1-736e-e86a33581b25","FullyQualifiedName":"Unit_Testovi.NoviTestovi.TestDodajNastavakIstiGlumci","DisplayName":"TestDodajNastavakIstiGlumci","ExecutorUri":"executor://MSTestAdapter/v2","Source":"C:\\Users\\EK\\Desktop\\VVS-Zadaca2\\Filmoteka\\Unit Testovi\\bin\\Debug\\fine-code-coverage\\Unit Testovi.dll","CodeFilePath":null,"LineNumber":-1,"Properties":[{"Key":{"Id":"MSTestDiscoverer.TestClassName","Label":"ClassName","Category":"","Description":"","Attributes":1,"ValueType":"System.String"},"Value":"Unit_Testovi.NoviTestovi"},{"Key":{"Id":"TestObject.Traits","Label":"Traits","Category":"","Description":"","Attributes":5,"ValueType":"System.Collections.Generic.KeyValuePair`2[[System.String],[System.String]][]"},"Value":[]}]},"Attachments":[],"Outcome":2,"ErrorMessage":"Test method Unit_Testovi.NoviTestovi.TestDodajNastavakIstiGlumci threw exception: \r\nSystem.NotImplementedException: The method or operation is not implemented.","ErrorStackTrace":"    at Filmoteka.Filmoteka.DodajNastavak(Film film, Double rating, Boolean istiGlumci, List`1 noviGlumci) in C:\\Users\\EK\\Desktop\\VVS-Zadaca2\\Filmoteka\\Filmoteka\\Filmoteka.cs:line 147\r\n   at Unit_Testovi.NoviTestovi.TestDodajNastavakIstiGlumci() in C:\\Users\\EK\\Desktop\\VVS-Zadaca2\\Filmoteka\\Unit Testovi\\NoviTestovi.cs:line 40\r\n","DisplayName":null,"Messages":[],"ComputerName":null,"Duration":"00:00:00.0010817","StartTime":"2020-12-01T14:33:57.0731651+01:00","EndTime":"2020-12-01T14:33:57.0744876+01:00","Properties":[{"Key":{"Id":"ExecutionId","Label":"ExecutionId","Category":"","Description":"","Attributes":1,"ValueType":"System.Guid"},"Value":"00000000-0000-0000-0000-000000000000"},{"Key":{"Id":"ParentExecId","Label":"ParentExecId","Category":"","Description":"","Attributes":1,"ValueType":"System.Guid"},"Value":"00000000-0000-0000-0000-000000000000"},{"Key":{"Id":"InnerResultsCount","Label":"InnerResultsCount","Category":"","Description":"","Attributes":1,"ValueType":"System.Int32"},"Value":0}]},{"TestCase":{"Id":"ccc8a4b1-0bba-0d1f-634a-2a0e08c0293a","FullyQualifiedName":"Unit_Testovi.NoviTestovi.TestDodajNastavakRazlicitiGlumci","DisplayName":"TestDodajNastavakRazlicitiGlumci","ExecutorUri":"executor://MSTestAdapter/v2","Source":"C:\\Users\\EK\\Desktop\\VVS-Zadaca2\\Filmoteka\\Unit Testovi\\bin\\Debug\\fine-code-coverage\\Unit Testovi.dll","CodeFilePath":null,"LineNumber":-1,"Properties":[{"Key":{"Id":"MSTestDiscoverer.TestClassName","Label":"ClassName","Category":"","Description":"","Attributes":1,"ValueType":"System.String"},"Value":"Unit_Testovi.NoviTestovi"},{"Key":{"Id":"TestObject.Traits","Label":"Traits","Category":"","Description":"","Attributes":5,"ValueType":"System.Collections.Generic.KeyValuePair`2[[System.String],[System.String]][]"},"Value":[]}]},"Attachments":[],"Outcome":2,"ErrorMessage":"Test method Unit_Testovi.NoviTestovi.TestDodajNastavakRazlicitiGlumci threw exception: \r\nSystem.NotImplementedException: The method or operation is not implemented.","ErrorStackTrace":"    at Filmoteka.Filmoteka.DodajNastavak(Film film, Double rating, Boolean istiGlumci, List`1 noviGlumci) in C:\\Users\\EK\\Desktop\\VVS-Zadaca2\\Filmoteka\\Filmoteka\\Filmoteka.cs:line 147\r\n   at Unit_Testovi.NoviTestovi.TestDodajNastavakRazlicitiGlumci() in C:\\Users\\EK\\Desktop\\VVS-Zadaca2\\Filmoteka\\Unit Testovi\\NoviTestovi.cs:line 53\r\n","DisplayName":null,"Messages":[],"ComputerName":null,"Duration":"00:00:00.0006722","StartTime":"2020-12-01T14:33:57.0766914+01:00","EndTime":"2020-12-01T14:33:57.0774972+01:00","Properties":[{"Key":{"Id":"ExecutionId","Label":"ExecutionId","Category":"","Description":"","Attributes":1,"ValueType":"System.Guid"},"Value":"00000000-0000-0000-0000-000000000000"},{"Key":{"Id":"ParentExecId","Label":"ParentExecId","Category":"","Description":"","Attributes":1,"ValueType":"System.Guid"},"Value":"00000000-0000-0000-0000-000000000000"},{"Key":{"Id":"InnerResultsCount","Label":"InnerResultsCount","Category":"","Description":"","Attributes":1,"ValueType":"System.Int32"},"Value":0}]},{"TestCase":{"Id":"83c1ddde-4e31-66fc-a376-4096e8037e77","FullyQualifiedName":"Unit_Testovi.NoviTestovi.TestDodajNastavakIzuzetak","DisplayName":"TestDodajNastavakIzuzetak","ExecutorUri":"executor://MSTestAdapter/v2","Source":"C:\\Users\\EK\\Desktop\\VVS-Zadaca2\\Filmoteka\\Unit Testovi\\bin\\Debug\\fine-code-coverage\\Unit Testovi.dll","CodeFilePath":null,"LineNumber":-1,"Properties":[{"Key":{"Id":"MSTestDiscoverer.TestClassName","Label":"ClassName","Category":"","Description":"","Attributes":1,"ValueType":"System.String"},"Value":"Unit_Testovi.NoviTestovi"},{"Key":{"Id":"TestObject.Traits","Label":"Traits","Category":"","Description":"","Attributes":5,"ValueType":"System.Collections.Generic.KeyValuePair`2[[System.String],[System.String]][]"},"Value":[]}]},"Attachments":[],"Outcome":2,"ErrorMessage":"Test method threw exception System.NotImplementedException, but exception System.ArgumentNullException was expected. Exception message: System.NotImplementedException: The method or operation is not implemented.","ErrorStackTrace":"   at Filmoteka.Filmoteka.DodajNastavak(Film film, Double rating, Boolean istiGlumci, List`1 noviGlumci) in C:\\Users\\EK\\Desktop\\VVS-Zadaca2\\Filmoteka\\Filmoteka\\Filmoteka.cs:line 147\r\n   at Unit_Testovi.NoviTestovi.TestDodajNastavakIzuzetak() in C:\\Users\\EK\\Desktop\\VVS-Zadaca2\\Filmoteka\\Unit Testovi\\NoviTestovi.cs:line 66\r\n","DisplayName":null,"Messages":[],"ComputerName":null,"Duration":"00:00:00.0022453","StartTime":"2020-12-01T14:33:57.0801428+01:00","EndTime":"2020-12-01T14:33:57.0825822+01:00","Properties":[{"Key":{"Id":"ExecutionId","Label":"ExecutionId","Category":"","Description":"","Attributes":1,"ValueType":"System.Guid"},"Value":"00000000-0000-0000-0000-000000000000"},{"Key":{"Id":"ParentExecId","Label":"ParentExecId","Category":"","Description":"","Attributes":1,"ValueType":"System.Guid"},"Value":"00000000-0000-0000-0000-000000000000"},{"Key":{"Id":"InnerResultsCount","Label":"InnerResultsCount","Category":"","Description":"","Attributes":1,"ValueType":"System.Int32"},"Value":0}]},{"TestCase":{"Id":"729a6b5e-7234-caa5-77a0-368e88dfe702","FullyQualifiedName":"Unit_Testovi.NoviTestovi.TestDajSveFilmoveSGLumcima","DisplayName":"TestDajSveFilmoveSGLumcima","ExecutorUri":"executor://MSTestAdapter/v2","Source":"C:\\Users\\EK\\Desktop\\VVS-Zadaca2\\Filmoteka\\Unit Testovi\\bin\\Debug\\fine-code-coverage\\Unit Testovi.dll","CodeFilePath":null,"LineNumber":-1,"Properties":[{"Key":{"Id":"MSTestDiscoverer.TestClassName","Label":"ClassName","Category":"","Description":"","Attributes":1,"ValueType":"System.String"},"Value":"Unit_Testovi.NoviTestovi"},{"Key":{"Id":"TestObject.Traits","Label":"Traits","Category":"","Description":"","Attributes":5,"ValueType":"System.Collections.Generic.KeyValuePair`2[[System.String],[System.String]][]"},"Value":[]}]},"Attachments":[],"Outcome":1,"ErrorMessage":null,"ErrorStackTrace":null,"DisplayName":null,"Messages":[{"Category":"StdOutMsgs","Text":"3\r\n"}],"ComputerName":null,"Duration":"00:00:00.0016495","StartTime":"2020-12-01T14:33:57.0844148+01:00","EndTime":"2020-12-01T14:33:57.0861539+01:00","Properties":[{"Key":{"Id":"ExecutionId","Label":"ExecutionId","Category":"","Description":"","Attributes":1,"ValueType":"System.Guid"},"Value":"00000000-0000-0000-0000-000000000000"},{"Key":{"Id":"ParentExecId","Label":"ParentExecId","Category":"","Description":"","Attributes":1,"ValueType":"System.Guid"},"Value":"00000000-0000-0000-0000-000000000000"},{"Key":{"Id":"InnerResultsCount","Label":"InnerResultsCount","Category":"","Description":"","Attributes":1,"ValueType":"System.Int32"},"Value":0}]},{"TestCase":{"Id":"ff1b4d14-945d-8df7-b04f-61053947ac65","FullyQualifiedName":"Unit_Testovi.NoviTestovi.TestDajSrednjuOcjenuSvihFilmova","DisplayName":"TestDajSrednjuOcjenuSvihFilmova","ExecutorUri":"executor://MSTestAdapter/v2","Source":"C:\\Users\\EK\\Desktop\\VVS-Zadaca2\\Filmoteka\\Unit Testovi\\bin\\Debug\\fine-code-coverage\\Unit Testovi.dll","CodeFilePath":null,"LineNumber":-1,"Properties":[{"Key":{"Id":"MSTestDiscoverer.TestClassName","Label":"ClassName","Category":"","Description":"","Attributes":1,"ValueType":"System.String"},"Value":"Unit_Testovi.NoviTestovi"},{"Key":{"Id":"TestObject.Traits","Label":"Traits","Category":"","Description":"","Attributes":5,"ValueType":"System.Collections.Generic.KeyValuePair`2[[System.String],[System.String]][]"},"Value":[]}]},"Attachments":[],"Outcome":1,"ErrorMessage":null,"ErrorStackTrace":null,"DisplayName":null,"Messages":[],"ComputerName":null,"Duration":"00:00:00.0011063","StartTime":"2020-12-01T14:33:57.0882273+01:00","EndTime":"2020-12-01T14:33:57.0894233+01:00","Properties":[{"Key":{"Id":"ExecutionId","Label":"ExecutionId","Category":"","Description":"","Attributes":1,"ValueType":"System.Guid"},"Value":"00000000-0000-0000-0000-000000000000"},{"Key":{"Id":"ParentExecId","Label":"ParentExecId","Category":"","Description":"","Attributes":1,"ValueType":"System.Guid"},"Value":"00000000-0000-0000-0000-000000000000"},{"Key":{"Id":"InnerResultsCount","Label":"InnerResultsCount","Category":"","Description":"","Attributes":1,"ValueType":"System.Int32"},"Value":0}]},{"TestCase":{"Id":"5ce7f736-72c3-ced1-6d90-e30c94cad1f2","FullyQualifiedName":"Unit_Testovi.NoviTestovi.TestDajSrednjuOcjenuSvihFilmovaPrazan","DisplayName":"TestDajSrednjuOcjenuSvihFilmovaPrazan","ExecutorUri":"executor://MSTestAdapter/v2","Source":"C:\\Users\\EK\\Desktop\\VVS-Zadaca2\\Filmoteka\\Unit Testovi\\bin\\Debug\\fine-code-coverage\\Unit Testovi.dll","CodeFilePath":null,"LineNumber":-1,"Properties":[{"Key":{"Id":"MSTestDiscoverer.TestClassName","Label":"ClassName","Category":"","Description":"","Attributes":1,"ValueType":"System.String"},"Value":"Unit_Testovi.NoviTestovi"},{"Key":{"Id":"TestObject.Traits","Label":"Traits","Category":"","Description":"","Attributes":5,"ValueType":"System.Collections.Generic.KeyValuePair`2[[System.String],[System.String]][]"},"Value":[]}]},"Attachments":[],"Outcome":1,"ErrorMessage":null,"ErrorStackTrace":null,"DisplayName":null,"Messages":[],"ComputerName":null,"Duration":"00:00:00.0004404","StartTime":"2020-12-01T14:33:57.0911166+01:00","EndTime":"2020-12-01T14:33:57.0916918+01:00","Properties":[{"Key":{"Id":"ExecutionId","Label":"ExecutionId","Category":"","Description":"","Attributes":1,"ValueType":"System.Guid"},"Value":"00000000-0000-0000-0000-000000000000"},{"Key":{"Id":"ParentExecId","Label":"ParentExecId","Category":"","Description":"","Attributes":1,"ValueType":"System.Guid"},"Value":"00000000-0000-0000-0000-000000000000"},{"Key":{"Id":"InnerResultsCount","Label":"InnerResultsCount","Category":"","Description":"","Attributes":1,"ValueType":"System.Int32"},"Value":0}]},{"TestCase":{"Id":"b1426bd4-5b5c-cdf7-b56e-482bb38d32fa","FullyQualifiedName":"Unit_Testovi.NoviTestovi.TestProdužiRokValidan","DisplayName":"TestProdužiRokValidan","ExecutorUri":"executor://MSTestAdapter/v2","Source":"C:\\Users\\EK\\Desktop\\VVS-Zadaca2\\Filmoteka\\Unit Testovi\\bin\\Debug\\fine-code-coverage\\Unit Testovi.dll","CodeFilePath":null,"LineNumber":-1,"Properties":[{"Key":{"Id":"MSTestDiscoverer.TestClassName","Label":"ClassName","Category":"","Description":"","Attributes":1,"ValueType":"System.String"},"Value":"Unit_Testovi.NoviTestovi"},{"Key":{"Id":"TestObject.Traits","Label":"Traits","Category":"","Description":"","Attributes":5,"ValueType":"System.Collections.Generic.KeyValuePair`2[[System.String],[System.String]][]"},"Value":[]}]},"Attachments":[],"Outcome":1,"ErrorMessage":null,"ErrorStackTrace":null,"DisplayName":null,"Messages":[],"ComputerName":null,"Duration":"00:00:00.0024613","StartTime":"2020-12-01T14:33:57.0936736+01:00","EndTime":"2020-12-01T14:33:57.0962346+01:00","Properties":[{"Key":{"Id":"ExecutionId","Label":"ExecutionId","Category":"","Description":"","Attributes":1,"ValueType":"System.Guid"},"Value":"00000000-0000-0000-0000-000000000000"},{"Key":{"Id":"ParentExecId","Label":"ParentExecId","Category":"","Description":"","Attributes":1,"ValueType":"System.Guid"},"Value":"00000000-0000-0000-0000-000000000000"},{"Key":{"Id":"InnerResultsCount","Label":"InnerResultsCount","Category":"","Description":"","Attributes":1,"ValueType":"System.Int32"},"Value":0}]},{"TestCase":{"Id":"cad8ba2a-9c27-403a-f461-230cd3f8eda3","FullyQualifiedName":"Unit_Testovi.NoviTestovi.TestAutomatskiKorisničkiPodaciIzuzetak","DisplayName":"TestAutomatskiKorisničkiPodaciIzuzetak","ExecutorUri":"executor://MSTestAdapter/v2","Source":"C:\\Users\\EK\\Desktop\\VVS-Zadaca2\\Filmoteka\\Unit Testovi\\bin\\Debug\\fine-code-coverage\\Unit Testovi.dll","CodeFilePath":null,"LineNumber":-1,"Properties":[{"Key":{"Id":"MSTestDiscoverer.TestClassName","Label":"ClassName","Category":"","Description":"","Attributes":1,"ValueType":"System.String"},"Value":"Unit_Testovi.NoviTestovi"},{"Key":{"Id":"TestObject.Traits","Label":"Traits","Category":"","Description":"","Attributes":5,"ValueType":"System.Collections.Generic.KeyValuePair`2[[System.String],[System.String]][]"},"Value":[]}]},"Attachments":[],"Outcome":1,"ErrorMessage":null,"ErrorStackTrace":null,"DisplayName":null,"Messages":[],"ComputerName":null,"Duration":"00:00:00.0024331","StartTime":"2020-12-01T14:33:57.0979316+01:00","EndTime":"2020-12-01T14:33:57.1005115+01:00","Properties":[{"Key":{"Id":"ExecutionId","Label":"ExecutionId","Category":"","Description":"","Attributes":1,"ValueType":"System.Guid"},"Value":"00000000-0000-0000-0000-000000000000"},{"Key":{"Id":"ParentExecId","Label":"ParentExecId","Category":"","Description":"","Attributes":1,"ValueType":"System.Guid"},"Value":"00000000-0000-0000-0000-000000000000"},{"Key":{"Id":"InnerResultsCount","Label":"InnerResultsCount","Category":"","Description":"","Attributes":1,"ValueType":"System.Int32"},"Value":0}]}],"TestRunStatistics":{"ExecutedTests":9,"Stats":{"Failed":4,"Passed":5}},"ActiveTests":[{"Id":"34271688-a4e2-dbb0-0f29-edee8d7255ec","FullyQualifiedName":"Unit_Testovi.NoviTestovi.TestAutomatskiKorisničkiPodaciUsername","DisplayName":"TestAutomatskiKorisničkiPodaciUsername","ExecutorUri":"executor://MSTestAdapter/v2","Source":"C:\\Users\\EK\\Desktop\\VVS-Zadaca2\\Filmoteka\\Unit Testovi\\bin\\Debug\\fine-code-coverage\\Unit Testovi.dll","CodeFilePath":null,"LineNumber":-1,"Properties":[{"Key":{"Id":"MSTestDiscoverer.TestClassName","Label":"ClassName","Category":"","Description":"","Attributes":1,"ValueType":"System.String"},"Value":"Unit_Testovi.NoviTestovi"},{"Key":{"Id":"TestObject.Traits","Label":"Traits","Category":"","Description":"","Attributes":5,"ValueType":"System.Collections.Generic.KeyValuePair`2[[System.String],[System.String]][]"},"Value":[]}]}]}}
TpTrace Verbose: 0 : 11192, 4, 2020/12/01, 14:33:57.126, 2668743391987, testhost.dll, TestRunCache: OnNewTestResult: Notified the onCacheHit callback.
TpTrace Verbose: 0 : 11192, 4, 2020/12/01, 14:33:57.128, 2668743408035, testhost.dll, TestExecutionRecorder.RecordEnd: test: Unit_Testovi.NoviTestovi.TestAutomatskiKorisničkiPodaciUsername execution completed.
TpTrace Warning: 0 : 11192, 4, 2020/12/01, 14:33:57.128, 2668743408545, testhost.dll, InProgressTests is null
TpTrace Verbose: 0 : 11192, 4, 2020/12/01, 14:33:57.131, 2668743438859, testhost.dll, TestExecutionRecorder.RecordResult: Received result for test: Unit_Testovi.NoviTestovi.TestAutomatskiKorisničkiPodaciUsername.
TpTrace Warning: 0 : 11192, 4, 2020/12/01, 14:33:57.131, 2668743439743, testhost.dll, InProgressTests is null
TpTrace Warning: 0 : 11192, 4, 2020/12/01, 14:33:57.131, 2668743440094, testhost.dll, TestRunCache: No test found corresponding to testResult 'TestAutomatskiKorisničkiPodaciUsername  Passed' in inProgress list.
TpTrace Verbose: 0 : 11192, 4, 2020/12/01, 14:33:57.131, 2668743440485, testhost.dll, TestExecutionRecorder.RecordStart: Starting test: Unit_Testovi.NoviTestovi.TestAutomatskiKorisničkiPodaciPassword.
TpTrace Verbose: 0 : 11192, 4, 2020/12/01, 14:33:57.132, 2668743451062, testhost.dll, TestExecutionRecorder.RecordEnd: test: Unit_Testovi.NoviTestovi.TestAutomatskiKorisničkiPodaciPassword execution completed.
TpTrace Verbose: 0 : 11192, 4, 2020/12/01, 14:33:57.133, 2668743458636, testhost.dll, TestExecutionRecorder.RecordResult: Received result for test: Unit_Testovi.NoviTestovi.TestAutomatskiKorisničkiPodaciPassword.
TpTrace Warning: 0 : 11192, 4, 2020/12/01, 14:33:57.133, 2668743459334, testhost.dll, InProgressTests is null
TpTrace Warning: 0 : 11192, 4, 2020/12/01, 14:33:57.133, 2668743459733, testhost.dll, TestRunCache: No test found corresponding to testResult 'TestAutomatskiKorisničkiPodaciPassword  Passed' in inProgress list.
TpTrace Verbose: 0 : 11192, 4, 2020/12/01, 14:33:57.133, 2668743460065, testhost.dll, TestExecutionRecorder.RecordStart: Starting test: Unit_Testovi.NoviTestovi.TestGostKonstruktorIzuzetakUsername.
TpTrace Verbose: 0 : 11192, 4, 2020/12/01, 14:33:57.134, 2668743472650, testhost.dll, TestExecutionRecorder.RecordEnd: test: Unit_Testovi.NoviTestovi.TestGostKonstruktorIzuzetakUsername execution completed.
TpTrace Verbose: 0 : 11192, 4, 2020/12/01, 14:33:57.135, 2668743480124, testhost.dll, TestExecutionRecorder.RecordResult: Received result for test: Unit_Testovi.NoviTestovi.TestGostKonstruktorIzuzetakUsername.
TpTrace Warning: 0 : 11192, 4, 2020/12/01, 14:33:57.135, 2668743480761, testhost.dll, InProgressTests is null
TpTrace Warning: 0 : 11192, 4, 2020/12/01, 14:33:57.135, 2668743481055, testhost.dll, TestRunCache: No test found corresponding to testResult 'TestGostKonstruktorIzuzetakUsername  Passed' in inProgress list.
TpTrace Verbose: 0 : 11192, 4, 2020/12/01, 14:33:57.135, 2668743481373, testhost.dll, TestExecutionRecorder.RecordStart: Starting test: Unit_Testovi.NoviTestovi.TestGostKonstruktorIzuzetakPassword.
TpTrace Verbose: 0 : 11192, 4, 2020/12/01, 14:33:57.136, 2668743493836, testhost.dll, TestExecutionRecorder.RecordEnd: test: Unit_Testovi.NoviTestovi.TestGostKonstruktorIzuzetakPassword execution completed.
TpTrace Verbose: 0 : 11192, 4, 2020/12/01, 14:33:57.137, 2668743501185, testhost.dll, TestExecutionRecorder.RecordResult: Received result for test: Unit_Testovi.NoviTestovi.TestGostKonstruktorIzuzetakPassword.
TpTrace Warning: 0 : 11192, 4, 2020/12/01, 14:33:57.137, 2668743501880, testhost.dll, InProgressTests is null
TpTrace Warning: 0 : 11192, 4, 2020/12/01, 14:33:57.137, 2668743502209, testhost.dll, TestRunCache: No test found corresponding to testResult 'TestGostKonstruktorIzuzetakPassword  Passed' in inProgress list.
TpTrace Verbose: 0 : 11192, 4, 2020/12/01, 14:33:57.137, 2668743502597, testhost.dll, TestExecutionRecorder.RecordStart: Starting test: Unit_Testovi.NoviTestovi.TestGostKonstruktorIzuzetakIme.
TpTrace Verbose: 0 : 11192, 4, 2020/12/01, 14:33:57.138, 2668743514659, testhost.dll, TestExecutionRecorder.RecordEnd: test: Unit_Testovi.NoviTestovi.TestGostKonstruktorIzuzetakIme execution completed.
TpTrace Verbose: 0 : 11192, 4, 2020/12/01, 14:33:57.139, 2668743522331, testhost.dll, TestExecutionRecorder.RecordResult: Received result for test: Unit_Testovi.NoviTestovi.TestGostKonstruktorIzuzetakIme.
TpTrace Warning: 0 : 11192, 4, 2020/12/01, 14:33:57.139, 2668743523013, testhost.dll, InProgressTests is null
TpTrace Warning: 0 : 11192, 4, 2020/12/01, 14:33:57.139, 2668743523308, testhost.dll, TestRunCache: No test found corresponding to testResult 'TestGostKonstruktorIzuzetakIme  Passed' in inProgress list.
TpTrace Verbose: 0 : 11192, 4, 2020/12/01, 14:33:57.139, 2668743523627, testhost.dll, TestExecutionRecorder.RecordStart: Starting test: Unit_Testovi.NoviTestovi.TestGostKonstruktorIzuzetakPrezime.
TpTrace Verbose: 0 : 11192, 4, 2020/12/01, 14:33:57.140, 2668743537787, testhost.dll, TestExecutionRecorder.RecordEnd: test: Unit_Testovi.NoviTestovi.TestGostKonstruktorIzuzetakPrezime execution completed.
TpTrace Verbose: 0 : 11192, 4, 2020/12/01, 14:33:57.142, 2668743548835, testhost.dll, TestExecutionRecorder.RecordResult: Received result for test: Unit_Testovi.NoviTestovi.TestGostKonstruktorIzuzetakPrezime.
TpTrace Warning: 0 : 11192, 4, 2020/12/01, 14:33:57.142, 2668743549417, testhost.dll, InProgressTests is null
TpTrace Warning: 0 : 11192, 4, 2020/12/01, 14:33:57.142, 2668743549744, testhost.dll, TestRunCache: No test found corresponding to testResult 'TestGostKonstruktorIzuzetakPrezime  Passed' in inProgress list.
TpTrace Verbose: 0 : 11192, 4, 2020/12/01, 14:33:57.142, 2668743550179, testhost.dll, TestExecutionRecorder.RecordStart: Starting test: Unit_Testovi.NoviTestovi.TestGostKonstruktor.
TpTrace Verbose: 0 : 11192, 4, 2020/12/01, 14:33:57.143, 2668743559390, testhost.dll, TestExecutionRecorder.RecordEnd: test: Unit_Testovi.NoviTestovi.TestGostKonstruktor execution completed.
TpTrace Verbose: 0 : 11192, 4, 2020/12/01, 14:33:57.143, 2668743566295, testhost.dll, TestExecutionRecorder.RecordResult: Received result for test: Unit_Testovi.NoviTestovi.TestGostKonstruktor.
TpTrace Warning: 0 : 11192, 4, 2020/12/01, 14:33:57.143, 2668743566872, testhost.dll, InProgressTests is null
TpTrace Warning: 0 : 11192, 4, 2020/12/01, 14:33:57.143, 2668743567158, testhost.dll, TestRunCache: No test found corresponding to testResult 'TestGostKonstruktor  Passed' in inProgress list.
TpTrace Verbose: 0 : 11192, 4, 2020/12/01, 14:33:57.145, 2668743585735, testhost.dll, BaseRunTests.RunTestInternalWithExecutors: Completed running tests for executor://MSTestAdapter/v2
TpTrace Information: 0 : 11192, 4, 2020/12/01, 14:33:57.148, 2668743611249, testhost.dll, Sending test run complete
TpTrace Verbose: 0 : 11192, 4, 2020/12/01, 14:33:57.157, 2668743700398, testhost.dll, TestRequestHandler.SendData:  sending data from testhost: {"Version":2,"MessageType":"TestExecution.Completed","Payload":{"TestRunCompleteArgs":{"TestRunStatistics":{"ExecutedTests":16,"Stats":{"Failed":4,"Passed":12}},"IsCanceled":false,"IsAborted":false,"Error":null,"AttachmentSets":[],"ElapsedTimeInRunningTests":"00:00:00.2554167","Metrics":{}},"LastRunTests":{"NewTestResults":[{"TestCase":{"Id":"34271688-a4e2-dbb0-0f29-edee8d7255ec","FullyQualifiedName":"Unit_Testovi.NoviTestovi.TestAutomatskiKorisničkiPodaciUsername","DisplayName":"TestAutomatskiKorisničkiPodaciUsername","ExecutorUri":"executor://MSTestAdapter/v2","Source":"C:\\Users\\EK\\Desktop\\VVS-Zadaca2\\Filmoteka\\Unit Testovi\\bin\\Debug\\fine-code-coverage\\Unit Testovi.dll","CodeFilePath":null,"LineNumber":-1,"Properties":[{"Key":{"Id":"MSTestDiscoverer.TestClassName","Label":"ClassName","Category":"","Description":"","Attributes":1,"ValueType":"System.String"},"Value":"Unit_Testovi.NoviTestovi"},{"Key":{"Id":"TestObject.Traits","Label":"Traits","Category":"","Description":"","Attributes":5,"ValueType":"System.Collections.Generic.KeyValuePair`2[[System.String],[System.String]][]"},"Value":[]}]},"Attachments":[],"Outcome":1,"ErrorMessage":null,"ErrorStackTrace":null,"DisplayName":null,"Messages":[],"ComputerName":null,"Duration":"00:00:00.0005069","StartTime":"2020-12-01T14:33:57.1273536+01:00","EndTime":"2020-12-01T14:33:57.1279935+01:00","Properties":[{"Key":{"Id":"ExecutionId","Label":"ExecutionId","Category":"","Description":"","Attributes":1,"ValueType":"System.Guid"},"Value":"00000000-0000-0000-0000-000000000000"},{"Key":{"Id":"ParentExecId","Label":"ParentExecId","Category":"","Description":"","Attributes":1,"ValueType":"System.Guid"},"Value":"00000000-0000-0000-0000-000000000000"},{"Key":{"Id":"InnerResultsCount","Label":"InnerResultsCount","Category":"","Description":"","Attributes":1,"ValueType":"System.Int32"},"Value":0}]},{"TestCase":{"Id":"3e680ae4-a773-3605-0554-850350f5daa3","FullyQualifiedName":"Unit_Testovi.NoviTestovi.TestAutomatskiKorisničkiPodaciPassword","DisplayName":"TestAutomatskiKorisničkiPodaciPassword","ExecutorUri":"executor://MSTestAdapter/v2","Source":"C:\\Users\\EK\\Desktop\\VVS-Zadaca2\\Filmoteka\\Unit Testovi\\bin\\Debug\\fine-code-coverage\\Unit Testovi.dll","CodeFilePath":null,"LineNumber":-1,"Properties":[{"Key":{"Id":"MSTestDiscoverer.TestClassName","Label":"ClassName","Category":"","Description":"","Attributes":1,"ValueType":"System.String"},"Value":"Unit_Testovi.NoviTestovi"},{"Key":{"Id":"TestObject.Traits","Label":"Traits","Category":"","Description":"","Attributes":5,"ValueType":"System.Collections.Generic.KeyValuePair`2[[System.String],[System.String]][]"},"Value":[]}]},"Attachments":[],"Outcome":1,"ErrorMessage":null,"ErrorStackTrace":null,"DisplayName":null,"Messages":[],"ComputerName":null,"Duration":"00:00:00.0002018","StartTime":"2020-12-01T14:33:57.1319711+01:00","EndTime":"2020-12-01T14:33:57.1322981+01:00","Properties":[{"Key":{"Id":"ExecutionId","Label":"ExecutionId","Category":"","Description":"","Attributes":1,"ValueType":"System.Guid"},"Value":"00000000-0000-0000-0000-000000000000"},{"Key":{"Id":"ParentExecId","Label":"ParentExecId","Category":"","Description":"","Attributes":1,"ValueType":"System.Guid"},"Value":"00000000-0000-0000-0000-000000000000"},{"Key":{"Id":"InnerResultsCount","Label":"InnerResultsCount","Category":"","Description":"","Attributes":1,"ValueType":"System.Int32"},"Value":0}]},{"TestCase":{"Id":"39b408a3-583c-b5a0-7503-f509f012c8d2","FullyQualifiedName":"Unit_Testovi.NoviTestovi.TestGostKonstruktorIzuzetakUsername","DisplayName":"TestGostKonstruktorIzuzetakUsername","ExecutorUri":"executor://MSTestAdapter/v2","Source":"C:\\Users\\EK\\Desktop\\VVS-Zadaca2\\Filmoteka\\Unit Testovi\\bin\\Debug\\fine-code-coverage\\Unit Testovi.dll","CodeFilePath":null,"LineNumber":-1,"Properties":[{"Key":{"Id":"MSTestDiscoverer.TestClassName","Label":"ClassName","Category":"","Description":"","Attributes":1,"ValueType":"System.String"},"Value":"Unit_Testovi.NoviTestovi"},{"Key":{"Id":"TestObject.Traits","Label":"Traits","Category":"","Description":"","Attributes":5,"ValueType":"System.Collections.Generic.KeyValuePair`2[[System.String],[System.String]][]"},"Value":[]}]},"Attachments":[],"Outcome":1,"ErrorMessage":null,"ErrorStackTrace":null,"DisplayName":null,"Messages":[],"ComputerName":null,"Duration":"00:00:00.0004144","StartTime":"2020-12-01T14:33:57.1338776+01:00","EndTime":"2020-12-01T14:33:57.1344565+01:00","Properties":[{"Key":{"Id":"ExecutionId","Label":"ExecutionId","Category":"","Description":"","Attributes":1,"ValueType":"System.Guid"},"Value":"00000000-0000-0000-0000-000000000000"},{"Key":{"Id":"ParentExecId","Label":"ParentExecId","Category":"","Description":"","Attributes":1,"ValueType":"System.Guid"},"Value":"00000000-0000-0000-0000-000000000000"},{"Key":{"Id":"InnerResultsCount","Label":"InnerResultsCount","Category":"","Description":"","Attributes":1,"ValueType":"System.Int32"},"Value":0}]},{"TestCase":{"Id":"86fa567a-4e12-53dd-0313-f751ffd2eb88","FullyQualifiedName":"Unit_Testovi.NoviTestovi.TestGostKonstruktorIzuzetakPassword","DisplayName":"TestGostKonstruktorIzuzetakPassword","ExecutorUri":"executor://MSTestAdapter/v2","Source":"C:\\Users\\EK\\Desktop\\VVS-Zadaca2\\Filmoteka\\Unit Testovi\\bin\\Debug\\fine-code-coverage\\Unit Testovi.dll","CodeFilePath":null,"LineNumber":-1,"Properties":[{"Key":{"Id":"MSTestDiscoverer.TestClassName","Label":"ClassName","Category":"","Description":"","Attributes":1,"ValueType":"System.String"},"Value":"Unit_Testovi.NoviTestovi"},{"Key":{"Id":"TestObject.Traits","Label":"Traits","Category":"","Description":"","Attributes":5,"ValueType":"System.Collections.Generic.KeyValuePair`2[[System.String],[System.String]][]"},"Value":[]}]},"Attachments":[],"Outcome":1,"ErrorMessage":null,"ErrorStackTrace":null,"DisplayName":null,"Messages":[],"ComputerName":null,"Duration":"00:00:00.0003658","StartTime":"2020-12-01T14:33:57.1360478+01:00","EndTime":"2020-12-01T14:33:57.1365757+01:00","Properties":[{"Key":{"Id":"ExecutionId","Label":"ExecutionId","Category":"","Description":"","Attributes":1,"ValueType":"System.Guid"},"Value":"00000000-0000-0000-0000-000000000000"},{"Key":{"Id":"ParentExecId","Label":"ParentExecId","Category":"","Description":"","Attributes":1,"ValueType":"System.Guid"},"Value":"00000000-0000-0000-0000-000000000000"},{"Key":{"Id":"InnerResultsCount","Label":"InnerResultsCount","Category":"","Description":"","Attributes":1,"ValueType":"System.Int32"},"Value":0}]},{"TestCase":{"Id":"41fd401d-9afa-9f74-6f5c-6cf219b029c2","FullyQualifiedName":"Unit_Testovi.NoviTestovi.TestGostKonstruktorIzuzetakIme","DisplayName":"TestGostKonstruktorIzuzetakIme","ExecutorUri":"executor://MSTestAdapter/v2","Source":"C:\\Users\\EK\\Desktop\\VVS-Zadaca2\\Filmoteka\\Unit Testovi\\bin\\Debug\\fine-code-coverage\\Unit Testovi.dll","CodeFilePath":null,"LineNumber":-1,"Properties":[{"Key":{"Id":"MSTestDiscoverer.TestClassName","Label":"ClassName","Category":"","Description":"","Attributes":1,"ValueType":"System.String"},"Value":"Unit_Testovi.NoviTestovi"},{"Key":{"Id":"TestObject.Traits","Label":"Traits","Category":"","Description":"","Attributes":5,"ValueType":"System.Collections.Generic.KeyValuePair`2[[System.String],[System.String]][]"},"Value":[]}]},"Attachments":[],"Outcome":1,"ErrorMessage":null,"ErrorStackTrace":null,"DisplayName":null,"Messages":[],"ComputerName":null,"Duration":"00:00:00.0003747","StartTime":"2020-12-01T14:33:57.1381315+01:00","EndTime":"2020-12-01T14:33:57.1386571+01:00","Properties":[{"Key":{"Id":"ExecutionId","Label":"ExecutionId","Category":"","Description":"","Attributes":1,"ValueType":"System.Guid"},"Value":"00000000-0000-0000-0000-000000000000"},{"Key":{"Id":"ParentExecId","Label":"ParentExecId","Category":"","Description":"","Attributes":1,"ValueType":"System.Guid"},"Value":"00000000-0000-0000-0000-000000000000"},{"Key":{"Id":"InnerResultsCount","Label":"InnerResultsCount","Category":"","Description":"","Attributes":1,"ValueType":"System.Int32"},"Value":0}]},{"TestCase":{"Id":"5496d222-d9d9-035e-24df-a9776c77309d","FullyQualifiedName":"Unit_Testovi.NoviTestovi.TestGostKonstruktorIzuzetakPrezime","DisplayName":"TestGostKonstruktorIzuzetakPrezime","ExecutorUri":"executor://MSTestAdapter/v2","Source":"C:\\Users\\EK\\Desktop\\VVS-Zadaca2\\Filmoteka\\Unit Testovi\\bin\\Debug\\fine-code-coverage\\Unit Testovi.dll","CodeFilePath":null,"LineNumber":-1,"Properties":[{"Key":{"Id":"MSTestDiscoverer.TestClassName","Label":"ClassName","Category":"","Description":"","Attributes":1,"ValueType":"System.String"},"Value":"Unit_Testovi.NoviTestovi"},{"Key":{"Id":"TestObject.Traits","Label":"Traits","Category":"","Description":"","Attributes":5,"ValueType":"System.Collections.Generic.KeyValuePair`2[[System.String],[System.String]][]"},"Value":[]}]},"Attachments":[],"Outcome":1,"ErrorMessage":null,"ErrorStackTrace":null,"DisplayName":null,"Messages":[],"ComputerName":null,"Duration":"00:00:00.0004520","StartTime":"2020-12-01T14:33:57.1403415+01:00","EndTime":"2020-12-01T14:33:57.140968+01:00","Properties":[{"Key":{"Id":"ExecutionId","Label":"ExecutionId","Category":"","Description":"","Attributes":1,"ValueType":"System.Guid"},"Value":"00000000-0000-0000-0000-000000000000"},{"Key":{"Id":"ParentExecId","Label":"ParentExecId","Category":"","Description":"","Attributes":1,"ValueType":"System.Guid"},"Value":"00000000-0000-0000-0000-000000000000"},{"Key":{"Id":"InnerResultsCount","Label":"InnerResultsCount","Category":"","Description":"","Attributes":1,"ValueType":"System.Int32"},"Value":0}]},{"TestCase":{"Id":"12b3125e-4566-927c-a90b-70d580a15a51","FullyQualifiedName":"Unit_Testovi.NoviTestovi.TestGostKonstruktor","DisplayName":"TestGostKonstruktor","ExecutorUri":"executor://MSTestAdapter/v2","Source":"C:\\Users\\EK\\Desktop\\VVS-Zadaca2\\Filmoteka\\Unit Testovi\\bin\\Debug\\fine-code-coverage\\Unit Testovi.dll","CodeFilePath":null,"LineNumber":-1,"Properties":[{"Key":{"Id":"MSTestDiscoverer.TestClassName","Label":"ClassName","Category":"","Description":"","Attributes":1,"ValueType":"System.String"},"Value":"Unit_Testovi.NoviTestovi"},{"Key":{"Id":"TestObject.Traits","Label":"Traits","Category":"","Description":"","Attributes":5,"ValueType":"System.Collections.Generic.KeyValuePair`2[[System.String],[System.String]][]"},"Value":[]}]},"Attachments":[],"Outcome":1,"ErrorMessage":null,"ErrorStackTrace":null,"DisplayName":null,"Messages":[],"ComputerName":null,"Duration":"00:00:00.0001368","StartTime":"2020-12-01T14:33:57.1428807+01:00","EndTime":"2020-12-01T14:33:57.1431329+01:00","Properties":[{"Key":{"Id":"ExecutionId","Label":"ExecutionId","Category":"","Description":"","Attributes":1,"ValueType":"System.Guid"},"Value":"00000000-0000-0000-0000-000000000000"},{"Key":{"Id":"ParentExecId","Label":"ParentExecId","Category":"","Description":"","Attributes":1,"ValueType":"System.Guid"},"Value":"00000000-0000-0000-0000-000000000000"},{"Key":{"Id":"InnerResultsCount","Label":"InnerResultsCount","Category":"","Description":"","Attributes":1,"ValueType":"System.Int32"},"Value":0}]}],"TestRunStatistics":{"ExecutedTests":16,"Stats":{"Failed":4,"Passed":12}},"ActiveTests":[]},"RunAttachments":[],"ExecutorUris":["executor://mstestadapter/v2"]}}
TpTrace Verbose: 0 : 11192, 4, 2020/12/01, 14:33:57.157, 2668743704771, testhost.dll, BaseRunTests.RunTests: Run is complete.
TpTrace Verbose: 0 : 11192, 8, 2020/12/01, 14:33:57.173, 2668743864130, testhost.dll, TcpClientExtensions.MessageLoopAsync: NotifyDataAvailable remoteEndPoint: [::ffff:127.0.0.1]:50294 localEndPoint: [::ffff:127.0.0.1]:50295
TpTrace Information: 0 : 11192, 8, 2020/12/01, 14:33:57.173, 2668743865500, testhost.dll, TestRequestHandler.ProcessRequests: received message: (TestSession.Terminate) -> null
TpTrace Information: 0 : 11192, 8, 2020/12/01, 14:33:57.173, 2668743865827, testhost.dll, Session End message received from server. Closing the connection.
TpTrace Information: 0 : 11192, 8, 2020/12/01, 14:33:57.174, 2668743869180, testhost.dll, SocketClient.Stop: Stop communication from server endpoint: 127.0.0.1:050294
TpTrace Information: 0 : 11192, 8, 2020/12/01, 14:33:57.174, 2668743869531, testhost.dll, SocketClient: Stop: Cancellation requested. Stopping message loop.
TpTrace Verbose: 0 : 11192, 8, 2020/12/01, 14:33:57.174, 2668743871413, testhost.dll, LengthPrefixCommunicationChannel.Dispose: Dispose reader and writer.
TpTrace Information: 0 : 11192, 8, 2020/12/01, 14:33:57.174, 2668743871840, testhost.dll, Closing the connection !
TpTrace Information: 0 : 11192, 8, 2020/12/01, 14:33:57.174, 2668743873661, testhost.dll, SocketClient.PrivateStop: Stop communication from server endpoint: 127.0.0.1:050294, error:
TpTrace Verbose: 0 : 11192, 8, 2020/12/01, 14:33:57.174, 2668743874618, testhost.dll, LengthPrefixCommunicationChannel.Dispose: Dispose reader and writer.
TpTrace Information: 0 : 11192, 1, 2020/12/01, 14:33:57.174, 2668743874751, testhost.dll, Closing the connection !
TpTrace Information: 0 : 11192, 1, 2020/12/01, 14:33:57.174, 2668743875581, testhost.dll, SocketClient.Stop: Stop communication from server endpoint: 127.0.0.1:050294
TpTrace Verbose: 0 : 11192, 8, 2020/12/01, 14:33:57.174, 2668743875140, testhost.dll, TcpClientExtensions.MessageLoopAsync: exiting MessageLoopAsync remoteEndPoint: [::ffff:127.0.0.1]:50294 localEndPoint: [::ffff:127.0.0.1]:50295
TpTrace Verbose: 0 : 11192, 1, 2020/12/01, 14:33:57.174, 2668743876604, testhost.dll, LengthPrefixCommunicationChannel.Dispose: Dispose reader and writer.
TpTrace Information: 0 : 11192, 1, 2020/12/01, 14:33:57.174, 2668743877571, testhost.dll, Testhost process exiting.
