TpTrace Information: 0 : 13912, 1, 2020/12/02, 01:01:38.739, 804856178898, testhost.dll, DefaultEngineInvoker.Invoke: Testhost process started with args :[--port, 54156],[--endpoint, 127.0.0.1:054156],[--role, client],[--parentprocessid, 15624],[--diag, C:\Users\Emir\source\repos\VVS-ZADACA2\Filmoteka\Unit Testovi\bin\Debug\fine-code-coverage\_outputfolder\diagnostics.host.20-12-02_01-01-38_53569_4.log],[--tracelevel, 4],[--datacollectionport, 54155],[--telemetryoptedin, false]
TpTrace Information: 0 : 13912, 1, 2020/12/02, 01:01:38.748, 804856190923, testhost.dll, DefaultEngineInvoker.SetParentProcessExitCallback: Monitoring parent process with id: '15624'
TpTrace Information: 0 : 13912, 1, 2020/12/02, 01:01:38.756, 804856214543, testhost.dll, DefaultEngineInvoker.GetConnectionInfo: Initialize communication on endpoint address: '127.0.0.1:054156'
TpTrace Information: 0 : 13912, 1, 2020/12/02, 01:01:38.773, 804856266552, testhost.dll, SocketClient.Start: connecting to server endpoint: 127.0.0.1:054156
TpTrace Information: 0 : 13912, 1, 2020/12/02, 01:01:38.780, 804856288798, testhost.dll, DefaultEngineInvoker.ConnectToDatacollector: Connecting to datacollector, port: 54155
TpTrace Information: 0 : 13912, 6, 2020/12/02, 01:01:38.783, 804856298285, testhost.dll, SocketClient.OnServerConnected: connected to server endpoint: 127.0.0.1:054156
TpTrace Information: 0 : 13912, 1, 2020/12/02, 01:01:38.786, 804856306575, testhost.dll, Trying to connect to server on socket : 127.0.0.1:54155 
TpTrace Verbose: 0 : 13912, 6, 2020/12/02, 01:01:38.786, 804856306655, testhost.dll, Connected to server, and starting MessageLoopAsync
TpTrace Verbose: 0 : 13912, 1, 2020/12/02, 01:01:38.786, 804856308340, testhost.dll, SocketCommunicationManager : SetupClientAsync : Attempting to connect to the server.
TpTrace Information: 0 : 13912, 10, 2020/12/02, 01:01:38.790, 804856318095, testhost.dll, Connected to the server successfully 
TpTrace Information: 0 : 13912, 10, 2020/12/02, 01:01:38.790, 804856318329, testhost.dll, Using the buffer size of 16384 bytes
TpTrace Information: 0 : 13912, 1, 2020/12/02, 01:01:38.790, 804856320698, testhost.dll, DefaultEngineInvoker.Invoke: Start Request Processing.
TpTrace Verbose: 0 : 13912, 9, 2020/12/02, 01:01:38.791, 804856321316, testhost.dll, TcpClientExtensions.MessageLoopAsync: Polling on remoteEndPoint: [::ffff:127.0.0.1]:54156 localEndPoint: [::ffff:127.0.0.1]:54158
TpTrace Verbose: 0 : 13912, 9, 2020/12/02, 01:01:38.791, 804856322775, testhost.dll, TcpClientExtensions.MessageLoopAsync: NotifyDataAvailable remoteEndPoint: [::ffff:127.0.0.1]:54156 localEndPoint: [::ffff:127.0.0.1]:54158
TpTrace Information: 0 : 13912, 11, 2020/12/02, 01:01:38.792, 804856324152, testhost.dll, DefaultEngineInvoker.StartProcessingAsync: Connected to vstest.console, Starting process requests.
TpTrace Information: 0 : 13912, 9, 2020/12/02, 01:01:38.988, 804856920614, testhost.dll, TestRequestHandler.ProcessRequests: received message: (ProtocolVersion) -> 3
TpTrace Verbose: 0 : 13912, 9, 2020/12/02, 01:01:39.036, 804857066338, testhost.dll, TestRequestHandler.SendData:  sending data from testhost: {"Version":2,"MessageType":"TestSession.Message","Payload":{"MessageLevel":0,"Message":"Logging TestHost Diagnostics in file: C:\\Users\\Emir\\source\\repos\\VVS-ZADACA2\\Filmoteka\\Unit Testovi\\bin\\Debug\\fine-code-coverage\\_outputfolder\\diagnostics.host.20-12-02_01-01-38_53569_4.log"}}
TpTrace Verbose: 0 : 13912, 9, 2020/12/02, 01:01:39.036, 804857067128, testhost.dll, TcpClientExtensions.MessageLoopAsync: Polling on remoteEndPoint: [::ffff:127.0.0.1]:54156 localEndPoint: [::ffff:127.0.0.1]:54158
TpTrace Verbose: 0 : 13912, 9, 2020/12/02, 01:01:39.036, 804857067445, testhost.dll, TcpClientExtensions.MessageLoopAsync: NotifyDataAvailable remoteEndPoint: [::ffff:127.0.0.1]:54156 localEndPoint: [::ffff:127.0.0.1]:54158
TpTrace Information: 0 : 13912, 9, 2020/12/02, 01:01:39.042, 804857087200, testhost.dll, TestRequestHandler.ProcessRequests: received message: (TestExecution.Initialize) -> [
  "C:\\Users\\Emir\\source\\repos\\VVS-ZADACA2\\Filmoteka\\Unit Testovi\\bin\\Debug\\fine-code-coverage\\Microsoft.VisualStudio.TestPlatform.MSTest.TestAdapter.dll"
]
TpTrace Information: 0 : 13912, 9, 2020/12/02, 01:01:39.043, 804857088046, testhost.dll, Execution Session Initialize.
TpTrace Verbose: 0 : 13912, 9, 2020/12/02, 01:01:39.054, 804857123316, testhost.dll, TcpClientExtensions.MessageLoopAsync: Polling on remoteEndPoint: [::ffff:127.0.0.1]:54156 localEndPoint: [::ffff:127.0.0.1]:54158
TpTrace Verbose: 0 : 13912, 9, 2020/12/02, 01:01:39.054, 804857123607, testhost.dll, TcpClientExtensions.MessageLoopAsync: NotifyDataAvailable remoteEndPoint: [::ffff:127.0.0.1]:54156 localEndPoint: [::ffff:127.0.0.1]:54158
TpTrace Verbose: 0 : 13912, 4, 2020/12/02, 01:01:39.058, 804857133794, testhost.dll, TestExecutorService: Loading the extensions
TpTrace Information: 0 : 13912, 9, 2020/12/02, 01:01:39.058, 804857135958, testhost.dll, TestRequestHandler.ProcessRequests: received message: (TestExecution.StartWithSources) -> {
  "AdapterSourceMap": {
    "_none_": [
      "C:\\Users\\Emir\\source\\repos\\VVS-ZADACA2\\Filmoteka\\Unit Testovi\\bin\\Debug\\fine-code-coverage\\Unit Testovi.dll"
    ]
  },
  "RunSettings": "<RunSettings>\r\n  <RunConfiguration>\r\n    <ResultsDirectory>C:\\Users\\Emir\\source\\repos\\VVS-ZADACA2\\Filmoteka\\Unit Testovi\\bin\\Debug\\fine-code-coverage\\_outputfolder</ResultsDirectory>\r\n    <TargetPlatform>X64</TargetPlatform>\r\n    <TargetFrameworkVersion>.NETCoreApp,Version=v3.1</TargetFrameworkVersion>\r\n    <DesignMode>False</DesignMode>\r\n    <CollectSourceInformation>False</CollectSourceInformation>\r\n  </RunConfiguration>\r\n  <LoggerRunSettings>\r\n    <Loggers>\r\n      <Logger friendlyName=\"blame\" enabled=\"True\" />\r\n      <Logger friendlyName=\"Console\" uri=\"logger://microsoft/TestPlatform/ConsoleLogger/v1\" assemblyQualifiedName=\"Microsoft.VisualStudio.TestPlatform.CommandLine.Internal.ConsoleLogger, vstest.console, Version=15.0.0.0, Culture=neutral, PublicKeyToken=b03f5f7f11d50a3a\" codeBase=\"C:\\Program Files\\dotnet\\sdk\\3.1.403\\vstest.console.dll\" enabled=\"True\" />\r\n    </Loggers>\r\n  </LoggerRunSettings>\r\n  <DataCollectionRunSettings>\r\n    <DataCollectors>\r\n      <DataCollector friendlyName=\"blame\" enabled=\"True\">\r\n        <Configuration>\r\n          <ResultsDirectory>C:\\Users\\Emir\\source\\repos\\VVS-ZADACA2\\Filmoteka\\Unit Testovi\\bin\\Debug\\fine-code-coverage\\_outputfolder</ResultsDirectory>\r\n        </Configuration>\r\n      </DataCollector>\r\n    </DataCollectors>\r\n  </DataCollectionRunSettings>\r\n</RunSettings>",
  "TestExecutionContext": {
    "FrequencyOfRunStatsChangeEvent": 10,
    "RunStatsChangeEventTimeout": "00:00:01.5000000",
    "InIsolation": false,
    "KeepAlive": false,
    "AreTestCaseLevelEventsRequired": false,
    "IsDebug": false,
    "TestCaseFilter": null,
    "FilterOptions": null
  },
  "Package": null
}
TpTrace Information: 0 : 13912, 9, 2020/12/02, 01:01:39.059, 804857136465, testhost.dll, Execution started.
TpTrace Verbose: 0 : 13912, 4, 2020/12/02, 01:01:39.060, 804857141590, testhost.dll, TestPluginCache.DiscoverTestExtensions: finding test extensions in assemblies endswith: TestAdapter.dll TPluginInfo: Microsoft.VisualStudio.TestPlatform.Common.ExtensionFramework.Utilities.TestExecutorPluginInformation TExtension: Microsoft.VisualStudio.TestPlatform.ObjectModel.Adapter.ITestExecutor
TpTrace Verbose: 0 : 13912, 4, 2020/12/02, 01:01:39.062, 804857146023, testhost.dll, TestPluginCache.GetExtensionPaths: Filtered extension paths: 
TpTrace Verbose: 0 : 13912, 4, 2020/12/02, 01:01:39.062, 804857147601, testhost.dll, TestPluginCache.GetExtensionPaths: Added default extension paths: C:\Users\Emir\source\repos\VVS-ZADACA2\Filmoteka\Unit Testovi\bin\Debug\fine-code-coverage\Microsoft.VisualStudio.TestPlatform.MSTest.TestAdapter.dll
TpTrace Verbose: 0 : 13912, 4, 2020/12/02, 01:01:39.062, 804857147767, testhost.dll, TestPluginCache.GetExtensionPaths: Added unfilterableExtensionPaths: 
TpTrace Information: 0 : 13912, 4, 2020/12/02, 01:01:39.066, 804857158211, testhost.dll, AssemblyResolver.ctor: Creating AssemblyResolver with searchDirectories C:\Users\Emir\source\repos\VVS-ZADACA2\Filmoteka\Unit Testovi\bin\Debug\fine-code-coverage
TpTrace Verbose: 0 : 13912, 4, 2020/12/02, 01:01:39.068, 804857165057, testhost.dll, TestPluginCache.DiscoverTestExtensions: Discovering the extensions using extension path.
TpTrace Verbose: 0 : 13912, 4, 2020/12/02, 01:01:39.068, 804857165418, testhost.dll, TestPluginCache.GetExtensionPaths: Filtered extension paths: 
TpTrace Verbose: 0 : 13912, 4, 2020/12/02, 01:01:39.068, 804857165544, testhost.dll, TestPluginCache.GetExtensionPaths: Added default extension paths: C:\Users\Emir\source\repos\VVS-ZADACA2\Filmoteka\Unit Testovi\bin\Debug\fine-code-coverage\Microsoft.VisualStudio.TestPlatform.MSTest.TestAdapter.dll
TpTrace Verbose: 0 : 13912, 4, 2020/12/02, 01:01:39.068, 804857165691, testhost.dll, TestPluginCache.GetExtensionPaths: Added unfilterableExtensionPaths: 
TpTrace Verbose: 0 : 13912, 4, 2020/12/02, 01:01:39.068, 804857165927, testhost.dll, TestPluginCache.DiscoverTestExtensions: Discovering the extensions using allExtensionPaths: C:\Users\Emir\source\repos\VVS-ZADACA2\Filmoteka\Unit Testovi\bin\Debug\fine-code-coverage\Microsoft.VisualStudio.TestPlatform.MSTest.TestAdapter.dll
TpTrace Information: 0 : 13912, 4, 2020/12/02, 01:01:39.070, 804857169653, testhost.dll, AssemblyResolver.AddSearchDirectories: Adding more searchDirectories C:\Users\Emir\source\repos\VVS-ZADACA2\Filmoteka\Unit Testovi\bin\Debug\fine-code-coverage
TpTrace Information: 0 : 13912, 4, 2020/12/02, 01:01:39.076, 804857189932, testhost.dll, AssemblyResolver.OnResolve: Microsoft.VisualStudio.TestPlatform.MSTest.TestAdapter: Resolving assembly.
TpTrace Information: 0 : 13912, 4, 2020/12/02, 01:01:39.078, 804857196028, testhost.dll, AssemblyResolver.OnResolve: Resolved assembly: Microsoft.VisualStudio.TestPlatform.MSTest.TestAdapter, from path: C:\Users\Emir\source\repos\VVS-ZADACA2\Filmoteka\Unit Testovi\bin\Debug\fine-code-coverage\Microsoft.VisualStudio.TestPlatform.MSTest.TestAdapter.dll
TpTrace Information: 0 : 13912, 4, 2020/12/02, 01:01:39.081, 804857204114, testhost.dll, AssemblyResolver.OnResolve: Microsoft.VisualStudio.TestPlatform.MSTestAdapter.PlatformServices.Interface: Resolving assembly.
TpTrace Information: 0 : 13912, 4, 2020/12/02, 01:01:39.081, 804857205764, testhost.dll, AssemblyResolver.OnResolve: Resolved assembly: Microsoft.VisualStudio.TestPlatform.MSTestAdapter.PlatformServices.Interface, from path: C:\Users\Emir\source\repos\VVS-ZADACA2\Filmoteka\Unit Testovi\bin\Debug\fine-code-coverage\Microsoft.VisualStudio.TestPlatform.MSTestAdapter.PlatformServices.Interface.dll
TpTrace Information: 0 : 13912, 4, 2020/12/02, 01:01:39.082, 804857206810, testhost.dll, AssemblyResolver.OnResolve: Microsoft.VisualStudio.TestPlatform.MSTestAdapter.PlatformServices: Resolving assembly.
TpTrace Information: 0 : 13912, 4, 2020/12/02, 01:01:39.082, 804857208456, testhost.dll, AssemblyResolver.OnResolve: Resolved assembly: Microsoft.VisualStudio.TestPlatform.MSTestAdapter.PlatformServices, from path: C:\Users\Emir\source\repos\VVS-ZADACA2\Filmoteka\Unit Testovi\bin\Debug\fine-code-coverage\Microsoft.VisualStudio.TestPlatform.MSTestAdapter.PlatformServices.dll
TpTrace Verbose: 0 : 13912, 4, 2020/12/02, 01:01:39.090, 804857230466, testhost.dll, TestPluginCache: Discovered the extensions using extension path ''.
TpTrace Verbose: 0 : 13912, 4, 2020/12/02, 01:01:39.090, 804857232463, testhost.dll, TestPluginCache: Discoverers are ''.
TpTrace Verbose: 0 : 13912, 4, 2020/12/02, 01:01:39.090, 804857232727, testhost.dll, TestPluginCache: Executors are 'executor://MSTestAdapter/v2'.
TpTrace Verbose: 0 : 13912, 4, 2020/12/02, 01:01:39.090, 804857233050, testhost.dll, TestPluginCache: Setting providers are ''.
TpTrace Verbose: 0 : 13912, 4, 2020/12/02, 01:01:39.091, 804857233383, testhost.dll, TestPluginCache: Loggers are ''.
TpTrace Verbose: 0 : 13912, 9, 2020/12/02, 01:01:39.098, 804857255066, testhost.dll, TcpClientExtensions.MessageLoopAsync: Polling on remoteEndPoint: [::ffff:127.0.0.1]:54156 localEndPoint: [::ffff:127.0.0.1]:54158
TpTrace Information: 0 : 13912, 4, 2020/12/02, 01:01:39.101, 804857266332, testhost.dll, TestPluginManager.CreateTestExtension: Attempting to load test extension: Microsoft.VisualStudio.TestPlatform.MSTest.TestAdapter.MSTestExecutor
TpTrace Verbose: 0 : 13912, 4, 2020/12/02, 01:01:39.108, 804857285474, testhost.dll, TestExecutorExtensionManager: Loading executor Microsoft.VisualStudio.TestPlatform.MSTest.TestAdapter.MSTestExecutor
TpTrace Verbose: 0 : 13912, 4, 2020/12/02, 01:01:39.108, 804857285734, testhost.dll, TestExecutorService: Loaded the executors
TpTrace Verbose: 0 : 13912, 4, 2020/12/02, 01:01:39.109, 804857289980, testhost.dll, TestPluginCache.DiscoverTestExtensions: finding test extensions in assemblies endswith: TestAdapter.dll TPluginInfo: Microsoft.VisualStudio.TestPlatform.Common.ExtensionFramework.Utilities.TestSettingsProviderPluginInformation TExtension: Microsoft.VisualStudio.TestPlatform.ObjectModel.Adapter.ISettingsProvider
TpTrace Verbose: 0 : 13912, 4, 2020/12/02, 01:01:39.110, 804857291586, testhost.dll, TestPluginCache.GetExtensionPaths: Filtered extension paths: 
TpTrace Verbose: 0 : 13912, 4, 2020/12/02, 01:01:39.110, 804857291771, testhost.dll, TestPluginCache.GetExtensionPaths: Added default extension paths: C:\Users\Emir\source\repos\VVS-ZADACA2\Filmoteka\Unit Testovi\bin\Debug\fine-code-coverage\Microsoft.VisualStudio.TestPlatform.MSTest.TestAdapter.dll
TpTrace Verbose: 0 : 13912, 4, 2020/12/02, 01:01:39.110, 804857291946, testhost.dll, TestPluginCache.GetExtensionPaths: Added unfilterableExtensionPaths: 
TpTrace Information: 0 : 13912, 4, 2020/12/02, 01:01:39.110, 804857292705, testhost.dll, AssemblyResolver.AddSearchDirectories: Adding more searchDirectories C:\Users\Emir\source\repos\VVS-ZADACA2\Filmoteka\Unit Testovi\bin\Debug\fine-code-coverage
TpTrace Verbose: 0 : 13912, 4, 2020/12/02, 01:01:39.110, 804857292899, testhost.dll, TestPluginCache.DiscoverTestExtensions: Discovering the extensions using extension path.
TpTrace Verbose: 0 : 13912, 4, 2020/12/02, 01:01:39.110, 804857293037, testhost.dll, TestPluginCache.GetExtensionPaths: Filtered extension paths: 
TpTrace Verbose: 0 : 13912, 4, 2020/12/02, 01:01:39.110, 804857293189, testhost.dll, TestPluginCache.GetExtensionPaths: Added default extension paths: C:\Users\Emir\source\repos\VVS-ZADACA2\Filmoteka\Unit Testovi\bin\Debug\fine-code-coverage\Microsoft.VisualStudio.TestPlatform.MSTest.TestAdapter.dll
TpTrace Verbose: 0 : 13912, 4, 2020/12/02, 01:01:39.110, 804857293317, testhost.dll, TestPluginCache.GetExtensionPaths: Added unfilterableExtensionPaths: 
TpTrace Verbose: 0 : 13912, 4, 2020/12/02, 01:01:39.110, 804857293452, testhost.dll, TestPluginCache.DiscoverTestExtensions: Discovering the extensions using allExtensionPaths: C:\Users\Emir\source\repos\VVS-ZADACA2\Filmoteka\Unit Testovi\bin\Debug\fine-code-coverage\Microsoft.VisualStudio.TestPlatform.MSTest.TestAdapter.dll
TpTrace Information: 0 : 13912, 4, 2020/12/02, 01:01:39.110, 804857293664, testhost.dll, AssemblyResolver.AddSearchDirectories: Adding more searchDirectories C:\Users\Emir\source\repos\VVS-ZADACA2\Filmoteka\Unit Testovi\bin\Debug\fine-code-coverage
TpTrace Verbose: 0 : 13912, 4, 2020/12/02, 01:01:39.111, 804857294621, testhost.dll, TestPluginCache: Discovered the extensions using extension path ''.
TpTrace Verbose: 0 : 13912, 4, 2020/12/02, 01:01:39.111, 804857294806, testhost.dll, TestPluginCache: Discoverers are ''.
TpTrace Verbose: 0 : 13912, 4, 2020/12/02, 01:01:39.111, 804857294987, testhost.dll, TestPluginCache: Executors are 'executor://MSTestAdapter/v2'.
TpTrace Verbose: 0 : 13912, 4, 2020/12/02, 01:01:39.111, 804857295256, testhost.dll, TestPluginCache: Setting providers are ''.
TpTrace Verbose: 0 : 13912, 4, 2020/12/02, 01:01:39.111, 804857295425, testhost.dll, TestPluginCache: Loggers are ''.
TpTrace Verbose: 0 : 13912, 4, 2020/12/02, 01:01:39.113, 804857300670, testhost.dll, TestExecutorService: Loaded the settings providers
TpTrace Information: 0 : 13912, 4, 2020/12/02, 01:01:39.113, 804857301086, testhost.dll, TestExecutorService: Loaded the extensions
TpTrace Information: 0 : 13912, 4, 2020/12/02, 01:01:39.228, 804857650210, testhost.dll, TestDiscoveryManager: Discovering tests from sources C:\Users\Emir\source\repos\VVS-ZADACA2\Filmoteka\Unit Testovi\bin\Debug\fine-code-coverage\Unit Testovi.dll
TpTrace Verbose: 0 : 13912, 4, 2020/12/02, 01:01:39.231, 804857661223, testhost.dll, TestPluginCache.DiscoverTestExtensions: finding test extensions in assemblies endswith: TestAdapter.dll TPluginInfo: Microsoft.VisualStudio.TestPlatform.Common.ExtensionFramework.Utilities.TestDiscovererPluginInformation TExtension: Microsoft.VisualStudio.TestPlatform.ObjectModel.Adapter.ITestDiscoverer
TpTrace Verbose: 0 : 13912, 4, 2020/12/02, 01:01:39.231, 804857662038, testhost.dll, TestPluginCache.GetExtensionPaths: Filtered extension paths: 
TpTrace Verbose: 0 : 13912, 4, 2020/12/02, 01:01:39.232, 804857662307, testhost.dll, TestPluginCache.GetExtensionPaths: Added default extension paths: C:\Users\Emir\source\repos\VVS-ZADACA2\Filmoteka\Unit Testovi\bin\Debug\fine-code-coverage\Microsoft.VisualStudio.TestPlatform.MSTest.TestAdapter.dll
TpTrace Verbose: 0 : 13912, 4, 2020/12/02, 01:01:39.232, 804857662526, testhost.dll, TestPluginCache.GetExtensionPaths: Added unfilterableExtensionPaths: 
TpTrace Information: 0 : 13912, 4, 2020/12/02, 01:01:39.232, 804857663067, testhost.dll, AssemblyResolver.AddSearchDirectories: Adding more searchDirectories C:\Users\Emir\source\repos\VVS-ZADACA2\Filmoteka\Unit Testovi\bin\Debug\fine-code-coverage
TpTrace Verbose: 0 : 13912, 4, 2020/12/02, 01:01:39.232, 804857663218, testhost.dll, TestPluginCache.DiscoverTestExtensions: Discovering the extensions using extension path.
TpTrace Verbose: 0 : 13912, 4, 2020/12/02, 01:01:39.232, 804857663349, testhost.dll, TestPluginCache.GetExtensionPaths: Filtered extension paths: 
TpTrace Verbose: 0 : 13912, 4, 2020/12/02, 01:01:39.232, 804857663471, testhost.dll, TestPluginCache.GetExtensionPaths: Added default extension paths: C:\Users\Emir\source\repos\VVS-ZADACA2\Filmoteka\Unit Testovi\bin\Debug\fine-code-coverage\Microsoft.VisualStudio.TestPlatform.MSTest.TestAdapter.dll
TpTrace Verbose: 0 : 13912, 4, 2020/12/02, 01:01:39.232, 804857663622, testhost.dll, TestPluginCache.GetExtensionPaths: Added unfilterableExtensionPaths: 
TpTrace Verbose: 0 : 13912, 4, 2020/12/02, 01:01:39.232, 804857663754, testhost.dll, TestPluginCache.DiscoverTestExtensions: Discovering the extensions using allExtensionPaths: C:\Users\Emir\source\repos\VVS-ZADACA2\Filmoteka\Unit Testovi\bin\Debug\fine-code-coverage\Microsoft.VisualStudio.TestPlatform.MSTest.TestAdapter.dll
TpTrace Information: 0 : 13912, 4, 2020/12/02, 01:01:39.232, 804857663946, testhost.dll, AssemblyResolver.AddSearchDirectories: Adding more searchDirectories C:\Users\Emir\source\repos\VVS-ZADACA2\Filmoteka\Unit Testovi\bin\Debug\fine-code-coverage
TpTrace Verbose: 0 : 13912, 4, 2020/12/02, 01:01:39.237, 804857678297, testhost.dll, TestPluginCache: Discovered the extensions using extension path ''.
TpTrace Verbose: 0 : 13912, 4, 2020/12/02, 01:01:39.237, 804857678699, testhost.dll, TestPluginCache: Discoverers are 'Microsoft.VisualStudio.TestPlatform.MSTest.TestAdapter.MSTestDiscoverer, Microsoft.VisualStudio.TestPlatform.MSTest.TestAdapter, Version=14.0.0.0, Culture=neutral, PublicKeyToken=b03f5f7f11d50a3a'.
TpTrace Verbose: 0 : 13912, 4, 2020/12/02, 01:01:39.237, 804857678861, testhost.dll, TestPluginCache: Executors are 'executor://MSTestAdapter/v2'.
TpTrace Verbose: 0 : 13912, 4, 2020/12/02, 01:01:39.237, 804857679097, testhost.dll, TestPluginCache: Setting providers are ''.
TpTrace Verbose: 0 : 13912, 4, 2020/12/02, 01:01:39.237, 804857679244, testhost.dll, TestPluginCache: Loggers are ''.
TpTrace Verbose: 0 : 13912, 4, 2020/12/02, 01:01:39.247, 804857708979, testhost.dll, BaseRunTests.RunTestInternalWithExecutors: Running tests for executor://MSTestAdapter/v2
TpTrace Information: 0 : 13912, 4, 2020/12/02, 01:01:39.308, 804857895813, testhost.dll, AssemblyResolver.OnResolve: Microsoft.VisualStudio.TestPlatform.MSTestAdapter.PlatformServices.resources: Resolving assembly.
TpTrace Information: 0 : 13912, 4, 2020/12/02, 01:01:39.308, 804857896283, testhost.dll, AssemblyResolver.OnResolve: Microsoft.VisualStudio.TestPlatform.MSTestAdapter.PlatformServices.resources: Failed to load assembly.
TpTrace Information: 0 : 13912, 4, 2020/12/02, 01:01:39.309, 804857897083, testhost.dll, AssemblyResolver.OnResolve: Microsoft.VisualStudio.TestPlatform.MSTestAdapter.PlatformServices.resources: Resolving assembly.
TpTrace Information: 0 : 13912, 4, 2020/12/02, 01:01:39.309, 804857897238, testhost.dll, AssemblyResolver.OnResolve: Microsoft.VisualStudio.TestPlatform.MSTestAdapter.PlatformServices.resources: Resolved from cache.
TpTrace Verbose: 0 : 13912, 4, 2020/12/02, 01:01:39.331, 804857965093, testhost.dll, TestExecutionRecorder.RecordStart: Starting test: Unit_Testovi.NoviTestovi.TestZamjenskiObjekat.
TpTrace Information: 0 : 13912, 4, 2020/12/02, 01:01:39.472, 804858393703, testhost.dll, AssemblyResolver.OnResolve: Microsoft.VisualStudio.TestPlatform.MSTest.TestAdapter.resources: Resolving assembly.
TpTrace Information: 0 : 13912, 4, 2020/12/02, 01:01:39.472, 804858394192, testhost.dll, AssemblyResolver.OnResolve: Microsoft.VisualStudio.TestPlatform.MSTest.TestAdapter.resources: Failed to load assembly.
TpTrace Verbose: 0 : 13912, 4, 2020/12/02, 01:01:39.515, 804858523745, testhost.dll, TestExecutionRecorder.RecordEnd: test: Unit_Testovi.NoviTestovi.TestZamjenskiObjekat execution completed.
TpTrace Verbose: 0 : 13912, 4, 2020/12/02, 01:01:39.555, 804858646529, testhost.dll, TestExecutionRecorder.RecordResult: Received result for test: Unit_Testovi.NoviTestovi.TestZamjenskiObjekat.
TpTrace Warning: 0 : 13912, 4, 2020/12/02, 01:01:39.561, 804858663503, testhost.dll, InProgressTests is null
TpTrace Warning: 0 : 13912, 4, 2020/12/02, 01:01:39.564, 804858672847, testhost.dll, TestRunCache: No test found corresponding to testResult 'TestZamjenskiObjekat  Failed
  Message: Test method Unit_Testovi.NoviTestovi.TestZamjenskiObjekat threw exception: 
System.NotImplementedException: The method or operation is not implemented.
  StackTrace:
    at Filmoteka.Reziser.DaLiJeReziraoFilm(Film f) in C:\Users\Emir\source\repos\VVS-ZADACA2\Filmoteka\Filmoteka\Reziser.cs:line 15
   at Filmoteka.Filmoteka.DajSveFilmoveZaRezisera(IReziser reziser) in C:\Users\Emir\source\repos\VVS-ZADACA2\Filmoteka\Filmoteka\Filmoteka.cs:line 97
   at Unit_Testovi.NoviTestovi.TestZamjenskiObjekat() in C:\Users\Emir\source\repos\VVS-ZADACA2\Filmoteka\Unit Testovi\NoviTestovi.cs:line 23
' in inProgress list.
TpTrace Verbose: 0 : 13912, 4, 2020/12/02, 01:01:39.564, 804858673210, testhost.dll, TestExecutionRecorder.RecordStart: Starting test: Unit_Testovi.NoviTestovi.TestDodajNastavakIstiGlumci.
TpTrace Verbose: 0 : 13912, 4, 2020/12/02, 01:01:39.568, 804858685470, testhost.dll, TestExecutionRecorder.RecordEnd: test: Unit_Testovi.NoviTestovi.TestDodajNastavakIstiGlumci execution completed.
TpTrace Verbose: 0 : 13912, 4, 2020/12/02, 01:01:39.570, 804858692070, testhost.dll, TestExecutionRecorder.RecordResult: Received result for test: Unit_Testovi.NoviTestovi.TestDodajNastavakIstiGlumci.
TpTrace Warning: 0 : 13912, 4, 2020/12/02, 01:01:39.570, 804858692399, testhost.dll, InProgressTests is null
TpTrace Warning: 0 : 13912, 4, 2020/12/02, 01:01:39.570, 804858692617, testhost.dll, TestRunCache: No test found corresponding to testResult 'TestDodajNastavakIstiGlumci  Failed
  Message: Test method Unit_Testovi.NoviTestovi.TestDodajNastavakIstiGlumci threw exception: 
System.NotImplementedException: The method or operation is not implemented.
  StackTrace:
    at Filmoteka.Filmoteka.DodajNastavak(Film film, Double rating, Boolean istiGlumci, List`1 noviGlumci) in C:\Users\Emir\source\repos\VVS-ZADACA2\Filmoteka\Filmoteka\Filmoteka.cs:line 147
   at Unit_Testovi.NoviTestovi.TestDodajNastavakIstiGlumci() in C:\Users\Emir\source\repos\VVS-ZADACA2\Filmoteka\Unit Testovi\NoviTestovi.cs:line 40
' in inProgress list.
TpTrace Verbose: 0 : 13912, 4, 2020/12/02, 01:01:39.571, 804858693132, testhost.dll, TestExecutionRecorder.RecordStart: Starting test: Unit_Testovi.NoviTestovi.TestDodajNastavakRazlicitiGlumci.
TpTrace Verbose: 0 : 13912, 4, 2020/12/02, 01:01:39.574, 804858703153, testhost.dll, TestExecutionRecorder.RecordEnd: test: Unit_Testovi.NoviTestovi.TestDodajNastavakRazlicitiGlumci execution completed.
TpTrace Verbose: 0 : 13912, 4, 2020/12/02, 01:01:39.576, 804858708827, testhost.dll, TestExecutionRecorder.RecordResult: Received result for test: Unit_Testovi.NoviTestovi.TestDodajNastavakRazlicitiGlumci.
TpTrace Warning: 0 : 13912, 4, 2020/12/02, 01:01:39.576, 804858709031, testhost.dll, InProgressTests is null
TpTrace Warning: 0 : 13912, 4, 2020/12/02, 01:01:39.576, 804858709182, testhost.dll, TestRunCache: No test found corresponding to testResult 'TestDodajNastavakRazlicitiGlumci  Failed
  Message: Test method Unit_Testovi.NoviTestovi.TestDodajNastavakRazlicitiGlumci threw exception: 
System.NotImplementedException: The method or operation is not implemented.
  StackTrace:
    at Filmoteka.Filmoteka.DodajNastavak(Film film, Double rating, Boolean istiGlumci, List`1 noviGlumci) in C:\Users\Emir\source\repos\VVS-ZADACA2\Filmoteka\Filmoteka\Filmoteka.cs:line 147
   at Unit_Testovi.NoviTestovi.TestDodajNastavakRazlicitiGlumci() in C:\Users\Emir\source\repos\VVS-ZADACA2\Filmoteka\Unit Testovi\NoviTestovi.cs:line 53
' in inProgress list.
TpTrace Verbose: 0 : 13912, 4, 2020/12/02, 01:01:39.576, 804858709386, testhost.dll, TestExecutionRecorder.RecordStart: Starting test: Unit_Testovi.NoviTestovi.TestDodajNastavakIzuzetak.
TpTrace Information: 0 : 13912, 4, 2020/12/02, 01:01:39.581, 804858723535, testhost.dll, AssemblyResolver.OnResolve: Microsoft.VisualStudio.TestPlatform.TestFramework.resources: Resolving assembly.
TpTrace Information: 0 : 13912, 4, 2020/12/02, 01:01:39.581, 804858724149, testhost.dll, AssemblyResolver.OnResolve: Microsoft.VisualStudio.TestPlatform.TestFramework.resources: Failed to load assembly.
TpTrace Verbose: 0 : 13912, 4, 2020/12/02, 01:01:39.582, 804858728314, testhost.dll, TestExecutionRecorder.RecordEnd: test: Unit_Testovi.NoviTestovi.TestDodajNastavakIzuzetak execution completed.
TpTrace Verbose: 0 : 13912, 4, 2020/12/02, 01:01:39.584, 804858734803, testhost.dll, TestExecutionRecorder.RecordResult: Received result for test: Unit_Testovi.NoviTestovi.TestDodajNastavakIzuzetak.
TpTrace Warning: 0 : 13912, 4, 2020/12/02, 01:01:39.584, 804858735150, testhost.dll, InProgressTests is null
TpTrace Warning: 0 : 13912, 4, 2020/12/02, 01:01:39.584, 804858735391, testhost.dll, TestRunCache: No test found corresponding to testResult 'TestDodajNastavakIzuzetak  Failed
  Message: Test method threw exception System.NotImplementedException, but exception System.ArgumentNullException was expected. Exception message: System.NotImplementedException: The method or operation is not implemented.
  StackTrace:
   at Filmoteka.Filmoteka.DodajNastavak(Film film, Double rating, Boolean istiGlumci, List`1 noviGlumci) in C:\Users\Emir\source\repos\VVS-ZADACA2\Filmoteka\Filmoteka\Filmoteka.cs:line 147
   at Unit_Testovi.NoviTestovi.TestDodajNastavakIzuzetak() in C:\Users\Emir\source\repos\VVS-ZADACA2\Filmoteka\Unit Testovi\NoviTestovi.cs:line 66
' in inProgress list.
TpTrace Verbose: 0 : 13912, 4, 2020/12/02, 01:01:39.585, 804858735727, testhost.dll, TestExecutionRecorder.RecordStart: Starting test: Unit_Testovi.NoviTestovi.TestDajSveFilmoveSGLumcima.
TpTrace Verbose: 0 : 13912, 4, 2020/12/02, 01:01:39.590, 804858753620, testhost.dll, TestExecutionRecorder.RecordEnd: test: Unit_Testovi.NoviTestovi.TestDajSveFilmoveSGLumcima execution completed.
TpTrace Verbose: 0 : 13912, 4, 2020/12/02, 01:01:39.593, 804858762392, testhost.dll, TestExecutionRecorder.RecordResult: Received result for test: Unit_Testovi.NoviTestovi.TestDajSveFilmoveSGLumcima.
TpTrace Warning: 0 : 13912, 4, 2020/12/02, 01:01:39.593, 804858762795, testhost.dll, InProgressTests is null
TpTrace Warning: 0 : 13912, 4, 2020/12/02, 01:01:39.594, 804858764413, testhost.dll, TestRunCache: No test found corresponding to testResult 'TestDajSveFilmoveSGLumcima  Passed
  Test Messages:
  StdOutMsgs:
3
' in inProgress list.
TpTrace Verbose: 0 : 13912, 4, 2020/12/02, 01:01:39.594, 804858764749, testhost.dll, TestExecutionRecorder.RecordStart: Starting test: Unit_Testovi.NoviTestovi.TestDajSrednjuOcjenuSvihFilmova.
TpTrace Verbose: 0 : 13912, 4, 2020/12/02, 01:01:39.602, 804858788006, testhost.dll, TestExecutionRecorder.RecordEnd: test: Unit_Testovi.NoviTestovi.TestDajSrednjuOcjenuSvihFilmova execution completed.
TpTrace Verbose: 0 : 13912, 4, 2020/12/02, 01:01:39.605, 804858797009, testhost.dll, TestExecutionRecorder.RecordResult: Received result for test: Unit_Testovi.NoviTestovi.TestDajSrednjuOcjenuSvihFilmova.
TpTrace Warning: 0 : 13912, 4, 2020/12/02, 01:01:39.605, 804858797348, testhost.dll, InProgressTests is null
TpTrace Warning: 0 : 13912, 4, 2020/12/02, 01:01:39.605, 804858797568, testhost.dll, TestRunCache: No test found corresponding to testResult 'TestDajSrednjuOcjenuSvihFilmova  Passed' in inProgress list.
TpTrace Verbose: 0 : 13912, 4, 2020/12/02, 01:01:39.605, 804858797818, testhost.dll, TestExecutionRecorder.RecordStart: Starting test: Unit_Testovi.NoviTestovi.TestDajSrednjuOcjenuSvihFilmovaPrazan.
TpTrace Verbose: 0 : 13912, 4, 2020/12/02, 01:01:39.609, 804858809227, testhost.dll, TestExecutionRecorder.RecordEnd: test: Unit_Testovi.NoviTestovi.TestDajSrednjuOcjenuSvihFilmovaPrazan execution completed.
TpTrace Verbose: 0 : 13912, 4, 2020/12/02, 01:01:39.611, 804858815357, testhost.dll, TestExecutionRecorder.RecordResult: Received result for test: Unit_Testovi.NoviTestovi.TestDajSrednjuOcjenuSvihFilmovaPrazan.
TpTrace Warning: 0 : 13912, 4, 2020/12/02, 01:01:39.611, 804858815637, testhost.dll, InProgressTests is null
TpTrace Warning: 0 : 13912, 4, 2020/12/02, 01:01:39.611, 804858815779, testhost.dll, TestRunCache: No test found corresponding to testResult 'TestDajSrednjuOcjenuSvihFilmovaPrazan  Passed' in inProgress list.
TpTrace Verbose: 0 : 13912, 4, 2020/12/02, 01:01:39.611, 804858815948, testhost.dll, TestExecutionRecorder.RecordStart: Starting test: Unit_Testovi.NoviTestovi.TestWatchlistKonstruktorIzuzetak.
TpTrace Verbose: 0 : 13912, 4, 2020/12/02, 01:01:39.614, 804858824274, testhost.dll, TestExecutionRecorder.RecordEnd: test: Unit_Testovi.NoviTestovi.TestWatchlistKonstruktorIzuzetak execution completed.
TpTrace Verbose: 0 : 13912, 4, 2020/12/02, 01:01:39.616, 804858830293, testhost.dll, TestExecutionRecorder.RecordResult: Received result for test: Unit_Testovi.NoviTestovi.TestWatchlistKonstruktorIzuzetak.
TpTrace Warning: 0 : 13912, 4, 2020/12/02, 01:01:39.616, 804858830523, testhost.dll, InProgressTests is null
TpTrace Warning: 0 : 13912, 4, 2020/12/02, 01:01:39.616, 804858830654, testhost.dll, TestRunCache: No test found corresponding to testResult 'TestWatchlistKonstruktorIzuzetak  Passed' in inProgress list.
TpTrace Verbose: 0 : 13912, 4, 2020/12/02, 01:01:39.616, 804858830810, testhost.dll, TestExecutionRecorder.RecordStart: Starting test: Unit_Testovi.NoviTestovi.TestProdužiRokValidan.
TpTrace Verbose: 0 : 13912, 4, 2020/12/02, 01:01:39.622, 804858850561, testhost.dll, TestExecutionRecorder.RecordEnd: test: Unit_Testovi.NoviTestovi.TestProdužiRokValidan execution completed.
TpTrace Verbose: 0 : 13912, 4, 2020/12/02, 01:01:39.628, 804858868367, testhost.dll, TestExecutionRecorder.RecordResult: Received result for test: Unit_Testovi.NoviTestovi.TestProdužiRokValidan.
TpTrace Warning: 0 : 13912, 4, 2020/12/02, 01:01:39.628, 804858868784, testhost.dll, InProgressTests is null
TpTrace Warning: 0 : 13912, 4, 2020/12/02, 01:01:39.628, 804858868955, testhost.dll, TestRunCache: No test found corresponding to testResult 'TestProdužiRokValidan  Passed' in inProgress list.
TpTrace Verbose: 0 : 13912, 4, 2020/12/02, 01:01:39.628, 804858869164, testhost.dll, TestExecutionRecorder.RecordStart: Starting test: Unit_Testovi.NoviTestovi.TestAutomatskiKorisničkiPodaciIzuzetak.
TpTrace Information: 0 : 13912, 4, 2020/12/02, 01:01:39.632, 804858880756, testhost.dll, Sending test run statistics
TpTrace Verbose: 0 : 13912, 4, 2020/12/02, 01:01:39.685, 804859042304, testhost.dll, TestRequestHandler.SendData:  sending data from testhost: {"Version":2,"MessageType":"TestExecution.StatsChange","Payload":{"NewTestResults":[{"TestCase":{"Id":"aef9dec6-1181-fac1-2596-b31421e8da47","FullyQualifiedName":"Unit_Testovi.NoviTestovi.TestZamjenskiObjekat","DisplayName":"TestZamjenskiObjekat","ExecutorUri":"executor://MSTestAdapter/v2","Source":"C:\\Users\\Emir\\source\\repos\\VVS-ZADACA2\\Filmoteka\\Unit Testovi\\bin\\Debug\\fine-code-coverage\\Unit Testovi.dll","CodeFilePath":null,"LineNumber":-1,"Properties":[{"Key":{"Id":"MSTestDiscoverer.TestClassName","Label":"ClassName","Category":"","Description":"","Attributes":1,"ValueType":"System.String"},"Value":"Unit_Testovi.NoviTestovi"},{"Key":{"Id":"TestObject.Traits","Label":"Traits","Category":"","Description":"","Attributes":5,"ValueType":"System.Collections.Generic.KeyValuePair`2[[System.String],[System.String]][]"},"Value":[]}]},"Attachments":[],"Outcome":2,"ErrorMessage":"Test method Unit_Testovi.NoviTestovi.TestZamjenskiObjekat threw exception: \r\nSystem.NotImplementedException: The method or operation is not implemented.","ErrorStackTrace":"    at Filmoteka.Reziser.DaLiJeReziraoFilm(Film f) in C:\\Users\\Emir\\source\\repos\\VVS-ZADACA2\\Filmoteka\\Filmoteka\\Reziser.cs:line 15\r\n   at Filmoteka.Filmoteka.DajSveFilmoveZaRezisera(IReziser reziser) in C:\\Users\\Emir\\source\\repos\\VVS-ZADACA2\\Filmoteka\\Filmoteka\\Filmoteka.cs:line 97\r\n   at Unit_Testovi.NoviTestovi.TestZamjenskiObjekat() in C:\\Users\\Emir\\source\\repos\\VVS-ZADACA2\\Filmoteka\\Unit Testovi\\NoviTestovi.cs:line 23\r\n","DisplayName":null,"Messages":[],"ComputerName":null,"Duration":"00:00:00.0421164","StartTime":"2020-12-02T01:01:39.4187495+01:00","EndTime":"2020-12-02T01:01:39.5087547+01:00","Properties":[{"Key":{"Id":"ExecutionId","Label":"ExecutionId","Category":"","Description":"","Attributes":1,"ValueType":"System.Guid"},"Value":"00000000-0000-0000-0000-000000000000"},{"Key":{"Id":"ParentExecId","Label":"ParentExecId","Category":"","Description":"","Attributes":1,"ValueType":"System.Guid"},"Value":"00000000-0000-0000-0000-000000000000"},{"Key":{"Id":"InnerResultsCount","Label":"InnerResultsCount","Category":"","Description":"","Attributes":1,"ValueType":"System.Int32"},"Value":0}]},{"TestCase":{"Id":"307a9543-71bf-45b1-736e-e86a33581b25","FullyQualifiedName":"Unit_Testovi.NoviTestovi.TestDodajNastavakIstiGlumci","DisplayName":"TestDodajNastavakIstiGlumci","ExecutorUri":"executor://MSTestAdapter/v2","Source":"C:\\Users\\Emir\\source\\repos\\VVS-ZADACA2\\Filmoteka\\Unit Testovi\\bin\\Debug\\fine-code-coverage\\Unit Testovi.dll","CodeFilePath":null,"LineNumber":-1,"Properties":[{"Key":{"Id":"MSTestDiscoverer.TestClassName","Label":"ClassName","Category":"","Description":"","Attributes":1,"ValueType":"System.String"},"Value":"Unit_Testovi.NoviTestovi"},{"Key":{"Id":"TestObject.Traits","Label":"Traits","Category":"","Description":"","Attributes":5,"ValueType":"System.Collections.Generic.KeyValuePair`2[[System.String],[System.String]][]"},"Value":[]}]},"Attachments":[],"Outcome":2,"ErrorMessage":"Test method Unit_Testovi.NoviTestovi.TestDodajNastavakIstiGlumci threw exception: \r\nSystem.NotImplementedException: The method or operation is not implemented.","ErrorStackTrace":"    at Filmoteka.Filmoteka.DodajNastavak(Film film, Double rating, Boolean istiGlumci, List`1 noviGlumci) in C:\\Users\\Emir\\source\\repos\\VVS-ZADACA2\\Filmoteka\\Filmoteka\\Filmoteka.cs:line 147\r\n   at Unit_Testovi.NoviTestovi.TestDodajNastavakIstiGlumci() in C:\\Users\\Emir\\source\\repos\\VVS-ZADACA2\\Filmoteka\\Unit Testovi\\NoviTestovi.cs:line 40\r\n","DisplayName":null,"Messages":[],"ComputerName":null,"Duration":"00:00:00.0013380","StartTime":"2020-12-02T01:01:39.566758+01:00","EndTime":"2020-12-02T01:01:39.5687581+01:00","Properties":[{"Key":{"Id":"ExecutionId","Label":"ExecutionId","Category":"","Description":"","Attributes":1,"ValueType":"System.Guid"},"Value":"00000000-0000-0000-0000-000000000000"},{"Key":{"Id":"ParentExecId","Label":"ParentExecId","Category":"","Description":"","Attributes":1,"ValueType":"System.Guid"},"Value":"00000000-0000-0000-0000-000000000000"},{"Key":{"Id":"InnerResultsCount","Label":"InnerResultsCount","Category":"","Description":"","Attributes":1,"ValueType":"System.Int32"},"Value":0}]},{"TestCase":{"Id":"ccc8a4b1-0bba-0d1f-634a-2a0e08c0293a","FullyQualifiedName":"Unit_Testovi.NoviTestovi.TestDodajNastavakRazlicitiGlumci","DisplayName":"TestDodajNastavakRazlicitiGlumci","ExecutorUri":"executor://MSTestAdapter/v2","Source":"C:\\Users\\Emir\\source\\repos\\VVS-ZADACA2\\Filmoteka\\Unit Testovi\\bin\\Debug\\fine-code-coverage\\Unit Testovi.dll","CodeFilePath":null,"LineNumber":-1,"Properties":[{"Key":{"Id":"MSTestDiscoverer.TestClassName","Label":"ClassName","Category":"","Description":"","Attributes":1,"ValueType":"System.String"},"Value":"Unit_Testovi.NoviTestovi"},{"Key":{"Id":"TestObject.Traits","Label":"Traits","Category":"","Description":"","Attributes":5,"ValueType":"System.Collections.Generic.KeyValuePair`2[[System.String],[System.String]][]"},"Value":[]}]},"Attachments":[],"Outcome":2,"ErrorMessage":"Test method Unit_Testovi.NoviTestovi.TestDodajNastavakRazlicitiGlumci threw exception: \r\nSystem.NotImplementedException: The method or operation is not implemented.","ErrorStackTrace":"    at Filmoteka.Filmoteka.DodajNastavak(Film film, Double rating, Boolean istiGlumci, List`1 noviGlumci) in C:\\Users\\Emir\\source\\repos\\VVS-ZADACA2\\Filmoteka\\Filmoteka\\Filmoteka.cs:line 147\r\n   at Unit_Testovi.NoviTestovi.TestDodajNastavakRazlicitiGlumci() in C:\\Users\\Emir\\source\\repos\\VVS-ZADACA2\\Filmoteka\\Unit Testovi\\NoviTestovi.cs:line 53\r\n","DisplayName":null,"Messages":[],"ComputerName":null,"Duration":"00:00:00.0012176","StartTime":"2020-12-02T01:01:39.5727584+01:00","EndTime":"2020-12-02T01:01:39.5747585+01:00","Properties":[{"Key":{"Id":"ExecutionId","Label":"ExecutionId","Category":"","Description":"","Attributes":1,"ValueType":"System.Guid"},"Value":"00000000-0000-0000-0000-000000000000"},{"Key":{"Id":"ParentExecId","Label":"ParentExecId","Category":"","Description":"","Attributes":1,"ValueType":"System.Guid"},"Value":"00000000-0000-0000-0000-000000000000"},{"Key":{"Id":"InnerResultsCount","Label":"InnerResultsCount","Category":"","Description":"","Attributes":1,"ValueType":"System.Int32"},"Value":0}]},{"TestCase":{"Id":"83c1ddde-4e31-66fc-a376-4096e8037e77","FullyQualifiedName":"Unit_Testovi.NoviTestovi.TestDodajNastavakIzuzetak","DisplayName":"TestDodajNastavakIzuzetak","ExecutorUri":"executor://MSTestAdapter/v2","Source":"C:\\Users\\Emir\\source\\repos\\VVS-ZADACA2\\Filmoteka\\Unit Testovi\\bin\\Debug\\fine-code-coverage\\Unit Testovi.dll","CodeFilePath":null,"LineNumber":-1,"Properties":[{"Key":{"Id":"MSTestDiscoverer.TestClassName","Label":"ClassName","Category":"","Description":"","Attributes":1,"ValueType":"System.String"},"Value":"Unit_Testovi.NoviTestovi"},{"Key":{"Id":"TestObject.Traits","Label":"Traits","Category":"","Description":"","Attributes":5,"ValueType":"System.Collections.Generic.KeyValuePair`2[[System.String],[System.String]][]"},"Value":[]}]},"Attachments":[],"Outcome":2,"ErrorMessage":"Test method threw exception System.NotImplementedException, but exception System.ArgumentNullException was expected. Exception message: System.NotImplementedException: The method or operation is not implemented.","ErrorStackTrace":"   at Filmoteka.Filmoteka.DodajNastavak(Film film, Double rating, Boolean istiGlumci, List`1 noviGlumci) in C:\\Users\\Emir\\source\\repos\\VVS-ZADACA2\\Filmoteka\\Filmoteka\\Filmoteka.cs:line 147\r\n   at Unit_Testovi.NoviTestovi.TestDodajNastavakIzuzetak() in C:\\Users\\Emir\\source\\repos\\VVS-ZADACA2\\Filmoteka\\Unit Testovi\\NoviTestovi.cs:line 66\r\n","DisplayName":null,"Messages":[],"ComputerName":null,"Duration":"00:00:00.0039650","StartTime":"2020-12-02T01:01:39.5787587+01:00","EndTime":"2020-12-02T01:01:39.5827589+01:00","Properties":[{"Key":{"Id":"ExecutionId","Label":"ExecutionId","Category":"","Description":"","Attributes":1,"ValueType":"System.Guid"},"Value":"00000000-0000-0000-0000-000000000000"},{"Key":{"Id":"ParentExecId","Label":"ParentExecId","Category":"","Description":"","Attributes":1,"ValueType":"System.Guid"},"Value":"00000000-0000-0000-0000-000000000000"},{"Key":{"Id":"InnerResultsCount","Label":"InnerResultsCount","Category":"","Description":"","Attributes":1,"ValueType":"System.Int32"},"Value":0}]},{"TestCase":{"Id":"729a6b5e-7234-caa5-77a0-368e88dfe702","FullyQualifiedName":"Unit_Testovi.NoviTestovi.TestDajSveFilmoveSGLumcima","DisplayName":"TestDajSveFilmoveSGLumcima","ExecutorUri":"executor://MSTestAdapter/v2","Source":"C:\\Users\\Emir\\source\\repos\\VVS-ZADACA2\\Filmoteka\\Unit Testovi\\bin\\Debug\\fine-code-coverage\\Unit Testovi.dll","CodeFilePath":null,"LineNumber":-1,"Properties":[{"Key":{"Id":"MSTestDiscoverer.TestClassName","Label":"ClassName","Category":"","Description":"","Attributes":1,"ValueType":"System.String"},"Value":"Unit_Testovi.NoviTestovi"},{"Key":{"Id":"TestObject.Traits","Label":"Traits","Category":"","Description":"","Attributes":5,"ValueType":"System.Collections.Generic.KeyValuePair`2[[System.String],[System.String]][]"},"Value":[]}]},"Attachments":[],"Outcome":1,"ErrorMessage":null,"ErrorStackTrace":null,"DisplayName":null,"Messages":[{"Category":"StdOutMsgs","Text":"3\r\n"}],"ComputerName":null,"Duration":"00:00:00.0035293","StartTime":"2020-12-02T01:01:39.5877592+01:00","EndTime":"2020-12-02T01:01:39.5907594+01:00","Properties":[{"Key":{"Id":"ExecutionId","Label":"ExecutionId","Category":"","Description":"","Attributes":1,"ValueType":"System.Guid"},"Value":"00000000-0000-0000-0000-000000000000"},{"Key":{"Id":"ParentExecId","Label":"ParentExecId","Category":"","Description":"","Attributes":1,"ValueType":"System.Guid"},"Value":"00000000-0000-0000-0000-000000000000"},{"Key":{"Id":"InnerResultsCount","Label":"InnerResultsCount","Category":"","Description":"","Attributes":1,"ValueType":"System.Int32"},"Value":0}]},{"TestCase":{"Id":"ff1b4d14-945d-8df7-b04f-61053947ac65","FullyQualifiedName":"Unit_Testovi.NoviTestovi.TestDajSrednjuOcjenuSvihFilmova","DisplayName":"TestDajSrednjuOcjenuSvihFilmova","ExecutorUri":"executor://MSTestAdapter/v2","Source":"C:\\Users\\Emir\\source\\repos\\VVS-ZADACA2\\Filmoteka\\Unit Testovi\\bin\\Debug\\fine-code-coverage\\Unit Testovi.dll","CodeFilePath":null,"LineNumber":-1,"Properties":[{"Key":{"Id":"MSTestDiscoverer.TestClassName","Label":"ClassName","Category":"","Description":"","Attributes":1,"ValueType":"System.String"},"Value":"Unit_Testovi.NoviTestovi"},{"Key":{"Id":"TestObject.Traits","Label":"Traits","Category":"","Description":"","Attributes":5,"ValueType":"System.Collections.Generic.KeyValuePair`2[[System.String],[System.String]][]"},"Value":[]}]},"Attachments":[],"Outcome":1,"ErrorMessage":null,"ErrorStackTrace":null,"DisplayName":null,"Messages":[],"ComputerName":null,"Duration":"00:00:00.0050264","StartTime":"2020-12-02T01:01:39.5967597+01:00","EndTime":"2020-12-02T01:01:39.6027601+01:00","Properties":[{"Key":{"Id":"ExecutionId","Label":"ExecutionId","Category":"","Description":"","Attributes":1,"ValueType":"System.Guid"},"Value":"00000000-0000-0000-0000-000000000000"},{"Key":{"Id":"ParentExecId","Label":"ParentExecId","Category":"","Description":"","Attributes":1,"ValueType":"System.Guid"},"Value":"00000000-0000-0000-0000-000000000000"},{"Key":{"Id":"InnerResultsCount","Label":"InnerResultsCount","Category":"","Description":"","Attributes":1,"ValueType":"System.Int32"},"Value":0}]},{"TestCase":{"Id":"5ce7f736-72c3-ced1-6d90-e30c94cad1f2","FullyQualifiedName":"Unit_Testovi.NoviTestovi.TestDajSrednjuOcjenuSvihFilmovaPrazan","DisplayName":"TestDajSrednjuOcjenuSvihFilmovaPrazan","ExecutorUri":"executor://MSTestAdapter/v2","Source":"C:\\Users\\Emir\\source\\repos\\VVS-ZADACA2\\Filmoteka\\Unit Testovi\\bin\\Debug\\fine-code-coverage\\Unit Testovi.dll","CodeFilePath":null,"LineNumber":-1,"Properties":[{"Key":{"Id":"MSTestDiscoverer.TestClassName","Label":"ClassName","Category":"","Description":"","Attributes":1,"ValueType":"System.String"},"Value":"Unit_Testovi.NoviTestovi"},{"Key":{"Id":"TestObject.Traits","Label":"Traits","Category":"","Description":"","Attributes":5,"ValueType":"System.Collections.Generic.KeyValuePair`2[[System.String],[System.String]][]"},"Value":[]}]},"Attachments":[],"Outcome":1,"ErrorMessage":null,"ErrorStackTrace":null,"DisplayName":null,"Messages":[],"ComputerName":null,"Duration":"00:00:00.0008385","StartTime":"2020-12-02T01:01:39.6087604+01:00","EndTime":"2020-12-02T01:01:39.6097605+01:00","Properties":[{"Key":{"Id":"ExecutionId","Label":"ExecutionId","Category":"","Description":"","Attributes":1,"ValueType":"System.Guid"},"Value":"00000000-0000-0000-0000-000000000000"},{"Key":{"Id":"ParentExecId","Label":"ParentExecId","Category":"","Description":"","Attributes":1,"ValueType":"System.Guid"},"Value":"00000000-0000-0000-0000-000000000000"},{"Key":{"Id":"InnerResultsCount","Label":"InnerResultsCount","Category":"","Description":"","Attributes":1,"ValueType":"System.Int32"},"Value":0}]},{"TestCase":{"Id":"f5a195b5-097c-875e-c0c3-04764ba84a21","FullyQualifiedName":"Unit_Testovi.NoviTestovi.TestWatchlistKonstruktorIzuzetak","DisplayName":"TestWatchlistKonstruktorIzuzetak","ExecutorUri":"executor://MSTestAdapter/v2","Source":"C:\\Users\\Emir\\source\\repos\\VVS-ZADACA2\\Filmoteka\\Unit Testovi\\bin\\Debug\\fine-code-coverage\\Unit Testovi.dll","CodeFilePath":null,"LineNumber":-1,"Properties":[{"Key":{"Id":"MSTestDiscoverer.TestClassName","Label":"ClassName","Category":"","Description":"","Attributes":1,"ValueType":"System.String"},"Value":"Unit_Testovi.NoviTestovi"},{"Key":{"Id":"TestObject.Traits","Label":"Traits","Category":"","Description":"","Attributes":5,"ValueType":"System.Collections.Generic.KeyValuePair`2[[System.String],[System.String]][]"},"Value":[]}]},"Attachments":[],"Outcome":1,"ErrorMessage":null,"ErrorStackTrace":null,"DisplayName":null,"Messages":[],"ComputerName":null,"Duration":"00:00:00.0007313","StartTime":"2020-12-02T01:01:39.6137607+01:00","EndTime":"2020-12-02T01:01:39.6147608+01:00","Properties":[{"Key":{"Id":"ExecutionId","Label":"ExecutionId","Category":"","Description":"","Attributes":1,"ValueType":"System.Guid"},"Value":"00000000-0000-0000-0000-000000000000"},{"Key":{"Id":"ParentExecId","Label":"ParentExecId","Category":"","Description":"","Attributes":1,"ValueType":"System.Guid"},"Value":"00000000-0000-0000-0000-000000000000"},{"Key":{"Id":"InnerResultsCount","Label":"InnerResultsCount","Category":"","Description":"","Attributes":1,"ValueType":"System.Int32"},"Value":0}]},{"TestCase":{"Id":"b1426bd4-5b5c-cdf7-b56e-482bb38d32fa","FullyQualifiedName":"Unit_Testovi.NoviTestovi.TestProdužiRokValidan","DisplayName":"TestProdužiRokValidan","ExecutorUri":"executor://MSTestAdapter/v2","Source":"C:\\Users\\Emir\\source\\repos\\VVS-ZADACA2\\Filmoteka\\Unit Testovi\\bin\\Debug\\fine-code-coverage\\Unit Testovi.dll","CodeFilePath":null,"LineNumber":-1,"Properties":[{"Key":{"Id":"MSTestDiscoverer.TestClassName","Label":"ClassName","Category":"","Description":"","Attributes":1,"ValueType":"System.String"},"Value":"Unit_Testovi.NoviTestovi"},{"Key":{"Id":"TestObject.Traits","Label":"Traits","Category":"","Description":"","Attributes":5,"ValueType":"System.Collections.Generic.KeyValuePair`2[[System.String],[System.String]][]"},"Value":[]}]},"Attachments":[],"Outcome":1,"ErrorMessage":null,"ErrorStackTrace":null,"DisplayName":null,"Messages":[],"ComputerName":null,"Duration":"00:00:00.0037631","StartTime":"2020-12-02T01:01:39.618761+01:00","EndTime":"2020-12-02T01:01:39.6227612+01:00","Properties":[{"Key":{"Id":"ExecutionId","Label":"ExecutionId","Category":"","Description":"","Attributes":1,"ValueType":"System.Guid"},"Value":"00000000-0000-0000-0000-000000000000"},{"Key":{"Id":"ParentExecId","Label":"ParentExecId","Category":"","Description":"","Attributes":1,"ValueType":"System.Guid"},"Value":"00000000-0000-0000-0000-000000000000"},{"Key":{"Id":"InnerResultsCount","Label":"InnerResultsCount","Category":"","Description":"","Attributes":1,"ValueType":"System.Int32"},"Value":0}]}],"TestRunStatistics":{"ExecutedTests":9,"Stats":{"Failed":4,"Passed":5}},"ActiveTests":[{"Id":"cad8ba2a-9c27-403a-f461-230cd3f8eda3","FullyQualifiedName":"Unit_Testovi.NoviTestovi.TestAutomatskiKorisničkiPodaciIzuzetak","DisplayName":"TestAutomatskiKorisničkiPodaciIzuzetak","ExecutorUri":"executor://MSTestAdapter/v2","Source":"C:\\Users\\Emir\\source\\repos\\VVS-ZADACA2\\Filmoteka\\Unit Testovi\\bin\\Debug\\fine-code-coverage\\Unit Testovi.dll","CodeFilePath":null,"LineNumber":-1,"Properties":[{"Key":{"Id":"MSTestDiscoverer.TestClassName","Label":"ClassName","Category":"","Description":"","Attributes":1,"ValueType":"System.String"},"Value":"Unit_Testovi.NoviTestovi"},{"Key":{"Id":"TestObject.Traits","Label":"Traits","Category":"","Description":"","Attributes":5,"ValueType":"System.Collections.Generic.KeyValuePair`2[[System.String],[System.String]][]"},"Value":[]}]}]}}
TpTrace Verbose: 0 : 13912, 4, 2020/12/02, 01:01:39.687, 804859047049, testhost.dll, TestRunCache: OnNewTestResult: Notified the onCacheHit callback.
TpTrace Verbose: 0 : 13912, 4, 2020/12/02, 01:01:39.693, 804859065892, testhost.dll, TestExecutionRecorder.RecordEnd: test: Unit_Testovi.NoviTestovi.TestAutomatskiKorisničkiPodaciIzuzetak execution completed.
TpTrace Warning: 0 : 13912, 4, 2020/12/02, 01:01:39.693, 804859066340, testhost.dll, InProgressTests is null
TpTrace Verbose: 0 : 13912, 4, 2020/12/02, 01:01:39.695, 804859072537, testhost.dll, TestExecutionRecorder.RecordResult: Received result for test: Unit_Testovi.NoviTestovi.TestAutomatskiKorisničkiPodaciIzuzetak.
TpTrace Warning: 0 : 13912, 4, 2020/12/02, 01:01:39.695, 804859072809, testhost.dll, InProgressTests is null
TpTrace Warning: 0 : 13912, 4, 2020/12/02, 01:01:39.695, 804859072950, testhost.dll, TestRunCache: No test found corresponding to testResult 'TestAutomatskiKorisničkiPodaciIzuzetak  Passed' in inProgress list.
TpTrace Verbose: 0 : 13912, 4, 2020/12/02, 01:01:39.695, 804859073113, testhost.dll, TestExecutionRecorder.RecordStart: Starting test: Unit_Testovi.NoviTestovi.TestAutomatskiKorisničkiPodaciUsername.
TpTrace Verbose: 0 : 13912, 4, 2020/12/02, 01:01:39.698, 804859081929, testhost.dll, TestExecutionRecorder.RecordEnd: test: Unit_Testovi.NoviTestovi.TestAutomatskiKorisničkiPodaciUsername execution completed.
TpTrace Verbose: 0 : 13912, 4, 2020/12/02, 01:01:39.700, 804859087542, testhost.dll, TestExecutionRecorder.RecordResult: Received result for test: Unit_Testovi.NoviTestovi.TestAutomatskiKorisničkiPodaciUsername.
TpTrace Warning: 0 : 13912, 4, 2020/12/02, 01:01:39.700, 804859087827, testhost.dll, InProgressTests is null
TpTrace Warning: 0 : 13912, 4, 2020/12/02, 01:01:39.700, 804859088010, testhost.dll, TestRunCache: No test found corresponding to testResult 'TestAutomatskiKorisničkiPodaciUsername  Passed' in inProgress list.
TpTrace Verbose: 0 : 13912, 4, 2020/12/02, 01:01:39.700, 804859088263, testhost.dll, TestExecutionRecorder.RecordStart: Starting test: Unit_Testovi.NoviTestovi.TestAutomatskiKorisničkiPodaciPassword.
TpTrace Verbose: 0 : 13912, 4, 2020/12/02, 01:01:39.703, 804859094819, testhost.dll, TestExecutionRecorder.RecordEnd: test: Unit_Testovi.NoviTestovi.TestAutomatskiKorisničkiPodaciPassword execution completed.
TpTrace Verbose: 0 : 13912, 4, 2020/12/02, 01:01:39.704, 804859099945, testhost.dll, TestExecutionRecorder.RecordResult: Received result for test: Unit_Testovi.NoviTestovi.TestAutomatskiKorisničkiPodaciPassword.
TpTrace Warning: 0 : 13912, 4, 2020/12/02, 01:01:39.704, 804859100173, testhost.dll, InProgressTests is null
TpTrace Warning: 0 : 13912, 4, 2020/12/02, 01:01:39.704, 804859100307, testhost.dll, TestRunCache: No test found corresponding to testResult 'TestAutomatskiKorisničkiPodaciPassword  Passed' in inProgress list.
TpTrace Verbose: 0 : 13912, 4, 2020/12/02, 01:01:39.704, 804859100462, testhost.dll, TestExecutionRecorder.RecordStart: Starting test: Unit_Testovi.NoviTestovi.TestGostKonstruktorIzuzetakUsername.
TpTrace Verbose: 0 : 13912, 4, 2020/12/02, 01:01:39.707, 804859107504, testhost.dll, TestExecutionRecorder.RecordEnd: test: Unit_Testovi.NoviTestovi.TestGostKonstruktorIzuzetakUsername execution completed.
TpTrace Verbose: 0 : 13912, 4, 2020/12/02, 01:01:39.709, 804859113262, testhost.dll, TestExecutionRecorder.RecordResult: Received result for test: Unit_Testovi.NoviTestovi.TestGostKonstruktorIzuzetakUsername.
TpTrace Warning: 0 : 13912, 4, 2020/12/02, 01:01:39.709, 804859113490, testhost.dll, InProgressTests is null
TpTrace Warning: 0 : 13912, 4, 2020/12/02, 01:01:39.709, 804859113649, testhost.dll, TestRunCache: No test found corresponding to testResult 'TestGostKonstruktorIzuzetakUsername  Passed' in inProgress list.
TpTrace Verbose: 0 : 13912, 4, 2020/12/02, 01:01:39.709, 804859113799, testhost.dll, TestExecutionRecorder.RecordStart: Starting test: Unit_Testovi.NoviTestovi.TestGostKonstruktorIzuzetakPassword.
TpTrace Verbose: 0 : 13912, 4, 2020/12/02, 01:01:39.711, 804859120460, testhost.dll, TestExecutionRecorder.RecordEnd: test: Unit_Testovi.NoviTestovi.TestGostKonstruktorIzuzetakPassword execution completed.
TpTrace Verbose: 0 : 13912, 4, 2020/12/02, 01:01:39.713, 804859125862, testhost.dll, TestExecutionRecorder.RecordResult: Received result for test: Unit_Testovi.NoviTestovi.TestGostKonstruktorIzuzetakPassword.
TpTrace Warning: 0 : 13912, 4, 2020/12/02, 01:01:39.713, 804859126040, testhost.dll, InProgressTests is null
TpTrace Warning: 0 : 13912, 4, 2020/12/02, 01:01:39.713, 804859126167, testhost.dll, TestRunCache: No test found corresponding to testResult 'TestGostKonstruktorIzuzetakPassword  Passed' in inProgress list.
TpTrace Verbose: 0 : 13912, 4, 2020/12/02, 01:01:39.713, 804859126312, testhost.dll, TestExecutionRecorder.RecordStart: Starting test: Unit_Testovi.NoviTestovi.TestGostKonstruktorIzuzetakIme.
TpTrace Verbose: 0 : 13912, 4, 2020/12/02, 01:01:39.716, 804859135129, testhost.dll, TestExecutionRecorder.RecordEnd: test: Unit_Testovi.NoviTestovi.TestGostKonstruktorIzuzetakIme execution completed.
TpTrace Verbose: 0 : 13912, 4, 2020/12/02, 01:01:39.718, 804859142169, testhost.dll, TestExecutionRecorder.RecordResult: Received result for test: Unit_Testovi.NoviTestovi.TestGostKonstruktorIzuzetakIme.
TpTrace Warning: 0 : 13912, 4, 2020/12/02, 01:01:39.718, 804859142409, testhost.dll, InProgressTests is null
TpTrace Warning: 0 : 13912, 4, 2020/12/02, 01:01:39.718, 804859142565, testhost.dll, TestRunCache: No test found corresponding to testResult 'TestGostKonstruktorIzuzetakIme  Passed' in inProgress list.
TpTrace Verbose: 0 : 13912, 4, 2020/12/02, 01:01:39.718, 804859142720, testhost.dll, TestExecutionRecorder.RecordStart: Starting test: Unit_Testovi.NoviTestovi.TestGostKonstruktorIzuzetakPrezime.
TpTrace Verbose: 0 : 13912, 4, 2020/12/02, 01:01:39.721, 804859151061, testhost.dll, TestExecutionRecorder.RecordEnd: test: Unit_Testovi.NoviTestovi.TestGostKonstruktorIzuzetakPrezime execution completed.
TpTrace Verbose: 0 : 13912, 4, 2020/12/02, 01:01:39.723, 804859156167, testhost.dll, TestExecutionRecorder.RecordResult: Received result for test: Unit_Testovi.NoviTestovi.TestGostKonstruktorIzuzetakPrezime.
TpTrace Warning: 0 : 13912, 4, 2020/12/02, 01:01:39.723, 804859156381, testhost.dll, InProgressTests is null
TpTrace Warning: 0 : 13912, 4, 2020/12/02, 01:01:39.723, 804859156512, testhost.dll, TestRunCache: No test found corresponding to testResult 'TestGostKonstruktorIzuzetakPrezime  Passed' in inProgress list.
TpTrace Verbose: 0 : 13912, 4, 2020/12/02, 01:01:39.723, 804859156661, testhost.dll, TestExecutionRecorder.RecordStart: Starting test: Unit_Testovi.NoviTestovi.TestGostKonstruktor.
TpTrace Verbose: 0 : 13912, 4, 2020/12/02, 01:01:39.725, 804859163465, testhost.dll, TestExecutionRecorder.RecordEnd: test: Unit_Testovi.NoviTestovi.TestGostKonstruktor execution completed.
TpTrace Verbose: 0 : 13912, 4, 2020/12/02, 01:01:39.727, 804859170376, testhost.dll, TestExecutionRecorder.RecordResult: Received result for test: Unit_Testovi.NoviTestovi.TestGostKonstruktor.
TpTrace Warning: 0 : 13912, 4, 2020/12/02, 01:01:39.728, 804859170661, testhost.dll, InProgressTests is null
TpTrace Warning: 0 : 13912, 4, 2020/12/02, 01:01:39.728, 804859170823, testhost.dll, TestRunCache: No test found corresponding to testResult 'TestGostKonstruktor  Passed' in inProgress list.
TpTrace Verbose: 0 : 13912, 4, 2020/12/02, 01:01:39.728, 804859171001, testhost.dll, TestExecutionRecorder.RecordStart: Starting test: Unit_Testovi.NoviTestovi.TestProduziRokIzuzetak.
TpTrace Verbose: 0 : 13912, 4, 2020/12/02, 01:01:39.730, 804859178952, testhost.dll, TestExecutionRecorder.RecordEnd: test: Unit_Testovi.NoviTestovi.TestProduziRokIzuzetak execution completed.
TpTrace Verbose: 0 : 13912, 4, 2020/12/02, 01:01:39.732, 804859183940, testhost.dll, TestExecutionRecorder.RecordResult: Received result for test: Unit_Testovi.NoviTestovi.TestProduziRokIzuzetak.
TpTrace Warning: 0 : 13912, 4, 2020/12/02, 01:01:39.732, 804859184154, testhost.dll, InProgressTests is null
TpTrace Warning: 0 : 13912, 4, 2020/12/02, 01:01:39.732, 804859184283, testhost.dll, TestRunCache: No test found corresponding to testResult 'TestProduziRokIzuzetak  Passed' in inProgress list.
TpTrace Verbose: 0 : 13912, 4, 2020/12/02, 01:01:39.732, 804859184431, testhost.dll, TestExecutionRecorder.RecordStart: Starting test: Unit_Testovi.NoviTestovi.TestClanKonstruktor.
TpTrace Information: 0 : 13912, 4, 2020/12/02, 01:01:39.732, 804859184646, testhost.dll, Sending test run statistics
TpTrace Verbose: 0 : 13912, 4, 2020/12/02, 01:01:39.735, 804859193153, testhost.dll, TestRequestHandler.SendData:  sending data from testhost: {"Version":2,"MessageType":"TestExecution.StatsChange","Payload":{"NewTestResults":[{"TestCase":{"Id":"cad8ba2a-9c27-403a-f461-230cd3f8eda3","FullyQualifiedName":"Unit_Testovi.NoviTestovi.TestAutomatskiKorisničkiPodaciIzuzetak","DisplayName":"TestAutomatskiKorisničkiPodaciIzuzetak","ExecutorUri":"executor://MSTestAdapter/v2","Source":"C:\\Users\\Emir\\source\\repos\\VVS-ZADACA2\\Filmoteka\\Unit Testovi\\bin\\Debug\\fine-code-coverage\\Unit Testovi.dll","CodeFilePath":null,"LineNumber":-1,"Properties":[{"Key":{"Id":"MSTestDiscoverer.TestClassName","Label":"ClassName","Category":"","Description":"","Attributes":1,"ValueType":"System.String"},"Value":"Unit_Testovi.NoviTestovi"},{"Key":{"Id":"TestObject.Traits","Label":"Traits","Category":"","Description":"","Attributes":5,"ValueType":"System.Collections.Generic.KeyValuePair`2[[System.String],[System.String]][]"},"Value":[]}]},"Attachments":[],"Outcome":1,"ErrorMessage":null,"ErrorStackTrace":null,"DisplayName":null,"Messages":[],"ComputerName":null,"Duration":"00:00:00.0038676","StartTime":"2020-12-02T01:01:39.689765+01:00","EndTime":"2020-12-02T01:01:39.6937653+01:00","Properties":[{"Key":{"Id":"ExecutionId","Label":"ExecutionId","Category":"","Description":"","Attributes":1,"ValueType":"System.Guid"},"Value":"00000000-0000-0000-0000-000000000000"},{"Key":{"Id":"ParentExecId","Label":"ParentExecId","Category":"","Description":"","Attributes":1,"ValueType":"System.Guid"},"Value":"00000000-0000-0000-0000-000000000000"},{"Key":{"Id":"InnerResultsCount","Label":"InnerResultsCount","Category":"","Description":"","Attributes":1,"ValueType":"System.Int32"},"Value":0}]},{"TestCase":{"Id":"34271688-a4e2-dbb0-0f29-edee8d7255ec","FullyQualifiedName":"Unit_Testovi.NoviTestovi.TestAutomatskiKorisničkiPodaciUsername","DisplayName":"TestAutomatskiKorisničkiPodaciUsername","ExecutorUri":"executor://MSTestAdapter/v2","Source":"C:\\Users\\Emir\\source\\repos\\VVS-ZADACA2\\Filmoteka\\Unit Testovi\\bin\\Debug\\fine-code-coverage\\Unit Testovi.dll","CodeFilePath":null,"LineNumber":-1,"Properties":[{"Key":{"Id":"MSTestDiscoverer.TestClassName","Label":"ClassName","Category":"","Description":"","Attributes":1,"ValueType":"System.String"},"Value":"Unit_Testovi.NoviTestovi"},{"Key":{"Id":"TestObject.Traits","Label":"Traits","Category":"","Description":"","Attributes":5,"ValueType":"System.Collections.Generic.KeyValuePair`2[[System.String],[System.String]][]"},"Value":[]}]},"Attachments":[],"Outcome":1,"ErrorMessage":null,"ErrorStackTrace":null,"DisplayName":null,"Messages":[],"ComputerName":null,"Duration":"00:00:00.0009391","StartTime":"2020-12-02T01:01:39.6977655+01:00","EndTime":"2020-12-02T01:01:39.6987656+01:00","Properties":[{"Key":{"Id":"ExecutionId","Label":"ExecutionId","Category":"","Description":"","Attributes":1,"ValueType":"System.Guid"},"Value":"00000000-0000-0000-0000-000000000000"},{"Key":{"Id":"ParentExecId","Label":"ParentExecId","Category":"","Description":"","Attributes":1,"ValueType":"System.Guid"},"Value":"00000000-0000-0000-0000-000000000000"},{"Key":{"Id":"InnerResultsCount","Label":"InnerResultsCount","Category":"","Description":"","Attributes":1,"ValueType":"System.Int32"},"Value":0}]},{"TestCase":{"Id":"3e680ae4-a773-3605-0554-850350f5daa3","FullyQualifiedName":"Unit_Testovi.NoviTestovi.TestAutomatskiKorisničkiPodaciPassword","DisplayName":"TestAutomatskiKorisničkiPodaciPassword","ExecutorUri":"executor://MSTestAdapter/v2","Source":"C:\\Users\\Emir\\source\\repos\\VVS-ZADACA2\\Filmoteka\\Unit Testovi\\bin\\Debug\\fine-code-coverage\\Unit Testovi.dll","CodeFilePath":null,"LineNumber":-1,"Properties":[{"Key":{"Id":"MSTestDiscoverer.TestClassName","Label":"ClassName","Category":"","Description":"","Attributes":1,"ValueType":"System.String"},"Value":"Unit_Testovi.NoviTestovi"},{"Key":{"Id":"TestObject.Traits","Label":"Traits","Category":"","Description":"","Attributes":5,"ValueType":"System.Collections.Generic.KeyValuePair`2[[System.String],[System.String]][]"},"Value":[]}]},"Attachments":[],"Outcome":1,"ErrorMessage":null,"ErrorStackTrace":null,"DisplayName":null,"Messages":[],"ComputerName":null,"Duration":"00:00:00.0002702","StartTime":"2020-12-02T01:01:39.7027658+01:00","EndTime":"2020-12-02T01:01:39.7037658+01:00","Properties":[{"Key":{"Id":"ExecutionId","Label":"ExecutionId","Category":"","Description":"","Attributes":1,"ValueType":"System.Guid"},"Value":"00000000-0000-0000-0000-000000000000"},{"Key":{"Id":"ParentExecId","Label":"ParentExecId","Category":"","Description":"","Attributes":1,"ValueType":"System.Guid"},"Value":"00000000-0000-0000-0000-000000000000"},{"Key":{"Id":"InnerResultsCount","Label":"InnerResultsCount","Category":"","Description":"","Attributes":1,"ValueType":"System.Int32"},"Value":0}]},{"TestCase":{"Id":"39b408a3-583c-b5a0-7503-f509f012c8d2","FullyQualifiedName":"Unit_Testovi.NoviTestovi.TestGostKonstruktorIzuzetakUsername","DisplayName":"TestGostKonstruktorIzuzetakUsername","ExecutorUri":"executor://MSTestAdapter/v2","Source":"C:\\Users\\Emir\\source\\repos\\VVS-ZADACA2\\Filmoteka\\Unit Testovi\\bin\\Debug\\fine-code-coverage\\Unit Testovi.dll","CodeFilePath":null,"LineNumber":-1,"Properties":[{"Key":{"Id":"MSTestDiscoverer.TestClassName","Label":"ClassName","Category":"","Description":"","Attributes":1,"ValueType":"System.String"},"Value":"Unit_Testovi.NoviTestovi"},{"Key":{"Id":"TestObject.Traits","Label":"Traits","Category":"","Description":"","Attributes":5,"ValueType":"System.Collections.Generic.KeyValuePair`2[[System.String],[System.String]][]"},"Value":[]}]},"Attachments":[],"Outcome":1,"ErrorMessage":null,"ErrorStackTrace":null,"DisplayName":null,"Messages":[],"ComputerName":null,"Duration":"00:00:00.0006162","StartTime":"2020-12-02T01:01:39.706766+01:00","EndTime":"2020-12-02T01:01:39.7077661+01:00","Properties":[{"Key":{"Id":"ExecutionId","Label":"ExecutionId","Category":"","Description":"","Attributes":1,"ValueType":"System.Guid"},"Value":"00000000-0000-0000-0000-000000000000"},{"Key":{"Id":"ParentExecId","Label":"ParentExecId","Category":"","Description":"","Attributes":1,"ValueType":"System.Guid"},"Value":"00000000-0000-0000-0000-000000000000"},{"Key":{"Id":"InnerResultsCount","Label":"InnerResultsCount","Category":"","Description":"","Attributes":1,"ValueType":"System.Int32"},"Value":0}]},{"TestCase":{"Id":"86fa567a-4e12-53dd-0313-f751ffd2eb88","FullyQualifiedName":"Unit_Testovi.NoviTestovi.TestGostKonstruktorIzuzetakPassword","DisplayName":"TestGostKonstruktorIzuzetakPassword","ExecutorUri":"executor://MSTestAdapter/v2","Source":"C:\\Users\\Emir\\source\\repos\\VVS-ZADACA2\\Filmoteka\\Unit Testovi\\bin\\Debug\\fine-code-coverage\\Unit Testovi.dll","CodeFilePath":null,"LineNumber":-1,"Properties":[{"Key":{"Id":"MSTestDiscoverer.TestClassName","Label":"ClassName","Category":"","Description":"","Attributes":1,"ValueType":"System.String"},"Value":"Unit_Testovi.NoviTestovi"},{"Key":{"Id":"TestObject.Traits","Label":"Traits","Category":"","Description":"","Attributes":5,"ValueType":"System.Collections.Generic.KeyValuePair`2[[System.String],[System.String]][]"},"Value":[]}]},"Attachments":[],"Outcome":1,"ErrorMessage":null,"ErrorStackTrace":null,"DisplayName":null,"Messages":[],"ComputerName":null,"Duration":"00:00:00.0005488","StartTime":"2020-12-02T01:01:39.7107662+01:00","EndTime":"2020-12-02T01:01:39.7117663+01:00","Properties":[{"Key":{"Id":"ExecutionId","Label":"ExecutionId","Category":"","Description":"","Attributes":1,"ValueType":"System.Guid"},"Value":"00000000-0000-0000-0000-000000000000"},{"Key":{"Id":"ParentExecId","Label":"ParentExecId","Category":"","Description":"","Attributes":1,"ValueType":"System.Guid"},"Value":"00000000-0000-0000-0000-000000000000"},{"Key":{"Id":"InnerResultsCount","Label":"InnerResultsCount","Category":"","Description":"","Attributes":1,"ValueType":"System.Int32"},"Value":0}]},{"TestCase":{"Id":"41fd401d-9afa-9f74-6f5c-6cf219b029c2","FullyQualifiedName":"Unit_Testovi.NoviTestovi.TestGostKonstruktorIzuzetakIme","DisplayName":"TestGostKonstruktorIzuzetakIme","ExecutorUri":"executor://MSTestAdapter/v2","Source":"C:\\Users\\Emir\\source\\repos\\VVS-ZADACA2\\Filmoteka\\Unit Testovi\\bin\\Debug\\fine-code-coverage\\Unit Testovi.dll","CodeFilePath":null,"LineNumber":-1,"Properties":[{"Key":{"Id":"MSTestDiscoverer.TestClassName","Label":"ClassName","Category":"","Description":"","Attributes":1,"ValueType":"System.String"},"Value":"Unit_Testovi.NoviTestovi"},{"Key":{"Id":"TestObject.Traits","Label":"Traits","Category":"","Description":"","Attributes":5,"ValueType":"System.Collections.Generic.KeyValuePair`2[[System.String],[System.String]][]"},"Value":[]}]},"Attachments":[],"Outcome":1,"ErrorMessage":null,"ErrorStackTrace":null,"DisplayName":null,"Messages":[],"ComputerName":null,"Duration":"00:00:00.0006034","StartTime":"2020-12-02T01:01:39.7157665+01:00","EndTime":"2020-12-02T01:01:39.7167666+01:00","Properties":[{"Key":{"Id":"ExecutionId","Label":"ExecutionId","Category":"","Description":"","Attributes":1,"ValueType":"System.Guid"},"Value":"00000000-0000-0000-0000-000000000000"},{"Key":{"Id":"ParentExecId","Label":"ParentExecId","Category":"","Description":"","Attributes":1,"ValueType":"System.Guid"},"Value":"00000000-0000-0000-0000-000000000000"},{"Key":{"Id":"InnerResultsCount","Label":"InnerResultsCount","Category":"","Description":"","Attributes":1,"ValueType":"System.Int32"},"Value":0}]},{"TestCase":{"Id":"5496d222-d9d9-035e-24df-a9776c77309d","FullyQualifiedName":"Unit_Testovi.NoviTestovi.TestGostKonstruktorIzuzetakPrezime","DisplayName":"TestGostKonstruktorIzuzetakPrezime","ExecutorUri":"executor://MSTestAdapter/v2","Source":"C:\\Users\\Emir\\source\\repos\\VVS-ZADACA2\\Filmoteka\\Unit Testovi\\bin\\Debug\\fine-code-coverage\\Unit Testovi.dll","CodeFilePath":null,"LineNumber":-1,"Properties":[{"Key":{"Id":"MSTestDiscoverer.TestClassName","Label":"ClassName","Category":"","Description":"","Attributes":1,"ValueType":"System.String"},"Value":"Unit_Testovi.NoviTestovi"},{"Key":{"Id":"TestObject.Traits","Label":"Traits","Category":"","Description":"","Attributes":5,"ValueType":"System.Collections.Generic.KeyValuePair`2[[System.String],[System.String]][]"},"Value":[]}]},"Attachments":[],"Outcome":1,"ErrorMessage":null,"ErrorStackTrace":null,"DisplayName":null,"Messages":[],"ComputerName":null,"Duration":"00:00:00.0005715","StartTime":"2020-12-02T01:01:39.7207668+01:00","EndTime":"2020-12-02T01:01:39.7217669+01:00","Properties":[{"Key":{"Id":"ExecutionId","Label":"ExecutionId","Category":"","Description":"","Attributes":1,"ValueType":"System.Guid"},"Value":"00000000-0000-0000-0000-000000000000"},{"Key":{"Id":"ParentExecId","Label":"ParentExecId","Category":"","Description":"","Attributes":1,"ValueType":"System.Guid"},"Value":"00000000-0000-0000-0000-000000000000"},{"Key":{"Id":"InnerResultsCount","Label":"InnerResultsCount","Category":"","Description":"","Attributes":1,"ValueType":"System.Int32"},"Value":0}]},{"TestCase":{"Id":"12b3125e-4566-927c-a90b-70d580a15a51","FullyQualifiedName":"Unit_Testovi.NoviTestovi.TestGostKonstruktor","DisplayName":"TestGostKonstruktor","ExecutorUri":"executor://MSTestAdapter/v2","Source":"C:\\Users\\Emir\\source\\repos\\VVS-ZADACA2\\Filmoteka\\Unit Testovi\\bin\\Debug\\fine-code-coverage\\Unit Testovi.dll","CodeFilePath":null,"LineNumber":-1,"Properties":[{"Key":{"Id":"MSTestDiscoverer.TestClassName","Label":"ClassName","Category":"","Description":"","Attributes":1,"ValueType":"System.String"},"Value":"Unit_Testovi.NoviTestovi"},{"Key":{"Id":"TestObject.Traits","Label":"Traits","Category":"","Description":"","Attributes":5,"ValueType":"System.Collections.Generic.KeyValuePair`2[[System.String],[System.String]][]"},"Value":[]}]},"Attachments":[],"Outcome":1,"ErrorMessage":null,"ErrorStackTrace":null,"DisplayName":null,"Messages":[],"ComputerName":null,"Duration":"00:00:00.0001716","StartTime":"2020-12-02T01:01:39.7257671+01:00","EndTime":"2020-12-02T01:01:39.7257671+01:00","Properties":[{"Key":{"Id":"ExecutionId","Label":"ExecutionId","Category":"","Description":"","Attributes":1,"ValueType":"System.Guid"},"Value":"00000000-0000-0000-0000-000000000000"},{"Key":{"Id":"ParentExecId","Label":"ParentExecId","Category":"","Description":"","Attributes":1,"ValueType":"System.Guid"},"Value":"00000000-0000-0000-0000-000000000000"},{"Key":{"Id":"InnerResultsCount","Label":"InnerResultsCount","Category":"","Description":"","Attributes":1,"ValueType":"System.Int32"},"Value":0}]},{"TestCase":{"Id":"bf2ecff7-0441-824e-00de-bca953b0fadc","FullyQualifiedName":"Unit_Testovi.NoviTestovi.TestProduziRokIzuzetak","DisplayName":"TestProduziRokIzuzetak","ExecutorUri":"executor://MSTestAdapter/v2","Source":"C:\\Users\\Emir\\source\\repos\\VVS-ZADACA2\\Filmoteka\\Unit Testovi\\bin\\Debug\\fine-code-coverage\\Unit Testovi.dll","CodeFilePath":null,"LineNumber":-1,"Properties":[{"Key":{"Id":"MSTestDiscoverer.TestClassName","Label":"ClassName","Category":"","Description":"","Attributes":1,"ValueType":"System.String"},"Value":"Unit_Testovi.NoviTestovi"},{"Key":{"Id":"TestObject.Traits","Label":"Traits","Category":"","Description":"","Attributes":5,"ValueType":"System.Collections.Generic.KeyValuePair`2[[System.String],[System.String]][]"},"Value":[]}]},"Attachments":[],"Outcome":1,"ErrorMessage":null,"ErrorStackTrace":null,"DisplayName":null,"Messages":[],"ComputerName":null,"Duration":"00:00:00.0007244","StartTime":"2020-12-02T01:01:39.7297673+01:00","EndTime":"2020-12-02T01:01:39.7307674+01:00","Properties":[{"Key":{"Id":"ExecutionId","Label":"ExecutionId","Category":"","Description":"","Attributes":1,"ValueType":"System.Guid"},"Value":"00000000-0000-0000-0000-000000000000"},{"Key":{"Id":"ParentExecId","Label":"ParentExecId","Category":"","Description":"","Attributes":1,"ValueType":"System.Guid"},"Value":"00000000-0000-0000-0000-000000000000"},{"Key":{"Id":"InnerResultsCount","Label":"InnerResultsCount","Category":"","Description":"","Attributes":1,"ValueType":"System.Int32"},"Value":0}]}],"TestRunStatistics":{"ExecutedTests":18,"Stats":{"Failed":4,"Passed":14}},"ActiveTests":[{"Id":"9ab13ecb-b998-21e4-8673-9699e018df29","FullyQualifiedName":"Unit_Testovi.NoviTestovi.TestClanKonstruktor","DisplayName":"TestClanKonstruktor","ExecutorUri":"executor://MSTestAdapter/v2","Source":"C:\\Users\\Emir\\source\\repos\\VVS-ZADACA2\\Filmoteka\\Unit Testovi\\bin\\Debug\\fine-code-coverage\\Unit Testovi.dll","CodeFilePath":null,"LineNumber":-1,"Properties":[{"Key":{"Id":"MSTestDiscoverer.TestClassName","Label":"ClassName","Category":"","Description":"","Attributes":1,"ValueType":"System.String"},"Value":"Unit_Testovi.NoviTestovi"},{"Key":{"Id":"TestObject.Traits","Label":"Traits","Category":"","Description":"","Attributes":5,"ValueType":"System.Collections.Generic.KeyValuePair`2[[System.String],[System.String]][]"},"Value":[]}]}]}}
TpTrace Verbose: 0 : 13912, 4, 2020/12/02, 01:01:39.736, 804859194831, testhost.dll, TestRunCache: OnNewTestResult: Notified the onCacheHit callback.
TpTrace Verbose: 0 : 13912, 4, 2020/12/02, 01:01:39.738, 804859202910, testhost.dll, TestExecutionRecorder.RecordEnd: test: Unit_Testovi.NoviTestovi.TestClanKonstruktor execution completed.
TpTrace Warning: 0 : 13912, 4, 2020/12/02, 01:01:39.738, 804859203123, testhost.dll, InProgressTests is null
TpTrace Verbose: 0 : 13912, 4, 2020/12/02, 01:01:39.740, 804859208407, testhost.dll, TestExecutionRecorder.RecordResult: Received result for test: Unit_Testovi.NoviTestovi.TestClanKonstruktor.
TpTrace Warning: 0 : 13912, 4, 2020/12/02, 01:01:39.740, 804859208623, testhost.dll, InProgressTests is null
TpTrace Warning: 0 : 13912, 4, 2020/12/02, 01:01:39.740, 804859208752, testhost.dll, TestRunCache: No test found corresponding to testResult 'TestClanKonstruktor  Passed' in inProgress list.
TpTrace Verbose: 0 : 13912, 4, 2020/12/02, 01:01:39.740, 804859208901, testhost.dll, TestExecutionRecorder.RecordStart: Starting test: Unit_Testovi.NoviTestovi.TestResetujListe.
TpTrace Verbose: 0 : 13912, 4, 2020/12/02, 01:01:39.742, 804859215025, testhost.dll, TestExecutionRecorder.RecordEnd: test: Unit_Testovi.NoviTestovi.TestResetujListe execution completed.
TpTrace Verbose: 0 : 13912, 4, 2020/12/02, 01:01:39.744, 804859220380, testhost.dll, TestExecutionRecorder.RecordResult: Received result for test: Unit_Testovi.NoviTestovi.TestResetujListe.
TpTrace Warning: 0 : 13912, 4, 2020/12/02, 01:01:39.744, 804859220562, testhost.dll, InProgressTests is null
TpTrace Warning: 0 : 13912, 4, 2020/12/02, 01:01:39.744, 804859220689, testhost.dll, TestRunCache: No test found corresponding to testResult 'TestResetujListe  Passed' in inProgress list.
TpTrace Verbose: 0 : 13912, 4, 2020/12/02, 01:01:39.744, 804859220858, testhost.dll, TestExecutionRecorder.RecordStart: Starting test: Unit_Testovi.NoviTestovi.TestDodajWatchlistu.
TpTrace Verbose: 0 : 13912, 4, 2020/12/02, 01:01:39.747, 804859228841, testhost.dll, TestExecutionRecorder.RecordEnd: test: Unit_Testovi.NoviTestovi.TestDodajWatchlistu execution completed.
TpTrace Verbose: 0 : 13912, 4, 2020/12/02, 01:01:39.749, 804859234662, testhost.dll, TestExecutionRecorder.RecordResult: Received result for test: Unit_Testovi.NoviTestovi.TestDodajWatchlistu.
TpTrace Warning: 0 : 13912, 4, 2020/12/02, 01:01:39.749, 804859234933, testhost.dll, InProgressTests is null
TpTrace Warning: 0 : 13912, 4, 2020/12/02, 01:01:39.749, 804859235130, testhost.dll, TestRunCache: No test found corresponding to testResult 'TestDodajWatchlistu  Passed' in inProgress list.
TpTrace Verbose: 0 : 13912, 4, 2020/12/02, 01:01:39.749, 804859235355, testhost.dll, TestExecutionRecorder.RecordStart: Starting test: Unit_Testovi.NoviTestovi.TestDodajWatchlistuNevalidnoIme.
TpTrace Verbose: 0 : 13912, 4, 2020/12/02, 01:01:39.752, 804859245443, testhost.dll, TestExecutionRecorder.RecordEnd: test: Unit_Testovi.NoviTestovi.TestDodajWatchlistuNevalidnoIme execution completed.
TpTrace Verbose: 0 : 13912, 4, 2020/12/02, 01:01:39.754, 804859250524, testhost.dll, TestExecutionRecorder.RecordResult: Received result for test: Unit_Testovi.NoviTestovi.TestDodajWatchlistuNevalidnoIme.
TpTrace Warning: 0 : 13912, 4, 2020/12/02, 01:01:39.754, 804859250736, testhost.dll, InProgressTests is null
TpTrace Warning: 0 : 13912, 4, 2020/12/02, 01:01:39.754, 804859250893, testhost.dll, TestRunCache: No test found corresponding to testResult 'TestDodajWatchlistuNevalidnoIme  Passed' in inProgress list.
TpTrace Verbose: 0 : 13912, 4, 2020/12/02, 01:01:39.754, 804859251044, testhost.dll, TestExecutionRecorder.RecordStart: Starting test: Unit_Testovi.NoviTestovi.TestRadSaKorisnicima1.
TpTrace Verbose: 0 : 13912, 4, 2020/12/02, 01:01:39.758, 804859262041, testhost.dll, TestExecutionRecorder.RecordEnd: test: Unit_Testovi.NoviTestovi.TestRadSaKorisnicima1 execution completed.
TpTrace Verbose: 0 : 13912, 4, 2020/12/02, 01:01:39.760, 804859268089, testhost.dll, TestExecutionRecorder.RecordResult: Received result for test: Unit_Testovi.NoviTestovi.TestRadSaKorisnicima1.
TpTrace Warning: 0 : 13912, 4, 2020/12/02, 01:01:39.760, 804859268557, testhost.dll, InProgressTests is null
TpTrace Warning: 0 : 13912, 4, 2020/12/02, 01:01:39.760, 804859268752, testhost.dll, TestRunCache: No test found corresponding to testResult 'TestRadSaKorisnicima1  Passed' in inProgress list.
TpTrace Verbose: 0 : 13912, 4, 2020/12/02, 01:01:39.760, 804859268972, testhost.dll, TestExecutionRecorder.RecordStart: Starting test: Unit_Testovi.NoviTestovi.TestRadSaKorisnicima2.
TpTrace Verbose: 0 : 13912, 4, 2020/12/02, 01:01:39.764, 804859281673, testhost.dll, TestExecutionRecorder.RecordEnd: test: Unit_Testovi.NoviTestovi.TestRadSaKorisnicima2 execution completed.
TpTrace Verbose: 0 : 13912, 4, 2020/12/02, 01:01:39.766, 804859286947, testhost.dll, TestExecutionRecorder.RecordResult: Received result for test: Unit_Testovi.NoviTestovi.TestRadSaKorisnicima2.
TpTrace Warning: 0 : 13912, 4, 2020/12/02, 01:01:39.766, 804859287196, testhost.dll, InProgressTests is null
TpTrace Warning: 0 : 13912, 4, 2020/12/02, 01:01:39.766, 804859287395, testhost.dll, TestRunCache: No test found corresponding to testResult 'TestRadSaKorisnicima2  Failed
  Message: Assert.IsTrue failed. 
  StackTrace:
   at Unit_Testovi.NoviTestovi.TestRadSaKorisnicima2() in C:\Users\Emir\source\repos\VVS-ZADACA2\Filmoteka\Unit Testovi\NoviTestovi.cs:line 307

  Test Messages:
  StdOutMsgs:
FILMOTEKA CLAN: Filmoteka.GostFILMOTEKA VELICINA: 1' in inProgress list.
TpTrace Verbose: 0 : 13912, 4, 2020/12/02, 01:01:39.766, 804859287638, testhost.dll, TestExecutionRecorder.RecordStart: Starting test: Unit_Testovi.NoviTestovi.TestRadSaKorisnicima3.
TpTrace Verbose: 0 : 13912, 4, 2020/12/02, 01:01:39.769, 804859296519, testhost.dll, TestExecutionRecorder.RecordEnd: test: Unit_Testovi.NoviTestovi.TestRadSaKorisnicima3 execution completed.
TpTrace Verbose: 0 : 13912, 4, 2020/12/02, 01:01:39.771, 804859302318, testhost.dll, TestExecutionRecorder.RecordResult: Received result for test: Unit_Testovi.NoviTestovi.TestRadSaKorisnicima3.
TpTrace Warning: 0 : 13912, 4, 2020/12/02, 01:01:39.771, 804859302588, testhost.dll, InProgressTests is null
TpTrace Warning: 0 : 13912, 4, 2020/12/02, 01:01:39.771, 804859302765, testhost.dll, TestRunCache: No test found corresponding to testResult 'TestRadSaKorisnicima3  Passed' in inProgress list.
TpTrace Verbose: 0 : 13912, 4, 2020/12/02, 01:01:39.771, 804859302993, testhost.dll, TestExecutionRecorder.RecordStart: Starting test: Unit_Testovi.NoviTestovi.TestRadSaKorisnicima4.
TpTrace Verbose: 0 : 13912, 4, 2020/12/02, 01:01:39.774, 804859310967, testhost.dll, TestExecutionRecorder.RecordEnd: test: Unit_Testovi.NoviTestovi.TestRadSaKorisnicima4 execution completed.
TpTrace Verbose: 0 : 13912, 4, 2020/12/02, 01:01:39.776, 804859318067, testhost.dll, TestExecutionRecorder.RecordResult: Received result for test: Unit_Testovi.NoviTestovi.TestRadSaKorisnicima4.
TpTrace Warning: 0 : 13912, 4, 2020/12/02, 01:01:39.776, 804859318393, testhost.dll, InProgressTests is null
TpTrace Warning: 0 : 13912, 4, 2020/12/02, 01:01:39.776, 804859318580, testhost.dll, TestRunCache: No test found corresponding to testResult 'TestRadSaKorisnicima4  Passed' in inProgress list.
TpTrace Verbose: 0 : 13912, 4, 2020/12/02, 01:01:39.776, 804859318787, testhost.dll, TestExecutionRecorder.RecordStart: Starting test: Unit_Testovi.NoviTestovi.TestDajSveFilmoveSGLumcima2.
TpTrace Verbose: 0 : 13912, 4, 2020/12/02, 01:01:39.780, 804859329931, testhost.dll, TestExecutionRecorder.RecordEnd: test: Unit_Testovi.NoviTestovi.TestDajSveFilmoveSGLumcima2 execution completed.
TpTrace Verbose: 0 : 13912, 4, 2020/12/02, 01:01:39.782, 804859337459, testhost.dll, TestExecutionRecorder.RecordResult: Received result for test: Unit_Testovi.NoviTestovi.TestDajSveFilmoveSGLumcima2.
TpTrace Warning: 0 : 13912, 4, 2020/12/02, 01:01:39.782, 804859337733, testhost.dll, InProgressTests is null
TpTrace Warning: 0 : 13912, 4, 2020/12/02, 01:01:39.783, 804859337914, testhost.dll, TestRunCache: No test found corresponding to testResult 'TestDajSveFilmoveSGLumcima2  Failed
  Message: Test method did not throw expected exception System.InvalidOperationException. Lista filmova je prazna
  Test Messages:
  StdOutMsgs:
3
' in inProgress list.
TpTrace Verbose: 0 : 13912, 4, 2020/12/02, 01:01:39.786, 804859348171, testhost.dll, BaseRunTests.RunTestInternalWithExecutors: Completed running tests for executor://MSTestAdapter/v2
TpTrace Information: 0 : 13912, 4, 2020/12/02, 01:01:39.806, 804859409968, testhost.dll, Sending test run complete
TpTrace Verbose: 0 : 13912, 4, 2020/12/02, 01:01:39.828, 804859475654, testhost.dll, TestRequestHandler.SendData:  sending data from testhost: {"Version":2,"MessageType":"TestExecution.Completed","Payload":{"TestRunCompleteArgs":{"TestRunStatistics":{"ExecutedTests":27,"Stats":{"Failed":6,"Passed":21}},"IsCanceled":false,"IsAborted":false,"Error":null,"AttachmentSets":[],"ElapsedTimeInRunningTests":"00:00:00.5626723","Metrics":{}},"LastRunTests":{"NewTestResults":[{"TestCase":{"Id":"9ab13ecb-b998-21e4-8673-9699e018df29","FullyQualifiedName":"Unit_Testovi.NoviTestovi.TestClanKonstruktor","DisplayName":"TestClanKonstruktor","ExecutorUri":"executor://MSTestAdapter/v2","Source":"C:\\Users\\Emir\\source\\repos\\VVS-ZADACA2\\Filmoteka\\Unit Testovi\\bin\\Debug\\fine-code-coverage\\Unit Testovi.dll","CodeFilePath":null,"LineNumber":-1,"Properties":[{"Key":{"Id":"MSTestDiscoverer.TestClassName","Label":"ClassName","Category":"","Description":"","Attributes":1,"ValueType":"System.String"},"Value":"Unit_Testovi.NoviTestovi"},{"Key":{"Id":"TestObject.Traits","Label":"Traits","Category":"","Description":"","Attributes":5,"ValueType":"System.Collections.Generic.KeyValuePair`2[[System.String],[System.String]][]"},"Value":[]}]},"Attachments":[],"Outcome":1,"ErrorMessage":null,"ErrorStackTrace":null,"DisplayName":null,"Messages":[],"ComputerName":null,"Duration":"00:00:00.0004915","StartTime":"2020-12-02T01:01:39.7377678+01:00","EndTime":"2020-12-02T01:01:39.7387679+01:00","Properties":[{"Key":{"Id":"ExecutionId","Label":"ExecutionId","Category":"","Description":"","Attributes":1,"ValueType":"System.Guid"},"Value":"00000000-0000-0000-0000-000000000000"},{"Key":{"Id":"ParentExecId","Label":"ParentExecId","Category":"","Description":"","Attributes":1,"ValueType":"System.Guid"},"Value":"00000000-0000-0000-0000-000000000000"},{"Key":{"Id":"InnerResultsCount","Label":"InnerResultsCount","Category":"","Description":"","Attributes":1,"ValueType":"System.Int32"},"Value":0}]},{"TestCase":{"Id":"b45e19f7-dfb7-efd1-2a7c-9c68ce58acc9","FullyQualifiedName":"Unit_Testovi.NoviTestovi.TestResetujListe","DisplayName":"TestResetujListe","ExecutorUri":"executor://MSTestAdapter/v2","Source":"C:\\Users\\Emir\\source\\repos\\VVS-ZADACA2\\Filmoteka\\Unit Testovi\\bin\\Debug\\fine-code-coverage\\Unit Testovi.dll","CodeFilePath":null,"LineNumber":-1,"Properties":[{"Key":{"Id":"MSTestDiscoverer.TestClassName","Label":"ClassName","Category":"","Description":"","Attributes":1,"ValueType":"System.String"},"Value":"Unit_Testovi.NoviTestovi"},{"Key":{"Id":"TestObject.Traits","Label":"Traits","Category":"","Description":"","Attributes":5,"ValueType":"System.Collections.Generic.KeyValuePair`2[[System.String],[System.String]][]"},"Value":[]}]},"Attachments":[],"Outcome":1,"ErrorMessage":null,"ErrorStackTrace":null,"DisplayName":null,"Messages":[],"ComputerName":null,"Duration":"00:00:00.0004195","StartTime":"2020-12-02T01:01:39.7427681+01:00","EndTime":"2020-12-02T01:01:39.7427681+01:00","Properties":[{"Key":{"Id":"ExecutionId","Label":"ExecutionId","Category":"","Description":"","Attributes":1,"ValueType":"System.Guid"},"Value":"00000000-0000-0000-0000-000000000000"},{"Key":{"Id":"ParentExecId","Label":"ParentExecId","Category":"","Description":"","Attributes":1,"ValueType":"System.Guid"},"Value":"00000000-0000-0000-0000-000000000000"},{"Key":{"Id":"InnerResultsCount","Label":"InnerResultsCount","Category":"","Description":"","Attributes":1,"ValueType":"System.Int32"},"Value":0}]},{"TestCase":{"Id":"b05d0ee2-def9-a4ac-4204-55ae9d535972","FullyQualifiedName":"Unit_Testovi.NoviTestovi.TestDodajWatchlistu","DisplayName":"TestDodajWatchlistu","ExecutorUri":"executor://MSTestAdapter/v2","Source":"C:\\Users\\Emir\\source\\repos\\VVS-ZADACA2\\Filmoteka\\Unit Testovi\\bin\\Debug\\fine-code-coverage\\Unit Testovi.dll","CodeFilePath":null,"LineNumber":-1,"Properties":[{"Key":{"Id":"MSTestDiscoverer.TestClassName","Label":"ClassName","Category":"","Description":"","Attributes":1,"ValueType":"System.String"},"Value":"Unit_Testovi.NoviTestovi"},{"Key":{"Id":"TestObject.Traits","Label":"Traits","Category":"","Description":"","Attributes":5,"ValueType":"System.Collections.Generic.KeyValuePair`2[[System.String],[System.String]][]"},"Value":[]}]},"Attachments":[],"Outcome":1,"ErrorMessage":null,"ErrorStackTrace":null,"DisplayName":null,"Messages":[],"ComputerName":null,"Duration":"00:00:00.0009536","StartTime":"2020-12-02T01:01:39.7467683+01:00","EndTime":"2020-12-02T01:01:39.7477684+01:00","Properties":[{"Key":{"Id":"ExecutionId","Label":"ExecutionId","Category":"","Description":"","Attributes":1,"ValueType":"System.Guid"},"Value":"00000000-0000-0000-0000-000000000000"},{"Key":{"Id":"ParentExecId","Label":"ParentExecId","Category":"","Description":"","Attributes":1,"ValueType":"System.Guid"},"Value":"00000000-0000-0000-0000-000000000000"},{"Key":{"Id":"InnerResultsCount","Label":"InnerResultsCount","Category":"","Description":"","Attributes":1,"ValueType":"System.Int32"},"Value":0}]},{"TestCase":{"Id":"b77e61f6-961e-3255-4cea-b7287e0b046c","FullyQualifiedName":"Unit_Testovi.NoviTestovi.TestDodajWatchlistuNevalidnoIme","DisplayName":"TestDodajWatchlistuNevalidnoIme","ExecutorUri":"executor://MSTestAdapter/v2","Source":"C:\\Users\\Emir\\source\\repos\\VVS-ZADACA2\\Filmoteka\\Unit Testovi\\bin\\Debug\\fine-code-coverage\\Unit Testovi.dll","CodeFilePath":null,"LineNumber":-1,"Properties":[{"Key":{"Id":"MSTestDiscoverer.TestClassName","Label":"ClassName","Category":"","Description":"","Attributes":1,"ValueType":"System.String"},"Value":"Unit_Testovi.NoviTestovi"},{"Key":{"Id":"TestObject.Traits","Label":"Traits","Category":"","Description":"","Attributes":5,"ValueType":"System.Collections.Generic.KeyValuePair`2[[System.String],[System.String]][]"},"Value":[]}]},"Attachments":[],"Outcome":1,"ErrorMessage":null,"ErrorStackTrace":null,"DisplayName":null,"Messages":[],"ComputerName":null,"Duration":"00:00:00.0010647","StartTime":"2020-12-02T01:01:39.7517686+01:00","EndTime":"2020-12-02T01:01:39.7527687+01:00","Properties":[{"Key":{"Id":"ExecutionId","Label":"ExecutionId","Category":"","Description":"","Attributes":1,"ValueType":"System.Guid"},"Value":"00000000-0000-0000-0000-000000000000"},{"Key":{"Id":"ParentExecId","Label":"ParentExecId","Category":"","Description":"","Attributes":1,"ValueType":"System.Guid"},"Value":"00000000-0000-0000-0000-000000000000"},{"Key":{"Id":"InnerResultsCount","Label":"InnerResultsCount","Category":"","Description":"","Attributes":1,"ValueType":"System.Int32"},"Value":0}]},{"TestCase":{"Id":"a5a51751-0b91-1792-b4d7-773d10f46762","FullyQualifiedName":"Unit_Testovi.NoviTestovi.TestRadSaKorisnicima1","DisplayName":"TestRadSaKorisnicima1","ExecutorUri":"executor://MSTestAdapter/v2","Source":"C:\\Users\\Emir\\source\\repos\\VVS-ZADACA2\\Filmoteka\\Unit Testovi\\bin\\Debug\\fine-code-coverage\\Unit Testovi.dll","CodeFilePath":null,"LineNumber":-1,"Properties":[{"Key":{"Id":"MSTestDiscoverer.TestClassName","Label":"ClassName","Category":"","Description":"","Attributes":1,"ValueType":"System.String"},"Value":"Unit_Testovi.NoviTestovi"},{"Key":{"Id":"TestObject.Traits","Label":"Traits","Category":"","Description":"","Attributes":5,"ValueType":"System.Collections.Generic.KeyValuePair`2[[System.String],[System.String]][]"},"Value":[]}]},"Attachments":[],"Outcome":1,"ErrorMessage":null,"ErrorStackTrace":null,"DisplayName":null,"Messages":[],"ComputerName":null,"Duration":"00:00:00.0016161","StartTime":"2020-12-02T01:01:39.7567689+01:00","EndTime":"2020-12-02T01:01:39.758769+01:00","Properties":[{"Key":{"Id":"ExecutionId","Label":"ExecutionId","Category":"","Description":"","Attributes":1,"ValueType":"System.Guid"},"Value":"00000000-0000-0000-0000-000000000000"},{"Key":{"Id":"ParentExecId","Label":"ParentExecId","Category":"","Description":"","Attributes":1,"ValueType":"System.Guid"},"Value":"00000000-0000-0000-0000-000000000000"},{"Key":{"Id":"InnerResultsCount","Label":"InnerResultsCount","Category":"","Description":"","Attributes":1,"ValueType":"System.Int32"},"Value":0}]},{"TestCase":{"Id":"0b1a277a-5ea3-c22e-a0d5-2071500cf294","FullyQualifiedName":"Unit_Testovi.NoviTestovi.TestRadSaKorisnicima2","DisplayName":"TestRadSaKorisnicima2","ExecutorUri":"executor://MSTestAdapter/v2","Source":"C:\\Users\\Emir\\source\\repos\\VVS-ZADACA2\\Filmoteka\\Unit Testovi\\bin\\Debug\\fine-code-coverage\\Unit Testovi.dll","CodeFilePath":null,"LineNumber":-1,"Properties":[{"Key":{"Id":"MSTestDiscoverer.TestClassName","Label":"ClassName","Category":"","Description":"","Attributes":1,"ValueType":"System.String"},"Value":"Unit_Testovi.NoviTestovi"},{"Key":{"Id":"TestObject.Traits","Label":"Traits","Category":"","Description":"","Attributes":5,"ValueType":"System.Collections.Generic.KeyValuePair`2[[System.String],[System.String]][]"},"Value":[]}]},"Attachments":[],"Outcome":2,"ErrorMessage":"Assert.IsTrue failed. ","ErrorStackTrace":"   at Unit_Testovi.NoviTestovi.TestRadSaKorisnicima2() in C:\\Users\\Emir\\source\\repos\\VVS-ZADACA2\\Filmoteka\\Unit Testovi\\NoviTestovi.cs:line 307\r\n","DisplayName":null,"Messages":[{"Category":"StdOutMsgs","Text":"FILMOTEKA CLAN: Filmoteka.GostFILMOTEKA VELICINA: 1"}],"ComputerName":null,"Duration":"00:00:00.0024487","StartTime":"2020-12-02T01:01:39.7617692+01:00","EndTime":"2020-12-02T01:01:39.7647693+01:00","Properties":[{"Key":{"Id":"ExecutionId","Label":"ExecutionId","Category":"","Description":"","Attributes":1,"ValueType":"System.Guid"},"Value":"00000000-0000-0000-0000-000000000000"},{"Key":{"Id":"ParentExecId","Label":"ParentExecId","Category":"","Description":"","Attributes":1,"ValueType":"System.Guid"},"Value":"00000000-0000-0000-0000-000000000000"},{"Key":{"Id":"InnerResultsCount","Label":"InnerResultsCount","Category":"","Description":"","Attributes":1,"ValueType":"System.Int32"},"Value":0}]},{"TestCase":{"Id":"5237efcb-1dfd-8c0c-9928-ddd872268d8c","FullyQualifiedName":"Unit_Testovi.NoviTestovi.TestRadSaKorisnicima3","DisplayName":"TestRadSaKorisnicima3","ExecutorUri":"executor://MSTestAdapter/v2","Source":"C:\\Users\\Emir\\source\\repos\\VVS-ZADACA2\\Filmoteka\\Unit Testovi\\bin\\Debug\\fine-code-coverage\\Unit Testovi.dll","CodeFilePath":null,"LineNumber":-1,"Properties":[{"Key":{"Id":"MSTestDiscoverer.TestClassName","Label":"ClassName","Category":"","Description":"","Attributes":1,"ValueType":"System.String"},"Value":"Unit_Testovi.NoviTestovi"},{"Key":{"Id":"TestObject.Traits","Label":"Traits","Category":"","Description":"","Attributes":5,"ValueType":"System.Collections.Generic.KeyValuePair`2[[System.String],[System.String]][]"},"Value":[]}]},"Attachments":[],"Outcome":1,"ErrorMessage":null,"ErrorStackTrace":null,"DisplayName":null,"Messages":[],"ComputerName":null,"Duration":"00:00:00.0008661","StartTime":"2020-12-02T01:01:39.7687696+01:00","EndTime":"2020-12-02T01:01:39.7697696+01:00","Properties":[{"Key":{"Id":"ExecutionId","Label":"ExecutionId","Category":"","Description":"","Attributes":1,"ValueType":"System.Guid"},"Value":"00000000-0000-0000-0000-000000000000"},{"Key":{"Id":"ParentExecId","Label":"ParentExecId","Category":"","Description":"","Attributes":1,"ValueType":"System.Guid"},"Value":"00000000-0000-0000-0000-000000000000"},{"Key":{"Id":"InnerResultsCount","Label":"InnerResultsCount","Category":"","Description":"","Attributes":1,"ValueType":"System.Int32"},"Value":0}]},{"TestCase":{"Id":"66b33d35-cbdf-c6db-f5e2-bd2af0c7a32e","FullyQualifiedName":"Unit_Testovi.NoviTestovi.TestRadSaKorisnicima4","DisplayName":"TestRadSaKorisnicima4","ExecutorUri":"executor://MSTestAdapter/v2","Source":"C:\\Users\\Emir\\source\\repos\\VVS-ZADACA2\\Filmoteka\\Unit Testovi\\bin\\Debug\\fine-code-coverage\\Unit Testovi.dll","CodeFilePath":null,"LineNumber":-1,"Properties":[{"Key":{"Id":"MSTestDiscoverer.TestClassName","Label":"ClassName","Category":"","Description":"","Attributes":1,"ValueType":"System.String"},"Value":"Unit_Testovi.NoviTestovi"},{"Key":{"Id":"TestObject.Traits","Label":"Traits","Category":"","Description":"","Attributes":5,"ValueType":"System.Collections.Generic.KeyValuePair`2[[System.String],[System.String]][]"},"Value":[]}]},"Attachments":[],"Outcome":1,"ErrorMessage":null,"ErrorStackTrace":null,"DisplayName":null,"Messages":[],"ComputerName":null,"Duration":"00:00:00.0007132","StartTime":"2020-12-02T01:01:39.7737699+01:00","EndTime":"2020-12-02T01:01:39.7747699+01:00","Properties":[{"Key":{"Id":"ExecutionId","Label":"ExecutionId","Category":"","Description":"","Attributes":1,"ValueType":"System.Guid"},"Value":"00000000-0000-0000-0000-000000000000"},{"Key":{"Id":"ParentExecId","Label":"ParentExecId","Category":"","Description":"","Attributes":1,"ValueType":"System.Guid"},"Value":"00000000-0000-0000-0000-000000000000"},{"Key":{"Id":"InnerResultsCount","Label":"InnerResultsCount","Category":"","Description":"","Attributes":1,"ValueType":"System.Int32"},"Value":0}]},{"TestCase":{"Id":"b1e684c9-ba75-f6f1-bf40-5e4e7cedaaa8","FullyQualifiedName":"Unit_Testovi.NoviTestovi.TestDajSveFilmoveSGLumcima2","DisplayName":"TestDajSveFilmoveSGLumcima2","ExecutorUri":"executor://MSTestAdapter/v2","Source":"C:\\Users\\Emir\\source\\repos\\VVS-ZADACA2\\Filmoteka\\Unit Testovi\\bin\\Debug\\fine-code-coverage\\Unit Testovi.dll","CodeFilePath":null,"LineNumber":-1,"Properties":[{"Key":{"Id":"MSTestDiscoverer.TestClassName","Label":"ClassName","Category":"","Description":"","Attributes":1,"ValueType":"System.String"},"Value":"Unit_Testovi.NoviTestovi"},{"Key":{"Id":"TestObject.Traits","Label":"Traits","Category":"","Description":"","Attributes":5,"ValueType":"System.Collections.Generic.KeyValuePair`2[[System.String],[System.String]][]"},"Value":[]}]},"Attachments":[],"Outcome":2,"ErrorMessage":"Test method did not throw expected exception System.InvalidOperationException. Lista filmova je prazna","ErrorStackTrace":null,"DisplayName":null,"Messages":[{"Category":"StdOutMsgs","Text":"3\r\n"}],"ComputerName":null,"Duration":"00:00:00.0007224","StartTime":"2020-12-02T01:01:39.7797702+01:00","EndTime":"2020-12-02T01:01:39.7807703+01:00","Properties":[{"Key":{"Id":"ExecutionId","Label":"ExecutionId","Category":"","Description":"","Attributes":1,"ValueType":"System.Guid"},"Value":"00000000-0000-0000-0000-000000000000"},{"Key":{"Id":"ParentExecId","Label":"ParentExecId","Category":"","Description":"","Attributes":1,"ValueType":"System.Guid"},"Value":"00000000-0000-0000-0000-000000000000"},{"Key":{"Id":"InnerResultsCount","Label":"InnerResultsCount","Category":"","Description":"","Attributes":1,"ValueType":"System.Int32"},"Value":0}]}],"TestRunStatistics":{"ExecutedTests":27,"Stats":{"Failed":6,"Passed":21}},"ActiveTests":[]},"RunAttachments":[],"ExecutorUris":["executor://mstestadapter/v2"]}}
TpTrace Verbose: 0 : 13912, 4, 2020/12/02, 01:01:39.829, 804859478868, testhost.dll, BaseRunTests.RunTests: Run is complete.
TpTrace Verbose: 0 : 13912, 9, 2020/12/02, 01:01:39.833, 804859490844, testhost.dll, TcpClientExtensions.MessageLoopAsync: NotifyDataAvailable remoteEndPoint: [::ffff:127.0.0.1]:54156 localEndPoint: [::ffff:127.0.0.1]:54158
TpTrace Information: 0 : 13912, 9, 2020/12/02, 01:01:39.833, 804859491795, testhost.dll, TestRequestHandler.ProcessRequests: received message: (TestSession.Terminate) -> null
TpTrace Information: 0 : 13912, 9, 2020/12/02, 01:01:39.833, 804859491965, testhost.dll, Session End message received from server. Closing the connection.
TpTrace Information: 0 : 13912, 9, 2020/12/02, 01:01:39.834, 804859494064, testhost.dll, SocketClient.Stop: Stop communication from server endpoint: 127.0.0.1:054156
TpTrace Information: 0 : 13912, 9, 2020/12/02, 01:01:39.834, 804859494236, testhost.dll, SocketClient: Stop: Cancellation requested. Stopping message loop.
TpTrace Verbose: 0 : 13912, 9, 2020/12/02, 01:01:39.834, 804859495314, testhost.dll, LengthPrefixCommunicationChannel.Dispose: Dispose reader and writer.
TpTrace Information: 0 : 13912, 9, 2020/12/02, 01:01:39.834, 804859495526, testhost.dll, Closing the connection !
TpTrace Information: 0 : 13912, 9, 2020/12/02, 01:01:39.835, 804859496622, testhost.dll, SocketClient.PrivateStop: Stop communication from server endpoint: 127.0.0.1:054156, error:
TpTrace Verbose: 0 : 13912, 9, 2020/12/02, 01:01:39.835, 804859498308, testhost.dll, LengthPrefixCommunicationChannel.Dispose: Dispose reader and writer.
TpTrace Verbose: 0 : 13912, 9, 2020/12/02, 01:01:39.835, 804859498487, testhost.dll, TcpClientExtensions.MessageLoopAsync: exiting MessageLoopAsync remoteEndPoint: [::ffff:127.0.0.1]:54156 localEndPoint: [::ffff:127.0.0.1]:54158
TpTrace Information: 0 : 13912, 1, 2020/12/02, 01:01:39.835, 804859498476, testhost.dll, Closing the connection !
TpTrace Information: 0 : 13912, 1, 2020/12/02, 01:01:39.835, 804859498914, testhost.dll, SocketClient.Stop: Stop communication from server endpoint: 127.0.0.1:054156
TpTrace Verbose: 0 : 13912, 1, 2020/12/02, 01:01:39.836, 804859499088, testhost.dll, LengthPrefixCommunicationChannel.Dispose: Dispose reader and writer.
TpTrace Information: 0 : 13912, 1, 2020/12/02, 01:01:39.836, 804859499532, testhost.dll, Testhost process exiting.
