TpTrace Information: 0 : 12392, 1, 2020/12/01, 01:47:53.256, 550549521329, datacollector.dll, DataCollectorMain.Run: Starting data collector run with args: --port,52280,--parentprocessid,11624,--diag,C:\Users\Emir\Source\Repos\VVS-Zadaca2\Filmoteka\Unit Testovi\bin\Debug\fine-code-coverage\_outputfolder\diagnostics.datacollector.20-12-01_01-47-53_12249_4.log,--tracelevel,4
TpTrace Information: 0 : 12392, 1, 2020/12/01, 01:47:53.264, 550549531336, datacollector.dll, DataCollector: Monitoring parent process with id: '11624'
TpTrace Information: 0 : 12392, 1, 2020/12/01, 01:47:53.273, 550549559304, datacollector.dll, Trying to connect to server on socket : 127.0.0.1:52280 
TpTrace Verbose: 0 : 12392, 1, 2020/12/01, 01:47:53.291, 550549613039, datacollector.dll, SocketCommunicationManager : SetupClientAsync : Attempting to connect to the server.
TpTrace Information: 0 : 12392, 7, 2020/12/01, 01:47:53.302, 550549645975, datacollector.dll, Connected to the server successfully 
TpTrace Information: 0 : 12392, 7, 2020/12/01, 01:47:53.302, 550549646286, datacollector.dll, Using the buffer size of 16384 bytes
TpTrace Information: 0 : 12392, 1, 2020/12/01, 01:47:53.402, 550549952611, datacollector.dll, DataCollector: Start Request Processing.
TpTrace Information: 0 : 12392, 1, 2020/12/01, 01:47:53.408, 550549968022, datacollector.dll, DataCollectionRequestHandler.ProcessRequests : Datacollector received message: (DataCollection.BeforeTestRunStart) -> {
  "SettingsXml": "<RunSettings><RunConfiguration><ResultsDirectory>C:\\Users\\Emir\\Source\\Repos\\VVS-Zadaca2\\Filmoteka\\Unit Testovi\\bin\\Debug\\fine-code-coverage\\_outputfolder</ResultsDirectory><TargetPlatform>X64</TargetPlatform><TargetFrameworkVersion>.NETCoreApp,Version=v3.1</TargetFrameworkVersion><DesignMode>False</DesignMode><CollectSourceInformation>False</CollectSourceInformation><TestAdaptersPaths>C:\\Program Files\\dotnet\\sdk\\3.1.403\\Extensions</TestAdaptersPaths></RunConfiguration><LoggerRunSettings><Loggers><Logger friendlyName=\"blame\" enabled=\"True\" /><Logger friendlyName=\"Console\" uri=\"logger://microsoft/TestPlatform/ConsoleLogger/v1\" assemblyQualifiedName=\"Microsoft.VisualStudio.TestPlatform.CommandLine.Internal.ConsoleLogger, vstest.console, Version=15.0.0.0, Culture=neutral, PublicKeyToken=b03f5f7f11d50a3a\" codeBase=\"C:\\Program Files\\dotnet\\sdk\\3.1.403\\vstest.console.dll\" enabled=\"True\" /></Loggers></LoggerRunSettings><DataCollectionRunSettings><DataCollectors><DataCollector friendlyName=\"blame\" enabled=\"True\"><Configuration><ResultsDirectory>C:\\Users\\Emir\\Source\\Repos\\VVS-Zadaca2\\Filmoteka\\Unit Testovi\\bin\\Debug\\fine-code-coverage\\_outputfolder</ResultsDirectory></Configuration></DataCollector></DataCollectors></DataCollectionRunSettings></RunSettings>",
  "Sources": [
    "C:\\Users\\Emir\\Source\\Repos\\VVS-Zadaca2\\Filmoteka\\Unit Testovi\\bin\\Debug\\fine-code-coverage\\Unit Testovi.dll"
  ]
}
TpTrace Verbose: 0 : 12392, 1, 2020/12/01, 01:47:53.467, 550550147951, datacollector.dll, TestPluginCache: Update extensions started. Skip filter = False
TpTrace Verbose: 0 : 12392, 1, 2020/12/01, 01:47:53.468, 550550151123, datacollector.dll, TestPluginCache: Using directories for assembly resolution 'C:\Program Files\dotnet\sdk\3.1.403\Extensions'.
TpTrace Verbose: 0 : 12392, 1, 2020/12/01, 01:47:53.468, 550550151321, datacollector.dll, TestPluginCache: Updated the available extensions to 'C:\Program Files\dotnet\sdk\3.1.403\Extensions\Microsoft.TestPlatform.Extensions.BlameDataCollector.dll,C:\Program Files\dotnet\sdk\3.1.403\Extensions\Microsoft.TestPlatform.Extensions.EventLogCollector.dll'.
TpTrace Verbose: 0 : 12392, 1, 2020/12/01, 01:47:53.493, 550550228746, datacollector.dll, TestPluginCache.DiscoverTestExtensions: finding test extensions in assemblies ends with: Collector.dll TPluginInfo: Microsoft.VisualStudio.TestPlatform.Common.DataCollector.DataCollectorConfig TExtension: Microsoft.VisualStudio.TestPlatform.ObjectModel.DataCollection.DataCollector
TpTrace Verbose: 0 : 12392, 1, 2020/12/01, 01:47:53.494, 550550229662, datacollector.dll, TestPluginCache.GetExtensionPaths: Filtered extension paths: C:\Program Files\dotnet\sdk\3.1.403\Extensions\Microsoft.TestPlatform.Extensions.BlameDataCollector.dll
C:\Program Files\dotnet\sdk\3.1.403\Extensions\Microsoft.TestPlatform.Extensions.EventLogCollector.dll
TpTrace Verbose: 0 : 12392, 1, 2020/12/01, 01:47:53.494, 550550230072, datacollector.dll, TestPluginCache.GetExtensionPaths: Added default extension paths: 
TpTrace Verbose: 0 : 12392, 1, 2020/12/01, 01:47:53.494, 550550230249, datacollector.dll, TestPluginCache.GetExtensionPaths: Added unfilterableExtensionPaths: 
TpTrace Information: 0 : 12392, 1, 2020/12/01, 01:47:53.495, 550550234064, datacollector.dll, AssemblyResolver.ctor: Creating AssemblyResolver with searchDirectories C:\Program Files\dotnet\sdk\3.1.403\Extensions,C:\Program Files\dotnet\sdk\3.1.403
TpTrace Verbose: 0 : 12392, 1, 2020/12/01, 01:47:53.497, 550550240873, datacollector.dll, TestPluginCache.DiscoverTestExtensions: Discovering the extensions using extension path.
TpTrace Verbose: 0 : 12392, 1, 2020/12/01, 01:47:53.497, 550550241502, datacollector.dll, TestPluginCache.GetExtensionPaths: Filtered extension paths: C:\Program Files\dotnet\sdk\3.1.403\Extensions\Microsoft.TestPlatform.Extensions.BlameDataCollector.dll
C:\Program Files\dotnet\sdk\3.1.403\Extensions\Microsoft.TestPlatform.Extensions.EventLogCollector.dll
TpTrace Verbose: 0 : 12392, 1, 2020/12/01, 01:47:53.497, 550550241678, datacollector.dll, TestPluginCache.GetExtensionPaths: Added default extension paths: 
TpTrace Verbose: 0 : 12392, 1, 2020/12/01, 01:47:53.498, 550550241852, datacollector.dll, TestPluginCache.GetExtensionPaths: Added unfilterableExtensionPaths: 
TpTrace Verbose: 0 : 12392, 1, 2020/12/01, 01:47:53.498, 550550242107, datacollector.dll, TestPluginCache.DiscoverTestExtensions: Discovering the extensions using allExtensionPaths: C:\Program Files\dotnet\sdk\3.1.403\Extensions\Microsoft.TestPlatform.Extensions.BlameDataCollector.dll
C:\Program Files\dotnet\sdk\3.1.403\Extensions\Microsoft.TestPlatform.Extensions.EventLogCollector.dll
TpTrace Information: 0 : 12392, 1, 2020/12/01, 01:47:53.498, 550550242523, datacollector.dll, AssemblyResolver.AddSearchDirectories: Adding more searchDirectories C:\Program Files\dotnet\sdk\3.1.403\Extensions,C:\Program Files\dotnet\sdk\3.1.403
TpTrace Information: 0 : 12392, 1, 2020/12/01, 01:47:53.498, 550550242773, datacollector.dll, AssemblyResolver.AddSearchDirectories: Adding more searchDirectories C:\Program Files\dotnet\sdk\3.1.403\Extensions,C:\Program Files\dotnet\sdk\3.1.403
TpTrace Information: 0 : 12392, 1, 2020/12/01, 01:47:53.498, 550550244709, datacollector.dll, AssemblyResolver.OnResolve: Microsoft.TestPlatform.Extensions.BlameDataCollector: Resolving assembly.
TpTrace Information: 0 : 12392, 1, 2020/12/01, 01:47:53.500, 550550247843, datacollector.dll, AssemblyResolver.OnResolve: Resolved assembly: Microsoft.TestPlatform.Extensions.BlameDataCollector, from path: C:\Program Files\dotnet\sdk\3.1.403\Extensions\Microsoft.TestPlatform.Extensions.BlameDataCollector.dll
TpTrace Error: 0 : 12392, 1, 2020/12/01, 01:47:53.501, 550550252260, datacollector.dll, The type "Microsoft.TestPlatform.Extensions.BlameDataCollector.BlameCollector" defined in "Microsoft.TestPlatform.Extensions.BlameDataCollector.dll" does not have ExtensionUri attribute.
TpTrace Information: 0 : 12392, 1, 2020/12/01, 01:47:53.502, 550550254939, datacollector.dll, AssemblyResolver.OnResolve: Microsoft.TestPlatform.Extensions.EventLogCollector: Resolving assembly.
TpTrace Information: 0 : 12392, 1, 2020/12/01, 01:47:53.502, 550550256742, datacollector.dll, AssemblyResolver.OnResolve: Resolved assembly: Microsoft.TestPlatform.Extensions.EventLogCollector, from path: C:\Program Files\dotnet\sdk\3.1.403\Extensions\Microsoft.TestPlatform.Extensions.EventLogCollector.dll
TpTrace Error: 0 : 12392, 1, 2020/12/01, 01:47:53.504, 550550261180, datacollector.dll, The type "Microsoft.TestPlatform.Extensions.EventLogCollector.EventLogDataCollector" defined in "Microsoft.TestPlatform.Extensions.EventLogCollector.dll" does not have ExtensionUri attribute.
TpTrace Verbose: 0 : 12392, 1, 2020/12/01, 01:47:53.504, 550550262444, datacollector.dll, TestPluginCache: Discovered the extensions using extension path 'C:\Program Files\dotnet\sdk\3.1.403\Extensions\Microsoft.TestPlatform.Extensions.BlameDataCollector.dll,C:\Program Files\dotnet\sdk\3.1.403\Extensions\Microsoft.TestPlatform.Extensions.EventLogCollector.dll'.
TpTrace Verbose: 0 : 12392, 1, 2020/12/01, 01:47:53.504, 550550262647, datacollector.dll, TestPluginCache: Discoverers are ''.
TpTrace Verbose: 0 : 12392, 1, 2020/12/01, 01:47:53.504, 550550262772, datacollector.dll, TestPluginCache: Executors are ''.
TpTrace Verbose: 0 : 12392, 1, 2020/12/01, 01:47:53.504, 550550262909, datacollector.dll, TestPluginCache: Executors2 are ''.
TpTrace Verbose: 0 : 12392, 1, 2020/12/01, 01:47:53.505, 550550263036, datacollector.dll, TestPluginCache: Setting providers are ''.
TpTrace Verbose: 0 : 12392, 1, 2020/12/01, 01:47:53.505, 550550263153, datacollector.dll, TestPluginCache: Loggers are ''.
TpTrace Information: 0 : 12392, 1, 2020/12/01, 01:47:53.506, 550550269001, datacollector.dll, TestPluginManager.CreateTestExtension: Attempting to load test extension: Microsoft.TestPlatform.Extensions.BlameDataCollector.BlameCollector
TpTrace Error: 0 : 12392, 1, 2020/12/01, 01:47:53.507, 550550269570, datacollector.dll, The type "Microsoft.TestPlatform.Extensions.BlameDataCollector.BlameCollector" defined in "Microsoft.TestPlatform.Extensions.BlameDataCollector.dll" does not have ExtensionUri attribute.
TpTrace Information: 0 : 12392, 1, 2020/12/01, 01:47:53.515, 550550294929, datacollector.dll, Listening on Endpoint : 127.0.0.1:52282
TpTrace Information: 0 : 12392, 1, 2020/12/01, 01:47:53.526, 550550327818, datacollector.dll, DataCollectionRequestHandler.ProcessRequests : DataCollection started.
TpTrace Information: 0 : 12392, 1, 2020/12/01, 01:47:53.599, 550550550803, datacollector.dll, DataCollectionRequestHandler.ProcessRequests : Datacollector received message: (DataCollection.TestHostLaunched) -> {
  "ProcessId": 10532
}
TpTrace Information: 0 : 12392, 5, 2020/12/01, 01:47:53.834, 550551264385, datacollector.dll, Using the buffer size of 16384 bytes
TpTrace Information: 0 : 12392, 5, 2020/12/01, 01:47:53.834, 550551265485, datacollector.dll, Accepted Client request and set the flag
TpTrace Information: 0 : 12392, 7, 2020/12/01, 01:47:54.401, 550552989972, datacollector.dll, DataCollectionTestCaseEventHandler: Test case starting.
TpTrace Information: 0 : 12392, 7, 2020/12/01, 01:47:54.443, 550553115914, datacollector.dll, Blame Collector : Test Case Start
TpTrace Information: 0 : 12392, 7, 2020/12/01, 01:47:54.443, 550553117654, datacollector.dll, DataCollectionTestCaseEventHandler: Test case 'TestZamjenskiObjekat - aef9dec6-1181-fac1-2596-b31421e8da47' started.
TpTrace Information: 0 : 12392, 7, 2020/12/01, 01:47:54.532, 550553387773, datacollector.dll, DataCollectionTestCaseEventHandler : Test case completing.
TpTrace Information: 0 : 12392, 7, 2020/12/01, 01:47:54.537, 550553404023, datacollector.dll, Blame Collector : Test Case End
TpTrace Error: 0 : 12392, 7, 2020/12/01, 01:47:54.554, 550553453639, datacollector.dll, DataCollectionAttachmentManager.GetAttachments: Fail to get attachments: System.Collections.Generic.KeyNotFoundException: The given key 'Microsoft.VisualStudio.TestPlatform.ObjectModel.DataCollection.DataCollectionContext' was not present in the dictionary.
   at System.Collections.Generic.Dictionary`2.get_Item(TKey key)
   at Microsoft.VisualStudio.TestPlatform.Common.DataCollector.DataCollectionAttachmentManager.GetAttachments(DataCollectionContext dataCollectionContext) 
TpTrace Information: 0 : 12392, 7, 2020/12/01, 01:47:54.558, 550553465920, datacollector.dll, DataCollectionTestCaseEventHandler: Test case 'TestZamjenskiObjekat - aef9dec6-1181-fac1-2596-b31421e8da47' completed
TpTrace Information: 0 : 12392, 7, 2020/12/01, 01:47:54.571, 550553506299, datacollector.dll, DataCollectionTestCaseEventHandler: Test case starting.
TpTrace Information: 0 : 12392, 7, 2020/12/01, 01:47:54.572, 550553508286, datacollector.dll, Blame Collector : Test Case Start
TpTrace Information: 0 : 12392, 7, 2020/12/01, 01:47:54.572, 550553508665, datacollector.dll, DataCollectionTestCaseEventHandler: Test case 'TestDodajNastavakIstiGlumci - 307a9543-71bf-45b1-736e-e86a33581b25' started.
TpTrace Information: 0 : 12392, 7, 2020/12/01, 01:47:54.578, 550553526849, datacollector.dll, DataCollectionTestCaseEventHandler : Test case completing.
TpTrace Information: 0 : 12392, 7, 2020/12/01, 01:47:54.578, 550553528674, datacollector.dll, Blame Collector : Test Case End
TpTrace Error: 0 : 12392, 7, 2020/12/01, 01:47:54.579, 550553529356, datacollector.dll, DataCollectionAttachmentManager.GetAttachments: Fail to get attachments: System.Collections.Generic.KeyNotFoundException: The given key 'Microsoft.VisualStudio.TestPlatform.ObjectModel.DataCollection.DataCollectionContext' was not present in the dictionary.
   at System.Collections.Generic.Dictionary`2.get_Item(TKey key)
   at Microsoft.VisualStudio.TestPlatform.Common.DataCollector.DataCollectionAttachmentManager.GetAttachments(DataCollectionContext dataCollectionContext) 
TpTrace Information: 0 : 12392, 7, 2020/12/01, 01:47:54.579, 550553529853, datacollector.dll, DataCollectionTestCaseEventHandler: Test case 'TestDodajNastavakIstiGlumci - 307a9543-71bf-45b1-736e-e86a33581b25' completed
TpTrace Information: 0 : 12392, 7, 2020/12/01, 01:47:54.580, 550553533377, datacollector.dll, DataCollectionTestCaseEventHandler: Test case starting.
TpTrace Information: 0 : 12392, 7, 2020/12/01, 01:47:54.580, 550553535085, datacollector.dll, Blame Collector : Test Case Start
TpTrace Information: 0 : 12392, 7, 2020/12/01, 01:47:54.581, 550553535378, datacollector.dll, DataCollectionTestCaseEventHandler: Test case 'TestDodajNastavakRazlicitiGlumci - ccc8a4b1-0bba-0d1f-634a-2a0e08c0293a' started.
TpTrace Information: 0 : 12392, 7, 2020/12/01, 01:47:54.583, 550553541810, datacollector.dll, DataCollectionTestCaseEventHandler : Test case completing.
TpTrace Information: 0 : 12392, 7, 2020/12/01, 01:47:54.583, 550553543574, datacollector.dll, Blame Collector : Test Case End
TpTrace Error: 0 : 12392, 7, 2020/12/01, 01:47:54.583, 550553544072, datacollector.dll, DataCollectionAttachmentManager.GetAttachments: Fail to get attachments: System.Collections.Generic.KeyNotFoundException: The given key 'Microsoft.VisualStudio.TestPlatform.ObjectModel.DataCollection.DataCollectionContext' was not present in the dictionary.
   at System.Collections.Generic.Dictionary`2.get_Item(TKey key)
   at Microsoft.VisualStudio.TestPlatform.Common.DataCollector.DataCollectionAttachmentManager.GetAttachments(DataCollectionContext dataCollectionContext) 
TpTrace Information: 0 : 12392, 7, 2020/12/01, 01:47:54.583, 550553544461, datacollector.dll, DataCollectionTestCaseEventHandler: Test case 'TestDodajNastavakRazlicitiGlumci - ccc8a4b1-0bba-0d1f-634a-2a0e08c0293a' completed
TpTrace Information: 0 : 12392, 7, 2020/12/01, 01:47:54.585, 550553548090, datacollector.dll, DataCollectionTestCaseEventHandler: Test case starting.
TpTrace Information: 0 : 12392, 7, 2020/12/01, 01:47:54.585, 550553549624, datacollector.dll, Blame Collector : Test Case Start
TpTrace Information: 0 : 12392, 7, 2020/12/01, 01:47:54.585, 550553549975, datacollector.dll, DataCollectionTestCaseEventHandler: Test case 'TestDodajNastavakIzuzetak - 83c1ddde-4e31-66fc-a376-4096e8037e77' started.
TpTrace Information: 0 : 12392, 7, 2020/12/01, 01:47:54.590, 550553563654, datacollector.dll, DataCollectionTestCaseEventHandler : Test case completing.
TpTrace Information: 0 : 12392, 7, 2020/12/01, 01:47:54.590, 550553565254, datacollector.dll, Blame Collector : Test Case End
TpTrace Error: 0 : 12392, 7, 2020/12/01, 01:47:54.591, 550553565756, datacollector.dll, DataCollectionAttachmentManager.GetAttachments: Fail to get attachments: System.Collections.Generic.KeyNotFoundException: The given key 'Microsoft.VisualStudio.TestPlatform.ObjectModel.DataCollection.DataCollectionContext' was not present in the dictionary.
   at System.Collections.Generic.Dictionary`2.get_Item(TKey key)
   at Microsoft.VisualStudio.TestPlatform.Common.DataCollector.DataCollectionAttachmentManager.GetAttachments(DataCollectionContext dataCollectionContext) 
TpTrace Information: 0 : 12392, 7, 2020/12/01, 01:47:54.591, 550553566315, datacollector.dll, DataCollectionTestCaseEventHandler: Test case 'TestDodajNastavakIzuzetak - 83c1ddde-4e31-66fc-a376-4096e8037e77' completed
TpTrace Information: 0 : 12392, 7, 2020/12/01, 01:47:54.592, 550553569452, datacollector.dll, DataCollectionTestCaseEventHandler: Test case starting.
TpTrace Information: 0 : 12392, 7, 2020/12/01, 01:47:54.592, 550553571012, datacollector.dll, Blame Collector : Test Case Start
TpTrace Information: 0 : 12392, 7, 2020/12/01, 01:47:54.592, 550553571346, datacollector.dll, DataCollectionTestCaseEventHandler: Test case 'TestDajSveFilmoveSGLumcima - 729a6b5e-7234-caa5-77a0-368e88dfe702' started.
TpTrace Information: 0 : 12392, 7, 2020/12/01, 01:47:54.596, 550553583788, datacollector.dll, DataCollectionTestCaseEventHandler : Test case completing.
TpTrace Information: 0 : 12392, 7, 2020/12/01, 01:47:54.597, 550553586427, datacollector.dll, Blame Collector : Test Case End
TpTrace Error: 0 : 12392, 7, 2020/12/01, 01:47:54.597, 550553586973, datacollector.dll, DataCollectionAttachmentManager.GetAttachments: Fail to get attachments: System.Collections.Generic.KeyNotFoundException: The given key 'Microsoft.VisualStudio.TestPlatform.ObjectModel.DataCollection.DataCollectionContext' was not present in the dictionary.
   at System.Collections.Generic.Dictionary`2.get_Item(TKey key)
   at Microsoft.VisualStudio.TestPlatform.Common.DataCollector.DataCollectionAttachmentManager.GetAttachments(DataCollectionContext dataCollectionContext) 
TpTrace Information: 0 : 12392, 7, 2020/12/01, 01:47:54.598, 550553587342, datacollector.dll, DataCollectionTestCaseEventHandler: Test case 'TestDajSveFilmoveSGLumcima - 729a6b5e-7234-caa5-77a0-368e88dfe702' completed
TpTrace Information: 0 : 12392, 7, 2020/12/01, 01:47:54.599, 550553592222, datacollector.dll, DataCollectionTestCaseEventHandler: Test case starting.
TpTrace Information: 0 : 12392, 7, 2020/12/01, 01:47:54.600, 550553593878, datacollector.dll, Blame Collector : Test Case Start
TpTrace Information: 0 : 12392, 7, 2020/12/01, 01:47:54.600, 550553594145, datacollector.dll, DataCollectionTestCaseEventHandler: Test case 'TestDajSrednjuOcjenuSvihFilmova - ff1b4d14-945d-8df7-b04f-61053947ac65' started.
TpTrace Information: 0 : 12392, 7, 2020/12/01, 01:47:54.603, 550553603207, datacollector.dll, DataCollectionTestCaseEventHandler : Test case completing.
TpTrace Information: 0 : 12392, 7, 2020/12/01, 01:47:54.603, 550553604933, datacollector.dll, Blame Collector : Test Case End
TpTrace Error: 0 : 12392, 7, 2020/12/01, 01:47:54.604, 550553605441, datacollector.dll, DataCollectionAttachmentManager.GetAttachments: Fail to get attachments: System.Collections.Generic.KeyNotFoundException: The given key 'Microsoft.VisualStudio.TestPlatform.ObjectModel.DataCollection.DataCollectionContext' was not present in the dictionary.
   at System.Collections.Generic.Dictionary`2.get_Item(TKey key)
   at Microsoft.VisualStudio.TestPlatform.Common.DataCollector.DataCollectionAttachmentManager.GetAttachments(DataCollectionContext dataCollectionContext) 
TpTrace Information: 0 : 12392, 7, 2020/12/01, 01:47:54.604, 550553605808, datacollector.dll, DataCollectionTestCaseEventHandler: Test case 'TestDajSrednjuOcjenuSvihFilmova - ff1b4d14-945d-8df7-b04f-61053947ac65' completed
TpTrace Information: 0 : 12392, 7, 2020/12/01, 01:47:54.605, 550553609225, datacollector.dll, DataCollectionTestCaseEventHandler: Test case starting.
TpTrace Information: 0 : 12392, 7, 2020/12/01, 01:47:54.605, 550553610873, datacollector.dll, Blame Collector : Test Case Start
TpTrace Information: 0 : 12392, 7, 2020/12/01, 01:47:54.605, 550553611116, datacollector.dll, DataCollectionTestCaseEventHandler: Test case 'TestDajSrednjuOcjenuSvihFilmovaPrazan - 5ce7f736-72c3-ced1-6d90-e30c94cad1f2' started.
TpTrace Information: 0 : 12392, 7, 2020/12/01, 01:47:54.607, 550553616173, datacollector.dll, DataCollectionTestCaseEventHandler : Test case completing.
TpTrace Information: 0 : 12392, 7, 2020/12/01, 01:47:54.608, 550553617773, datacollector.dll, Blame Collector : Test Case End
TpTrace Error: 0 : 12392, 7, 2020/12/01, 01:47:54.608, 550553618213, datacollector.dll, DataCollectionAttachmentManager.GetAttachments: Fail to get attachments: System.Collections.Generic.KeyNotFoundException: The given key 'Microsoft.VisualStudio.TestPlatform.ObjectModel.DataCollection.DataCollectionContext' was not present in the dictionary.
   at System.Collections.Generic.Dictionary`2.get_Item(TKey key)
   at Microsoft.VisualStudio.TestPlatform.Common.DataCollector.DataCollectionAttachmentManager.GetAttachments(DataCollectionContext dataCollectionContext) 
TpTrace Information: 0 : 12392, 7, 2020/12/01, 01:47:54.608, 550553618527, datacollector.dll, DataCollectionTestCaseEventHandler: Test case 'TestDajSrednjuOcjenuSvihFilmovaPrazan - 5ce7f736-72c3-ced1-6d90-e30c94cad1f2' completed
TpTrace Information: 0 : 12392, 7, 2020/12/01, 01:47:54.609, 550553623335, datacollector.dll, DataCollectionTestCaseEventHandler: Test case starting.
TpTrace Information: 0 : 12392, 7, 2020/12/01, 01:47:54.610, 550553625011, datacollector.dll, Blame Collector : Test Case Start
TpTrace Information: 0 : 12392, 7, 2020/12/01, 01:47:54.610, 550553625329, datacollector.dll, DataCollectionTestCaseEventHandler: Test case 'TestProdužiRokValidan - b1426bd4-5b5c-cdf7-b56e-482bb38d32fa' started.
TpTrace Information: 0 : 12392, 7, 2020/12/01, 01:47:54.615, 550553640017, datacollector.dll, DataCollectionTestCaseEventHandler : Test case completing.
TpTrace Information: 0 : 12392, 7, 2020/12/01, 01:47:54.615, 550553641609, datacollector.dll, Blame Collector : Test Case End
TpTrace Error: 0 : 12392, 7, 2020/12/01, 01:47:54.616, 550553642075, datacollector.dll, DataCollectionAttachmentManager.GetAttachments: Fail to get attachments: System.Collections.Generic.KeyNotFoundException: The given key 'Microsoft.VisualStudio.TestPlatform.ObjectModel.DataCollection.DataCollectionContext' was not present in the dictionary.
   at System.Collections.Generic.Dictionary`2.get_Item(TKey key)
   at Microsoft.VisualStudio.TestPlatform.Common.DataCollector.DataCollectionAttachmentManager.GetAttachments(DataCollectionContext dataCollectionContext) 
TpTrace Information: 0 : 12392, 7, 2020/12/01, 01:47:54.616, 550553642402, datacollector.dll, DataCollectionTestCaseEventHandler: Test case 'TestProdužiRokValidan - b1426bd4-5b5c-cdf7-b56e-482bb38d32fa' completed
TpTrace Information: 0 : 12392, 7, 2020/12/01, 01:47:54.620, 550553655282, datacollector.dll, DataCollectionTestCaseEventHandler: Test session ended
TpTrace Information: 0 : 12392, 1, 2020/12/01, 01:47:54.736, 550554007597, datacollector.dll, DataCollectionRequestHandler.ProcessRequests : Datacollector received message: (DataCollection.AfterTestRunEnd) -> false
TpTrace Information: 0 : 12392, 1, 2020/12/01, 01:47:54.737, 550554009907, datacollector.dll, Blame Collector : Session End
TpTrace Error: 0 : 12392, 1, 2020/12/01, 01:47:54.737, 550554010742, datacollector.dll, DataCollectionAttachmentManager.GetAttachments: Fail to get attachments: System.Collections.Generic.KeyNotFoundException: The given key 'Microsoft.VisualStudio.TestPlatform.ObjectModel.DataCollection.DataCollectionContext' was not present in the dictionary.
   at System.Collections.Generic.Dictionary`2.get_Item(TKey key)
   at Microsoft.VisualStudio.TestPlatform.Common.DataCollector.DataCollectionAttachmentManager.GetAttachments(DataCollectionContext dataCollectionContext) 
TpTrace Information: 0 : 12392, 1, 2020/12/01, 01:47:54.737, 550554011004, datacollector.dll, DataCollectionManager.CleanupPlugins: CleanupPlugins called
TpTrace Verbose: 0 : 12392, 1, 2020/12/01, 01:47:54.737, 550554011149, datacollector.dll, DataCollectionManager.CleanupPlugins: Cleaning up 1 plugins
TpTrace Verbose: 0 : 12392, 1, 2020/12/01, 01:47:54.737, 550554011535, datacollector.dll, dataCollectorInfo.DisposeDataCollector: calling Dispose() on Microsoft.TestPlatform.Extensions.BlameDataCollector.BlameCollector
TpTrace Information: 0 : 12392, 1, 2020/12/01, 01:47:54.737, 550554011779, datacollector.dll, DataCollectionManager.CleanupPlugins: CleanupPlugins finished
TpTrace Information: 0 : 12392, 1, 2020/12/01, 01:47:54.737, 550554012115, datacollector.dll, DataCollectionRequestHandler.ProcessRequests : Session End message received from server. Closing the connection.
TpTrace Information: 0 : 12392, 1, 2020/12/01, 01:47:54.737, 550554012506, datacollector.dll, Closing the connection !
TpTrace Information: 0 : 12392, 1, 2020/12/01, 01:47:54.737, 550554012649, datacollector.dll, DataCollectionRequestHandler.ProcessRequests : DataCollection completed
TpTrace Information: 0 : 12392, 1, 2020/12/01, 01:47:54.738, 550554012791, datacollector.dll, Program.Main: exiting datacollector process.
