TpTrace Information: 0 : 7880, 1, 2020/12/02, 01:01:38.265, 804854735356, datacollector.dll, DataCollectorMain.Run: Starting data collector run with args: --port,54152,--parentprocessid,15624,--diag,C:\Users\Emir\source\repos\VVS-ZADACA2\Filmoteka\Unit Testovi\bin\Debug\fine-code-coverage\_outputfolder\diagnostics.datacollector.20-12-02_01-01-38_13567_4.log,--tracelevel,4
TpTrace Information: 0 : 7880, 1, 2020/12/02, 01:01:38.272, 804854745299, datacollector.dll, DataCollector: Monitoring parent process with id: '15624'
TpTrace Information: 0 : 7880, 1, 2020/12/02, 01:01:38.282, 804854774252, datacollector.dll, Trying to connect to server on socket : 127.0.0.1:54152 
TpTrace Verbose: 0 : 7880, 1, 2020/12/02, 01:01:38.298, 804854824738, datacollector.dll, SocketCommunicationManager : SetupClientAsync : Attempting to connect to the server.
TpTrace Information: 0 : 7880, 7, 2020/12/02, 01:01:38.309, 804854855526, datacollector.dll, Connected to the server successfully 
TpTrace Information: 0 : 7880, 7, 2020/12/02, 01:01:38.309, 804854855774, datacollector.dll, Using the buffer size of 16384 bytes
TpTrace Information: 0 : 7880, 1, 2020/12/02, 01:01:38.408, 804855157192, datacollector.dll, DataCollector: Start Request Processing.
TpTrace Information: 0 : 7880, 1, 2020/12/02, 01:01:38.414, 804855174587, datacollector.dll, DataCollectionRequestHandler.ProcessRequests : Datacollector received message: (DataCollection.BeforeTestRunStart) -> {
  "SettingsXml": "<RunSettings><RunConfiguration><ResultsDirectory>C:\\Users\\Emir\\source\\repos\\VVS-ZADACA2\\Filmoteka\\Unit Testovi\\bin\\Debug\\fine-code-coverage\\_outputfolder</ResultsDirectory><TargetPlatform>X64</TargetPlatform><TargetFrameworkVersion>.NETCoreApp,Version=v3.1</TargetFrameworkVersion><DesignMode>False</DesignMode><CollectSourceInformation>False</CollectSourceInformation><TestAdaptersPaths>C:\\Program Files\\dotnet\\sdk\\3.1.403\\Extensions</TestAdaptersPaths></RunConfiguration><LoggerRunSettings><Loggers><Logger friendlyName=\"blame\" enabled=\"True\" /><Logger friendlyName=\"Console\" uri=\"logger://microsoft/TestPlatform/ConsoleLogger/v1\" assemblyQualifiedName=\"Microsoft.VisualStudio.TestPlatform.CommandLine.Internal.ConsoleLogger, vstest.console, Version=15.0.0.0, Culture=neutral, PublicKeyToken=b03f5f7f11d50a3a\" codeBase=\"C:\\Program Files\\dotnet\\sdk\\3.1.403\\vstest.console.dll\" enabled=\"True\" /></Loggers></LoggerRunSettings><DataCollectionRunSettings><DataCollectors><DataCollector friendlyName=\"blame\" enabled=\"True\"><Configuration><ResultsDirectory>C:\\Users\\Emir\\source\\repos\\VVS-ZADACA2\\Filmoteka\\Unit Testovi\\bin\\Debug\\fine-code-coverage\\_outputfolder</ResultsDirectory></Configuration></DataCollector></DataCollectors></DataCollectionRunSettings></RunSettings>",
  "Sources": [
    "C:\\Users\\Emir\\source\\repos\\VVS-ZADACA2\\Filmoteka\\Unit Testovi\\bin\\Debug\\fine-code-coverage\\Unit Testovi.dll"
  ]
}
TpTrace Verbose: 0 : 7880, 1, 2020/12/02, 01:01:38.481, 804855381044, datacollector.dll, TestPluginCache: Update extensions started. Skip filter = False
TpTrace Verbose: 0 : 7880, 1, 2020/12/02, 01:01:38.483, 804855384724, datacollector.dll, TestPluginCache: Using directories for assembly resolution 'C:\Program Files\dotnet\sdk\3.1.403\Extensions'.
TpTrace Verbose: 0 : 7880, 1, 2020/12/02, 01:01:38.483, 804855384941, datacollector.dll, TestPluginCache: Updated the available extensions to 'C:\Program Files\dotnet\sdk\3.1.403\Extensions\Microsoft.TestPlatform.Extensions.BlameDataCollector.dll,C:\Program Files\dotnet\sdk\3.1.403\Extensions\Microsoft.TestPlatform.Extensions.EventLogCollector.dll'.
TpTrace Verbose: 0 : 7880, 1, 2020/12/02, 01:01:38.492, 804855414179, datacollector.dll, TestPluginCache.DiscoverTestExtensions: finding test extensions in assemblies ends with: Collector.dll TPluginInfo: Microsoft.VisualStudio.TestPlatform.Common.DataCollector.DataCollectorConfig TExtension: Microsoft.VisualStudio.TestPlatform.ObjectModel.DataCollection.DataCollector
TpTrace Verbose: 0 : 7880, 1, 2020/12/02, 01:01:38.493, 804855415481, datacollector.dll, TestPluginCache.GetExtensionPaths: Filtered extension paths: C:\Program Files\dotnet\sdk\3.1.403\Extensions\Microsoft.TestPlatform.Extensions.BlameDataCollector.dll
C:\Program Files\dotnet\sdk\3.1.403\Extensions\Microsoft.TestPlatform.Extensions.EventLogCollector.dll
TpTrace Verbose: 0 : 7880, 1, 2020/12/02, 01:01:38.493, 804855416037, datacollector.dll, TestPluginCache.GetExtensionPaths: Added default extension paths: 
TpTrace Verbose: 0 : 7880, 1, 2020/12/02, 01:01:38.493, 804855416254, datacollector.dll, TestPluginCache.GetExtensionPaths: Added unfilterableExtensionPaths: 
TpTrace Information: 0 : 7880, 1, 2020/12/02, 01:01:38.494, 804855419340, datacollector.dll, AssemblyResolver.ctor: Creating AssemblyResolver with searchDirectories C:\Program Files\dotnet\sdk\3.1.403\Extensions,C:\Program Files\dotnet\sdk\3.1.403
TpTrace Verbose: 0 : 7880, 1, 2020/12/02, 01:01:38.496, 804855425137, datacollector.dll, TestPluginCache.DiscoverTestExtensions: Discovering the extensions using extension path.
TpTrace Verbose: 0 : 7880, 1, 2020/12/02, 01:01:38.496, 804855425703, datacollector.dll, TestPluginCache.GetExtensionPaths: Filtered extension paths: C:\Program Files\dotnet\sdk\3.1.403\Extensions\Microsoft.TestPlatform.Extensions.BlameDataCollector.dll
C:\Program Files\dotnet\sdk\3.1.403\Extensions\Microsoft.TestPlatform.Extensions.EventLogCollector.dll
TpTrace Verbose: 0 : 7880, 1, 2020/12/02, 01:01:38.496, 804855425842, datacollector.dll, TestPluginCache.GetExtensionPaths: Added default extension paths: 
TpTrace Verbose: 0 : 7880, 1, 2020/12/02, 01:01:38.496, 804855425957, datacollector.dll, TestPluginCache.GetExtensionPaths: Added unfilterableExtensionPaths: 
TpTrace Verbose: 0 : 7880, 1, 2020/12/02, 01:01:38.496, 804855426218, datacollector.dll, TestPluginCache.DiscoverTestExtensions: Discovering the extensions using allExtensionPaths: C:\Program Files\dotnet\sdk\3.1.403\Extensions\Microsoft.TestPlatform.Extensions.BlameDataCollector.dll
C:\Program Files\dotnet\sdk\3.1.403\Extensions\Microsoft.TestPlatform.Extensions.EventLogCollector.dll
TpTrace Information: 0 : 7880, 1, 2020/12/02, 01:01:38.496, 804855426648, datacollector.dll, AssemblyResolver.AddSearchDirectories: Adding more searchDirectories C:\Program Files\dotnet\sdk\3.1.403\Extensions,C:\Program Files\dotnet\sdk\3.1.403
TpTrace Information: 0 : 7880, 1, 2020/12/02, 01:01:38.497, 804855426919, datacollector.dll, AssemblyResolver.AddSearchDirectories: Adding more searchDirectories C:\Program Files\dotnet\sdk\3.1.403\Extensions,C:\Program Files\dotnet\sdk\3.1.403
TpTrace Information: 0 : 7880, 1, 2020/12/02, 01:01:38.497, 804855428803, datacollector.dll, AssemblyResolver.OnResolve: Microsoft.TestPlatform.Extensions.BlameDataCollector: Resolving assembly.
TpTrace Information: 0 : 7880, 1, 2020/12/02, 01:01:38.498, 804855431519, datacollector.dll, AssemblyResolver.OnResolve: Resolved assembly: Microsoft.TestPlatform.Extensions.BlameDataCollector, from path: C:\Program Files\dotnet\sdk\3.1.403\Extensions\Microsoft.TestPlatform.Extensions.BlameDataCollector.dll
TpTrace Error: 0 : 7880, 1, 2020/12/02, 01:01:38.499, 804855435674, datacollector.dll, The type "Microsoft.TestPlatform.Extensions.BlameDataCollector.BlameCollector" defined in "Microsoft.TestPlatform.Extensions.BlameDataCollector.dll" does not have ExtensionUri attribute.
TpTrace Information: 0 : 7880, 1, 2020/12/02, 01:01:38.500, 804855438589, datacollector.dll, AssemblyResolver.OnResolve: Microsoft.TestPlatform.Extensions.EventLogCollector: Resolving assembly.
TpTrace Information: 0 : 7880, 1, 2020/12/02, 01:01:38.501, 804855440262, datacollector.dll, AssemblyResolver.OnResolve: Resolved assembly: Microsoft.TestPlatform.Extensions.EventLogCollector, from path: C:\Program Files\dotnet\sdk\3.1.403\Extensions\Microsoft.TestPlatform.Extensions.EventLogCollector.dll
TpTrace Error: 0 : 7880, 1, 2020/12/02, 01:01:38.502, 804855444822, datacollector.dll, The type "Microsoft.TestPlatform.Extensions.EventLogCollector.EventLogDataCollector" defined in "Microsoft.TestPlatform.Extensions.EventLogCollector.dll" does not have ExtensionUri attribute.
TpTrace Verbose: 0 : 7880, 1, 2020/12/02, 01:01:38.503, 804855446131, datacollector.dll, TestPluginCache: Discovered the extensions using extension path 'C:\Program Files\dotnet\sdk\3.1.403\Extensions\Microsoft.TestPlatform.Extensions.BlameDataCollector.dll,C:\Program Files\dotnet\sdk\3.1.403\Extensions\Microsoft.TestPlatform.Extensions.EventLogCollector.dll'.
TpTrace Verbose: 0 : 7880, 1, 2020/12/02, 01:01:38.503, 804855446316, datacollector.dll, TestPluginCache: Discoverers are ''.
TpTrace Verbose: 0 : 7880, 1, 2020/12/02, 01:01:38.503, 804855446430, datacollector.dll, TestPluginCache: Executors are ''.
TpTrace Verbose: 0 : 7880, 1, 2020/12/02, 01:01:38.503, 804855446549, datacollector.dll, TestPluginCache: Executors2 are ''.
TpTrace Verbose: 0 : 7880, 1, 2020/12/02, 01:01:38.503, 804855446825, datacollector.dll, TestPluginCache: Setting providers are ''.
TpTrace Verbose: 0 : 7880, 1, 2020/12/02, 01:01:38.503, 804855447083, datacollector.dll, TestPluginCache: Loggers are ''.
TpTrace Information: 0 : 7880, 1, 2020/12/02, 01:01:38.507, 804855458167, datacollector.dll, TestPluginManager.CreateTestExtension: Attempting to load test extension: Microsoft.TestPlatform.Extensions.BlameDataCollector.BlameCollector
TpTrace Error: 0 : 7880, 1, 2020/12/02, 01:01:38.507, 804855458803, datacollector.dll, The type "Microsoft.TestPlatform.Extensions.BlameDataCollector.BlameCollector" defined in "Microsoft.TestPlatform.Extensions.BlameDataCollector.dll" does not have ExtensionUri attribute.
TpTrace Information: 0 : 7880, 1, 2020/12/02, 01:01:38.515, 804855482368, datacollector.dll, Listening on Endpoint : 127.0.0.1:54155
TpTrace Information: 0 : 7880, 1, 2020/12/02, 01:01:38.523, 804855507166, datacollector.dll, DataCollectionRequestHandler.ProcessRequests : DataCollection started.
TpTrace Information: 0 : 7880, 1, 2020/12/02, 01:01:38.573, 804855659367, datacollector.dll, DataCollectionRequestHandler.ProcessRequests : Datacollector received message: (DataCollection.TestHostLaunched) -> {
  "ProcessId": 13912
}
TpTrace Information: 0 : 7880, 5, 2020/12/02, 01:01:38.790, 804856318994, datacollector.dll, Using the buffer size of 16384 bytes
TpTrace Information: 0 : 7880, 5, 2020/12/02, 01:01:38.790, 804856319949, datacollector.dll, Accepted Client request and set the flag
TpTrace Information: 0 : 7880, 7, 2020/12/02, 01:01:39.371, 804858086892, datacollector.dll, DataCollectionTestCaseEventHandler: Test case starting.
TpTrace Information: 0 : 7880, 7, 2020/12/02, 01:01:39.417, 804858226602, datacollector.dll, Blame Collector : Test Case Start
TpTrace Information: 0 : 7880, 7, 2020/12/02, 01:01:39.418, 804858228286, datacollector.dll, DataCollectionTestCaseEventHandler: Test case 'TestZamjenskiObjekat - aef9dec6-1181-fac1-2596-b31421e8da47' started.
TpTrace Information: 0 : 7880, 7, 2020/12/02, 01:01:39.522, 804858545080, datacollector.dll, DataCollectionTestCaseEventHandler : Test case completing.
TpTrace Information: 0 : 7880, 7, 2020/12/02, 01:01:39.527, 804858559451, datacollector.dll, Blame Collector : Test Case End
TpTrace Error: 0 : 7880, 7, 2020/12/02, 01:01:39.543, 804858609440, datacollector.dll, DataCollectionAttachmentManager.GetAttachments: Fail to get attachments: System.Collections.Generic.KeyNotFoundException: The given key 'Microsoft.VisualStudio.TestPlatform.ObjectModel.DataCollection.DataCollectionContext' was not present in the dictionary.
   at System.Collections.Generic.Dictionary`2.get_Item(TKey key)
   at Microsoft.VisualStudio.TestPlatform.Common.DataCollector.DataCollectionAttachmentManager.GetAttachments(DataCollectionContext dataCollectionContext) 
TpTrace Information: 0 : 7880, 7, 2020/12/02, 01:01:39.547, 804858621760, datacollector.dll, DataCollectionTestCaseEventHandler: Test case 'TestZamjenskiObjekat - aef9dec6-1181-fac1-2596-b31421e8da47' completed
TpTrace Information: 0 : 7880, 7, 2020/12/02, 01:01:39.565, 804858677176, datacollector.dll, DataCollectionTestCaseEventHandler: Test case starting.
TpTrace Information: 0 : 7880, 7, 2020/12/02, 01:01:39.566, 804858679316, datacollector.dll, Blame Collector : Test Case Start
TpTrace Information: 0 : 7880, 7, 2020/12/02, 01:01:39.566, 804858679900, datacollector.dll, DataCollectionTestCaseEventHandler: Test case 'TestDodajNastavakIstiGlumci - 307a9543-71bf-45b1-736e-e86a33581b25' started.
TpTrace Information: 0 : 7880, 7, 2020/12/02, 01:01:39.569, 804858688463, datacollector.dll, DataCollectionTestCaseEventHandler : Test case completing.
TpTrace Information: 0 : 7880, 7, 2020/12/02, 01:01:39.570, 804858690505, datacollector.dll, Blame Collector : Test Case End
TpTrace Error: 0 : 7880, 7, 2020/12/02, 01:01:39.570, 804858691337, datacollector.dll, DataCollectionAttachmentManager.GetAttachments: Fail to get attachments: System.Collections.Generic.KeyNotFoundException: The given key 'Microsoft.VisualStudio.TestPlatform.ObjectModel.DataCollection.DataCollectionContext' was not present in the dictionary.
   at System.Collections.Generic.Dictionary`2.get_Item(TKey key)
   at Microsoft.VisualStudio.TestPlatform.Common.DataCollector.DataCollectionAttachmentManager.GetAttachments(DataCollectionContext dataCollectionContext) 
TpTrace Information: 0 : 7880, 7, 2020/12/02, 01:01:39.570, 804858691806, datacollector.dll, DataCollectionTestCaseEventHandler: Test case 'TestDodajNastavakIstiGlumci - 307a9543-71bf-45b1-736e-e86a33581b25' completed
TpTrace Information: 0 : 7880, 7, 2020/12/02, 01:01:39.572, 804858696436, datacollector.dll, DataCollectionTestCaseEventHandler: Test case starting.
TpTrace Information: 0 : 7880, 7, 2020/12/02, 01:01:39.572, 804858698339, datacollector.dll, Blame Collector : Test Case Start
TpTrace Information: 0 : 7880, 7, 2020/12/02, 01:01:39.572, 804858698621, datacollector.dll, DataCollectionTestCaseEventHandler: Test case 'TestDodajNastavakRazlicitiGlumci - ccc8a4b1-0bba-0d1f-634a-2a0e08c0293a' started.
TpTrace Information: 0 : 7880, 7, 2020/12/02, 01:01:39.575, 804858706117, datacollector.dll, DataCollectionTestCaseEventHandler : Test case completing.
TpTrace Information: 0 : 7880, 7, 2020/12/02, 01:01:39.575, 804858707791, datacollector.dll, Blame Collector : Test Case End
TpTrace Error: 0 : 7880, 7, 2020/12/02, 01:01:39.576, 804858708304, datacollector.dll, DataCollectionAttachmentManager.GetAttachments: Fail to get attachments: System.Collections.Generic.KeyNotFoundException: The given key 'Microsoft.VisualStudio.TestPlatform.ObjectModel.DataCollection.DataCollectionContext' was not present in the dictionary.
   at System.Collections.Generic.Dictionary`2.get_Item(TKey key)
   at Microsoft.VisualStudio.TestPlatform.Common.DataCollector.DataCollectionAttachmentManager.GetAttachments(DataCollectionContext dataCollectionContext) 
TpTrace Information: 0 : 7880, 7, 2020/12/02, 01:01:39.576, 804858708724, datacollector.dll, DataCollectionTestCaseEventHandler: Test case 'TestDodajNastavakRazlicitiGlumci - ccc8a4b1-0bba-0d1f-634a-2a0e08c0293a' completed
TpTrace Information: 0 : 7880, 7, 2020/12/02, 01:01:39.577, 804858712858, datacollector.dll, DataCollectionTestCaseEventHandler: Test case starting.
TpTrace Information: 0 : 7880, 7, 2020/12/02, 01:01:39.578, 804858714768, datacollector.dll, Blame Collector : Test Case Start
TpTrace Information: 0 : 7880, 7, 2020/12/02, 01:01:39.578, 804858715159, datacollector.dll, DataCollectionTestCaseEventHandler: Test case 'TestDodajNastavakIzuzetak - 83c1ddde-4e31-66fc-a376-4096e8037e77' started.
TpTrace Information: 0 : 7880, 7, 2020/12/02, 01:01:39.583, 804858731163, datacollector.dll, DataCollectionTestCaseEventHandler : Test case completing.
TpTrace Information: 0 : 7880, 7, 2020/12/02, 01:01:39.584, 804858733255, datacollector.dll, Blame Collector : Test Case End
TpTrace Error: 0 : 7880, 7, 2020/12/02, 01:01:39.584, 804858733892, datacollector.dll, DataCollectionAttachmentManager.GetAttachments: Fail to get attachments: System.Collections.Generic.KeyNotFoundException: The given key 'Microsoft.VisualStudio.TestPlatform.ObjectModel.DataCollection.DataCollectionContext' was not present in the dictionary.
   at System.Collections.Generic.Dictionary`2.get_Item(TKey key)
   at Microsoft.VisualStudio.TestPlatform.Common.DataCollector.DataCollectionAttachmentManager.GetAttachments(DataCollectionContext dataCollectionContext) 
TpTrace Information: 0 : 7880, 7, 2020/12/02, 01:01:39.584, 804858734548, datacollector.dll, DataCollectionTestCaseEventHandler: Test case 'TestDodajNastavakIzuzetak - 83c1ddde-4e31-66fc-a376-4096e8037e77' completed
TpTrace Information: 0 : 7880, 7, 2020/12/02, 01:01:39.586, 804858739387, datacollector.dll, DataCollectionTestCaseEventHandler: Test case starting.
TpTrace Information: 0 : 7880, 7, 2020/12/02, 01:01:39.586, 804858741327, datacollector.dll, Blame Collector : Test Case Start
TpTrace Information: 0 : 7880, 7, 2020/12/02, 01:01:39.587, 804858741718, datacollector.dll, DataCollectionTestCaseEventHandler: Test case 'TestDajSveFilmoveSGLumcima - 729a6b5e-7234-caa5-77a0-368e88dfe702' started.
TpTrace Information: 0 : 7880, 7, 2020/12/02, 01:01:39.592, 804858757875, datacollector.dll, DataCollectionTestCaseEventHandler : Test case completing.
TpTrace Information: 0 : 7880, 7, 2020/12/02, 01:01:39.593, 804858760840, datacollector.dll, Blame Collector : Test Case End
TpTrace Error: 0 : 7880, 7, 2020/12/02, 01:01:39.593, 804858761652, datacollector.dll, DataCollectionAttachmentManager.GetAttachments: Fail to get attachments: System.Collections.Generic.KeyNotFoundException: The given key 'Microsoft.VisualStudio.TestPlatform.ObjectModel.DataCollection.DataCollectionContext' was not present in the dictionary.
   at System.Collections.Generic.Dictionary`2.get_Item(TKey key)
   at Microsoft.VisualStudio.TestPlatform.Common.DataCollector.DataCollectionAttachmentManager.GetAttachments(DataCollectionContext dataCollectionContext) 
TpTrace Information: 0 : 7880, 7, 2020/12/02, 01:01:39.593, 804858762166, datacollector.dll, DataCollectionTestCaseEventHandler: Test case 'TestDajSveFilmoveSGLumcima - 729a6b5e-7234-caa5-77a0-368e88dfe702' completed
TpTrace Information: 0 : 7880, 7, 2020/12/02, 01:01:39.595, 804858768825, datacollector.dll, DataCollectionTestCaseEventHandler: Test case starting.
TpTrace Information: 0 : 7880, 7, 2020/12/02, 01:01:39.596, 804858771294, datacollector.dll, Blame Collector : Test Case Start
TpTrace Information: 0 : 7880, 7, 2020/12/02, 01:01:39.596, 804858771675, datacollector.dll, DataCollectionTestCaseEventHandler: Test case 'TestDajSrednjuOcjenuSvihFilmova - ff1b4d14-945d-8df7-b04f-61053947ac65' started.
TpTrace Information: 0 : 7880, 7, 2020/12/02, 01:01:39.603, 804858792471, datacollector.dll, DataCollectionTestCaseEventHandler : Test case completing.
TpTrace Information: 0 : 7880, 7, 2020/12/02, 01:01:39.604, 804858795438, datacollector.dll, Blame Collector : Test Case End
TpTrace Error: 0 : 7880, 7, 2020/12/02, 01:01:39.604, 804858796187, datacollector.dll, DataCollectionAttachmentManager.GetAttachments: Fail to get attachments: System.Collections.Generic.KeyNotFoundException: The given key 'Microsoft.VisualStudio.TestPlatform.ObjectModel.DataCollection.DataCollectionContext' was not present in the dictionary.
   at System.Collections.Generic.Dictionary`2.get_Item(TKey key)
   at Microsoft.VisualStudio.TestPlatform.Common.DataCollector.DataCollectionAttachmentManager.GetAttachments(DataCollectionContext dataCollectionContext) 
TpTrace Information: 0 : 7880, 7, 2020/12/02, 01:01:39.605, 804858796794, datacollector.dll, DataCollectionTestCaseEventHandler: Test case 'TestDajSrednjuOcjenuSvihFilmova - ff1b4d14-945d-8df7-b04f-61053947ac65' completed
TpTrace Information: 0 : 7880, 7, 2020/12/02, 01:01:39.606, 804858801935, datacollector.dll, DataCollectionTestCaseEventHandler: Test case starting.
TpTrace Information: 0 : 7880, 7, 2020/12/02, 01:01:39.607, 804858805184, datacollector.dll, Blame Collector : Test Case Start
TpTrace Information: 0 : 7880, 7, 2020/12/02, 01:01:39.608, 804858805591, datacollector.dll, DataCollectionTestCaseEventHandler: Test case 'TestDajSrednjuOcjenuSvihFilmovaPrazan - 5ce7f736-72c3-ced1-6d90-e30c94cad1f2' started.
TpTrace Information: 0 : 7880, 7, 2020/12/02, 01:01:39.610, 804858812375, datacollector.dll, DataCollectionTestCaseEventHandler : Test case completing.
TpTrace Information: 0 : 7880, 7, 2020/12/02, 01:01:39.610, 804858814114, datacollector.dll, Blame Collector : Test Case End
TpTrace Error: 0 : 7880, 7, 2020/12/02, 01:01:39.611, 804858814784, datacollector.dll, DataCollectionAttachmentManager.GetAttachments: Fail to get attachments: System.Collections.Generic.KeyNotFoundException: The given key 'Microsoft.VisualStudio.TestPlatform.ObjectModel.DataCollection.DataCollectionContext' was not present in the dictionary.
   at System.Collections.Generic.Dictionary`2.get_Item(TKey key)
   at Microsoft.VisualStudio.TestPlatform.Common.DataCollector.DataCollectionAttachmentManager.GetAttachments(DataCollectionContext dataCollectionContext) 
TpTrace Information: 0 : 7880, 7, 2020/12/02, 01:01:39.611, 804858815153, datacollector.dll, DataCollectionTestCaseEventHandler: Test case 'TestDajSrednjuOcjenuSvihFilmovaPrazan - 5ce7f736-72c3-ced1-6d90-e30c94cad1f2' completed
TpTrace Information: 0 : 7880, 7, 2020/12/02, 01:01:39.612, 804858818923, datacollector.dll, DataCollectionTestCaseEventHandler: Test case starting.
TpTrace Information: 0 : 7880, 7, 2020/12/02, 01:01:39.612, 804858820566, datacollector.dll, Blame Collector : Test Case Start
TpTrace Information: 0 : 7880, 7, 2020/12/02, 01:01:39.613, 804858820945, datacollector.dll, DataCollectionTestCaseEventHandler: Test case 'TestWatchlistKonstruktorIzuzetak - f5a195b5-097c-875e-c0c3-04764ba84a21' started.
TpTrace Information: 0 : 7880, 7, 2020/12/02, 01:01:39.615, 804858827415, datacollector.dll, DataCollectionTestCaseEventHandler : Test case completing.
TpTrace Information: 0 : 7880, 7, 2020/12/02, 01:01:39.615, 804858829051, datacollector.dll, Blame Collector : Test Case End
TpTrace Error: 0 : 7880, 7, 2020/12/02, 01:01:39.615, 804858829552, datacollector.dll, DataCollectionAttachmentManager.GetAttachments: Fail to get attachments: System.Collections.Generic.KeyNotFoundException: The given key 'Microsoft.VisualStudio.TestPlatform.ObjectModel.DataCollection.DataCollectionContext' was not present in the dictionary.
   at System.Collections.Generic.Dictionary`2.get_Item(TKey key)
   at Microsoft.VisualStudio.TestPlatform.Common.DataCollector.DataCollectionAttachmentManager.GetAttachments(DataCollectionContext dataCollectionContext) 
TpTrace Information: 0 : 7880, 7, 2020/12/02, 01:01:39.616, 804858829945, datacollector.dll, DataCollectionTestCaseEventHandler: Test case 'TestWatchlistKonstruktorIzuzetak - f5a195b5-097c-875e-c0c3-04764ba84a21' completed
TpTrace Information: 0 : 7880, 7, 2020/12/02, 01:01:39.617, 804858835805, datacollector.dll, DataCollectionTestCaseEventHandler: Test case starting.
TpTrace Information: 0 : 7880, 7, 2020/12/02, 01:01:39.618, 804858838150, datacollector.dll, Blame Collector : Test Case Start
TpTrace Information: 0 : 7880, 7, 2020/12/02, 01:01:39.618, 804858838517, datacollector.dll, DataCollectionTestCaseEventHandler: Test case 'TestProdužiRokValidan - b1426bd4-5b5c-cdf7-b56e-482bb38d32fa' started.
TpTrace Information: 0 : 7880, 7, 2020/12/02, 01:01:39.623, 804858853344, datacollector.dll, DataCollectionTestCaseEventHandler : Test case completing.
TpTrace Information: 0 : 7880, 7, 2020/12/02, 01:01:39.628, 804858866490, datacollector.dll, Blame Collector : Test Case End
TpTrace Error: 0 : 7880, 7, 2020/12/02, 01:01:39.628, 804858867460, datacollector.dll, DataCollectionAttachmentManager.GetAttachments: Fail to get attachments: System.Collections.Generic.KeyNotFoundException: The given key 'Microsoft.VisualStudio.TestPlatform.ObjectModel.DataCollection.DataCollectionContext' was not present in the dictionary.
   at System.Collections.Generic.Dictionary`2.get_Item(TKey key)
   at Microsoft.VisualStudio.TestPlatform.Common.DataCollector.DataCollectionAttachmentManager.GetAttachments(DataCollectionContext dataCollectionContext) 
TpTrace Information: 0 : 7880, 7, 2020/12/02, 01:01:39.628, 804858868041, datacollector.dll, DataCollectionTestCaseEventHandler: Test case 'TestProdužiRokValidan - b1426bd4-5b5c-cdf7-b56e-482bb38d32fa' completed
TpTrace Information: 0 : 7880, 7, 2020/12/02, 01:01:39.688, 804859050770, datacollector.dll, DataCollectionTestCaseEventHandler: Test case starting.
TpTrace Information: 0 : 7880, 7, 2020/12/02, 01:01:39.689, 804859052796, datacollector.dll, Blame Collector : Test Case Start
TpTrace Information: 0 : 7880, 7, 2020/12/02, 01:01:39.689, 804859053119, datacollector.dll, DataCollectionTestCaseEventHandler: Test case 'TestAutomatskiKorisničkiPodaciIzuzetak - cad8ba2a-9c27-403a-f461-230cd3f8eda3' started.
TpTrace Information: 0 : 7880, 7, 2020/12/02, 01:01:39.694, 804859069027, datacollector.dll, DataCollectionTestCaseEventHandler : Test case completing.
TpTrace Information: 0 : 7880, 7, 2020/12/02, 01:01:39.695, 804859071470, datacollector.dll, Blame Collector : Test Case End
TpTrace Error: 0 : 7880, 7, 2020/12/02, 01:01:39.695, 804859072011, datacollector.dll, DataCollectionAttachmentManager.GetAttachments: Fail to get attachments: System.Collections.Generic.KeyNotFoundException: The given key 'Microsoft.VisualStudio.TestPlatform.ObjectModel.DataCollection.DataCollectionContext' was not present in the dictionary.
   at System.Collections.Generic.Dictionary`2.get_Item(TKey key)
   at Microsoft.VisualStudio.TestPlatform.Common.DataCollector.DataCollectionAttachmentManager.GetAttachments(DataCollectionContext dataCollectionContext) 
TpTrace Information: 0 : 7880, 7, 2020/12/02, 01:01:39.695, 804859072365, datacollector.dll, DataCollectionTestCaseEventHandler: Test case 'TestAutomatskiKorisničkiPodaciIzuzetak - cad8ba2a-9c27-403a-f461-230cd3f8eda3' completed
TpTrace Information: 0 : 7880, 7, 2020/12/02, 01:01:39.697, 804859076419, datacollector.dll, DataCollectionTestCaseEventHandler: Test case starting.
TpTrace Information: 0 : 7880, 7, 2020/12/02, 01:01:39.697, 804859077986, datacollector.dll, Blame Collector : Test Case Start
TpTrace Information: 0 : 7880, 7, 2020/12/02, 01:01:39.697, 804859078314, datacollector.dll, DataCollectionTestCaseEventHandler: Test case 'TestAutomatskiKorisničkiPodaciUsername - 34271688-a4e2-dbb0-0f29-edee8d7255ec' started.
TpTrace Information: 0 : 7880, 7, 2020/12/02, 01:01:39.699, 804859084809, datacollector.dll, DataCollectionTestCaseEventHandler : Test case completing.
TpTrace Information: 0 : 7880, 7, 2020/12/02, 01:01:39.700, 804859086498, datacollector.dll, Blame Collector : Test Case End
TpTrace Error: 0 : 7880, 7, 2020/12/02, 01:01:39.700, 804859087025, datacollector.dll, DataCollectionAttachmentManager.GetAttachments: Fail to get attachments: System.Collections.Generic.KeyNotFoundException: The given key 'Microsoft.VisualStudio.TestPlatform.ObjectModel.DataCollection.DataCollectionContext' was not present in the dictionary.
   at System.Collections.Generic.Dictionary`2.get_Item(TKey key)
   at Microsoft.VisualStudio.TestPlatform.Common.DataCollector.DataCollectionAttachmentManager.GetAttachments(DataCollectionContext dataCollectionContext) 
TpTrace Information: 0 : 7880, 7, 2020/12/02, 01:01:39.700, 804859087380, datacollector.dll, DataCollectionTestCaseEventHandler: Test case 'TestAutomatskiKorisničkiPodaciUsername - 34271688-a4e2-dbb0-0f29-edee8d7255ec' completed
TpTrace Information: 0 : 7880, 7, 2020/12/02, 01:01:39.701, 804859091346, datacollector.dll, DataCollectionTestCaseEventHandler: Test case starting.
TpTrace Information: 0 : 7880, 7, 2020/12/02, 01:01:39.702, 804859092953, datacollector.dll, Blame Collector : Test Case Start
TpTrace Information: 0 : 7880, 7, 2020/12/02, 01:01:39.702, 804859093235, datacollector.dll, DataCollectionTestCaseEventHandler: Test case 'TestAutomatskiKorisničkiPodaciPassword - 3e680ae4-a773-3605-0554-850350f5daa3' started.
TpTrace Information: 0 : 7880, 7, 2020/12/02, 01:01:39.703, 804859097353, datacollector.dll, DataCollectionTestCaseEventHandler : Test case completing.
TpTrace Information: 0 : 7880, 7, 2020/12/02, 01:01:39.704, 804859098955, datacollector.dll, Blame Collector : Test Case End
TpTrace Error: 0 : 7880, 7, 2020/12/02, 01:01:39.704, 804859099428, datacollector.dll, DataCollectionAttachmentManager.GetAttachments: Fail to get attachments: System.Collections.Generic.KeyNotFoundException: The given key 'Microsoft.VisualStudio.TestPlatform.ObjectModel.DataCollection.DataCollectionContext' was not present in the dictionary.
   at System.Collections.Generic.Dictionary`2.get_Item(TKey key)
   at Microsoft.VisualStudio.TestPlatform.Common.DataCollector.DataCollectionAttachmentManager.GetAttachments(DataCollectionContext dataCollectionContext) 
TpTrace Information: 0 : 7880, 7, 2020/12/02, 01:01:39.704, 804859099764, datacollector.dll, DataCollectionTestCaseEventHandler: Test case 'TestAutomatskiKorisničkiPodaciPassword - 3e680ae4-a773-3605-0554-850350f5daa3' completed
TpTrace Information: 0 : 7880, 7, 2020/12/02, 01:01:39.705, 804859102947, datacollector.dll, DataCollectionTestCaseEventHandler: Test case starting.
TpTrace Information: 0 : 7880, 7, 2020/12/02, 01:01:39.706, 804859104510, datacollector.dll, Blame Collector : Test Case Start
TpTrace Information: 0 : 7880, 7, 2020/12/02, 01:01:39.706, 804859104775, datacollector.dll, DataCollectionTestCaseEventHandler: Test case 'TestGostKonstruktorIzuzetakUsername - 39b408a3-583c-b5a0-7503-f509f012c8d2' started.
TpTrace Information: 0 : 7880, 7, 2020/12/02, 01:01:39.708, 804859110568, datacollector.dll, DataCollectionTestCaseEventHandler : Test case completing.
TpTrace Information: 0 : 7880, 7, 2020/12/02, 01:01:39.708, 804859112291, datacollector.dll, Blame Collector : Test Case End
TpTrace Error: 0 : 7880, 7, 2020/12/02, 01:01:39.709, 804859112809, datacollector.dll, DataCollectionAttachmentManager.GetAttachments: Fail to get attachments: System.Collections.Generic.KeyNotFoundException: The given key 'Microsoft.VisualStudio.TestPlatform.ObjectModel.DataCollection.DataCollectionContext' was not present in the dictionary.
   at System.Collections.Generic.Dictionary`2.get_Item(TKey key)
   at Microsoft.VisualStudio.TestPlatform.Common.DataCollector.DataCollectionAttachmentManager.GetAttachments(DataCollectionContext dataCollectionContext) 
TpTrace Information: 0 : 7880, 7, 2020/12/02, 01:01:39.709, 804859113129, datacollector.dll, DataCollectionTestCaseEventHandler: Test case 'TestGostKonstruktorIzuzetakUsername - 39b408a3-583c-b5a0-7503-f509f012c8d2' completed
TpTrace Information: 0 : 7880, 7, 2020/12/02, 01:01:39.710, 804859116337, datacollector.dll, DataCollectionTestCaseEventHandler: Test case starting.
TpTrace Information: 0 : 7880, 7, 2020/12/02, 01:01:39.710, 804859117807, datacollector.dll, Blame Collector : Test Case Start
TpTrace Information: 0 : 7880, 7, 2020/12/02, 01:01:39.710, 804859118067, datacollector.dll, DataCollectionTestCaseEventHandler: Test case 'TestGostKonstruktorIzuzetakPassword - 86fa567a-4e12-53dd-0313-f751ffd2eb88' started.
TpTrace Information: 0 : 7880, 7, 2020/12/02, 01:01:39.712, 804859123122, datacollector.dll, DataCollectionTestCaseEventHandler : Test case completing.
TpTrace Information: 0 : 7880, 7, 2020/12/02, 01:01:39.712, 804859124838, datacollector.dll, Blame Collector : Test Case End
TpTrace Error: 0 : 7880, 7, 2020/12/02, 01:01:39.713, 804859125336, datacollector.dll, DataCollectionAttachmentManager.GetAttachments: Fail to get attachments: System.Collections.Generic.KeyNotFoundException: The given key 'Microsoft.VisualStudio.TestPlatform.ObjectModel.DataCollection.DataCollectionContext' was not present in the dictionary.
   at System.Collections.Generic.Dictionary`2.get_Item(TKey key)
   at Microsoft.VisualStudio.TestPlatform.Common.DataCollector.DataCollectionAttachmentManager.GetAttachments(DataCollectionContext dataCollectionContext) 
TpTrace Information: 0 : 7880, 7, 2020/12/02, 01:01:39.713, 804859125752, datacollector.dll, DataCollectionTestCaseEventHandler: Test case 'TestGostKonstruktorIzuzetakPassword - 86fa567a-4e12-53dd-0313-f751ffd2eb88' completed
TpTrace Information: 0 : 7880, 7, 2020/12/02, 01:01:39.714, 804859129510, datacollector.dll, DataCollectionTestCaseEventHandler: Test case starting.
TpTrace Information: 0 : 7880, 7, 2020/12/02, 01:01:39.715, 804859131828, datacollector.dll, Blame Collector : Test Case Start
TpTrace Information: 0 : 7880, 7, 2020/12/02, 01:01:39.715, 804859132369, datacollector.dll, DataCollectionTestCaseEventHandler: Test case 'TestGostKonstruktorIzuzetakIme - 41fd401d-9afa-9f74-6f5c-6cf219b029c2' started.
TpTrace Information: 0 : 7880, 7, 2020/12/02, 01:01:39.717, 804859138493, datacollector.dll, DataCollectionTestCaseEventHandler : Test case completing.
TpTrace Information: 0 : 7880, 7, 2020/12/02, 01:01:39.718, 804859141002, datacollector.dll, Blame Collector : Test Case End
TpTrace Error: 0 : 7880, 7, 2020/12/02, 01:01:39.718, 804859141598, datacollector.dll, DataCollectionAttachmentManager.GetAttachments: Fail to get attachments: System.Collections.Generic.KeyNotFoundException: The given key 'Microsoft.VisualStudio.TestPlatform.ObjectModel.DataCollection.DataCollectionContext' was not present in the dictionary.
   at System.Collections.Generic.Dictionary`2.get_Item(TKey key)
   at Microsoft.VisualStudio.TestPlatform.Common.DataCollector.DataCollectionAttachmentManager.GetAttachments(DataCollectionContext dataCollectionContext) 
TpTrace Information: 0 : 7880, 7, 2020/12/02, 01:01:39.718, 804859142010, datacollector.dll, DataCollectionTestCaseEventHandler: Test case 'TestGostKonstruktorIzuzetakIme - 41fd401d-9afa-9f74-6f5c-6cf219b029c2' completed
TpTrace Information: 0 : 7880, 7, 2020/12/02, 01:01:39.719, 804859145846, datacollector.dll, DataCollectionTestCaseEventHandler: Test case starting.
TpTrace Information: 0 : 7880, 7, 2020/12/02, 01:01:39.720, 804859148163, datacollector.dll, Blame Collector : Test Case Start
TpTrace Information: 0 : 7880, 7, 2020/12/02, 01:01:39.720, 804859148510, datacollector.dll, DataCollectionTestCaseEventHandler: Test case 'TestGostKonstruktorIzuzetakPrezime - 5496d222-d9d9-035e-24df-a9776c77309d' started.
TpTrace Information: 0 : 7880, 7, 2020/12/02, 01:01:39.722, 804859153622, datacollector.dll, DataCollectionTestCaseEventHandler : Test case completing.
TpTrace Information: 0 : 7880, 7, 2020/12/02, 01:01:39.722, 804859155202, datacollector.dll, Blame Collector : Test Case End
TpTrace Error: 0 : 7880, 7, 2020/12/02, 01:01:39.723, 804859155684, datacollector.dll, DataCollectionAttachmentManager.GetAttachments: Fail to get attachments: System.Collections.Generic.KeyNotFoundException: The given key 'Microsoft.VisualStudio.TestPlatform.ObjectModel.DataCollection.DataCollectionContext' was not present in the dictionary.
   at System.Collections.Generic.Dictionary`2.get_Item(TKey key)
   at Microsoft.VisualStudio.TestPlatform.Common.DataCollector.DataCollectionAttachmentManager.GetAttachments(DataCollectionContext dataCollectionContext) 
TpTrace Information: 0 : 7880, 7, 2020/12/02, 01:01:39.723, 804859156006, datacollector.dll, DataCollectionTestCaseEventHandler: Test case 'TestGostKonstruktorIzuzetakPrezime - 5496d222-d9d9-035e-24df-a9776c77309d' completed
TpTrace Information: 0 : 7880, 7, 2020/12/02, 01:01:39.724, 804859159677, datacollector.dll, DataCollectionTestCaseEventHandler: Test case starting.
TpTrace Information: 0 : 7880, 7, 2020/12/02, 01:01:39.725, 804859162023, datacollector.dll, Blame Collector : Test Case Start
TpTrace Information: 0 : 7880, 7, 2020/12/02, 01:01:39.725, 804859162392, datacollector.dll, DataCollectionTestCaseEventHandler: Test case 'TestGostKonstruktor - 12b3125e-4566-927c-a90b-70d580a15a51' started.
TpTrace Information: 0 : 7880, 7, 2020/12/02, 01:01:39.726, 804859166516, datacollector.dll, DataCollectionTestCaseEventHandler : Test case completing.
TpTrace Information: 0 : 7880, 7, 2020/12/02, 01:01:39.727, 804859169040, datacollector.dll, Blame Collector : Test Case End
TpTrace Error: 0 : 7880, 7, 2020/12/02, 01:01:39.727, 804859169733, datacollector.dll, DataCollectionAttachmentManager.GetAttachments: Fail to get attachments: System.Collections.Generic.KeyNotFoundException: The given key 'Microsoft.VisualStudio.TestPlatform.ObjectModel.DataCollection.DataCollectionContext' was not present in the dictionary.
   at System.Collections.Generic.Dictionary`2.get_Item(TKey key)
   at Microsoft.VisualStudio.TestPlatform.Common.DataCollector.DataCollectionAttachmentManager.GetAttachments(DataCollectionContext dataCollectionContext) 
TpTrace Information: 0 : 7880, 7, 2020/12/02, 01:01:39.727, 804859170246, datacollector.dll, DataCollectionTestCaseEventHandler: Test case 'TestGostKonstruktor - 12b3125e-4566-927c-a90b-70d580a15a51' completed
TpTrace Information: 0 : 7880, 7, 2020/12/02, 01:01:39.729, 804859173751, datacollector.dll, DataCollectionTestCaseEventHandler: Test case starting.
TpTrace Information: 0 : 7880, 7, 2020/12/02, 01:01:39.729, 804859175675, datacollector.dll, Blame Collector : Test Case Start
TpTrace Information: 0 : 7880, 7, 2020/12/02, 01:01:39.729, 804859175950, datacollector.dll, DataCollectionTestCaseEventHandler: Test case 'TestProduziRokIzuzetak - bf2ecff7-0441-824e-00de-bca953b0fadc' started.
TpTrace Information: 0 : 7880, 7, 2020/12/02, 01:01:39.731, 804859181461, datacollector.dll, DataCollectionTestCaseEventHandler : Test case completing.
TpTrace Information: 0 : 7880, 7, 2020/12/02, 01:01:39.732, 804859183007, datacollector.dll, Blame Collector : Test Case End
TpTrace Error: 0 : 7880, 7, 2020/12/02, 01:01:39.732, 804859183459, datacollector.dll, DataCollectionAttachmentManager.GetAttachments: Fail to get attachments: System.Collections.Generic.KeyNotFoundException: The given key 'Microsoft.VisualStudio.TestPlatform.ObjectModel.DataCollection.DataCollectionContext' was not present in the dictionary.
   at System.Collections.Generic.Dictionary`2.get_Item(TKey key)
   at Microsoft.VisualStudio.TestPlatform.Common.DataCollector.DataCollectionAttachmentManager.GetAttachments(DataCollectionContext dataCollectionContext) 
TpTrace Information: 0 : 7880, 7, 2020/12/02, 01:01:39.732, 804859183778, datacollector.dll, DataCollectionTestCaseEventHandler: Test case 'TestProduziRokIzuzetak - bf2ecff7-0441-824e-00de-bca953b0fadc' completed
TpTrace Information: 0 : 7880, 7, 2020/12/02, 01:01:39.736, 804859197750, datacollector.dll, DataCollectionTestCaseEventHandler: Test case starting.
TpTrace Information: 0 : 7880, 7, 2020/12/02, 01:01:39.737, 804859200282, datacollector.dll, Blame Collector : Test Case Start
TpTrace Information: 0 : 7880, 7, 2020/12/02, 01:01:39.737, 804859200684, datacollector.dll, DataCollectionTestCaseEventHandler: Test case 'TestClanKonstruktor - 9ab13ecb-b998-21e4-8673-9699e018df29' started.
TpTrace Information: 0 : 7880, 7, 2020/12/02, 01:01:39.739, 804859205836, datacollector.dll, DataCollectionTestCaseEventHandler : Test case completing.
TpTrace Information: 0 : 7880, 7, 2020/12/02, 01:01:39.740, 804859207406, datacollector.dll, Blame Collector : Test Case End
TpTrace Error: 0 : 7880, 7, 2020/12/02, 01:01:39.740, 804859207901, datacollector.dll, DataCollectionAttachmentManager.GetAttachments: Fail to get attachments: System.Collections.Generic.KeyNotFoundException: The given key 'Microsoft.VisualStudio.TestPlatform.ObjectModel.DataCollection.DataCollectionContext' was not present in the dictionary.
   at System.Collections.Generic.Dictionary`2.get_Item(TKey key)
   at Microsoft.VisualStudio.TestPlatform.Common.DataCollector.DataCollectionAttachmentManager.GetAttachments(DataCollectionContext dataCollectionContext) 
TpTrace Information: 0 : 7880, 7, 2020/12/02, 01:01:39.740, 804859208245, datacollector.dll, DataCollectionTestCaseEventHandler: Test case 'TestClanKonstruktor - 9ab13ecb-b998-21e4-8673-9699e018df29' completed
TpTrace Information: 0 : 7880, 7, 2020/12/02, 01:01:39.741, 804859211372, datacollector.dll, DataCollectionTestCaseEventHandler: Test case starting.
TpTrace Information: 0 : 7880, 7, 2020/12/02, 01:01:39.741, 804859212862, datacollector.dll, Blame Collector : Test Case Start
TpTrace Information: 0 : 7880, 7, 2020/12/02, 01:01:39.742, 804859213146, datacollector.dll, DataCollectionTestCaseEventHandler: Test case 'TestResetujListe - b45e19f7-dfb7-efd1-2a7c-9c68ce58acc9' started.
TpTrace Information: 0 : 7880, 7, 2020/12/02, 01:01:39.743, 804859217619, datacollector.dll, DataCollectionTestCaseEventHandler : Test case completing.
TpTrace Information: 0 : 7880, 7, 2020/12/02, 01:01:39.744, 804859219378, datacollector.dll, Blame Collector : Test Case End
TpTrace Error: 0 : 7880, 7, 2020/12/02, 01:01:39.744, 804859219875, datacollector.dll, DataCollectionAttachmentManager.GetAttachments: Fail to get attachments: System.Collections.Generic.KeyNotFoundException: The given key 'Microsoft.VisualStudio.TestPlatform.ObjectModel.DataCollection.DataCollectionContext' was not present in the dictionary.
   at System.Collections.Generic.Dictionary`2.get_Item(TKey key)
   at Microsoft.VisualStudio.TestPlatform.Common.DataCollector.DataCollectionAttachmentManager.GetAttachments(DataCollectionContext dataCollectionContext) 
TpTrace Information: 0 : 7880, 7, 2020/12/02, 01:01:39.744, 804859220302, datacollector.dll, DataCollectionTestCaseEventHandler: Test case 'TestResetujListe - b45e19f7-dfb7-efd1-2a7c-9c68ce58acc9' completed
TpTrace Information: 0 : 7880, 7, 2020/12/02, 01:01:39.745, 804859223337, datacollector.dll, DataCollectionTestCaseEventHandler: Test case starting.
TpTrace Information: 0 : 7880, 7, 2020/12/02, 01:01:39.745, 804859224903, datacollector.dll, Blame Collector : Test Case Start
TpTrace Information: 0 : 7880, 7, 2020/12/02, 01:01:39.746, 804859225269, datacollector.dll, DataCollectionTestCaseEventHandler: Test case 'TestDodajWatchlistu - b05d0ee2-def9-a4ac-4204-55ae9d535972' started.
TpTrace Information: 0 : 7880, 7, 2020/12/02, 01:01:39.748, 804859231998, datacollector.dll, DataCollectionTestCaseEventHandler : Test case completing.
TpTrace Information: 0 : 7880, 7, 2020/12/02, 01:01:39.748, 804859233588, datacollector.dll, Blame Collector : Test Case End
TpTrace Error: 0 : 7880, 7, 2020/12/02, 01:01:39.748, 804859234095, datacollector.dll, DataCollectionAttachmentManager.GetAttachments: Fail to get attachments: System.Collections.Generic.KeyNotFoundException: The given key 'Microsoft.VisualStudio.TestPlatform.ObjectModel.DataCollection.DataCollectionContext' was not present in the dictionary.
   at System.Collections.Generic.Dictionary`2.get_Item(TKey key)
   at Microsoft.VisualStudio.TestPlatform.Common.DataCollector.DataCollectionAttachmentManager.GetAttachments(DataCollectionContext dataCollectionContext) 
TpTrace Information: 0 : 7880, 7, 2020/12/02, 01:01:39.749, 804859234485, datacollector.dll, DataCollectionTestCaseEventHandler: Test case 'TestDodajWatchlistu - b05d0ee2-def9-a4ac-4204-55ae9d535972' completed
TpTrace Information: 0 : 7880, 7, 2020/12/02, 01:01:39.750, 804859239193, datacollector.dll, DataCollectionTestCaseEventHandler: Test case starting.
TpTrace Information: 0 : 7880, 7, 2020/12/02, 01:01:39.751, 804859240999, datacollector.dll, Blame Collector : Test Case Start
TpTrace Information: 0 : 7880, 7, 2020/12/02, 01:01:39.751, 804859241318, datacollector.dll, DataCollectionTestCaseEventHandler: Test case 'TestDodajWatchlistuNevalidnoIme - b77e61f6-961e-3255-4cea-b7287e0b046c' started.
TpTrace Information: 0 : 7880, 7, 2020/12/02, 01:01:39.753, 804859248074, datacollector.dll, DataCollectionTestCaseEventHandler : Test case completing.
TpTrace Information: 0 : 7880, 7, 2020/12/02, 01:01:39.754, 804859249597, datacollector.dll, Blame Collector : Test Case End
TpTrace Error: 0 : 7880, 7, 2020/12/02, 01:01:39.754, 804859250062, datacollector.dll, DataCollectionAttachmentManager.GetAttachments: Fail to get attachments: System.Collections.Generic.KeyNotFoundException: The given key 'Microsoft.VisualStudio.TestPlatform.ObjectModel.DataCollection.DataCollectionContext' was not present in the dictionary.
   at System.Collections.Generic.Dictionary`2.get_Item(TKey key)
   at Microsoft.VisualStudio.TestPlatform.Common.DataCollector.DataCollectionAttachmentManager.GetAttachments(DataCollectionContext dataCollectionContext) 
TpTrace Information: 0 : 7880, 7, 2020/12/02, 01:01:39.754, 804859250388, datacollector.dll, DataCollectionTestCaseEventHandler: Test case 'TestDodajWatchlistuNevalidnoIme - b77e61f6-961e-3255-4cea-b7287e0b046c' completed
TpTrace Information: 0 : 7880, 7, 2020/12/02, 01:01:39.755, 804859253956, datacollector.dll, DataCollectionTestCaseEventHandler: Test case starting.
TpTrace Information: 0 : 7880, 7, 2020/12/02, 01:01:39.756, 804859256155, datacollector.dll, Blame Collector : Test Case Start
TpTrace Information: 0 : 7880, 7, 2020/12/02, 01:01:39.756, 804859256519, datacollector.dll, DataCollectionTestCaseEventHandler: Test case 'TestRadSaKorisnicima1 - a5a51751-0b91-1792-b4d7-773d10f46762' started.
TpTrace Information: 0 : 7880, 7, 2020/12/02, 01:01:39.759, 804859264952, datacollector.dll, DataCollectionTestCaseEventHandler : Test case completing.
TpTrace Information: 0 : 7880, 7, 2020/12/02, 01:01:39.759, 804859267035, datacollector.dll, Blame Collector : Test Case End
TpTrace Error: 0 : 7880, 7, 2020/12/02, 01:01:39.759, 804859267536, datacollector.dll, DataCollectionAttachmentManager.GetAttachments: Fail to get attachments: System.Collections.Generic.KeyNotFoundException: The given key 'Microsoft.VisualStudio.TestPlatform.ObjectModel.DataCollection.DataCollectionContext' was not present in the dictionary.
   at System.Collections.Generic.Dictionary`2.get_Item(TKey key)
   at Microsoft.VisualStudio.TestPlatform.Common.DataCollector.DataCollectionAttachmentManager.GetAttachments(DataCollectionContext dataCollectionContext) 
TpTrace Information: 0 : 7880, 7, 2020/12/02, 01:01:39.760, 804859267914, datacollector.dll, DataCollectionTestCaseEventHandler: Test case 'TestRadSaKorisnicima1 - a5a51751-0b91-1792-b4d7-773d10f46762' completed
TpTrace Information: 0 : 7880, 7, 2020/12/02, 01:01:39.761, 804859271626, datacollector.dll, DataCollectionTestCaseEventHandler: Test case starting.
TpTrace Information: 0 : 7880, 7, 2020/12/02, 01:01:39.761, 804859273196, datacollector.dll, Blame Collector : Test Case Start
TpTrace Information: 0 : 7880, 7, 2020/12/02, 01:01:39.761, 804859273477, datacollector.dll, DataCollectionTestCaseEventHandler: Test case 'TestRadSaKorisnicima2 - 0b1a277a-5ea3-c22e-a0d5-2071500cf294' started.
TpTrace Information: 0 : 7880, 7, 2020/12/02, 01:01:39.765, 804859284281, datacollector.dll, DataCollectionTestCaseEventHandler : Test case completing.
TpTrace Information: 0 : 7880, 7, 2020/12/02, 01:01:39.765, 804859285917, datacollector.dll, Blame Collector : Test Case End
TpTrace Error: 0 : 7880, 7, 2020/12/02, 01:01:39.766, 804859286434, datacollector.dll, DataCollectionAttachmentManager.GetAttachments: Fail to get attachments: System.Collections.Generic.KeyNotFoundException: The given key 'Microsoft.VisualStudio.TestPlatform.ObjectModel.DataCollection.DataCollectionContext' was not present in the dictionary.
   at System.Collections.Generic.Dictionary`2.get_Item(TKey key)
   at Microsoft.VisualStudio.TestPlatform.Common.DataCollector.DataCollectionAttachmentManager.GetAttachments(DataCollectionContext dataCollectionContext) 
TpTrace Information: 0 : 7880, 7, 2020/12/02, 01:01:39.766, 804859286770, datacollector.dll, DataCollectionTestCaseEventHandler: Test case 'TestRadSaKorisnicima2 - 0b1a277a-5ea3-c22e-a0d5-2071500cf294' completed
TpTrace Information: 0 : 7880, 7, 2020/12/02, 01:01:39.767, 804859290931, datacollector.dll, DataCollectionTestCaseEventHandler: Test case starting.
TpTrace Information: 0 : 7880, 7, 2020/12/02, 01:01:39.768, 804859292672, datacollector.dll, Blame Collector : Test Case Start
TpTrace Information: 0 : 7880, 7, 2020/12/02, 01:01:39.768, 804859292970, datacollector.dll, DataCollectionTestCaseEventHandler: Test case 'TestRadSaKorisnicima3 - 5237efcb-1dfd-8c0c-9928-ddd872268d8c' started.
TpTrace Information: 0 : 7880, 7, 2020/12/02, 01:01:39.770, 804859299377, datacollector.dll, DataCollectionTestCaseEventHandler : Test case completing.
TpTrace Information: 0 : 7880, 7, 2020/12/02, 01:01:39.770, 804859301229, datacollector.dll, Blame Collector : Test Case End
TpTrace Error: 0 : 7880, 7, 2020/12/02, 01:01:39.771, 804859301772, datacollector.dll, DataCollectionAttachmentManager.GetAttachments: Fail to get attachments: System.Collections.Generic.KeyNotFoundException: The given key 'Microsoft.VisualStudio.TestPlatform.ObjectModel.DataCollection.DataCollectionContext' was not present in the dictionary.
   at System.Collections.Generic.Dictionary`2.get_Item(TKey key)
   at Microsoft.VisualStudio.TestPlatform.Common.DataCollector.DataCollectionAttachmentManager.GetAttachments(DataCollectionContext dataCollectionContext) 
TpTrace Information: 0 : 7880, 7, 2020/12/02, 01:01:39.771, 804859302130, datacollector.dll, DataCollectionTestCaseEventHandler: Test case 'TestRadSaKorisnicima3 - 5237efcb-1dfd-8c0c-9928-ddd872268d8c' completed
TpTrace Information: 0 : 7880, 7, 2020/12/02, 01:01:39.772, 804859306060, datacollector.dll, DataCollectionTestCaseEventHandler: Test case starting.
TpTrace Information: 0 : 7880, 7, 2020/12/02, 01:01:39.773, 804859307663, datacollector.dll, Blame Collector : Test Case Start
TpTrace Information: 0 : 7880, 7, 2020/12/02, 01:01:39.773, 804859307991, datacollector.dll, DataCollectionTestCaseEventHandler: Test case 'TestRadSaKorisnicima4 - 66b33d35-cbdf-c6db-f5e2-bd2af0c7a32e' started.
TpTrace Information: 0 : 7880, 7, 2020/12/02, 01:01:39.775, 804859314343, datacollector.dll, DataCollectionTestCaseEventHandler : Test case completing.
TpTrace Information: 0 : 7880, 7, 2020/12/02, 01:01:39.776, 804859316557, datacollector.dll, Blame Collector : Test Case End
TpTrace Error: 0 : 7880, 7, 2020/12/02, 01:01:39.776, 804859317344, datacollector.dll, DataCollectionAttachmentManager.GetAttachments: Fail to get attachments: System.Collections.Generic.KeyNotFoundException: The given key 'Microsoft.VisualStudio.TestPlatform.ObjectModel.DataCollection.DataCollectionContext' was not present in the dictionary.
   at System.Collections.Generic.Dictionary`2.get_Item(TKey key)
   at Microsoft.VisualStudio.TestPlatform.Common.DataCollector.DataCollectionAttachmentManager.GetAttachments(DataCollectionContext dataCollectionContext) 
TpTrace Information: 0 : 7880, 7, 2020/12/02, 01:01:39.776, 804859317903, datacollector.dll, DataCollectionTestCaseEventHandler: Test case 'TestRadSaKorisnicima4 - 66b33d35-cbdf-c6db-f5e2-bd2af0c7a32e' completed
TpTrace Information: 0 : 7880, 7, 2020/12/02, 01:01:39.778, 804859323273, datacollector.dll, DataCollectionTestCaseEventHandler: Test case starting.
TpTrace Information: 0 : 7880, 7, 2020/12/02, 01:01:39.779, 804859326223, datacollector.dll, Blame Collector : Test Case Start
TpTrace Information: 0 : 7880, 7, 2020/12/02, 01:01:39.779, 804859326593, datacollector.dll, DataCollectionTestCaseEventHandler: Test case 'TestDajSveFilmoveSGLumcima2 - b1e684c9-ba75-f6f1-bf40-5e4e7cedaaa8' started.
TpTrace Information: 0 : 7880, 7, 2020/12/02, 01:01:39.781, 804859333342, datacollector.dll, DataCollectionTestCaseEventHandler : Test case completing.
TpTrace Information: 0 : 7880, 7, 2020/12/02, 01:01:39.782, 804859336161, datacollector.dll, Blame Collector : Test Case End
TpTrace Error: 0 : 7880, 7, 2020/12/02, 01:01:39.782, 804859336859, datacollector.dll, DataCollectionAttachmentManager.GetAttachments: Fail to get attachments: System.Collections.Generic.KeyNotFoundException: The given key 'Microsoft.VisualStudio.TestPlatform.ObjectModel.DataCollection.DataCollectionContext' was not present in the dictionary.
   at System.Collections.Generic.Dictionary`2.get_Item(TKey key)
   at Microsoft.VisualStudio.TestPlatform.Common.DataCollector.DataCollectionAttachmentManager.GetAttachments(DataCollectionContext dataCollectionContext) 
TpTrace Information: 0 : 7880, 7, 2020/12/02, 01:01:39.782, 804859337338, datacollector.dll, DataCollectionTestCaseEventHandler: Test case 'TestDajSveFilmoveSGLumcima2 - b1e684c9-ba75-f6f1-bf40-5e4e7cedaaa8' completed
TpTrace Information: 0 : 7880, 7, 2020/12/02, 01:01:39.805, 804859404913, datacollector.dll, DataCollectionTestCaseEventHandler: Test session ended
TpTrace Information: 0 : 7880, 1, 2020/12/02, 01:01:39.888, 804859659672, datacollector.dll, DataCollectionRequestHandler.ProcessRequests : Datacollector received message: (DataCollection.AfterTestRunEnd) -> false
TpTrace Information: 0 : 7880, 1, 2020/12/02, 01:01:39.889, 804859661990, datacollector.dll, Blame Collector : Session End
TpTrace Error: 0 : 7880, 1, 2020/12/02, 01:01:39.889, 804859662835, datacollector.dll, DataCollectionAttachmentManager.GetAttachments: Fail to get attachments: System.Collections.Generic.KeyNotFoundException: The given key 'Microsoft.VisualStudio.TestPlatform.ObjectModel.DataCollection.DataCollectionContext' was not present in the dictionary.
   at System.Collections.Generic.Dictionary`2.get_Item(TKey key)
   at Microsoft.VisualStudio.TestPlatform.Common.DataCollector.DataCollectionAttachmentManager.GetAttachments(DataCollectionContext dataCollectionContext) 
TpTrace Information: 0 : 7880, 1, 2020/12/02, 01:01:39.889, 804859663082, datacollector.dll, DataCollectionManager.CleanupPlugins: CleanupPlugins called
TpTrace Verbose: 0 : 7880, 1, 2020/12/02, 01:01:39.890, 804859663250, datacollector.dll, DataCollectionManager.CleanupPlugins: Cleaning up 1 plugins
TpTrace Verbose: 0 : 7880, 1, 2020/12/02, 01:01:39.890, 804859663644, datacollector.dll, dataCollectorInfo.DisposeDataCollector: calling Dispose() on Microsoft.TestPlatform.Extensions.BlameDataCollector.BlameCollector
TpTrace Information: 0 : 7880, 1, 2020/12/02, 01:01:39.890, 804859663875, datacollector.dll, DataCollectionManager.CleanupPlugins: CleanupPlugins finished
TpTrace Information: 0 : 7880, 1, 2020/12/02, 01:01:39.890, 804859664193, datacollector.dll, DataCollectionRequestHandler.ProcessRequests : Session End message received from server. Closing the connection.
TpTrace Information: 0 : 7880, 1, 2020/12/02, 01:01:39.890, 804859664588, datacollector.dll, Closing the connection !
TpTrace Information: 0 : 7880, 1, 2020/12/02, 01:01:39.890, 804859664731, datacollector.dll, DataCollectionRequestHandler.ProcessRequests : DataCollection completed
TpTrace Information: 0 : 7880, 1, 2020/12/02, 01:01:39.890, 804859664844, datacollector.dll, Program.Main: exiting datacollector process.
