TpTrace Information: 0 : 2192, 1, 2020/12/02, 02:57:16.954, 825955264445, testhost.dll, DefaultEngineInvoker.Invoke: Testhost process started with args :[--port, 55905],[--endpoint, 127.0.0.1:055905],[--role, client],[--parentprocessid, 5348],[--diag, C:\Users\Emir\source\repos\VVS-ZADACA2\Filmoteka\Unit Testovi\bin\Debug\fine-code-coverage\_outputfolder\diagnostics.host.20-12-02_02-57-16_77754_6.log],[--tracelevel, 4],[--datacollectionport, 55904],[--telemetryoptedin, false]
TpTrace Information: 0 : 2192, 1, 2020/12/02, 02:57:16.962, 825955275906, testhost.dll, DefaultEngineInvoker.SetParentProcessExitCallback: Monitoring parent process with id: '5348'
TpTrace Information: 0 : 2192, 1, 2020/12/02, 02:57:16.969, 825955299553, testhost.dll, DefaultEngineInvoker.GetConnectionInfo: Initialize communication on endpoint address: '127.0.0.1:055905'
TpTrace Information: 0 : 2192, 1, 2020/12/02, 02:57:16.985, 825955347918, testhost.dll, SocketClient.Start: connecting to server endpoint: 127.0.0.1:055905
TpTrace Information: 0 : 2192, 1, 2020/12/02, 02:57:16.992, 825955368302, testhost.dll, DefaultEngineInvoker.ConnectToDatacollector: Connecting to datacollector, port: 55904
TpTrace Information: 0 : 2192, 6, 2020/12/02, 02:57:16.995, 825955376887, testhost.dll, SocketClient.OnServerConnected: connected to server endpoint: 127.0.0.1:055905
TpTrace Information: 0 : 2192, 1, 2020/12/02, 02:57:16.997, 825955383215, testhost.dll, Trying to connect to server on socket : 127.0.0.1:55904 
TpTrace Verbose: 0 : 2192, 6, 2020/12/02, 02:57:16.997, 825955384377, testhost.dll, Connected to server, and starting MessageLoopAsync
TpTrace Verbose: 0 : 2192, 1, 2020/12/02, 02:57:16.997, 825955384769, testhost.dll, SocketCommunicationManager : SetupClientAsync : Attempting to connect to the server.
TpTrace Information: 0 : 2192, 10, 2020/12/02, 02:57:17.000, 825955391369, testhost.dll, Connected to the server successfully 
TpTrace Information: 0 : 2192, 10, 2020/12/02, 02:57:17.000, 825955391581, testhost.dll, Using the buffer size of 16384 bytes
TpTrace Information: 0 : 2192, 1, 2020/12/02, 02:57:17.000, 825955393536, testhost.dll, DefaultEngineInvoker.Invoke: Start Request Processing.
TpTrace Verbose: 0 : 2192, 9, 2020/12/02, 02:57:17.001, 825955396228, testhost.dll, TcpClientExtensions.MessageLoopAsync: Polling on remoteEndPoint: [::ffff:127.0.0.1]:55905 localEndPoint: [::ffff:127.0.0.1]:55906
TpTrace Information: 0 : 2192, 11, 2020/12/02, 02:57:17.001, 825955396252, testhost.dll, DefaultEngineInvoker.StartProcessingAsync: Connected to vstest.console, Starting process requests.
TpTrace Verbose: 0 : 2192, 9, 2020/12/02, 02:57:17.002, 825955397434, testhost.dll, TcpClientExtensions.MessageLoopAsync: NotifyDataAvailable remoteEndPoint: [::ffff:127.0.0.1]:55905 localEndPoint: [::ffff:127.0.0.1]:55906
TpTrace Information: 0 : 2192, 9, 2020/12/02, 02:57:17.195, 825955984777, testhost.dll, TestRequestHandler.ProcessRequests: received message: (ProtocolVersion) -> 3
TpTrace Verbose: 0 : 2192, 9, 2020/12/02, 02:57:17.239, 825956121029, testhost.dll, TestRequestHandler.SendData:  sending data from testhost: {"Version":2,"MessageType":"TestSession.Message","Payload":{"MessageLevel":0,"Message":"Logging TestHost Diagnostics in file: C:\\Users\\Emir\\source\\repos\\VVS-ZADACA2\\Filmoteka\\Unit Testovi\\bin\\Debug\\fine-code-coverage\\_outputfolder\\diagnostics.host.20-12-02_02-57-16_77754_6.log"}}
TpTrace Verbose: 0 : 2192, 9, 2020/12/02, 02:57:17.240, 825956121532, testhost.dll, TcpClientExtensions.MessageLoopAsync: Polling on remoteEndPoint: [::ffff:127.0.0.1]:55905 localEndPoint: [::ffff:127.0.0.1]:55906
TpTrace Verbose: 0 : 2192, 9, 2020/12/02, 02:57:17.240, 825956121714, testhost.dll, TcpClientExtensions.MessageLoopAsync: NotifyDataAvailable remoteEndPoint: [::ffff:127.0.0.1]:55905 localEndPoint: [::ffff:127.0.0.1]:55906
TpTrace Information: 0 : 2192, 9, 2020/12/02, 02:57:17.245, 825956137722, testhost.dll, TestRequestHandler.ProcessRequests: received message: (TestExecution.Initialize) -> [
  "C:\\Users\\Emir\\source\\repos\\VVS-ZADACA2\\Filmoteka\\Unit Testovi\\bin\\Debug\\fine-code-coverage\\Microsoft.VisualStudio.TestPlatform.MSTest.TestAdapter.dll"
]
TpTrace Information: 0 : 2192, 9, 2020/12/02, 02:57:17.245, 825956138340, testhost.dll, Execution Session Initialize.
TpTrace Verbose: 0 : 2192, 9, 2020/12/02, 02:57:17.256, 825956171070, testhost.dll, TcpClientExtensions.MessageLoopAsync: Polling on remoteEndPoint: [::ffff:127.0.0.1]:55905 localEndPoint: [::ffff:127.0.0.1]:55906
TpTrace Verbose: 0 : 2192, 9, 2020/12/02, 02:57:17.256, 825956171355, testhost.dll, TcpClientExtensions.MessageLoopAsync: NotifyDataAvailable remoteEndPoint: [::ffff:127.0.0.1]:55905 localEndPoint: [::ffff:127.0.0.1]:55906
TpTrace Verbose: 0 : 2192, 4, 2020/12/02, 02:57:17.259, 825956181592, testhost.dll, TestExecutorService: Loading the extensions
TpTrace Information: 0 : 2192, 9, 2020/12/02, 02:57:17.260, 825956183272, testhost.dll, TestRequestHandler.ProcessRequests: received message: (TestExecution.StartWithSources) -> {
  "AdapterSourceMap": {
    "_none_": [
      "C:\\Users\\Emir\\source\\repos\\VVS-ZADACA2\\Filmoteka\\Unit Testovi\\bin\\Debug\\fine-code-coverage\\Unit Testovi.dll"
    ]
  },
  "RunSettings": "<RunSettings>\r\n  <RunConfiguration>\r\n    <ResultsDirectory>C:\\Users\\Emir\\source\\repos\\VVS-ZADACA2\\Filmoteka\\Unit Testovi\\bin\\Debug\\fine-code-coverage\\_outputfolder</ResultsDirectory>\r\n    <TargetPlatform>X64</TargetPlatform>\r\n    <TargetFrameworkVersion>.NETCoreApp,Version=v3.1</TargetFrameworkVersion>\r\n    <DesignMode>False</DesignMode>\r\n    <CollectSourceInformation>False</CollectSourceInformation>\r\n  </RunConfiguration>\r\n  <LoggerRunSettings>\r\n    <Loggers>\r\n      <Logger friendlyName=\"blame\" enabled=\"True\" />\r\n      <Logger friendlyName=\"Console\" uri=\"logger://microsoft/TestPlatform/ConsoleLogger/v1\" assemblyQualifiedName=\"Microsoft.VisualStudio.TestPlatform.CommandLine.Internal.ConsoleLogger, vstest.console, Version=15.0.0.0, Culture=neutral, PublicKeyToken=b03f5f7f11d50a3a\" codeBase=\"C:\\Program Files\\dotnet\\sdk\\3.1.403\\vstest.console.dll\" enabled=\"True\" />\r\n    </Loggers>\r\n  </LoggerRunSettings>\r\n  <DataCollectionRunSettings>\r\n    <DataCollectors>\r\n      <DataCollector friendlyName=\"blame\" enabled=\"True\">\r\n        <Configuration>\r\n          <ResultsDirectory>C:\\Users\\Emir\\source\\repos\\VVS-ZADACA2\\Filmoteka\\Unit Testovi\\bin\\Debug\\fine-code-coverage\\_outputfolder</ResultsDirectory>\r\n        </Configuration>\r\n      </DataCollector>\r\n    </DataCollectors>\r\n  </DataCollectionRunSettings>\r\n</RunSettings>",
  "TestExecutionContext": {
    "FrequencyOfRunStatsChangeEvent": 10,
    "RunStatsChangeEventTimeout": "00:00:01.5000000",
    "InIsolation": false,
    "KeepAlive": false,
    "AreTestCaseLevelEventsRequired": false,
    "IsDebug": false,
    "TestCaseFilter": null,
    "FilterOptions": null
  },
  "Package": null
}
TpTrace Information: 0 : 2192, 9, 2020/12/02, 02:57:17.260, 825956183691, testhost.dll, Execution started.
TpTrace Verbose: 0 : 2192, 4, 2020/12/02, 02:57:17.262, 825956188733, testhost.dll, TestPluginCache.DiscoverTestExtensions: finding test extensions in assemblies endswith: TestAdapter.dll TPluginInfo: Microsoft.VisualStudio.TestPlatform.Common.ExtensionFramework.Utilities.TestExecutorPluginInformation TExtension: Microsoft.VisualStudio.TestPlatform.ObjectModel.Adapter.ITestExecutor
TpTrace Verbose: 0 : 2192, 4, 2020/12/02, 02:57:17.263, 825956192987, testhost.dll, TestPluginCache.GetExtensionPaths: Filtered extension paths: 
TpTrace Verbose: 0 : 2192, 4, 2020/12/02, 02:57:17.264, 825956194589, testhost.dll, TestPluginCache.GetExtensionPaths: Added default extension paths: C:\Users\Emir\source\repos\VVS-ZADACA2\Filmoteka\Unit Testovi\bin\Debug\fine-code-coverage\Microsoft.VisualStudio.TestPlatform.MSTest.TestAdapter.dll
TpTrace Verbose: 0 : 2192, 4, 2020/12/02, 02:57:17.264, 825956194750, testhost.dll, TestPluginCache.GetExtensionPaths: Added unfilterableExtensionPaths: 
TpTrace Information: 0 : 2192, 4, 2020/12/02, 02:57:17.267, 825956204798, testhost.dll, AssemblyResolver.ctor: Creating AssemblyResolver with searchDirectories C:\Users\Emir\source\repos\VVS-ZADACA2\Filmoteka\Unit Testovi\bin\Debug\fine-code-coverage
TpTrace Verbose: 0 : 2192, 4, 2020/12/02, 02:57:17.269, 825956211960, testhost.dll, TestPluginCache.DiscoverTestExtensions: Discovering the extensions using extension path.
TpTrace Verbose: 0 : 2192, 4, 2020/12/02, 02:57:17.269, 825956212343, testhost.dll, TestPluginCache.GetExtensionPaths: Filtered extension paths: 
TpTrace Verbose: 0 : 2192, 4, 2020/12/02, 02:57:17.270, 825956212485, testhost.dll, TestPluginCache.GetExtensionPaths: Added default extension paths: C:\Users\Emir\source\repos\VVS-ZADACA2\Filmoteka\Unit Testovi\bin\Debug\fine-code-coverage\Microsoft.VisualStudio.TestPlatform.MSTest.TestAdapter.dll
TpTrace Verbose: 0 : 2192, 4, 2020/12/02, 02:57:17.270, 825956212631, testhost.dll, TestPluginCache.GetExtensionPaths: Added unfilterableExtensionPaths: 
TpTrace Verbose: 0 : 2192, 4, 2020/12/02, 02:57:17.270, 825956212871, testhost.dll, TestPluginCache.DiscoverTestExtensions: Discovering the extensions using allExtensionPaths: C:\Users\Emir\source\repos\VVS-ZADACA2\Filmoteka\Unit Testovi\bin\Debug\fine-code-coverage\Microsoft.VisualStudio.TestPlatform.MSTest.TestAdapter.dll
TpTrace Information: 0 : 2192, 4, 2020/12/02, 02:57:17.271, 825956216531, testhost.dll, AssemblyResolver.AddSearchDirectories: Adding more searchDirectories C:\Users\Emir\source\repos\VVS-ZADACA2\Filmoteka\Unit Testovi\bin\Debug\fine-code-coverage
TpTrace Information: 0 : 2192, 4, 2020/12/02, 02:57:17.278, 825956237187, testhost.dll, AssemblyResolver.OnResolve: Microsoft.VisualStudio.TestPlatform.MSTest.TestAdapter: Resolving assembly.
TpTrace Information: 0 : 2192, 4, 2020/12/02, 02:57:17.280, 825956243252, testhost.dll, AssemblyResolver.OnResolve: Resolved assembly: Microsoft.VisualStudio.TestPlatform.MSTest.TestAdapter, from path: C:\Users\Emir\source\repos\VVS-ZADACA2\Filmoteka\Unit Testovi\bin\Debug\fine-code-coverage\Microsoft.VisualStudio.TestPlatform.MSTest.TestAdapter.dll
TpTrace Information: 0 : 2192, 4, 2020/12/02, 02:57:17.282, 825956250196, testhost.dll, AssemblyResolver.OnResolve: Microsoft.VisualStudio.TestPlatform.MSTestAdapter.PlatformServices.Interface: Resolving assembly.
TpTrace Information: 0 : 2192, 4, 2020/12/02, 02:57:17.283, 825956251983, testhost.dll, AssemblyResolver.OnResolve: Resolved assembly: Microsoft.VisualStudio.TestPlatform.MSTestAdapter.PlatformServices.Interface, from path: C:\Users\Emir\source\repos\VVS-ZADACA2\Filmoteka\Unit Testovi\bin\Debug\fine-code-coverage\Microsoft.VisualStudio.TestPlatform.MSTestAdapter.PlatformServices.Interface.dll
TpTrace Information: 0 : 2192, 4, 2020/12/02, 02:57:17.283, 825956252954, testhost.dll, AssemblyResolver.OnResolve: Microsoft.VisualStudio.TestPlatform.MSTestAdapter.PlatformServices: Resolving assembly.
TpTrace Information: 0 : 2192, 4, 2020/12/02, 02:57:17.283, 825956254712, testhost.dll, AssemblyResolver.OnResolve: Resolved assembly: Microsoft.VisualStudio.TestPlatform.MSTestAdapter.PlatformServices, from path: C:\Users\Emir\source\repos\VVS-ZADACA2\Filmoteka\Unit Testovi\bin\Debug\fine-code-coverage\Microsoft.VisualStudio.TestPlatform.MSTestAdapter.PlatformServices.dll
TpTrace Verbose: 0 : 2192, 4, 2020/12/02, 02:57:17.291, 825956276499, testhost.dll, TestPluginCache: Discovered the extensions using extension path ''.
TpTrace Verbose: 0 : 2192, 4, 2020/12/02, 02:57:17.291, 825956278310, testhost.dll, TestPluginCache: Discoverers are ''.
TpTrace Verbose: 0 : 2192, 4, 2020/12/02, 02:57:17.291, 825956278549, testhost.dll, TestPluginCache: Executors are 'executor://MSTestAdapter/v2'.
TpTrace Verbose: 0 : 2192, 4, 2020/12/02, 02:57:17.291, 825956278806, testhost.dll, TestPluginCache: Setting providers are ''.
TpTrace Verbose: 0 : 2192, 4, 2020/12/02, 02:57:17.291, 825956279058, testhost.dll, TestPluginCache: Loggers are ''.
TpTrace Verbose: 0 : 2192, 9, 2020/12/02, 02:57:17.298, 825956298288, testhost.dll, TcpClientExtensions.MessageLoopAsync: Polling on remoteEndPoint: [::ffff:127.0.0.1]:55905 localEndPoint: [::ffff:127.0.0.1]:55906
TpTrace Information: 0 : 2192, 4, 2020/12/02, 02:57:17.300, 825956304814, testhost.dll, TestPluginManager.CreateTestExtension: Attempting to load test extension: Microsoft.VisualStudio.TestPlatform.MSTest.TestAdapter.MSTestExecutor
TpTrace Verbose: 0 : 2192, 4, 2020/12/02, 02:57:17.305, 825956320851, testhost.dll, TestExecutorExtensionManager: Loading executor Microsoft.VisualStudio.TestPlatform.MSTest.TestAdapter.MSTestExecutor
TpTrace Verbose: 0 : 2192, 4, 2020/12/02, 02:57:17.305, 825956321040, testhost.dll, TestExecutorService: Loaded the executors
TpTrace Verbose: 0 : 2192, 4, 2020/12/02, 02:57:17.306, 825956324545, testhost.dll, TestPluginCache.DiscoverTestExtensions: finding test extensions in assemblies endswith: TestAdapter.dll TPluginInfo: Microsoft.VisualStudio.TestPlatform.Common.ExtensionFramework.Utilities.TestSettingsProviderPluginInformation TExtension: Microsoft.VisualStudio.TestPlatform.ObjectModel.Adapter.ISettingsProvider
TpTrace Verbose: 0 : 2192, 4, 2020/12/02, 02:57:17.307, 825956325815, testhost.dll, TestPluginCache.GetExtensionPaths: Filtered extension paths: 
TpTrace Verbose: 0 : 2192, 4, 2020/12/02, 02:57:17.307, 825956325954, testhost.dll, TestPluginCache.GetExtensionPaths: Added default extension paths: C:\Users\Emir\source\repos\VVS-ZADACA2\Filmoteka\Unit Testovi\bin\Debug\fine-code-coverage\Microsoft.VisualStudio.TestPlatform.MSTest.TestAdapter.dll
TpTrace Verbose: 0 : 2192, 4, 2020/12/02, 02:57:17.307, 825956326098, testhost.dll, TestPluginCache.GetExtensionPaths: Added unfilterableExtensionPaths: 
TpTrace Information: 0 : 2192, 4, 2020/12/02, 02:57:17.307, 825956326724, testhost.dll, AssemblyResolver.AddSearchDirectories: Adding more searchDirectories C:\Users\Emir\source\repos\VVS-ZADACA2\Filmoteka\Unit Testovi\bin\Debug\fine-code-coverage
TpTrace Verbose: 0 : 2192, 4, 2020/12/02, 02:57:17.307, 825956326891, testhost.dll, TestPluginCache.DiscoverTestExtensions: Discovering the extensions using extension path.
TpTrace Verbose: 0 : 2192, 4, 2020/12/02, 02:57:17.307, 825956327011, testhost.dll, TestPluginCache.GetExtensionPaths: Filtered extension paths: 
TpTrace Verbose: 0 : 2192, 4, 2020/12/02, 02:57:17.307, 825956327135, testhost.dll, TestPluginCache.GetExtensionPaths: Added default extension paths: C:\Users\Emir\source\repos\VVS-ZADACA2\Filmoteka\Unit Testovi\bin\Debug\fine-code-coverage\Microsoft.VisualStudio.TestPlatform.MSTest.TestAdapter.dll
TpTrace Verbose: 0 : 2192, 4, 2020/12/02, 02:57:17.307, 825956327245, testhost.dll, TestPluginCache.GetExtensionPaths: Added unfilterableExtensionPaths: 
TpTrace Verbose: 0 : 2192, 4, 2020/12/02, 02:57:17.307, 825956327365, testhost.dll, TestPluginCache.DiscoverTestExtensions: Discovering the extensions using allExtensionPaths: C:\Users\Emir\source\repos\VVS-ZADACA2\Filmoteka\Unit Testovi\bin\Debug\fine-code-coverage\Microsoft.VisualStudio.TestPlatform.MSTest.TestAdapter.dll
TpTrace Information: 0 : 2192, 4, 2020/12/02, 02:57:17.307, 825956327546, testhost.dll, AssemblyResolver.AddSearchDirectories: Adding more searchDirectories C:\Users\Emir\source\repos\VVS-ZADACA2\Filmoteka\Unit Testovi\bin\Debug\fine-code-coverage
TpTrace Verbose: 0 : 2192, 4, 2020/12/02, 02:57:17.308, 825956328355, testhost.dll, TestPluginCache: Discovered the extensions using extension path ''.
TpTrace Verbose: 0 : 2192, 4, 2020/12/02, 02:57:17.308, 825956328508, testhost.dll, TestPluginCache: Discoverers are ''.
TpTrace Verbose: 0 : 2192, 4, 2020/12/02, 02:57:17.308, 825956328666, testhost.dll, TestPluginCache: Executors are 'executor://MSTestAdapter/v2'.
TpTrace Verbose: 0 : 2192, 4, 2020/12/02, 02:57:17.308, 825956328884, testhost.dll, TestPluginCache: Setting providers are ''.
TpTrace Verbose: 0 : 2192, 4, 2020/12/02, 02:57:17.308, 825956328995, testhost.dll, TestPluginCache: Loggers are ''.
TpTrace Verbose: 0 : 2192, 4, 2020/12/02, 02:57:17.309, 825956332846, testhost.dll, TestExecutorService: Loaded the settings providers
TpTrace Information: 0 : 2192, 4, 2020/12/02, 02:57:17.309, 825956332997, testhost.dll, TestExecutorService: Loaded the extensions
TpTrace Information: 0 : 2192, 4, 2020/12/02, 02:57:17.414, 825956652239, testhost.dll, TestDiscoveryManager: Discovering tests from sources C:\Users\Emir\source\repos\VVS-ZADACA2\Filmoteka\Unit Testovi\bin\Debug\fine-code-coverage\Unit Testovi.dll
TpTrace Verbose: 0 : 2192, 4, 2020/12/02, 02:57:17.417, 825956660693, testhost.dll, TestPluginCache.DiscoverTestExtensions: finding test extensions in assemblies endswith: TestAdapter.dll TPluginInfo: Microsoft.VisualStudio.TestPlatform.Common.ExtensionFramework.Utilities.TestDiscovererPluginInformation TExtension: Microsoft.VisualStudio.TestPlatform.ObjectModel.Adapter.ITestDiscoverer
TpTrace Verbose: 0 : 2192, 4, 2020/12/02, 02:57:17.417, 825956661037, testhost.dll, TestPluginCache.GetExtensionPaths: Filtered extension paths: 
TpTrace Verbose: 0 : 2192, 4, 2020/12/02, 02:57:17.417, 825956661194, testhost.dll, TestPluginCache.GetExtensionPaths: Added default extension paths: C:\Users\Emir\source\repos\VVS-ZADACA2\Filmoteka\Unit Testovi\bin\Debug\fine-code-coverage\Microsoft.VisualStudio.TestPlatform.MSTest.TestAdapter.dll
TpTrace Verbose: 0 : 2192, 4, 2020/12/02, 02:57:17.417, 825956661320, testhost.dll, TestPluginCache.GetExtensionPaths: Added unfilterableExtensionPaths: 
TpTrace Information: 0 : 2192, 4, 2020/12/02, 02:57:17.417, 825956661684, testhost.dll, AssemblyResolver.AddSearchDirectories: Adding more searchDirectories C:\Users\Emir\source\repos\VVS-ZADACA2\Filmoteka\Unit Testovi\bin\Debug\fine-code-coverage
TpTrace Verbose: 0 : 2192, 4, 2020/12/02, 02:57:17.417, 825956661800, testhost.dll, TestPluginCache.DiscoverTestExtensions: Discovering the extensions using extension path.
TpTrace Verbose: 0 : 2192, 4, 2020/12/02, 02:57:17.417, 825956661901, testhost.dll, TestPluginCache.GetExtensionPaths: Filtered extension paths: 
TpTrace Verbose: 0 : 2192, 4, 2020/12/02, 02:57:17.417, 825956661994, testhost.dll, TestPluginCache.GetExtensionPaths: Added default extension paths: C:\Users\Emir\source\repos\VVS-ZADACA2\Filmoteka\Unit Testovi\bin\Debug\fine-code-coverage\Microsoft.VisualStudio.TestPlatform.MSTest.TestAdapter.dll
TpTrace Verbose: 0 : 2192, 4, 2020/12/02, 02:57:17.417, 825956662104, testhost.dll, TestPluginCache.GetExtensionPaths: Added unfilterableExtensionPaths: 
TpTrace Verbose: 0 : 2192, 4, 2020/12/02, 02:57:17.417, 825956662207, testhost.dll, TestPluginCache.DiscoverTestExtensions: Discovering the extensions using allExtensionPaths: C:\Users\Emir\source\repos\VVS-ZADACA2\Filmoteka\Unit Testovi\bin\Debug\fine-code-coverage\Microsoft.VisualStudio.TestPlatform.MSTest.TestAdapter.dll
TpTrace Information: 0 : 2192, 4, 2020/12/02, 02:57:17.417, 825956662345, testhost.dll, AssemblyResolver.AddSearchDirectories: Adding more searchDirectories C:\Users\Emir\source\repos\VVS-ZADACA2\Filmoteka\Unit Testovi\bin\Debug\fine-code-coverage
TpTrace Verbose: 0 : 2192, 4, 2020/12/02, 02:57:17.420, 825956671433, testhost.dll, TestPluginCache: Discovered the extensions using extension path ''.
TpTrace Verbose: 0 : 2192, 4, 2020/12/02, 02:57:17.421, 825956671666, testhost.dll, TestPluginCache: Discoverers are 'Microsoft.VisualStudio.TestPlatform.MSTest.TestAdapter.MSTestDiscoverer, Microsoft.VisualStudio.TestPlatform.MSTest.TestAdapter, Version=14.0.0.0, Culture=neutral, PublicKeyToken=b03f5f7f11d50a3a'.
TpTrace Verbose: 0 : 2192, 4, 2020/12/02, 02:57:17.421, 825956671792, testhost.dll, TestPluginCache: Executors are 'executor://MSTestAdapter/v2'.
TpTrace Verbose: 0 : 2192, 4, 2020/12/02, 02:57:17.421, 825956671924, testhost.dll, TestPluginCache: Setting providers are ''.
TpTrace Verbose: 0 : 2192, 4, 2020/12/02, 02:57:17.421, 825956672032, testhost.dll, TestPluginCache: Loggers are ''.
TpTrace Verbose: 0 : 2192, 4, 2020/12/02, 02:57:17.427, 825956692273, testhost.dll, BaseRunTests.RunTestInternalWithExecutors: Running tests for executor://MSTestAdapter/v2
TpTrace Information: 0 : 2192, 4, 2020/12/02, 02:57:17.486, 825956871714, testhost.dll, AssemblyResolver.OnResolve: Microsoft.VisualStudio.TestPlatform.MSTestAdapter.PlatformServices.resources: Resolving assembly.
TpTrace Information: 0 : 2192, 4, 2020/12/02, 02:57:17.486, 825956872181, testhost.dll, AssemblyResolver.OnResolve: Microsoft.VisualStudio.TestPlatform.MSTestAdapter.PlatformServices.resources: Failed to load assembly.
TpTrace Information: 0 : 2192, 4, 2020/12/02, 02:57:17.487, 825956872962, testhost.dll, AssemblyResolver.OnResolve: Microsoft.VisualStudio.TestPlatform.MSTestAdapter.PlatformServices.resources: Resolving assembly.
TpTrace Information: 0 : 2192, 4, 2020/12/02, 02:57:17.487, 825956873113, testhost.dll, AssemblyResolver.OnResolve: Microsoft.VisualStudio.TestPlatform.MSTestAdapter.PlatformServices.resources: Resolved from cache.
TpTrace Verbose: 0 : 2192, 4, 2020/12/02, 02:57:17.506, 825956932838, testhost.dll, TestExecutionRecorder.RecordStart: Starting test: Unit_Testovi.NoviTestovi.TestZamjenskiObjekat.
TpTrace Information: 0 : 2192, 4, 2020/12/02, 02:57:17.633, 825957316688, testhost.dll, AssemblyResolver.OnResolve: Microsoft.VisualStudio.TestPlatform.MSTest.TestAdapter.resources: Resolving assembly.
TpTrace Information: 0 : 2192, 4, 2020/12/02, 02:57:17.633, 825957317179, testhost.dll, AssemblyResolver.OnResolve: Microsoft.VisualStudio.TestPlatform.MSTest.TestAdapter.resources: Failed to load assembly.
TpTrace Verbose: 0 : 2192, 4, 2020/12/02, 02:57:17.668, 825957425579, testhost.dll, TestExecutionRecorder.RecordEnd: test: Unit_Testovi.NoviTestovi.TestZamjenskiObjekat execution completed.
TpTrace Verbose: 0 : 2192, 4, 2020/12/02, 02:57:17.707, 825957543618, testhost.dll, TestExecutionRecorder.RecordResult: Received result for test: Unit_Testovi.NoviTestovi.TestZamjenskiObjekat.
TpTrace Warning: 0 : 2192, 4, 2020/12/02, 02:57:17.712, 825957558083, testhost.dll, InProgressTests is null
TpTrace Warning: 0 : 2192, 4, 2020/12/02, 02:57:17.715, 825957566478, testhost.dll, TestRunCache: No test found corresponding to testResult 'TestZamjenskiObjekat  Failed
  Message: Test method Unit_Testovi.NoviTestovi.TestZamjenskiObjekat threw exception: 
System.NotImplementedException: The method or operation is not implemented.
  StackTrace:
    at Filmoteka.Reziser.DaLiJeReziraoFilm(Film f) in C:\Users\Emir\source\repos\VVS-ZADACA2\Filmoteka\Filmoteka\Reziser.cs:line 15
   at Filmoteka.Filmoteka.DajSveFilmoveZaRezisera(IReziser reziser) in C:\Users\Emir\source\repos\VVS-ZADACA2\Filmoteka\Filmoteka\Filmoteka.cs:line 97
   at Unit_Testovi.NoviTestovi.TestZamjenskiObjekat() in C:\Users\Emir\source\repos\VVS-ZADACA2\Filmoteka\Unit Testovi\NoviTestovi.cs:line 23
' in inProgress list.
TpTrace Verbose: 0 : 2192, 4, 2020/12/02, 02:57:17.715, 825957566810, testhost.dll, TestExecutionRecorder.RecordStart: Starting test: Unit_Testovi.NoviTestovi.TestDodajNastavakIstiGlumci.
TpTrace Information: 0 : 2192, 4, 2020/12/02, 02:57:17.719, 825957580687, testhost.dll, AssemblyResolver.OnResolve: Microsoft.VisualStudio.TestPlatform.TestFramework.resources: Resolving assembly.
TpTrace Information: 0 : 2192, 4, 2020/12/02, 02:57:17.720, 825957581163, testhost.dll, AssemblyResolver.OnResolve: Microsoft.VisualStudio.TestPlatform.TestFramework.resources: Failed to load assembly.
TpTrace Verbose: 0 : 2192, 4, 2020/12/02, 02:57:17.721, 825957585467, testhost.dll, TestExecutionRecorder.RecordEnd: test: Unit_Testovi.NoviTestovi.TestDodajNastavakIstiGlumci execution completed.
TpTrace Verbose: 0 : 2192, 4, 2020/12/02, 02:57:17.723, 825957591697, testhost.dll, TestExecutionRecorder.RecordResult: Received result for test: Unit_Testovi.NoviTestovi.TestDodajNastavakIstiGlumci.
TpTrace Warning: 0 : 2192, 4, 2020/12/02, 02:57:17.723, 825957591966, testhost.dll, InProgressTests is null
TpTrace Warning: 0 : 2192, 4, 2020/12/02, 02:57:17.723, 825957592118, testhost.dll, TestRunCache: No test found corresponding to testResult 'TestDodajNastavakIstiGlumci  Failed
  Message: Assert.IsTrue failed. 
  StackTrace:
   at Unit_Testovi.NoviTestovi.TestDodajNastavakIstiGlumci() in C:\Users\Emir\source\repos\VVS-ZADACA2\Filmoteka\Unit Testovi\NoviTestovi.cs:line 42
' in inProgress list.
TpTrace Verbose: 0 : 2192, 4, 2020/12/02, 02:57:17.723, 825957592474, testhost.dll, TestExecutionRecorder.RecordStart: Starting test: Unit_Testovi.NoviTestovi.TestDodajNastavakRazlicitiGlumci.
TpTrace Verbose: 0 : 2192, 4, 2020/12/02, 02:57:17.726, 825957601669, testhost.dll, TestExecutionRecorder.RecordEnd: test: Unit_Testovi.NoviTestovi.TestDodajNastavakRazlicitiGlumci execution completed.
TpTrace Verbose: 0 : 2192, 4, 2020/12/02, 02:57:17.728, 825957607451, testhost.dll, TestExecutionRecorder.RecordResult: Received result for test: Unit_Testovi.NoviTestovi.TestDodajNastavakRazlicitiGlumci.
TpTrace Warning: 0 : 2192, 4, 2020/12/02, 02:57:17.728, 825957607703, testhost.dll, InProgressTests is null
TpTrace Warning: 0 : 2192, 4, 2020/12/02, 02:57:17.728, 825957607918, testhost.dll, TestRunCache: No test found corresponding to testResult 'TestDodajNastavakRazlicitiGlumci  Failed
  Message: Assert.IsTrue failed. 
  StackTrace:
   at Unit_Testovi.NoviTestovi.TestDodajNastavakRazlicitiGlumci() in C:\Users\Emir\source\repos\VVS-ZADACA2\Filmoteka\Unit Testovi\NoviTestovi.cs:line 55
' in inProgress list.
TpTrace Verbose: 0 : 2192, 4, 2020/12/02, 02:57:17.728, 825957608105, testhost.dll, TestExecutionRecorder.RecordStart: Starting test: Unit_Testovi.NoviTestovi.TestDodajNastavakIzuzetak.
TpTrace Verbose: 0 : 2192, 4, 2020/12/02, 02:57:17.732, 825957617567, testhost.dll, TestExecutionRecorder.RecordEnd: test: Unit_Testovi.NoviTestovi.TestDodajNastavakIzuzetak execution completed.
TpTrace Verbose: 0 : 2192, 4, 2020/12/02, 02:57:17.734, 825957624855, testhost.dll, TestExecutionRecorder.RecordResult: Received result for test: Unit_Testovi.NoviTestovi.TestDodajNastavakIzuzetak.
TpTrace Warning: 0 : 2192, 4, 2020/12/02, 02:57:17.734, 825957625147, testhost.dll, InProgressTests is null
TpTrace Warning: 0 : 2192, 4, 2020/12/02, 02:57:17.734, 825957625301, testhost.dll, TestRunCache: No test found corresponding to testResult 'TestDodajNastavakIzuzetak  Failed
  Message: Test method did not throw expected exception System.ArgumentNullException. ' in inProgress list.
TpTrace Verbose: 0 : 2192, 4, 2020/12/02, 02:57:17.734, 825957625512, testhost.dll, TestExecutionRecorder.RecordStart: Starting test: Unit_Testovi.NoviTestovi.TestDajSveFilmoveSGLumcima2.
TpTrace Verbose: 0 : 2192, 4, 2020/12/02, 02:57:17.740, 825957642955, testhost.dll, TestExecutionRecorder.RecordEnd: test: Unit_Testovi.NoviTestovi.TestDajSveFilmoveSGLumcima2 execution completed.
TpTrace Verbose: 0 : 2192, 4, 2020/12/02, 02:57:17.742, 825957650858, testhost.dll, TestExecutionRecorder.RecordResult: Received result for test: Unit_Testovi.NoviTestovi.TestDajSveFilmoveSGLumcima2.
TpTrace Warning: 0 : 2192, 4, 2020/12/02, 02:57:17.743, 825957651202, testhost.dll, InProgressTests is null
TpTrace Warning: 0 : 2192, 4, 2020/12/02, 02:57:17.743, 825957652171, testhost.dll, TestRunCache: No test found corresponding to testResult 'TestDajSveFilmoveSGLumcima2  Failed
  Message: Assert.IsTrue failed. 
  StackTrace:
   at Unit_Testovi.NoviTestovi.TestDajSveFilmoveSGLumcima2() in C:\Users\Emir\source\repos\VVS-ZADACA2\Filmoteka\Unit Testovi\NoviTestovi.cs:line 83

  Test Messages:
  StdOutMsgs:
4
' in inProgress list.
TpTrace Verbose: 0 : 2192, 4, 2020/12/02, 02:57:17.743, 825957652395, testhost.dll, TestExecutionRecorder.RecordStart: Starting test: Unit_Testovi.NoviTestovi.TestDajSrednjuOcjenuSvihFilmova.
TpTrace Verbose: 0 : 2192, 4, 2020/12/02, 02:57:17.747, 825957664108, testhost.dll, TestExecutionRecorder.RecordEnd: test: Unit_Testovi.NoviTestovi.TestDajSrednjuOcjenuSvihFilmova execution completed.
TpTrace Verbose: 0 : 2192, 4, 2020/12/02, 02:57:17.749, 825957671896, testhost.dll, TestExecutionRecorder.RecordResult: Received result for test: Unit_Testovi.NoviTestovi.TestDajSrednjuOcjenuSvihFilmova.
TpTrace Warning: 0 : 2192, 4, 2020/12/02, 02:57:17.749, 825957672145, testhost.dll, InProgressTests is null
TpTrace Warning: 0 : 2192, 4, 2020/12/02, 02:57:17.750, 825957672875, testhost.dll, TestRunCache: No test found corresponding to testResult 'TestDajSrednjuOcjenuSvihFilmova  Passed' in inProgress list.
TpTrace Verbose: 0 : 2192, 4, 2020/12/02, 02:57:17.750, 825957673101, testhost.dll, TestExecutionRecorder.RecordStart: Starting test: Unit_Testovi.NoviTestovi.TestDajSrednjuOcjenuSvihFilmovaPrazan.
TpTrace Verbose: 0 : 2192, 4, 2020/12/02, 02:57:17.753, 825957683940, testhost.dll, TestExecutionRecorder.RecordEnd: test: Unit_Testovi.NoviTestovi.TestDajSrednjuOcjenuSvihFilmovaPrazan execution completed.
TpTrace Verbose: 0 : 2192, 4, 2020/12/02, 02:57:17.755, 825957689697, testhost.dll, TestExecutionRecorder.RecordResult: Received result for test: Unit_Testovi.NoviTestovi.TestDajSrednjuOcjenuSvihFilmovaPrazan.
TpTrace Warning: 0 : 2192, 4, 2020/12/02, 02:57:17.755, 825957689934, testhost.dll, InProgressTests is null
TpTrace Warning: 0 : 2192, 4, 2020/12/02, 02:57:17.755, 825957690087, testhost.dll, TestRunCache: No test found corresponding to testResult 'TestDajSrednjuOcjenuSvihFilmovaPrazan  Passed' in inProgress list.
TpTrace Verbose: 0 : 2192, 4, 2020/12/02, 02:57:17.755, 825957690223, testhost.dll, TestExecutionRecorder.RecordStart: Starting test: Unit_Testovi.NoviTestovi.TestWatchlistKonstruktorIzuzetak.
TpTrace Verbose: 0 : 2192, 4, 2020/12/02, 02:57:17.758, 825957697260, testhost.dll, TestExecutionRecorder.RecordEnd: test: Unit_Testovi.NoviTestovi.TestWatchlistKonstruktorIzuzetak execution completed.
TpTrace Verbose: 0 : 2192, 4, 2020/12/02, 02:57:17.760, 825957702759, testhost.dll, TestExecutionRecorder.RecordResult: Received result for test: Unit_Testovi.NoviTestovi.TestWatchlistKonstruktorIzuzetak.
TpTrace Warning: 0 : 2192, 4, 2020/12/02, 02:57:17.760, 825957703017, testhost.dll, InProgressTests is null
TpTrace Warning: 0 : 2192, 4, 2020/12/02, 02:57:17.760, 825957703147, testhost.dll, TestRunCache: No test found corresponding to testResult 'TestWatchlistKonstruktorIzuzetak  Passed' in inProgress list.
TpTrace Verbose: 0 : 2192, 4, 2020/12/02, 02:57:17.760, 825957703300, testhost.dll, TestExecutionRecorder.RecordStart: Starting test: Unit_Testovi.NoviTestovi.TestProdužiRokValidan.
TpTrace Verbose: 0 : 2192, 4, 2020/12/02, 02:57:17.766, 825957721750, testhost.dll, TestExecutionRecorder.RecordEnd: test: Unit_Testovi.NoviTestovi.TestProdužiRokValidan execution completed.
TpTrace Verbose: 0 : 2192, 4, 2020/12/02, 02:57:17.771, 825957737663, testhost.dll, TestExecutionRecorder.RecordResult: Received result for test: Unit_Testovi.NoviTestovi.TestProdužiRokValidan.
TpTrace Warning: 0 : 2192, 4, 2020/12/02, 02:57:17.771, 825957737898, testhost.dll, InProgressTests is null
TpTrace Warning: 0 : 2192, 4, 2020/12/02, 02:57:17.771, 825957738046, testhost.dll, TestRunCache: No test found corresponding to testResult 'TestProdužiRokValidan  Passed' in inProgress list.
TpTrace Verbose: 0 : 2192, 4, 2020/12/02, 02:57:17.771, 825957738206, testhost.dll, TestExecutionRecorder.RecordStart: Starting test: Unit_Testovi.NoviTestovi.TestAutomatskiKorisničkiPodaciIzuzetak.
TpTrace Information: 0 : 2192, 4, 2020/12/02, 02:57:17.774, 825957746182, testhost.dll, Sending test run statistics
TpTrace Verbose: 0 : 2192, 4, 2020/12/02, 02:57:17.823, 825957895639, testhost.dll, TestRequestHandler.SendData:  sending data from testhost: {"Version":2,"MessageType":"TestExecution.StatsChange","Payload":{"NewTestResults":[{"TestCase":{"Id":"aef9dec6-1181-fac1-2596-b31421e8da47","FullyQualifiedName":"Unit_Testovi.NoviTestovi.TestZamjenskiObjekat","DisplayName":"TestZamjenskiObjekat","ExecutorUri":"executor://MSTestAdapter/v2","Source":"C:\\Users\\Emir\\source\\repos\\VVS-ZADACA2\\Filmoteka\\Unit Testovi\\bin\\Debug\\fine-code-coverage\\Unit Testovi.dll","CodeFilePath":null,"LineNumber":-1,"Properties":[{"Key":{"Id":"MSTestDiscoverer.TestClassName","Label":"ClassName","Category":"","Description":"","Attributes":1,"ValueType":"System.String"},"Value":"Unit_Testovi.NoviTestovi"},{"Key":{"Id":"TestObject.Traits","Label":"Traits","Category":"","Description":"","Attributes":5,"ValueType":"System.Collections.Generic.KeyValuePair`2[[System.String],[System.String]][]"},"Value":[]}]},"Attachments":[],"Outcome":2,"ErrorMessage":"Test method Unit_Testovi.NoviTestovi.TestZamjenskiObjekat threw exception: \r\nSystem.NotImplementedException: The method or operation is not implemented.","ErrorStackTrace":"    at Filmoteka.Reziser.DaLiJeReziraoFilm(Film f) in C:\\Users\\Emir\\source\\repos\\VVS-ZADACA2\\Filmoteka\\Filmoteka\\Reziser.cs:line 15\r\n   at Filmoteka.Filmoteka.DajSveFilmoveZaRezisera(IReziser reziser) in C:\\Users\\Emir\\source\\repos\\VVS-ZADACA2\\Filmoteka\\Filmoteka\\Filmoteka.cs:line 97\r\n   at Unit_Testovi.NoviTestovi.TestZamjenskiObjekat() in C:\\Users\\Emir\\source\\repos\\VVS-ZADACA2\\Filmoteka\\Unit Testovi\\NoviTestovi.cs:line 23\r\n","DisplayName":null,"Messages":[],"ComputerName":null,"Duration":"00:00:00.0354004","StartTime":"2020-12-02T02:57:17.5885902+01:00","EndTime":"2020-12-02T02:57:17.6625944+01:00","Properties":[{"Key":{"Id":"ExecutionId","Label":"ExecutionId","Category":"","Description":"","Attributes":1,"ValueType":"System.Guid"},"Value":"00000000-0000-0000-0000-000000000000"},{"Key":{"Id":"ParentExecId","Label":"ParentExecId","Category":"","Description":"","Attributes":1,"ValueType":"System.Guid"},"Value":"00000000-0000-0000-0000-000000000000"},{"Key":{"Id":"InnerResultsCount","Label":"InnerResultsCount","Category":"","Description":"","Attributes":1,"ValueType":"System.Int32"},"Value":0}]},{"TestCase":{"Id":"307a9543-71bf-45b1-736e-e86a33581b25","FullyQualifiedName":"Unit_Testovi.NoviTestovi.TestDodajNastavakIstiGlumci","DisplayName":"TestDodajNastavakIstiGlumci","ExecutorUri":"executor://MSTestAdapter/v2","Source":"C:\\Users\\Emir\\source\\repos\\VVS-ZADACA2\\Filmoteka\\Unit Testovi\\bin\\Debug\\fine-code-coverage\\Unit Testovi.dll","CodeFilePath":null,"LineNumber":-1,"Properties":[{"Key":{"Id":"MSTestDiscoverer.TestClassName","Label":"ClassName","Category":"","Description":"","Attributes":1,"ValueType":"System.String"},"Value":"Unit_Testovi.NoviTestovi"},{"Key":{"Id":"TestObject.Traits","Label":"Traits","Category":"","Description":"","Attributes":5,"ValueType":"System.Collections.Generic.KeyValuePair`2[[System.String],[System.String]][]"},"Value":[]}]},"Attachments":[],"Outcome":2,"ErrorMessage":"Assert.IsTrue failed. ","ErrorStackTrace":"   at Unit_Testovi.NoviTestovi.TestDodajNastavakIstiGlumci() in C:\\Users\\Emir\\source\\repos\\VVS-ZADACA2\\Filmoteka\\Unit Testovi\\NoviTestovi.cs:line 42\r\n","DisplayName":null,"Messages":[],"ComputerName":null,"Duration":"00:00:00.0039360","StartTime":"2020-12-02T02:57:17.7175975+01:00","EndTime":"2020-12-02T02:57:17.7215978+01:00","Properties":[{"Key":{"Id":"ExecutionId","Label":"ExecutionId","Category":"","Description":"","Attributes":1,"ValueType":"System.Guid"},"Value":"00000000-0000-0000-0000-000000000000"},{"Key":{"Id":"ParentExecId","Label":"ParentExecId","Category":"","Description":"","Attributes":1,"ValueType":"System.Guid"},"Value":"00000000-0000-0000-0000-000000000000"},{"Key":{"Id":"InnerResultsCount","Label":"InnerResultsCount","Category":"","Description":"","Attributes":1,"ValueType":"System.Int32"},"Value":0}]},{"TestCase":{"Id":"ccc8a4b1-0bba-0d1f-634a-2a0e08c0293a","FullyQualifiedName":"Unit_Testovi.NoviTestovi.TestDodajNastavakRazlicitiGlumci","DisplayName":"TestDodajNastavakRazlicitiGlumci","ExecutorUri":"executor://MSTestAdapter/v2","Source":"C:\\Users\\Emir\\source\\repos\\VVS-ZADACA2\\Filmoteka\\Unit Testovi\\bin\\Debug\\fine-code-coverage\\Unit Testovi.dll","CodeFilePath":null,"LineNumber":-1,"Properties":[{"Key":{"Id":"MSTestDiscoverer.TestClassName","Label":"ClassName","Category":"","Description":"","Attributes":1,"ValueType":"System.String"},"Value":"Unit_Testovi.NoviTestovi"},{"Key":{"Id":"TestObject.Traits","Label":"Traits","Category":"","Description":"","Attributes":5,"ValueType":"System.Collections.Generic.KeyValuePair`2[[System.String],[System.String]][]"},"Value":[]}]},"Attachments":[],"Outcome":2,"ErrorMessage":"Assert.IsTrue failed. ","ErrorStackTrace":"   at Unit_Testovi.NoviTestovi.TestDodajNastavakRazlicitiGlumci() in C:\\Users\\Emir\\source\\repos\\VVS-ZADACA2\\Filmoteka\\Unit Testovi\\NoviTestovi.cs:line 55\r\n","DisplayName":null,"Messages":[],"ComputerName":null,"Duration":"00:00:00.0011910","StartTime":"2020-12-02T02:57:17.725598+01:00","EndTime":"2020-12-02T02:57:17.7265981+01:00","Properties":[{"Key":{"Id":"ExecutionId","Label":"ExecutionId","Category":"","Description":"","Attributes":1,"ValueType":"System.Guid"},"Value":"00000000-0000-0000-0000-000000000000"},{"Key":{"Id":"ParentExecId","Label":"ParentExecId","Category":"","Description":"","Attributes":1,"ValueType":"System.Guid"},"Value":"00000000-0000-0000-0000-000000000000"},{"Key":{"Id":"InnerResultsCount","Label":"InnerResultsCount","Category":"","Description":"","Attributes":1,"ValueType":"System.Int32"},"Value":0}]},{"TestCase":{"Id":"83c1ddde-4e31-66fc-a376-4096e8037e77","FullyQualifiedName":"Unit_Testovi.NoviTestovi.TestDodajNastavakIzuzetak","DisplayName":"TestDodajNastavakIzuzetak","ExecutorUri":"executor://MSTestAdapter/v2","Source":"C:\\Users\\Emir\\source\\repos\\VVS-ZADACA2\\Filmoteka\\Unit Testovi\\bin\\Debug\\fine-code-coverage\\Unit Testovi.dll","CodeFilePath":null,"LineNumber":-1,"Properties":[{"Key":{"Id":"MSTestDiscoverer.TestClassName","Label":"ClassName","Category":"","Description":"","Attributes":1,"ValueType":"System.String"},"Value":"Unit_Testovi.NoviTestovi"},{"Key":{"Id":"TestObject.Traits","Label":"Traits","Category":"","Description":"","Attributes":5,"ValueType":"System.Collections.Generic.KeyValuePair`2[[System.String],[System.String]][]"},"Value":[]}]},"Attachments":[],"Outcome":2,"ErrorMessage":"Test method did not throw expected exception System.ArgumentNullException. ","ErrorStackTrace":null,"DisplayName":null,"Messages":[],"ComputerName":null,"Duration":"00:00:00.0009779","StartTime":"2020-12-02T02:57:17.7305983+01:00","EndTime":"2020-12-02T02:57:17.7325984+01:00","Properties":[{"Key":{"Id":"ExecutionId","Label":"ExecutionId","Category":"","Description":"","Attributes":1,"ValueType":"System.Guid"},"Value":"00000000-0000-0000-0000-000000000000"},{"Key":{"Id":"ParentExecId","Label":"ParentExecId","Category":"","Description":"","Attributes":1,"ValueType":"System.Guid"},"Value":"00000000-0000-0000-0000-000000000000"},{"Key":{"Id":"InnerResultsCount","Label":"InnerResultsCount","Category":"","Description":"","Attributes":1,"ValueType":"System.Int32"},"Value":0}]},{"TestCase":{"Id":"b1e684c9-ba75-f6f1-bf40-5e4e7cedaaa8","FullyQualifiedName":"Unit_Testovi.NoviTestovi.TestDajSveFilmoveSGLumcima2","DisplayName":"TestDajSveFilmoveSGLumcima2","ExecutorUri":"executor://MSTestAdapter/v2","Source":"C:\\Users\\Emir\\source\\repos\\VVS-ZADACA2\\Filmoteka\\Unit Testovi\\bin\\Debug\\fine-code-coverage\\Unit Testovi.dll","CodeFilePath":null,"LineNumber":-1,"Properties":[{"Key":{"Id":"MSTestDiscoverer.TestClassName","Label":"ClassName","Category":"","Description":"","Attributes":1,"ValueType":"System.String"},"Value":"Unit_Testovi.NoviTestovi"},{"Key":{"Id":"TestObject.Traits","Label":"Traits","Category":"","Description":"","Attributes":5,"ValueType":"System.Collections.Generic.KeyValuePair`2[[System.String],[System.String]][]"},"Value":[]}]},"Attachments":[],"Outcome":2,"ErrorMessage":"Assert.IsTrue failed. ","ErrorStackTrace":"   at Unit_Testovi.NoviTestovi.TestDajSveFilmoveSGLumcima2() in C:\\Users\\Emir\\source\\repos\\VVS-ZADACA2\\Filmoteka\\Unit Testovi\\NoviTestovi.cs:line 83\r\n","DisplayName":null,"Messages":[{"Category":"StdOutMsgs","Text":"4\r\n"}],"ComputerName":null,"Duration":"00:00:00.0036657","StartTime":"2020-12-02T02:57:17.7365986+01:00","EndTime":"2020-12-02T02:57:17.7405989+01:00","Properties":[{"Key":{"Id":"ExecutionId","Label":"ExecutionId","Category":"","Description":"","Attributes":1,"ValueType":"System.Guid"},"Value":"00000000-0000-0000-0000-000000000000"},{"Key":{"Id":"ParentExecId","Label":"ParentExecId","Category":"","Description":"","Attributes":1,"ValueType":"System.Guid"},"Value":"00000000-0000-0000-0000-000000000000"},{"Key":{"Id":"InnerResultsCount","Label":"InnerResultsCount","Category":"","Description":"","Attributes":1,"ValueType":"System.Int32"},"Value":0}]},{"TestCase":{"Id":"ff1b4d14-945d-8df7-b04f-61053947ac65","FullyQualifiedName":"Unit_Testovi.NoviTestovi.TestDajSrednjuOcjenuSvihFilmova","DisplayName":"TestDajSrednjuOcjenuSvihFilmova","ExecutorUri":"executor://MSTestAdapter/v2","Source":"C:\\Users\\Emir\\source\\repos\\VVS-ZADACA2\\Filmoteka\\Unit Testovi\\bin\\Debug\\fine-code-coverage\\Unit Testovi.dll","CodeFilePath":null,"LineNumber":-1,"Properties":[{"Key":{"Id":"MSTestDiscoverer.TestClassName","Label":"ClassName","Category":"","Description":"","Attributes":1,"ValueType":"System.String"},"Value":"Unit_Testovi.NoviTestovi"},{"Key":{"Id":"TestObject.Traits","Label":"Traits","Category":"","Description":"","Attributes":5,"ValueType":"System.Collections.Generic.KeyValuePair`2[[System.String],[System.String]][]"},"Value":[]}]},"Attachments":[],"Outcome":1,"ErrorMessage":null,"ErrorStackTrace":null,"DisplayName":null,"Messages":[],"ComputerName":null,"Duration":"00:00:00.0019525","StartTime":"2020-12-02T02:57:17.7455991+01:00","EndTime":"2020-12-02T02:57:17.7475993+01:00","Properties":[{"Key":{"Id":"ExecutionId","Label":"ExecutionId","Category":"","Description":"","Attributes":1,"ValueType":"System.Guid"},"Value":"00000000-0000-0000-0000-000000000000"},{"Key":{"Id":"ParentExecId","Label":"ParentExecId","Category":"","Description":"","Attributes":1,"ValueType":"System.Guid"},"Value":"00000000-0000-0000-0000-000000000000"},{"Key":{"Id":"InnerResultsCount","Label":"InnerResultsCount","Category":"","Description":"","Attributes":1,"ValueType":"System.Int32"},"Value":0}]},{"TestCase":{"Id":"5ce7f736-72c3-ced1-6d90-e30c94cad1f2","FullyQualifiedName":"Unit_Testovi.NoviTestovi.TestDajSrednjuOcjenuSvihFilmovaPrazan","DisplayName":"TestDajSrednjuOcjenuSvihFilmovaPrazan","ExecutorUri":"executor://MSTestAdapter/v2","Source":"C:\\Users\\Emir\\source\\repos\\VVS-ZADACA2\\Filmoteka\\Unit Testovi\\bin\\Debug\\fine-code-coverage\\Unit Testovi.dll","CodeFilePath":null,"LineNumber":-1,"Properties":[{"Key":{"Id":"MSTestDiscoverer.TestClassName","Label":"ClassName","Category":"","Description":"","Attributes":1,"ValueType":"System.String"},"Value":"Unit_Testovi.NoviTestovi"},{"Key":{"Id":"TestObject.Traits","Label":"Traits","Category":"","Description":"","Attributes":5,"ValueType":"System.Collections.Generic.KeyValuePair`2[[System.String],[System.String]][]"},"Value":[]}]},"Attachments":[],"Outcome":1,"ErrorMessage":null,"ErrorStackTrace":null,"DisplayName":null,"Messages":[],"ComputerName":null,"Duration":"00:00:00.0011989","StartTime":"2020-12-02T02:57:17.7525995+01:00","EndTime":"2020-12-02T02:57:17.7535996+01:00","Properties":[{"Key":{"Id":"ExecutionId","Label":"ExecutionId","Category":"","Description":"","Attributes":1,"ValueType":"System.Guid"},"Value":"00000000-0000-0000-0000-000000000000"},{"Key":{"Id":"ParentExecId","Label":"ParentExecId","Category":"","Description":"","Attributes":1,"ValueType":"System.Guid"},"Value":"00000000-0000-0000-0000-000000000000"},{"Key":{"Id":"InnerResultsCount","Label":"InnerResultsCount","Category":"","Description":"","Attributes":1,"ValueType":"System.Int32"},"Value":0}]},{"TestCase":{"Id":"f5a195b5-097c-875e-c0c3-04764ba84a21","FullyQualifiedName":"Unit_Testovi.NoviTestovi.TestWatchlistKonstruktorIzuzetak","DisplayName":"TestWatchlistKonstruktorIzuzetak","ExecutorUri":"executor://MSTestAdapter/v2","Source":"C:\\Users\\Emir\\source\\repos\\VVS-ZADACA2\\Filmoteka\\Unit Testovi\\bin\\Debug\\fine-code-coverage\\Unit Testovi.dll","CodeFilePath":null,"LineNumber":-1,"Properties":[{"Key":{"Id":"MSTestDiscoverer.TestClassName","Label":"ClassName","Category":"","Description":"","Attributes":1,"ValueType":"System.String"},"Value":"Unit_Testovi.NoviTestovi"},{"Key":{"Id":"TestObject.Traits","Label":"Traits","Category":"","Description":"","Attributes":5,"ValueType":"System.Collections.Generic.KeyValuePair`2[[System.String],[System.String]][]"},"Value":[]}]},"Attachments":[],"Outcome":1,"ErrorMessage":null,"ErrorStackTrace":null,"DisplayName":null,"Messages":[],"ComputerName":null,"Duration":"00:00:00.0005787","StartTime":"2020-12-02T02:57:17.7575998+01:00","EndTime":"2020-12-02T02:57:17.7585999+01:00","Properties":[{"Key":{"Id":"ExecutionId","Label":"ExecutionId","Category":"","Description":"","Attributes":1,"ValueType":"System.Guid"},"Value":"00000000-0000-0000-0000-000000000000"},{"Key":{"Id":"ParentExecId","Label":"ParentExecId","Category":"","Description":"","Attributes":1,"ValueType":"System.Guid"},"Value":"00000000-0000-0000-0000-000000000000"},{"Key":{"Id":"InnerResultsCount","Label":"InnerResultsCount","Category":"","Description":"","Attributes":1,"ValueType":"System.Int32"},"Value":0}]},{"TestCase":{"Id":"b1426bd4-5b5c-cdf7-b56e-482bb38d32fa","FullyQualifiedName":"Unit_Testovi.NoviTestovi.TestProdužiRokValidan","DisplayName":"TestProdužiRokValidan","ExecutorUri":"executor://MSTestAdapter/v2","Source":"C:\\Users\\Emir\\source\\repos\\VVS-ZADACA2\\Filmoteka\\Unit Testovi\\bin\\Debug\\fine-code-coverage\\Unit Testovi.dll","CodeFilePath":null,"LineNumber":-1,"Properties":[{"Key":{"Id":"MSTestDiscoverer.TestClassName","Label":"ClassName","Category":"","Description":"","Attributes":1,"ValueType":"System.String"},"Value":"Unit_Testovi.NoviTestovi"},{"Key":{"Id":"TestObject.Traits","Label":"Traits","Category":"","Description":"","Attributes":5,"ValueType":"System.Collections.Generic.KeyValuePair`2[[System.String],[System.String]][]"},"Value":[]}]},"Attachments":[],"Outcome":1,"ErrorMessage":null,"ErrorStackTrace":null,"DisplayName":null,"Messages":[],"ComputerName":null,"Duration":"00:00:00.0038657","StartTime":"2020-12-02T02:57:17.7626001+01:00","EndTime":"2020-12-02T02:57:17.7666003+01:00","Properties":[{"Key":{"Id":"ExecutionId","Label":"ExecutionId","Category":"","Description":"","Attributes":1,"ValueType":"System.Guid"},"Value":"00000000-0000-0000-0000-000000000000"},{"Key":{"Id":"ParentExecId","Label":"ParentExecId","Category":"","Description":"","Attributes":1,"ValueType":"System.Guid"},"Value":"00000000-0000-0000-0000-000000000000"},{"Key":{"Id":"InnerResultsCount","Label":"InnerResultsCount","Category":"","Description":"","Attributes":1,"ValueType":"System.Int32"},"Value":0}]}],"TestRunStatistics":{"ExecutedTests":9,"Stats":{"Failed":5,"Passed":4}},"ActiveTests":[{"Id":"cad8ba2a-9c27-403a-f461-230cd3f8eda3","FullyQualifiedName":"Unit_Testovi.NoviTestovi.TestAutomatskiKorisničkiPodaciIzuzetak","DisplayName":"TestAutomatskiKorisničkiPodaciIzuzetak","ExecutorUri":"executor://MSTestAdapter/v2","Source":"C:\\Users\\Emir\\source\\repos\\VVS-ZADACA2\\Filmoteka\\Unit Testovi\\bin\\Debug\\fine-code-coverage\\Unit Testovi.dll","CodeFilePath":null,"LineNumber":-1,"Properties":[{"Key":{"Id":"MSTestDiscoverer.TestClassName","Label":"ClassName","Category":"","Description":"","Attributes":1,"ValueType":"System.String"},"Value":"Unit_Testovi.NoviTestovi"},{"Key":{"Id":"TestObject.Traits","Label":"Traits","Category":"","Description":"","Attributes":5,"ValueType":"System.Collections.Generic.KeyValuePair`2[[System.String],[System.String]][]"},"Value":[]}]}]}}
TpTrace Verbose: 0 : 2192, 4, 2020/12/02, 02:57:17.824, 825957897890, testhost.dll, TestRunCache: OnNewTestResult: Notified the onCacheHit callback.
TpTrace Verbose: 0 : 2192, 4, 2020/12/02, 02:57:17.830, 825957915713, testhost.dll, TestExecutionRecorder.RecordEnd: test: Unit_Testovi.NoviTestovi.TestAutomatskiKorisničkiPodaciIzuzetak execution completed.
TpTrace Warning: 0 : 2192, 4, 2020/12/02, 02:57:17.830, 825957915893, testhost.dll, InProgressTests is null
TpTrace Verbose: 0 : 2192, 4, 2020/12/02, 02:57:17.832, 825957921760, testhost.dll, TestExecutionRecorder.RecordResult: Received result for test: Unit_Testovi.NoviTestovi.TestAutomatskiKorisničkiPodaciIzuzetak.
TpTrace Warning: 0 : 2192, 4, 2020/12/02, 02:57:17.832, 825957922013, testhost.dll, InProgressTests is null
TpTrace Warning: 0 : 2192, 4, 2020/12/02, 02:57:17.832, 825957922180, testhost.dll, TestRunCache: No test found corresponding to testResult 'TestAutomatskiKorisničkiPodaciIzuzetak  Passed' in inProgress list.
TpTrace Verbose: 0 : 2192, 4, 2020/12/02, 02:57:17.832, 825957922343, testhost.dll, TestExecutionRecorder.RecordStart: Starting test: Unit_Testovi.NoviTestovi.TestAutomatskiKorisničkiPodaciUsername.
TpTrace Verbose: 0 : 2192, 4, 2020/12/02, 02:57:17.834, 825957929998, testhost.dll, TestExecutionRecorder.RecordEnd: test: Unit_Testovi.NoviTestovi.TestAutomatskiKorisničkiPodaciUsername execution completed.
TpTrace Verbose: 0 : 2192, 4, 2020/12/02, 02:57:17.836, 825957935172, testhost.dll, TestExecutionRecorder.RecordResult: Received result for test: Unit_Testovi.NoviTestovi.TestAutomatskiKorisničkiPodaciUsername.
TpTrace Warning: 0 : 2192, 4, 2020/12/02, 02:57:17.836, 825957935355, testhost.dll, InProgressTests is null
TpTrace Warning: 0 : 2192, 4, 2020/12/02, 02:57:17.836, 825957935484, testhost.dll, TestRunCache: No test found corresponding to testResult 'TestAutomatskiKorisničkiPodaciUsername  Passed' in inProgress list.
TpTrace Verbose: 0 : 2192, 4, 2020/12/02, 02:57:17.836, 825957935645, testhost.dll, TestExecutionRecorder.RecordStart: Starting test: Unit_Testovi.NoviTestovi.TestAutomatskiKorisničkiPodaciPassword.
TpTrace Verbose: 0 : 2192, 4, 2020/12/02, 02:57:17.838, 825957941175, testhost.dll, TestExecutionRecorder.RecordEnd: test: Unit_Testovi.NoviTestovi.TestAutomatskiKorisničkiPodaciPassword execution completed.
TpTrace Verbose: 0 : 2192, 4, 2020/12/02, 02:57:17.840, 825957946629, testhost.dll, TestExecutionRecorder.RecordResult: Received result for test: Unit_Testovi.NoviTestovi.TestAutomatskiKorisničkiPodaciPassword.
TpTrace Warning: 0 : 2192, 4, 2020/12/02, 02:57:17.840, 825957946840, testhost.dll, InProgressTests is null
TpTrace Warning: 0 : 2192, 4, 2020/12/02, 02:57:17.840, 825957946968, testhost.dll, TestRunCache: No test found corresponding to testResult 'TestAutomatskiKorisničkiPodaciPassword  Passed' in inProgress list.
TpTrace Verbose: 0 : 2192, 4, 2020/12/02, 02:57:17.840, 825957947119, testhost.dll, TestExecutionRecorder.RecordStart: Starting test: Unit_Testovi.NoviTestovi.TestGostKonstruktorIzuzetakUsername.
TpTrace Verbose: 0 : 2192, 4, 2020/12/02, 02:57:17.842, 825957954401, testhost.dll, TestExecutionRecorder.RecordEnd: test: Unit_Testovi.NoviTestovi.TestGostKonstruktorIzuzetakUsername execution completed.
TpTrace Verbose: 0 : 2192, 4, 2020/12/02, 02:57:17.844, 825957959946, testhost.dll, TestExecutionRecorder.RecordResult: Received result for test: Unit_Testovi.NoviTestovi.TestGostKonstruktorIzuzetakUsername.
TpTrace Warning: 0 : 2192, 4, 2020/12/02, 02:57:17.844, 825957960233, testhost.dll, InProgressTests is null
TpTrace Warning: 0 : 2192, 4, 2020/12/02, 02:57:17.844, 825957960395, testhost.dll, TestRunCache: No test found corresponding to testResult 'TestGostKonstruktorIzuzetakUsername  Passed' in inProgress list.
TpTrace Verbose: 0 : 2192, 4, 2020/12/02, 02:57:17.844, 825957960574, testhost.dll, TestExecutionRecorder.RecordStart: Starting test: Unit_Testovi.NoviTestovi.TestGostKonstruktorIzuzetakPassword.
TpTrace Verbose: 0 : 2192, 4, 2020/12/02, 02:57:17.846, 825957967020, testhost.dll, TestExecutionRecorder.RecordEnd: test: Unit_Testovi.NoviTestovi.TestGostKonstruktorIzuzetakPassword execution completed.
TpTrace Verbose: 0 : 2192, 4, 2020/12/02, 02:57:17.848, 825957972330, testhost.dll, TestExecutionRecorder.RecordResult: Received result for test: Unit_Testovi.NoviTestovi.TestGostKonstruktorIzuzetakPassword.
TpTrace Warning: 0 : 2192, 4, 2020/12/02, 02:57:17.848, 825957972545, testhost.dll, InProgressTests is null
TpTrace Warning: 0 : 2192, 4, 2020/12/02, 02:57:17.848, 825957972674, testhost.dll, TestRunCache: No test found corresponding to testResult 'TestGostKonstruktorIzuzetakPassword  Passed' in inProgress list.
TpTrace Verbose: 0 : 2192, 4, 2020/12/02, 02:57:17.848, 825957972822, testhost.dll, TestExecutionRecorder.RecordStart: Starting test: Unit_Testovi.NoviTestovi.TestGostKonstruktorIzuzetakIme.
TpTrace Verbose: 0 : 2192, 4, 2020/12/02, 02:57:17.851, 825957979708, testhost.dll, TestExecutionRecorder.RecordEnd: test: Unit_Testovi.NoviTestovi.TestGostKonstruktorIzuzetakIme execution completed.
TpTrace Verbose: 0 : 2192, 4, 2020/12/02, 02:57:17.852, 825957985114, testhost.dll, TestExecutionRecorder.RecordResult: Received result for test: Unit_Testovi.NoviTestovi.TestGostKonstruktorIzuzetakIme.
TpTrace Warning: 0 : 2192, 4, 2020/12/02, 02:57:17.852, 825957985392, testhost.dll, InProgressTests is null
TpTrace Warning: 0 : 2192, 4, 2020/12/02, 02:57:17.853, 825957985583, testhost.dll, TestRunCache: No test found corresponding to testResult 'TestGostKonstruktorIzuzetakIme  Passed' in inProgress list.
TpTrace Verbose: 0 : 2192, 4, 2020/12/02, 02:57:17.853, 825957985811, testhost.dll, TestExecutionRecorder.RecordStart: Starting test: Unit_Testovi.NoviTestovi.TestGostKonstruktorIzuzetakPrezime.
TpTrace Verbose: 0 : 2192, 4, 2020/12/02, 02:57:17.855, 825957993546, testhost.dll, TestExecutionRecorder.RecordEnd: test: Unit_Testovi.NoviTestovi.TestGostKonstruktorIzuzetakPrezime execution completed.
TpTrace Verbose: 0 : 2192, 4, 2020/12/02, 02:57:17.857, 825957999275, testhost.dll, TestExecutionRecorder.RecordResult: Received result for test: Unit_Testovi.NoviTestovi.TestGostKonstruktorIzuzetakPrezime.
TpTrace Warning: 0 : 2192, 4, 2020/12/02, 02:57:17.857, 825957999499, testhost.dll, InProgressTests is null
TpTrace Warning: 0 : 2192, 4, 2020/12/02, 02:57:17.857, 825957999628, testhost.dll, TestRunCache: No test found corresponding to testResult 'TestGostKonstruktorIzuzetakPrezime  Passed' in inProgress list.
TpTrace Verbose: 0 : 2192, 4, 2020/12/02, 02:57:17.857, 825957999780, testhost.dll, TestExecutionRecorder.RecordStart: Starting test: Unit_Testovi.NoviTestovi.TestGostKonstruktor.
TpTrace Verbose: 0 : 2192, 4, 2020/12/02, 02:57:17.859, 825958005108, testhost.dll, TestExecutionRecorder.RecordEnd: test: Unit_Testovi.NoviTestovi.TestGostKonstruktor execution completed.
TpTrace Verbose: 0 : 2192, 4, 2020/12/02, 02:57:17.861, 825958010823, testhost.dll, TestExecutionRecorder.RecordResult: Received result for test: Unit_Testovi.NoviTestovi.TestGostKonstruktor.
TpTrace Warning: 0 : 2192, 4, 2020/12/02, 02:57:17.861, 825958011049, testhost.dll, InProgressTests is null
TpTrace Warning: 0 : 2192, 4, 2020/12/02, 02:57:17.861, 825958011235, testhost.dll, TestRunCache: No test found corresponding to testResult 'TestGostKonstruktor  Passed' in inProgress list.
TpTrace Verbose: 0 : 2192, 4, 2020/12/02, 02:57:17.861, 825958011382, testhost.dll, TestExecutionRecorder.RecordStart: Starting test: Unit_Testovi.NoviTestovi.TestProduziRokIzuzetak.
TpTrace Verbose: 0 : 2192, 4, 2020/12/02, 02:57:17.863, 825958018454, testhost.dll, TestExecutionRecorder.RecordEnd: test: Unit_Testovi.NoviTestovi.TestProduziRokIzuzetak execution completed.
TpTrace Verbose: 0 : 2192, 4, 2020/12/02, 02:57:17.865, 825958023589, testhost.dll, TestExecutionRecorder.RecordResult: Received result for test: Unit_Testovi.NoviTestovi.TestProduziRokIzuzetak.
TpTrace Warning: 0 : 2192, 4, 2020/12/02, 02:57:17.865, 825958023814, testhost.dll, InProgressTests is null
TpTrace Warning: 0 : 2192, 4, 2020/12/02, 02:57:17.865, 825958023942, testhost.dll, TestRunCache: No test found corresponding to testResult 'TestProduziRokIzuzetak  Passed' in inProgress list.
TpTrace Verbose: 0 : 2192, 4, 2020/12/02, 02:57:17.865, 825958024088, testhost.dll, TestExecutionRecorder.RecordStart: Starting test: Unit_Testovi.NoviTestovi.TestClanKonstruktor.
TpTrace Information: 0 : 2192, 4, 2020/12/02, 02:57:17.865, 825958024297, testhost.dll, Sending test run statistics
TpTrace Verbose: 0 : 2192, 4, 2020/12/02, 02:57:17.868, 825958032955, testhost.dll, TestRequestHandler.SendData:  sending data from testhost: {"Version":2,"MessageType":"TestExecution.StatsChange","Payload":{"NewTestResults":[{"TestCase":{"Id":"cad8ba2a-9c27-403a-f461-230cd3f8eda3","FullyQualifiedName":"Unit_Testovi.NoviTestovi.TestAutomatskiKorisničkiPodaciIzuzetak","DisplayName":"TestAutomatskiKorisničkiPodaciIzuzetak","ExecutorUri":"executor://MSTestAdapter/v2","Source":"C:\\Users\\Emir\\source\\repos\\VVS-ZADACA2\\Filmoteka\\Unit Testovi\\bin\\Debug\\fine-code-coverage\\Unit Testovi.dll","CodeFilePath":null,"LineNumber":-1,"Properties":[{"Key":{"Id":"MSTestDiscoverer.TestClassName","Label":"ClassName","Category":"","Description":"","Attributes":1,"ValueType":"System.String"},"Value":"Unit_Testovi.NoviTestovi"},{"Key":{"Id":"TestObject.Traits","Label":"Traits","Category":"","Description":"","Attributes":5,"ValueType":"System.Collections.Generic.KeyValuePair`2[[System.String],[System.String]][]"},"Value":[]}]},"Attachments":[],"Outcome":1,"ErrorMessage":null,"ErrorStackTrace":null,"DisplayName":null,"Messages":[],"ComputerName":null,"Duration":"00:00:00.0036546","StartTime":"2020-12-02T02:57:17.8266038+01:00","EndTime":"2020-12-02T02:57:17.830604+01:00","Properties":[{"Key":{"Id":"ExecutionId","Label":"ExecutionId","Category":"","Description":"","Attributes":1,"ValueType":"System.Guid"},"Value":"00000000-0000-0000-0000-000000000000"},{"Key":{"Id":"ParentExecId","Label":"ParentExecId","Category":"","Description":"","Attributes":1,"ValueType":"System.Guid"},"Value":"00000000-0000-0000-0000-000000000000"},{"Key":{"Id":"InnerResultsCount","Label":"InnerResultsCount","Category":"","Description":"","Attributes":1,"ValueType":"System.Int32"},"Value":0}]},{"TestCase":{"Id":"34271688-a4e2-dbb0-0f29-edee8d7255ec","FullyQualifiedName":"Unit_Testovi.NoviTestovi.TestAutomatskiKorisničkiPodaciUsername","DisplayName":"TestAutomatskiKorisničkiPodaciUsername","ExecutorUri":"executor://MSTestAdapter/v2","Source":"C:\\Users\\Emir\\source\\repos\\VVS-ZADACA2\\Filmoteka\\Unit Testovi\\bin\\Debug\\fine-code-coverage\\Unit Testovi.dll","CodeFilePath":null,"LineNumber":-1,"Properties":[{"Key":{"Id":"MSTestDiscoverer.TestClassName","Label":"ClassName","Category":"","Description":"","Attributes":1,"ValueType":"System.String"},"Value":"Unit_Testovi.NoviTestovi"},{"Key":{"Id":"TestObject.Traits","Label":"Traits","Category":"","Description":"","Attributes":5,"ValueType":"System.Collections.Generic.KeyValuePair`2[[System.String],[System.String]][]"},"Value":[]}]},"Attachments":[],"Outcome":1,"ErrorMessage":null,"ErrorStackTrace":null,"DisplayName":null,"Messages":[],"ComputerName":null,"Duration":"00:00:00.0008559","StartTime":"2020-12-02T02:57:17.8336042+01:00","EndTime":"2020-12-02T02:57:17.8346042+01:00","Properties":[{"Key":{"Id":"ExecutionId","Label":"ExecutionId","Category":"","Description":"","Attributes":1,"ValueType":"System.Guid"},"Value":"00000000-0000-0000-0000-000000000000"},{"Key":{"Id":"ParentExecId","Label":"ParentExecId","Category":"","Description":"","Attributes":1,"ValueType":"System.Guid"},"Value":"00000000-0000-0000-0000-000000000000"},{"Key":{"Id":"InnerResultsCount","Label":"InnerResultsCount","Category":"","Description":"","Attributes":1,"ValueType":"System.Int32"},"Value":0}]},{"TestCase":{"Id":"3e680ae4-a773-3605-0554-850350f5daa3","FullyQualifiedName":"Unit_Testovi.NoviTestovi.TestAutomatskiKorisničkiPodaciPassword","DisplayName":"TestAutomatskiKorisničkiPodaciPassword","ExecutorUri":"executor://MSTestAdapter/v2","Source":"C:\\Users\\Emir\\source\\repos\\VVS-ZADACA2\\Filmoteka\\Unit Testovi\\bin\\Debug\\fine-code-coverage\\Unit Testovi.dll","CodeFilePath":null,"LineNumber":-1,"Properties":[{"Key":{"Id":"MSTestDiscoverer.TestClassName","Label":"ClassName","Category":"","Description":"","Attributes":1,"ValueType":"System.String"},"Value":"Unit_Testovi.NoviTestovi"},{"Key":{"Id":"TestObject.Traits","Label":"Traits","Category":"","Description":"","Attributes":5,"ValueType":"System.Collections.Generic.KeyValuePair`2[[System.String],[System.String]][]"},"Value":[]}]},"Attachments":[],"Outcome":1,"ErrorMessage":null,"ErrorStackTrace":null,"DisplayName":null,"Messages":[],"ComputerName":null,"Duration":"00:00:00.0002403","StartTime":"2020-12-02T02:57:17.8386045+01:00","EndTime":"2020-12-02T02:57:17.8386045+01:00","Properties":[{"Key":{"Id":"ExecutionId","Label":"ExecutionId","Category":"","Description":"","Attributes":1,"ValueType":"System.Guid"},"Value":"00000000-0000-0000-0000-000000000000"},{"Key":{"Id":"ParentExecId","Label":"ParentExecId","Category":"","Description":"","Attributes":1,"ValueType":"System.Guid"},"Value":"00000000-0000-0000-0000-000000000000"},{"Key":{"Id":"InnerResultsCount","Label":"InnerResultsCount","Category":"","Description":"","Attributes":1,"ValueType":"System.Int32"},"Value":0}]},{"TestCase":{"Id":"39b408a3-583c-b5a0-7503-f509f012c8d2","FullyQualifiedName":"Unit_Testovi.NoviTestovi.TestGostKonstruktorIzuzetakUsername","DisplayName":"TestGostKonstruktorIzuzetakUsername","ExecutorUri":"executor://MSTestAdapter/v2","Source":"C:\\Users\\Emir\\source\\repos\\VVS-ZADACA2\\Filmoteka\\Unit Testovi\\bin\\Debug\\fine-code-coverage\\Unit Testovi.dll","CodeFilePath":null,"LineNumber":-1,"Properties":[{"Key":{"Id":"MSTestDiscoverer.TestClassName","Label":"ClassName","Category":"","Description":"","Attributes":1,"ValueType":"System.String"},"Value":"Unit_Testovi.NoviTestovi"},{"Key":{"Id":"TestObject.Traits","Label":"Traits","Category":"","Description":"","Attributes":5,"ValueType":"System.Collections.Generic.KeyValuePair`2[[System.String],[System.String]][]"},"Value":[]}]},"Attachments":[],"Outcome":1,"ErrorMessage":null,"ErrorStackTrace":null,"DisplayName":null,"Messages":[],"ComputerName":null,"Duration":"00:00:00.0005846","StartTime":"2020-12-02T02:57:17.8416046+01:00","EndTime":"2020-12-02T02:57:17.8426047+01:00","Properties":[{"Key":{"Id":"ExecutionId","Label":"ExecutionId","Category":"","Description":"","Attributes":1,"ValueType":"System.Guid"},"Value":"00000000-0000-0000-0000-000000000000"},{"Key":{"Id":"ParentExecId","Label":"ParentExecId","Category":"","Description":"","Attributes":1,"ValueType":"System.Guid"},"Value":"00000000-0000-0000-0000-000000000000"},{"Key":{"Id":"InnerResultsCount","Label":"InnerResultsCount","Category":"","Description":"","Attributes":1,"ValueType":"System.Int32"},"Value":0}]},{"TestCase":{"Id":"86fa567a-4e12-53dd-0313-f751ffd2eb88","FullyQualifiedName":"Unit_Testovi.NoviTestovi.TestGostKonstruktorIzuzetakPassword","DisplayName":"TestGostKonstruktorIzuzetakPassword","ExecutorUri":"executor://MSTestAdapter/v2","Source":"C:\\Users\\Emir\\source\\repos\\VVS-ZADACA2\\Filmoteka\\Unit Testovi\\bin\\Debug\\fine-code-coverage\\Unit Testovi.dll","CodeFilePath":null,"LineNumber":-1,"Properties":[{"Key":{"Id":"MSTestDiscoverer.TestClassName","Label":"ClassName","Category":"","Description":"","Attributes":1,"ValueType":"System.String"},"Value":"Unit_Testovi.NoviTestovi"},{"Key":{"Id":"TestObject.Traits","Label":"Traits","Category":"","Description":"","Attributes":5,"ValueType":"System.Collections.Generic.KeyValuePair`2[[System.String],[System.String]][]"},"Value":[]}]},"Attachments":[],"Outcome":1,"ErrorMessage":null,"ErrorStackTrace":null,"DisplayName":null,"Messages":[],"ComputerName":null,"Duration":"00:00:00.0005363","StartTime":"2020-12-02T02:57:17.8466049+01:00","EndTime":"2020-12-02T02:57:17.8466049+01:00","Properties":[{"Key":{"Id":"ExecutionId","Label":"ExecutionId","Category":"","Description":"","Attributes":1,"ValueType":"System.Guid"},"Value":"00000000-0000-0000-0000-000000000000"},{"Key":{"Id":"ParentExecId","Label":"ParentExecId","Category":"","Description":"","Attributes":1,"ValueType":"System.Guid"},"Value":"00000000-0000-0000-0000-000000000000"},{"Key":{"Id":"InnerResultsCount","Label":"InnerResultsCount","Category":"","Description":"","Attributes":1,"ValueType":"System.Int32"},"Value":0}]},{"TestCase":{"Id":"41fd401d-9afa-9f74-6f5c-6cf219b029c2","FullyQualifiedName":"Unit_Testovi.NoviTestovi.TestGostKonstruktorIzuzetakIme","DisplayName":"TestGostKonstruktorIzuzetakIme","ExecutorUri":"executor://MSTestAdapter/v2","Source":"C:\\Users\\Emir\\source\\repos\\VVS-ZADACA2\\Filmoteka\\Unit Testovi\\bin\\Debug\\fine-code-coverage\\Unit Testovi.dll","CodeFilePath":null,"LineNumber":-1,"Properties":[{"Key":{"Id":"MSTestDiscoverer.TestClassName","Label":"ClassName","Category":"","Description":"","Attributes":1,"ValueType":"System.String"},"Value":"Unit_Testovi.NoviTestovi"},{"Key":{"Id":"TestObject.Traits","Label":"Traits","Category":"","Description":"","Attributes":5,"ValueType":"System.Collections.Generic.KeyValuePair`2[[System.String],[System.String]][]"},"Value":[]}]},"Attachments":[],"Outcome":1,"ErrorMessage":null,"ErrorStackTrace":null,"DisplayName":null,"Messages":[],"ComputerName":null,"Duration":"00:00:00.0005238","StartTime":"2020-12-02T02:57:17.8506051+01:00","EndTime":"2020-12-02T02:57:17.8516052+01:00","Properties":[{"Key":{"Id":"ExecutionId","Label":"ExecutionId","Category":"","Description":"","Attributes":1,"ValueType":"System.Guid"},"Value":"00000000-0000-0000-0000-000000000000"},{"Key":{"Id":"ParentExecId","Label":"ParentExecId","Category":"","Description":"","Attributes":1,"ValueType":"System.Guid"},"Value":"00000000-0000-0000-0000-000000000000"},{"Key":{"Id":"InnerResultsCount","Label":"InnerResultsCount","Category":"","Description":"","Attributes":1,"ValueType":"System.Int32"},"Value":0}]},{"TestCase":{"Id":"5496d222-d9d9-035e-24df-a9776c77309d","FullyQualifiedName":"Unit_Testovi.NoviTestovi.TestGostKonstruktorIzuzetakPrezime","DisplayName":"TestGostKonstruktorIzuzetakPrezime","ExecutorUri":"executor://MSTestAdapter/v2","Source":"C:\\Users\\Emir\\source\\repos\\VVS-ZADACA2\\Filmoteka\\Unit Testovi\\bin\\Debug\\fine-code-coverage\\Unit Testovi.dll","CodeFilePath":null,"LineNumber":-1,"Properties":[{"Key":{"Id":"MSTestDiscoverer.TestClassName","Label":"ClassName","Category":"","Description":"","Attributes":1,"ValueType":"System.String"},"Value":"Unit_Testovi.NoviTestovi"},{"Key":{"Id":"TestObject.Traits","Label":"Traits","Category":"","Description":"","Attributes":5,"ValueType":"System.Collections.Generic.KeyValuePair`2[[System.String],[System.String]][]"},"Value":[]}]},"Attachments":[],"Outcome":1,"ErrorMessage":null,"ErrorStackTrace":null,"DisplayName":null,"Messages":[],"ComputerName":null,"Duration":"00:00:00.0008187","StartTime":"2020-12-02T02:57:17.8546054+01:00","EndTime":"2020-12-02T02:57:17.8556054+01:00","Properties":[{"Key":{"Id":"ExecutionId","Label":"ExecutionId","Category":"","Description":"","Attributes":1,"ValueType":"System.Guid"},"Value":"00000000-0000-0000-0000-000000000000"},{"Key":{"Id":"ParentExecId","Label":"ParentExecId","Category":"","Description":"","Attributes":1,"ValueType":"System.Guid"},"Value":"00000000-0000-0000-0000-000000000000"},{"Key":{"Id":"InnerResultsCount","Label":"InnerResultsCount","Category":"","Description":"","Attributes":1,"ValueType":"System.Int32"},"Value":0}]},{"TestCase":{"Id":"12b3125e-4566-927c-a90b-70d580a15a51","FullyQualifiedName":"Unit_Testovi.NoviTestovi.TestGostKonstruktor","DisplayName":"TestGostKonstruktor","ExecutorUri":"executor://MSTestAdapter/v2","Source":"C:\\Users\\Emir\\source\\repos\\VVS-ZADACA2\\Filmoteka\\Unit Testovi\\bin\\Debug\\fine-code-coverage\\Unit Testovi.dll","CodeFilePath":null,"LineNumber":-1,"Properties":[{"Key":{"Id":"MSTestDiscoverer.TestClassName","Label":"ClassName","Category":"","Description":"","Attributes":1,"ValueType":"System.String"},"Value":"Unit_Testovi.NoviTestovi"},{"Key":{"Id":"TestObject.Traits","Label":"Traits","Category":"","Description":"","Attributes":5,"ValueType":"System.Collections.Generic.KeyValuePair`2[[System.String],[System.String]][]"},"Value":[]}]},"Attachments":[],"Outcome":1,"ErrorMessage":null,"ErrorStackTrace":null,"DisplayName":null,"Messages":[],"ComputerName":null,"Duration":"00:00:00.0001683","StartTime":"2020-12-02T02:57:17.8596057+01:00","EndTime":"2020-12-02T02:57:17.8596057+01:00","Properties":[{"Key":{"Id":"ExecutionId","Label":"ExecutionId","Category":"","Description":"","Attributes":1,"ValueType":"System.Guid"},"Value":"00000000-0000-0000-0000-000000000000"},{"Key":{"Id":"ParentExecId","Label":"ParentExecId","Category":"","Description":"","Attributes":1,"ValueType":"System.Guid"},"Value":"00000000-0000-0000-0000-000000000000"},{"Key":{"Id":"InnerResultsCount","Label":"InnerResultsCount","Category":"","Description":"","Attributes":1,"ValueType":"System.Int32"},"Value":0}]},{"TestCase":{"Id":"bf2ecff7-0441-824e-00de-bca953b0fadc","FullyQualifiedName":"Unit_Testovi.NoviTestovi.TestProduziRokIzuzetak","DisplayName":"TestProduziRokIzuzetak","ExecutorUri":"executor://MSTestAdapter/v2","Source":"C:\\Users\\Emir\\source\\repos\\VVS-ZADACA2\\Filmoteka\\Unit Testovi\\bin\\Debug\\fine-code-coverage\\Unit Testovi.dll","CodeFilePath":null,"LineNumber":-1,"Properties":[{"Key":{"Id":"MSTestDiscoverer.TestClassName","Label":"ClassName","Category":"","Description":"","Attributes":1,"ValueType":"System.String"},"Value":"Unit_Testovi.NoviTestovi"},{"Key":{"Id":"TestObject.Traits","Label":"Traits","Category":"","Description":"","Attributes":5,"ValueType":"System.Collections.Generic.KeyValuePair`2[[System.String],[System.String]][]"},"Value":[]}]},"Attachments":[],"Outcome":1,"ErrorMessage":null,"ErrorStackTrace":null,"DisplayName":null,"Messages":[],"ComputerName":null,"Duration":"00:00:00.0006181","StartTime":"2020-12-02T02:57:17.8636059+01:00","EndTime":"2020-12-02T02:57:17.8636059+01:00","Properties":[{"Key":{"Id":"ExecutionId","Label":"ExecutionId","Category":"","Description":"","Attributes":1,"ValueType":"System.Guid"},"Value":"00000000-0000-0000-0000-000000000000"},{"Key":{"Id":"ParentExecId","Label":"ParentExecId","Category":"","Description":"","Attributes":1,"ValueType":"System.Guid"},"Value":"00000000-0000-0000-0000-000000000000"},{"Key":{"Id":"InnerResultsCount","Label":"InnerResultsCount","Category":"","Description":"","Attributes":1,"ValueType":"System.Int32"},"Value":0}]}],"TestRunStatistics":{"ExecutedTests":18,"Stats":{"Failed":5,"Passed":13}},"ActiveTests":[{"Id":"9ab13ecb-b998-21e4-8673-9699e018df29","FullyQualifiedName":"Unit_Testovi.NoviTestovi.TestClanKonstruktor","DisplayName":"TestClanKonstruktor","ExecutorUri":"executor://MSTestAdapter/v2","Source":"C:\\Users\\Emir\\source\\repos\\VVS-ZADACA2\\Filmoteka\\Unit Testovi\\bin\\Debug\\fine-code-coverage\\Unit Testovi.dll","CodeFilePath":null,"LineNumber":-1,"Properties":[{"Key":{"Id":"MSTestDiscoverer.TestClassName","Label":"ClassName","Category":"","Description":"","Attributes":1,"ValueType":"System.String"},"Value":"Unit_Testovi.NoviTestovi"},{"Key":{"Id":"TestObject.Traits","Label":"Traits","Category":"","Description":"","Attributes":5,"ValueType":"System.Collections.Generic.KeyValuePair`2[[System.String],[System.String]][]"},"Value":[]}]}]}}
TpTrace Verbose: 0 : 2192, 4, 2020/12/02, 02:57:17.869, 825958034568, testhost.dll, TestRunCache: OnNewTestResult: Notified the onCacheHit callback.
TpTrace Verbose: 0 : 2192, 4, 2020/12/02, 02:57:17.871, 825958040995, testhost.dll, TestExecutionRecorder.RecordEnd: test: Unit_Testovi.NoviTestovi.TestClanKonstruktor execution completed.
TpTrace Warning: 0 : 2192, 4, 2020/12/02, 02:57:17.871, 825958041192, testhost.dll, InProgressTests is null
TpTrace Verbose: 0 : 2192, 4, 2020/12/02, 02:57:17.873, 825958046580, testhost.dll, TestExecutionRecorder.RecordResult: Received result for test: Unit_Testovi.NoviTestovi.TestClanKonstruktor.
TpTrace Warning: 0 : 2192, 4, 2020/12/02, 02:57:17.873, 825958046802, testhost.dll, InProgressTests is null
TpTrace Warning: 0 : 2192, 4, 2020/12/02, 02:57:17.873, 825958046931, testhost.dll, TestRunCache: No test found corresponding to testResult 'TestClanKonstruktor  Passed' in inProgress list.
TpTrace Verbose: 0 : 2192, 4, 2020/12/02, 02:57:17.873, 825958047077, testhost.dll, TestExecutionRecorder.RecordStart: Starting test: Unit_Testovi.NoviTestovi.TestResetujListe.
TpTrace Verbose: 0 : 2192, 4, 2020/12/02, 02:57:17.875, 825958053294, testhost.dll, TestExecutionRecorder.RecordEnd: test: Unit_Testovi.NoviTestovi.TestResetujListe execution completed.
TpTrace Verbose: 0 : 2192, 4, 2020/12/02, 02:57:17.877, 825958058627, testhost.dll, TestExecutionRecorder.RecordResult: Received result for test: Unit_Testovi.NoviTestovi.TestResetujListe.
TpTrace Warning: 0 : 2192, 4, 2020/12/02, 02:57:17.877, 825958058873, testhost.dll, InProgressTests is null
TpTrace Warning: 0 : 2192, 4, 2020/12/02, 02:57:17.877, 825958059003, testhost.dll, TestRunCache: No test found corresponding to testResult 'TestResetujListe  Passed' in inProgress list.
TpTrace Verbose: 0 : 2192, 4, 2020/12/02, 02:57:17.877, 825958059176, testhost.dll, TestExecutionRecorder.RecordStart: Starting test: Unit_Testovi.NoviTestovi.TestDodajWatchlistu.
TpTrace Verbose: 0 : 2192, 4, 2020/12/02, 02:57:17.879, 825958067223, testhost.dll, TestExecutionRecorder.RecordEnd: test: Unit_Testovi.NoviTestovi.TestDodajWatchlistu execution completed.
TpTrace Verbose: 0 : 2192, 4, 2020/12/02, 02:57:17.881, 825958072256, testhost.dll, TestExecutionRecorder.RecordResult: Received result for test: Unit_Testovi.NoviTestovi.TestDodajWatchlistu.
TpTrace Warning: 0 : 2192, 4, 2020/12/02, 02:57:17.881, 825958072446, testhost.dll, InProgressTests is null
TpTrace Warning: 0 : 2192, 4, 2020/12/02, 02:57:17.881, 825958072577, testhost.dll, TestRunCache: No test found corresponding to testResult 'TestDodajWatchlistu  Passed' in inProgress list.
TpTrace Verbose: 0 : 2192, 4, 2020/12/02, 02:57:17.881, 825958072727, testhost.dll, TestExecutionRecorder.RecordStart: Starting test: Unit_Testovi.NoviTestovi.TestDodajWatchlistuNevalidnoIme.
TpTrace Verbose: 0 : 2192, 4, 2020/12/02, 02:57:17.884, 825958080145, testhost.dll, TestExecutionRecorder.RecordEnd: test: Unit_Testovi.NoviTestovi.TestDodajWatchlistuNevalidnoIme execution completed.
TpTrace Verbose: 0 : 2192, 4, 2020/12/02, 02:57:17.885, 825958085716, testhost.dll, TestExecutionRecorder.RecordResult: Received result for test: Unit_Testovi.NoviTestovi.TestDodajWatchlistuNevalidnoIme.
TpTrace Warning: 0 : 2192, 4, 2020/12/02, 02:57:17.886, 825958085953, testhost.dll, InProgressTests is null
TpTrace Warning: 0 : 2192, 4, 2020/12/02, 02:57:17.886, 825958086110, testhost.dll, TestRunCache: No test found corresponding to testResult 'TestDodajWatchlistuNevalidnoIme  Passed' in inProgress list.
TpTrace Verbose: 0 : 2192, 4, 2020/12/02, 02:57:17.886, 825958086261, testhost.dll, TestExecutionRecorder.RecordStart: Starting test: Unit_Testovi.NoviTestovi.TestRadSaKorisnicima2.
TpTrace Verbose: 0 : 2192, 4, 2020/12/02, 02:57:17.888, 825958095001, testhost.dll, TestExecutionRecorder.RecordEnd: test: Unit_Testovi.NoviTestovi.TestRadSaKorisnicima2 execution completed.
TpTrace Verbose: 0 : 2192, 4, 2020/12/02, 02:57:17.890, 825958100254, testhost.dll, TestExecutionRecorder.RecordResult: Received result for test: Unit_Testovi.NoviTestovi.TestRadSaKorisnicima2.
TpTrace Warning: 0 : 2192, 4, 2020/12/02, 02:57:17.890, 825958100477, testhost.dll, InProgressTests is null
TpTrace Warning: 0 : 2192, 4, 2020/12/02, 02:57:17.890, 825958100637, testhost.dll, TestRunCache: No test found corresponding to testResult 'TestRadSaKorisnicima2  Passed' in inProgress list.
TpTrace Verbose: 0 : 2192, 4, 2020/12/02, 02:57:17.890, 825958100883, testhost.dll, TestExecutionRecorder.RecordStart: Starting test: Unit_Testovi.NoviTestovi.TestRadSaKorisnicima1.
TpTrace Verbose: 0 : 2192, 4, 2020/12/02, 02:57:17.894, 825958111226, testhost.dll, TestExecutionRecorder.RecordEnd: test: Unit_Testovi.NoviTestovi.TestRadSaKorisnicima1 execution completed.
TpTrace Verbose: 0 : 2192, 4, 2020/12/02, 02:57:17.896, 825958116771, testhost.dll, TestExecutionRecorder.RecordResult: Received result for test: Unit_Testovi.NoviTestovi.TestRadSaKorisnicima1.
TpTrace Warning: 0 : 2192, 4, 2020/12/02, 02:57:17.896, 825958117016, testhost.dll, InProgressTests is null
TpTrace Warning: 0 : 2192, 4, 2020/12/02, 02:57:17.896, 825958117155, testhost.dll, TestRunCache: No test found corresponding to testResult 'TestRadSaKorisnicima1  Failed
  Message: Assert.IsTrue failed. 
  StackTrace:
   at Unit_Testovi.NoviTestovi.TestRadSaKorisnicima1() in C:\Users\Emir\source\repos\VVS-ZADACA2\Filmoteka\Unit Testovi\NoviTestovi.cs:line 305
' in inProgress list.
TpTrace Verbose: 0 : 2192, 4, 2020/12/02, 02:57:17.896, 825958117337, testhost.dll, TestExecutionRecorder.RecordStart: Starting test: Unit_Testovi.NoviTestovi.TestRadSaKorisnicima3.
TpTrace Verbose: 0 : 2192, 4, 2020/12/02, 02:57:17.898, 825958125145, testhost.dll, TestExecutionRecorder.RecordEnd: test: Unit_Testovi.NoviTestovi.TestRadSaKorisnicima3 execution completed.
TpTrace Verbose: 0 : 2192, 4, 2020/12/02, 02:57:17.900, 825958130817, testhost.dll, TestExecutionRecorder.RecordResult: Received result for test: Unit_Testovi.NoviTestovi.TestRadSaKorisnicima3.
TpTrace Warning: 0 : 2192, 4, 2020/12/02, 02:57:17.900, 825958131047, testhost.dll, InProgressTests is null
TpTrace Warning: 0 : 2192, 4, 2020/12/02, 02:57:17.900, 825958131179, testhost.dll, TestRunCache: No test found corresponding to testResult 'TestRadSaKorisnicima3  Passed' in inProgress list.
TpTrace Verbose: 0 : 2192, 4, 2020/12/02, 02:57:17.900, 825958131345, testhost.dll, TestExecutionRecorder.RecordStart: Starting test: Unit_Testovi.NoviTestovi.TestRadSaKorisnicima4.
TpTrace Verbose: 0 : 2192, 4, 2020/12/02, 02:57:17.903, 825958138491, testhost.dll, TestExecutionRecorder.RecordEnd: test: Unit_Testovi.NoviTestovi.TestRadSaKorisnicima4 execution completed.
TpTrace Verbose: 0 : 2192, 4, 2020/12/02, 02:57:17.905, 825958143959, testhost.dll, TestExecutionRecorder.RecordResult: Received result for test: Unit_Testovi.NoviTestovi.TestRadSaKorisnicima4.
TpTrace Warning: 0 : 2192, 4, 2020/12/02, 02:57:17.905, 825958144173, testhost.dll, InProgressTests is null
TpTrace Warning: 0 : 2192, 4, 2020/12/02, 02:57:17.905, 825958144349, testhost.dll, TestRunCache: No test found corresponding to testResult 'TestRadSaKorisnicima4  Passed' in inProgress list.
TpTrace Verbose: 0 : 2192, 4, 2020/12/02, 02:57:17.905, 825958144523, testhost.dll, TestExecutionRecorder.RecordStart: Starting test: Unit_Testovi.NoviTestovi.TestDajSveFilmoveSGLumcima1.
TpTrace Verbose: 0 : 2192, 4, 2020/12/02, 02:57:17.907, 825958151247, testhost.dll, TestExecutionRecorder.RecordEnd: test: Unit_Testovi.NoviTestovi.TestDajSveFilmoveSGLumcima1 execution completed.
TpTrace Verbose: 0 : 2192, 4, 2020/12/02, 02:57:17.909, 825958157865, testhost.dll, TestExecutionRecorder.RecordResult: Received result for test: Unit_Testovi.NoviTestovi.TestDajSveFilmoveSGLumcima1.
TpTrace Warning: 0 : 2192, 4, 2020/12/02, 02:57:17.909, 825958158087, testhost.dll, InProgressTests is null
TpTrace Warning: 0 : 2192, 4, 2020/12/02, 02:57:17.909, 825958158250, testhost.dll, TestRunCache: No test found corresponding to testResult 'TestDajSveFilmoveSGLumcima1  Failed
  Message: Test method did not throw expected exception System.InvalidOperationException. Lista filmova je prazna
  Test Messages:
  StdOutMsgs:
1
' in inProgress list.
TpTrace Verbose: 0 : 2192, 4, 2020/12/02, 02:57:17.909, 825958158418, testhost.dll, TestExecutionRecorder.RecordStart: Starting test: Unit_Testovi.NoviTestovi.TestWatchlistGetters.
TpTrace Information: 0 : 2192, 4, 2020/12/02, 02:57:17.909, 825958158536, testhost.dll, Sending test run statistics
TpTrace Verbose: 0 : 2192, 4, 2020/12/02, 02:57:17.913, 825958169467, testhost.dll, TestRequestHandler.SendData:  sending data from testhost: {"Version":2,"MessageType":"TestExecution.StatsChange","Payload":{"NewTestResults":[{"TestCase":{"Id":"9ab13ecb-b998-21e4-8673-9699e018df29","FullyQualifiedName":"Unit_Testovi.NoviTestovi.TestClanKonstruktor","DisplayName":"TestClanKonstruktor","ExecutorUri":"executor://MSTestAdapter/v2","Source":"C:\\Users\\Emir\\source\\repos\\VVS-ZADACA2\\Filmoteka\\Unit Testovi\\bin\\Debug\\fine-code-coverage\\Unit Testovi.dll","CodeFilePath":null,"LineNumber":-1,"Properties":[{"Key":{"Id":"MSTestDiscoverer.TestClassName","Label":"ClassName","Category":"","Description":"","Attributes":1,"ValueType":"System.String"},"Value":"Unit_Testovi.NoviTestovi"},{"Key":{"Id":"TestObject.Traits","Label":"Traits","Category":"","Description":"","Attributes":5,"ValueType":"System.Collections.Generic.KeyValuePair`2[[System.String],[System.String]][]"},"Value":[]}]},"Attachments":[],"Outcome":1,"ErrorMessage":null,"ErrorStackTrace":null,"DisplayName":null,"Messages":[],"ComputerName":null,"Duration":"00:00:00.0004659","StartTime":"2020-12-02T02:57:17.8706063+01:00","EndTime":"2020-12-02T02:57:17.8716064+01:00","Properties":[{"Key":{"Id":"ExecutionId","Label":"ExecutionId","Category":"","Description":"","Attributes":1,"ValueType":"System.Guid"},"Value":"00000000-0000-0000-0000-000000000000"},{"Key":{"Id":"ParentExecId","Label":"ParentExecId","Category":"","Description":"","Attributes":1,"ValueType":"System.Guid"},"Value":"00000000-0000-0000-0000-000000000000"},{"Key":{"Id":"InnerResultsCount","Label":"InnerResultsCount","Category":"","Description":"","Attributes":1,"ValueType":"System.Int32"},"Value":0}]},{"TestCase":{"Id":"b45e19f7-dfb7-efd1-2a7c-9c68ce58acc9","FullyQualifiedName":"Unit_Testovi.NoviTestovi.TestResetujListe","DisplayName":"TestResetujListe","ExecutorUri":"executor://MSTestAdapter/v2","Source":"C:\\Users\\Emir\\source\\repos\\VVS-ZADACA2\\Filmoteka\\Unit Testovi\\bin\\Debug\\fine-code-coverage\\Unit Testovi.dll","CodeFilePath":null,"LineNumber":-1,"Properties":[{"Key":{"Id":"MSTestDiscoverer.TestClassName","Label":"ClassName","Category":"","Description":"","Attributes":1,"ValueType":"System.String"},"Value":"Unit_Testovi.NoviTestovi"},{"Key":{"Id":"TestObject.Traits","Label":"Traits","Category":"","Description":"","Attributes":5,"ValueType":"System.Collections.Generic.KeyValuePair`2[[System.String],[System.String]][]"},"Value":[]}]},"Attachments":[],"Outcome":1,"ErrorMessage":null,"ErrorStackTrace":null,"DisplayName":null,"Messages":[],"ComputerName":null,"Duration":"00:00:00.0004169","StartTime":"2020-12-02T02:57:17.8746065+01:00","EndTime":"2020-12-02T02:57:17.8756066+01:00","Properties":[{"Key":{"Id":"ExecutionId","Label":"ExecutionId","Category":"","Description":"","Attributes":1,"ValueType":"System.Guid"},"Value":"00000000-0000-0000-0000-000000000000"},{"Key":{"Id":"ParentExecId","Label":"ParentExecId","Category":"","Description":"","Attributes":1,"ValueType":"System.Guid"},"Value":"00000000-0000-0000-0000-000000000000"},{"Key":{"Id":"InnerResultsCount","Label":"InnerResultsCount","Category":"","Description":"","Attributes":1,"ValueType":"System.Int32"},"Value":0}]},{"TestCase":{"Id":"b05d0ee2-def9-a4ac-4204-55ae9d535972","FullyQualifiedName":"Unit_Testovi.NoviTestovi.TestDodajWatchlistu","DisplayName":"TestDodajWatchlistu","ExecutorUri":"executor://MSTestAdapter/v2","Source":"C:\\Users\\Emir\\source\\repos\\VVS-ZADACA2\\Filmoteka\\Unit Testovi\\bin\\Debug\\fine-code-coverage\\Unit Testovi.dll","CodeFilePath":null,"LineNumber":-1,"Properties":[{"Key":{"Id":"MSTestDiscoverer.TestClassName","Label":"ClassName","Category":"","Description":"","Attributes":1,"ValueType":"System.String"},"Value":"Unit_Testovi.NoviTestovi"},{"Key":{"Id":"TestObject.Traits","Label":"Traits","Category":"","Description":"","Attributes":5,"ValueType":"System.Collections.Generic.KeyValuePair`2[[System.String],[System.String]][]"},"Value":[]}]},"Attachments":[],"Outcome":1,"ErrorMessage":null,"ErrorStackTrace":null,"DisplayName":null,"Messages":[],"ComputerName":null,"Duration":"00:00:00.0007872","StartTime":"2020-12-02T02:57:17.8786068+01:00","EndTime":"2020-12-02T02:57:17.8796068+01:00","Properties":[{"Key":{"Id":"ExecutionId","Label":"ExecutionId","Category":"","Description":"","Attributes":1,"ValueType":"System.Guid"},"Value":"00000000-0000-0000-0000-000000000000"},{"Key":{"Id":"ParentExecId","Label":"ParentExecId","Category":"","Description":"","Attributes":1,"ValueType":"System.Guid"},"Value":"00000000-0000-0000-0000-000000000000"},{"Key":{"Id":"InnerResultsCount","Label":"InnerResultsCount","Category":"","Description":"","Attributes":1,"ValueType":"System.Int32"},"Value":0}]},{"TestCase":{"Id":"b77e61f6-961e-3255-4cea-b7287e0b046c","FullyQualifiedName":"Unit_Testovi.NoviTestovi.TestDodajWatchlistuNevalidnoIme","DisplayName":"TestDodajWatchlistuNevalidnoIme","ExecutorUri":"executor://MSTestAdapter/v2","Source":"C:\\Users\\Emir\\source\\repos\\VVS-ZADACA2\\Filmoteka\\Unit Testovi\\bin\\Debug\\fine-code-coverage\\Unit Testovi.dll","CodeFilePath":null,"LineNumber":-1,"Properties":[{"Key":{"Id":"MSTestDiscoverer.TestClassName","Label":"ClassName","Category":"","Description":"","Attributes":1,"ValueType":"System.String"},"Value":"Unit_Testovi.NoviTestovi"},{"Key":{"Id":"TestObject.Traits","Label":"Traits","Category":"","Description":"","Attributes":5,"ValueType":"System.Collections.Generic.KeyValuePair`2[[System.String],[System.String]][]"},"Value":[]}]},"Attachments":[],"Outcome":1,"ErrorMessage":null,"ErrorStackTrace":null,"DisplayName":null,"Messages":[],"ComputerName":null,"Duration":"00:00:00.0008108","StartTime":"2020-12-02T02:57:17.883607+01:00","EndTime":"2020-12-02T02:57:17.8846071+01:00","Properties":[{"Key":{"Id":"ExecutionId","Label":"ExecutionId","Category":"","Description":"","Attributes":1,"ValueType":"System.Guid"},"Value":"00000000-0000-0000-0000-000000000000"},{"Key":{"Id":"ParentExecId","Label":"ParentExecId","Category":"","Description":"","Attributes":1,"ValueType":"System.Guid"},"Value":"00000000-0000-0000-0000-000000000000"},{"Key":{"Id":"InnerResultsCount","Label":"InnerResultsCount","Category":"","Description":"","Attributes":1,"ValueType":"System.Int32"},"Value":0}]},{"TestCase":{"Id":"0b1a277a-5ea3-c22e-a0d5-2071500cf294","FullyQualifiedName":"Unit_Testovi.NoviTestovi.TestRadSaKorisnicima2","DisplayName":"TestRadSaKorisnicima2","ExecutorUri":"executor://MSTestAdapter/v2","Source":"C:\\Users\\Emir\\source\\repos\\VVS-ZADACA2\\Filmoteka\\Unit Testovi\\bin\\Debug\\fine-code-coverage\\Unit Testovi.dll","CodeFilePath":null,"LineNumber":-1,"Properties":[{"Key":{"Id":"MSTestDiscoverer.TestClassName","Label":"ClassName","Category":"","Description":"","Attributes":1,"ValueType":"System.String"},"Value":"Unit_Testovi.NoviTestovi"},{"Key":{"Id":"TestObject.Traits","Label":"Traits","Category":"","Description":"","Attributes":5,"ValueType":"System.Collections.Generic.KeyValuePair`2[[System.String],[System.String]][]"},"Value":[]}]},"Attachments":[],"Outcome":1,"ErrorMessage":null,"ErrorStackTrace":null,"DisplayName":null,"Messages":[],"ComputerName":null,"Duration":"00:00:00.0012623","StartTime":"2020-12-02T02:57:17.8876073+01:00","EndTime":"2020-12-02T02:57:17.8886073+01:00","Properties":[{"Key":{"Id":"ExecutionId","Label":"ExecutionId","Category":"","Description":"","Attributes":1,"ValueType":"System.Guid"},"Value":"00000000-0000-0000-0000-000000000000"},{"Key":{"Id":"ParentExecId","Label":"ParentExecId","Category":"","Description":"","Attributes":1,"ValueType":"System.Guid"},"Value":"00000000-0000-0000-0000-000000000000"},{"Key":{"Id":"InnerResultsCount","Label":"InnerResultsCount","Category":"","Description":"","Attributes":1,"ValueType":"System.Int32"},"Value":0}]},{"TestCase":{"Id":"a5a51751-0b91-1792-b4d7-773d10f46762","FullyQualifiedName":"Unit_Testovi.NoviTestovi.TestRadSaKorisnicima1","DisplayName":"TestRadSaKorisnicima1","ExecutorUri":"executor://MSTestAdapter/v2","Source":"C:\\Users\\Emir\\source\\repos\\VVS-ZADACA2\\Filmoteka\\Unit Testovi\\bin\\Debug\\fine-code-coverage\\Unit Testovi.dll","CodeFilePath":null,"LineNumber":-1,"Properties":[{"Key":{"Id":"MSTestDiscoverer.TestClassName","Label":"ClassName","Category":"","Description":"","Attributes":1,"ValueType":"System.String"},"Value":"Unit_Testovi.NoviTestovi"},{"Key":{"Id":"TestObject.Traits","Label":"Traits","Category":"","Description":"","Attributes":5,"ValueType":"System.Collections.Generic.KeyValuePair`2[[System.String],[System.String]][]"},"Value":[]}]},"Attachments":[],"Outcome":2,"ErrorMessage":"Assert.IsTrue failed. ","ErrorStackTrace":"   at Unit_Testovi.NoviTestovi.TestRadSaKorisnicima1() in C:\\Users\\Emir\\source\\repos\\VVS-ZADACA2\\Filmoteka\\Unit Testovi\\NoviTestovi.cs:line 305\r\n","DisplayName":null,"Messages":[],"ComputerName":null,"Duration":"00:00:00.0014938","StartTime":"2020-12-02T02:57:17.8926076+01:00","EndTime":"2020-12-02T02:57:17.8946077+01:00","Properties":[{"Key":{"Id":"ExecutionId","Label":"ExecutionId","Category":"","Description":"","Attributes":1,"ValueType":"System.Guid"},"Value":"00000000-0000-0000-0000-000000000000"},{"Key":{"Id":"ParentExecId","Label":"ParentExecId","Category":"","Description":"","Attributes":1,"ValueType":"System.Guid"},"Value":"00000000-0000-0000-0000-000000000000"},{"Key":{"Id":"InnerResultsCount","Label":"InnerResultsCount","Category":"","Description":"","Attributes":1,"ValueType":"System.Int32"},"Value":0}]},{"TestCase":{"Id":"5237efcb-1dfd-8c0c-9928-ddd872268d8c","FullyQualifiedName":"Unit_Testovi.NoviTestovi.TestRadSaKorisnicima3","DisplayName":"TestRadSaKorisnicima3","ExecutorUri":"executor://MSTestAdapter/v2","Source":"C:\\Users\\Emir\\source\\repos\\VVS-ZADACA2\\Filmoteka\\Unit Testovi\\bin\\Debug\\fine-code-coverage\\Unit Testovi.dll","CodeFilePath":null,"LineNumber":-1,"Properties":[{"Key":{"Id":"MSTestDiscoverer.TestClassName","Label":"ClassName","Category":"","Description":"","Attributes":1,"ValueType":"System.String"},"Value":"Unit_Testovi.NoviTestovi"},{"Key":{"Id":"TestObject.Traits","Label":"Traits","Category":"","Description":"","Attributes":5,"ValueType":"System.Collections.Generic.KeyValuePair`2[[System.String],[System.String]][]"},"Value":[]}]},"Attachments":[],"Outcome":1,"ErrorMessage":null,"ErrorStackTrace":null,"DisplayName":null,"Messages":[],"ComputerName":null,"Duration":"00:00:00.0008023","StartTime":"2020-12-02T02:57:17.8976078+01:00","EndTime":"2020-12-02T02:57:17.8986079+01:00","Properties":[{"Key":{"Id":"ExecutionId","Label":"ExecutionId","Category":"","Description":"","Attributes":1,"ValueType":"System.Guid"},"Value":"00000000-0000-0000-0000-000000000000"},{"Key":{"Id":"ParentExecId","Label":"ParentExecId","Category":"","Description":"","Attributes":1,"ValueType":"System.Guid"},"Value":"00000000-0000-0000-0000-000000000000"},{"Key":{"Id":"InnerResultsCount","Label":"InnerResultsCount","Category":"","Description":"","Attributes":1,"ValueType":"System.Int32"},"Value":0}]},{"TestCase":{"Id":"66b33d35-cbdf-c6db-f5e2-bd2af0c7a32e","FullyQualifiedName":"Unit_Testovi.NoviTestovi.TestRadSaKorisnicima4","DisplayName":"TestRadSaKorisnicima4","ExecutorUri":"executor://MSTestAdapter/v2","Source":"C:\\Users\\Emir\\source\\repos\\VVS-ZADACA2\\Filmoteka\\Unit Testovi\\bin\\Debug\\fine-code-coverage\\Unit Testovi.dll","CodeFilePath":null,"LineNumber":-1,"Properties":[{"Key":{"Id":"MSTestDiscoverer.TestClassName","Label":"ClassName","Category":"","Description":"","Attributes":1,"ValueType":"System.String"},"Value":"Unit_Testovi.NoviTestovi"},{"Key":{"Id":"TestObject.Traits","Label":"Traits","Category":"","Description":"","Attributes":5,"ValueType":"System.Collections.Generic.KeyValuePair`2[[System.String],[System.String]][]"},"Value":[]}]},"Attachments":[],"Outcome":1,"ErrorMessage":null,"ErrorStackTrace":null,"DisplayName":null,"Messages":[],"ComputerName":null,"Duration":"00:00:00.0007178","StartTime":"2020-12-02T02:57:17.9026081+01:00","EndTime":"2020-12-02T02:57:17.9036082+01:00","Properties":[{"Key":{"Id":"ExecutionId","Label":"ExecutionId","Category":"","Description":"","Attributes":1,"ValueType":"System.Guid"},"Value":"00000000-0000-0000-0000-000000000000"},{"Key":{"Id":"ParentExecId","Label":"ParentExecId","Category":"","Description":"","Attributes":1,"ValueType":"System.Guid"},"Value":"00000000-0000-0000-0000-000000000000"},{"Key":{"Id":"InnerResultsCount","Label":"InnerResultsCount","Category":"","Description":"","Attributes":1,"ValueType":"System.Int32"},"Value":0}]},{"TestCase":{"Id":"ffd38ca0-f8ca-4a3f-f9f8-5898c8624527","FullyQualifiedName":"Unit_Testovi.NoviTestovi.TestDajSveFilmoveSGLumcima1","DisplayName":"TestDajSveFilmoveSGLumcima1","ExecutorUri":"executor://MSTestAdapter/v2","Source":"C:\\Users\\Emir\\source\\repos\\VVS-ZADACA2\\Filmoteka\\Unit Testovi\\bin\\Debug\\fine-code-coverage\\Unit Testovi.dll","CodeFilePath":null,"LineNumber":-1,"Properties":[{"Key":{"Id":"MSTestDiscoverer.TestClassName","Label":"ClassName","Category":"","Description":"","Attributes":1,"ValueType":"System.String"},"Value":"Unit_Testovi.NoviTestovi"},{"Key":{"Id":"TestObject.Traits","Label":"Traits","Category":"","Description":"","Attributes":5,"ValueType":"System.Collections.Generic.KeyValuePair`2[[System.String],[System.String]][]"},"Value":[]}]},"Attachments":[],"Outcome":2,"ErrorMessage":"Test method did not throw expected exception System.InvalidOperationException. Lista filmova je prazna","ErrorStackTrace":null,"DisplayName":null,"Messages":[{"Category":"StdOutMsgs","Text":"1\r\n"}],"ComputerName":null,"Duration":"00:00:00.0002985","StartTime":"2020-12-02T02:57:17.9066084+01:00","EndTime":"2020-12-02T02:57:17.9076084+01:00","Properties":[{"Key":{"Id":"ExecutionId","Label":"ExecutionId","Category":"","Description":"","Attributes":1,"ValueType":"System.Guid"},"Value":"00000000-0000-0000-0000-000000000000"},{"Key":{"Id":"ParentExecId","Label":"ParentExecId","Category":"","Description":"","Attributes":1,"ValueType":"System.Guid"},"Value":"00000000-0000-0000-0000-000000000000"},{"Key":{"Id":"InnerResultsCount","Label":"InnerResultsCount","Category":"","Description":"","Attributes":1,"ValueType":"System.Int32"},"Value":0}]}],"TestRunStatistics":{"ExecutedTests":27,"Stats":{"Failed":7,"Passed":20}},"ActiveTests":[{"Id":"4c112a7f-3f51-b744-8a86-026b4873fce5","FullyQualifiedName":"Unit_Testovi.NoviTestovi.TestWatchlistGetters","DisplayName":"TestWatchlistGetters","ExecutorUri":"executor://MSTestAdapter/v2","Source":"C:\\Users\\Emir\\source\\repos\\VVS-ZADACA2\\Filmoteka\\Unit Testovi\\bin\\Debug\\fine-code-coverage\\Unit Testovi.dll","CodeFilePath":null,"LineNumber":-1,"Properties":[{"Key":{"Id":"MSTestDiscoverer.TestClassName","Label":"ClassName","Category":"","Description":"","Attributes":1,"ValueType":"System.String"},"Value":"Unit_Testovi.NoviTestovi"},{"Key":{"Id":"TestObject.Traits","Label":"Traits","Category":"","Description":"","Attributes":5,"ValueType":"System.Collections.Generic.KeyValuePair`2[[System.String],[System.String]][]"},"Value":[]}]}]}}
TpTrace Verbose: 0 : 2192, 4, 2020/12/02, 02:57:17.918, 825958185798, testhost.dll, TestRunCache: OnNewTestResult: Notified the onCacheHit callback.
TpTrace Verbose: 0 : 2192, 4, 2020/12/02, 02:57:17.921, 825958193632, testhost.dll, TestExecutionRecorder.RecordEnd: test: Unit_Testovi.NoviTestovi.TestWatchlistGetters execution completed.
TpTrace Warning: 0 : 2192, 4, 2020/12/02, 02:57:17.921, 825958193818, testhost.dll, InProgressTests is null
TpTrace Verbose: 0 : 2192, 4, 2020/12/02, 02:57:17.923, 825958199195, testhost.dll, TestExecutionRecorder.RecordResult: Received result for test: Unit_Testovi.NoviTestovi.TestWatchlistGetters.
TpTrace Warning: 0 : 2192, 4, 2020/12/02, 02:57:17.923, 825958199406, testhost.dll, InProgressTests is null
TpTrace Warning: 0 : 2192, 4, 2020/12/02, 02:57:17.923, 825958199543, testhost.dll, TestRunCache: No test found corresponding to testResult 'TestWatchlistGetters  Passed' in inProgress list.
TpTrace Verbose: 0 : 2192, 4, 2020/12/02, 02:57:17.923, 825958199713, testhost.dll, TestExecutionRecorder.RecordStart: Starting test: Unit_Testovi.NoviTestovi.TestOcjenaFilma.
TpTrace Verbose: 0 : 2192, 4, 2020/12/02, 02:57:17.926, 825958207431, testhost.dll, TestExecutionRecorder.RecordEnd: test: Unit_Testovi.NoviTestovi.TestOcjenaFilma execution completed.
TpTrace Verbose: 0 : 2192, 4, 2020/12/02, 02:57:17.927, 825958213372, testhost.dll, TestExecutionRecorder.RecordResult: Received result for test: Unit_Testovi.NoviTestovi.TestOcjenaFilma.
TpTrace Warning: 0 : 2192, 4, 2020/12/02, 02:57:17.928, 825958213631, testhost.dll, InProgressTests is null
TpTrace Warning: 0 : 2192, 4, 2020/12/02, 02:57:17.928, 825958213767, testhost.dll, TestRunCache: No test found corresponding to testResult 'TestOcjenaFilma  Passed' in inProgress list.
TpTrace Verbose: 0 : 2192, 4, 2020/12/02, 02:57:17.928, 825958213921, testhost.dll, TestExecutionRecorder.RecordStart: Starting test: Unit_Testovi.NoviTestovi.TestOcjenaFilmaNevalidna.
TpTrace Verbose: 0 : 2192, 4, 2020/12/02, 02:57:17.931, 825958223353, testhost.dll, TestExecutionRecorder.RecordEnd: test: Unit_Testovi.NoviTestovi.TestOcjenaFilmaNevalidna execution completed.
TpTrace Verbose: 0 : 2192, 4, 2020/12/02, 02:57:17.933, 825958229782, testhost.dll, TestExecutionRecorder.RecordResult: Received result for test: Unit_Testovi.NoviTestovi.TestOcjenaFilmaNevalidna.
TpTrace Warning: 0 : 2192, 4, 2020/12/02, 02:57:17.933, 825958229974, testhost.dll, InProgressTests is null
TpTrace Warning: 0 : 2192, 4, 2020/12/02, 02:57:17.933, 825958230116, testhost.dll, TestRunCache: No test found corresponding to testResult 'TestOcjenaFilmaNevalidna  Passed' in inProgress list.
TpTrace Verbose: 0 : 2192, 4, 2020/12/02, 02:57:17.933, 825958230293, testhost.dll, TestExecutionRecorder.RecordStart: Starting test: Unit_Testovi.NoviTestovi.TestGlumciFilmaGreska.
TpTrace Verbose: 0 : 2192, 4, 2020/12/02, 02:57:17.936, 825958239879, testhost.dll, TestExecutionRecorder.RecordEnd: test: Unit_Testovi.NoviTestovi.TestGlumciFilmaGreska execution completed.
TpTrace Verbose: 0 : 2192, 4, 2020/12/02, 02:57:17.939, 825958248033, testhost.dll, TestExecutionRecorder.RecordResult: Received result for test: Unit_Testovi.NoviTestovi.TestGlumciFilmaGreska.
TpTrace Warning: 0 : 2192, 4, 2020/12/02, 02:57:17.939, 825958248362, testhost.dll, InProgressTests is null
TpTrace Warning: 0 : 2192, 4, 2020/12/02, 02:57:17.939, 825958248569, testhost.dll, TestRunCache: No test found corresponding to testResult 'TestGlumciFilmaGreska  Passed' in inProgress list.
TpTrace Verbose: 0 : 2192, 4, 2020/12/02, 02:57:17.939, 825958248811, testhost.dll, TestExecutionRecorder.RecordStart: Starting test: Unit_Testovi.NoviTestovi.TestKonstruktorFilmaNull.
TpTrace Verbose: 0 : 2192, 4, 2020/12/02, 02:57:17.942, 825958257536, testhost.dll, TestExecutionRecorder.RecordEnd: test: Unit_Testovi.NoviTestovi.TestKonstruktorFilmaNull execution completed.
TpTrace Verbose: 0 : 2192, 4, 2020/12/02, 02:57:17.945, 825958265303, testhost.dll, TestExecutionRecorder.RecordResult: Received result for test: Unit_Testovi.NoviTestovi.TestKonstruktorFilmaNull.
TpTrace Warning: 0 : 2192, 4, 2020/12/02, 02:57:17.945, 825958265617, testhost.dll, InProgressTests is null
TpTrace Warning: 0 : 2192, 4, 2020/12/02, 02:57:17.945, 825958265771, testhost.dll, TestRunCache: No test found corresponding to testResult 'TestKonstruktorFilmaNull  Passed' in inProgress list.
TpTrace Verbose: 0 : 2192, 4, 2020/12/02, 02:57:17.945, 825958265956, testhost.dll, TestExecutionRecorder.RecordStart: Starting test: Unit_Testovi.NoviTestovi.TestFilmIdGet.
TpTrace Verbose: 0 : 2192, 4, 2020/12/02, 02:57:17.947, 825958273994, testhost.dll, TestExecutionRecorder.RecordEnd: test: Unit_Testovi.NoviTestovi.TestFilmIdGet execution completed.
TpTrace Verbose: 0 : 2192, 4, 2020/12/02, 02:57:17.950, 825958280460, testhost.dll, TestExecutionRecorder.RecordResult: Received result for test: Unit_Testovi.NoviTestovi.TestFilmIdGet.
TpTrace Warning: 0 : 2192, 4, 2020/12/02, 02:57:17.950, 825958280744, testhost.dll, InProgressTests is null
TpTrace Warning: 0 : 2192, 4, 2020/12/02, 02:57:17.950, 825958280949, testhost.dll, TestRunCache: No test found corresponding to testResult 'TestFilmIdGet  Passed' in inProgress list.
TpTrace Verbose: 0 : 2192, 4, 2020/12/02, 02:57:17.950, 825958281166, testhost.dll, TestExecutionRecorder.RecordStart: Starting test: Unit_Testovi.NoviTestovi.TestGostGetters.
TpTrace Verbose: 0 : 2192, 4, 2020/12/02, 02:57:17.953, 825958290484, testhost.dll, TestExecutionRecorder.RecordEnd: test: Unit_Testovi.NoviTestovi.TestGostGetters execution completed.
TpTrace Verbose: 0 : 2192, 4, 2020/12/02, 02:57:17.955, 825958296338, testhost.dll, TestExecutionRecorder.RecordResult: Received result for test: Unit_Testovi.NoviTestovi.TestGostGetters.
TpTrace Warning: 0 : 2192, 4, 2020/12/02, 02:57:17.955, 825958296550, testhost.dll, InProgressTests is null
TpTrace Warning: 0 : 2192, 4, 2020/12/02, 02:57:17.955, 825958296685, testhost.dll, TestRunCache: No test found corresponding to testResult 'TestGostGetters  Passed' in inProgress list.
TpTrace Verbose: 0 : 2192, 4, 2020/12/02, 02:57:17.957, 825958304006, testhost.dll, BaseRunTests.RunTestInternalWithExecutors: Completed running tests for executor://MSTestAdapter/v2
TpTrace Information: 0 : 2192, 4, 2020/12/02, 02:57:17.961, 825958314077, testhost.dll, Sending test run complete
TpTrace Verbose: 0 : 2192, 4, 2020/12/02, 02:57:17.977, 825958364325, testhost.dll, TestRequestHandler.SendData:  sending data from testhost: {"Version":2,"MessageType":"TestExecution.Completed","Payload":{"TestRunCompleteArgs":{"TestRunStatistics":{"ExecutedTests":34,"Stats":{"Failed":7,"Passed":27}},"IsCanceled":false,"IsAborted":false,"Error":null,"AttachmentSets":[],"ElapsedTimeInRunningTests":"00:00:00.5349152","Metrics":{}},"LastRunTests":{"NewTestResults":[{"TestCase":{"Id":"4c112a7f-3f51-b744-8a86-026b4873fce5","FullyQualifiedName":"Unit_Testovi.NoviTestovi.TestWatchlistGetters","DisplayName":"TestWatchlistGetters","ExecutorUri":"executor://MSTestAdapter/v2","Source":"C:\\Users\\Emir\\source\\repos\\VVS-ZADACA2\\Filmoteka\\Unit Testovi\\bin\\Debug\\fine-code-coverage\\Unit Testovi.dll","CodeFilePath":null,"LineNumber":-1,"Properties":[{"Key":{"Id":"MSTestDiscoverer.TestClassName","Label":"ClassName","Category":"","Description":"","Attributes":1,"ValueType":"System.String"},"Value":"Unit_Testovi.NoviTestovi"},{"Key":{"Id":"TestObject.Traits","Label":"Traits","Category":"","Description":"","Attributes":5,"ValueType":"System.Collections.Generic.KeyValuePair`2[[System.String],[System.String]][]"},"Value":[]}]},"Attachments":[],"Outcome":1,"ErrorMessage":null,"ErrorStackTrace":null,"DisplayName":null,"Messages":[],"ComputerName":null,"Duration":"00:00:00.0005192","StartTime":"2020-12-02T02:57:17.9206092+01:00","EndTime":"2020-12-02T02:57:17.9216092+01:00","Properties":[{"Key":{"Id":"ExecutionId","Label":"ExecutionId","Category":"","Description":"","Attributes":1,"ValueType":"System.Guid"},"Value":"00000000-0000-0000-0000-000000000000"},{"Key":{"Id":"ParentExecId","Label":"ParentExecId","Category":"","Description":"","Attributes":1,"ValueType":"System.Guid"},"Value":"00000000-0000-0000-0000-000000000000"},{"Key":{"Id":"InnerResultsCount","Label":"InnerResultsCount","Category":"","Description":"","Attributes":1,"ValueType":"System.Int32"},"Value":0}]},{"TestCase":{"Id":"6b3c749b-c159-aafa-2990-c9e4026f0c9b","FullyQualifiedName":"Unit_Testovi.NoviTestovi.TestOcjenaFilma","DisplayName":"TestOcjenaFilma","ExecutorUri":"executor://MSTestAdapter/v2","Source":"C:\\Users\\Emir\\source\\repos\\VVS-ZADACA2\\Filmoteka\\Unit Testovi\\bin\\Debug\\fine-code-coverage\\Unit Testovi.dll","CodeFilePath":null,"LineNumber":-1,"Properties":[{"Key":{"Id":"MSTestDiscoverer.TestClassName","Label":"ClassName","Category":"","Description":"","Attributes":1,"ValueType":"System.String"},"Value":"Unit_Testovi.NoviTestovi"},{"Key":{"Id":"TestObject.Traits","Label":"Traits","Category":"","Description":"","Attributes":5,"ValueType":"System.Collections.Generic.KeyValuePair`2[[System.String],[System.String]][]"},"Value":[]}]},"Attachments":[],"Outcome":1,"ErrorMessage":null,"ErrorStackTrace":null,"DisplayName":null,"Messages":[],"ComputerName":null,"Duration":"00:00:00.0005603","StartTime":"2020-12-02T02:57:17.9256094+01:00","EndTime":"2020-12-02T02:57:17.9256094+01:00","Properties":[{"Key":{"Id":"ExecutionId","Label":"ExecutionId","Category":"","Description":"","Attributes":1,"ValueType":"System.Guid"},"Value":"00000000-0000-0000-0000-000000000000"},{"Key":{"Id":"ParentExecId","Label":"ParentExecId","Category":"","Description":"","Attributes":1,"ValueType":"System.Guid"},"Value":"00000000-0000-0000-0000-000000000000"},{"Key":{"Id":"InnerResultsCount","Label":"InnerResultsCount","Category":"","Description":"","Attributes":1,"ValueType":"System.Int32"},"Value":0}]},{"TestCase":{"Id":"0de731af-9fce-2c49-97db-103c13d35c18","FullyQualifiedName":"Unit_Testovi.NoviTestovi.TestOcjenaFilmaNevalidna","DisplayName":"TestOcjenaFilmaNevalidna","ExecutorUri":"executor://MSTestAdapter/v2","Source":"C:\\Users\\Emir\\source\\repos\\VVS-ZADACA2\\Filmoteka\\Unit Testovi\\bin\\Debug\\fine-code-coverage\\Unit Testovi.dll","CodeFilePath":null,"LineNumber":-1,"Properties":[{"Key":{"Id":"MSTestDiscoverer.TestClassName","Label":"ClassName","Category":"","Description":"","Attributes":1,"ValueType":"System.String"},"Value":"Unit_Testovi.NoviTestovi"},{"Key":{"Id":"TestObject.Traits","Label":"Traits","Category":"","Description":"","Attributes":5,"ValueType":"System.Collections.Generic.KeyValuePair`2[[System.String],[System.String]][]"},"Value":[]}]},"Attachments":[],"Outcome":1,"ErrorMessage":null,"ErrorStackTrace":null,"DisplayName":null,"Messages":[],"ComputerName":null,"Duration":"00:00:00.0008825","StartTime":"2020-12-02T02:57:17.9306097+01:00","EndTime":"2020-12-02T02:57:17.9316098+01:00","Properties":[{"Key":{"Id":"ExecutionId","Label":"ExecutionId","Category":"","Description":"","Attributes":1,"ValueType":"System.Guid"},"Value":"00000000-0000-0000-0000-000000000000"},{"Key":{"Id":"ParentExecId","Label":"ParentExecId","Category":"","Description":"","Attributes":1,"ValueType":"System.Guid"},"Value":"00000000-0000-0000-0000-000000000000"},{"Key":{"Id":"InnerResultsCount","Label":"InnerResultsCount","Category":"","Description":"","Attributes":1,"ValueType":"System.Int32"},"Value":0}]},{"TestCase":{"Id":"1fd12fe1-cad1-16ba-f60d-5607f5c76911","FullyQualifiedName":"Unit_Testovi.NoviTestovi.TestGlumciFilmaGreska","DisplayName":"TestGlumciFilmaGreska","ExecutorUri":"executor://MSTestAdapter/v2","Source":"C:\\Users\\Emir\\source\\repos\\VVS-ZADACA2\\Filmoteka\\Unit Testovi\\bin\\Debug\\fine-code-coverage\\Unit Testovi.dll","CodeFilePath":null,"LineNumber":-1,"Properties":[{"Key":{"Id":"MSTestDiscoverer.TestClassName","Label":"ClassName","Category":"","Description":"","Attributes":1,"ValueType":"System.String"},"Value":"Unit_Testovi.NoviTestovi"},{"Key":{"Id":"TestObject.Traits","Label":"Traits","Category":"","Description":"","Attributes":5,"ValueType":"System.Collections.Generic.KeyValuePair`2[[System.String],[System.String]][]"},"Value":[]}]},"Attachments":[],"Outcome":1,"ErrorMessage":null,"ErrorStackTrace":null,"DisplayName":null,"Messages":[],"ComputerName":null,"Duration":"00:00:00.0009582","StartTime":"2020-12-02T02:57:17.93561+01:00","EndTime":"2020-12-02T02:57:17.9366101+01:00","Properties":[{"Key":{"Id":"ExecutionId","Label":"ExecutionId","Category":"","Description":"","Attributes":1,"ValueType":"System.Guid"},"Value":"00000000-0000-0000-0000-000000000000"},{"Key":{"Id":"ParentExecId","Label":"ParentExecId","Category":"","Description":"","Attributes":1,"ValueType":"System.Guid"},"Value":"00000000-0000-0000-0000-000000000000"},{"Key":{"Id":"InnerResultsCount","Label":"InnerResultsCount","Category":"","Description":"","Attributes":1,"ValueType":"System.Int32"},"Value":0}]},{"TestCase":{"Id":"715aaf6e-0938-2509-4933-188da981eb81","FullyQualifiedName":"Unit_Testovi.NoviTestovi.TestKonstruktorFilmaNull","DisplayName":"TestKonstruktorFilmaNull","ExecutorUri":"executor://MSTestAdapter/v2","Source":"C:\\Users\\Emir\\source\\repos\\VVS-ZADACA2\\Filmoteka\\Unit Testovi\\bin\\Debug\\fine-code-coverage\\Unit Testovi.dll","CodeFilePath":null,"LineNumber":-1,"Properties":[{"Key":{"Id":"MSTestDiscoverer.TestClassName","Label":"ClassName","Category":"","Description":"","Attributes":1,"ValueType":"System.String"},"Value":"Unit_Testovi.NoviTestovi"},{"Key":{"Id":"TestObject.Traits","Label":"Traits","Category":"","Description":"","Attributes":5,"ValueType":"System.Collections.Generic.KeyValuePair`2[[System.String],[System.String]][]"},"Value":[]}]},"Attachments":[],"Outcome":1,"ErrorMessage":null,"ErrorStackTrace":null,"DisplayName":null,"Messages":[],"ComputerName":null,"Duration":"00:00:00.0004054","StartTime":"2020-12-02T02:57:17.9416104+01:00","EndTime":"2020-12-02T02:57:17.9426104+01:00","Properties":[{"Key":{"Id":"ExecutionId","Label":"ExecutionId","Category":"","Description":"","Attributes":1,"ValueType":"System.Guid"},"Value":"00000000-0000-0000-0000-000000000000"},{"Key":{"Id":"ParentExecId","Label":"ParentExecId","Category":"","Description":"","Attributes":1,"ValueType":"System.Guid"},"Value":"00000000-0000-0000-0000-000000000000"},{"Key":{"Id":"InnerResultsCount","Label":"InnerResultsCount","Category":"","Description":"","Attributes":1,"ValueType":"System.Int32"},"Value":0}]},{"TestCase":{"Id":"a8cc0d83-d5b1-9283-3596-9227ef7276ff","FullyQualifiedName":"Unit_Testovi.NoviTestovi.TestFilmIdGet","DisplayName":"TestFilmIdGet","ExecutorUri":"executor://MSTestAdapter/v2","Source":"C:\\Users\\Emir\\source\\repos\\VVS-ZADACA2\\Filmoteka\\Unit Testovi\\bin\\Debug\\fine-code-coverage\\Unit Testovi.dll","CodeFilePath":null,"LineNumber":-1,"Properties":[{"Key":{"Id":"MSTestDiscoverer.TestClassName","Label":"ClassName","Category":"","Description":"","Attributes":1,"ValueType":"System.String"},"Value":"Unit_Testovi.NoviTestovi"},{"Key":{"Id":"TestObject.Traits","Label":"Traits","Category":"","Description":"","Attributes":5,"ValueType":"System.Collections.Generic.KeyValuePair`2[[System.String],[System.String]][]"},"Value":[]}]},"Attachments":[],"Outcome":1,"ErrorMessage":null,"ErrorStackTrace":null,"DisplayName":null,"Messages":[],"ComputerName":null,"Duration":"00:00:00.0003659","StartTime":"2020-12-02T02:57:17.9476107+01:00","EndTime":"2020-12-02T02:57:17.9476107+01:00","Properties":[{"Key":{"Id":"ExecutionId","Label":"ExecutionId","Category":"","Description":"","Attributes":1,"ValueType":"System.Guid"},"Value":"00000000-0000-0000-0000-000000000000"},{"Key":{"Id":"ParentExecId","Label":"ParentExecId","Category":"","Description":"","Attributes":1,"ValueType":"System.Guid"},"Value":"00000000-0000-0000-0000-000000000000"},{"Key":{"Id":"InnerResultsCount","Label":"InnerResultsCount","Category":"","Description":"","Attributes":1,"ValueType":"System.Int32"},"Value":0}]},{"TestCase":{"Id":"27b7b273-e32f-a952-1733-b8680029fe70","FullyQualifiedName":"Unit_Testovi.NoviTestovi.TestGostGetters","DisplayName":"TestGostGetters","ExecutorUri":"executor://MSTestAdapter/v2","Source":"C:\\Users\\Emir\\source\\repos\\VVS-ZADACA2\\Filmoteka\\Unit Testovi\\bin\\Debug\\fine-code-coverage\\Unit Testovi.dll","CodeFilePath":null,"LineNumber":-1,"Properties":[{"Key":{"Id":"MSTestDiscoverer.TestClassName","Label":"ClassName","Category":"","Description":"","Attributes":1,"ValueType":"System.String"},"Value":"Unit_Testovi.NoviTestovi"},{"Key":{"Id":"TestObject.Traits","Label":"Traits","Category":"","Description":"","Attributes":5,"ValueType":"System.Collections.Generic.KeyValuePair`2[[System.String],[System.String]][]"},"Value":[]}]},"Attachments":[],"Outcome":1,"ErrorMessage":null,"ErrorStackTrace":null,"DisplayName":null,"Messages":[],"ComputerName":null,"Duration":"00:00:00.0006224","StartTime":"2020-12-02T02:57:17.952611+01:00","EndTime":"2020-12-02T02:57:17.953611+01:00","Properties":[{"Key":{"Id":"ExecutionId","Label":"ExecutionId","Category":"","Description":"","Attributes":1,"ValueType":"System.Guid"},"Value":"00000000-0000-0000-0000-000000000000"},{"Key":{"Id":"ParentExecId","Label":"ParentExecId","Category":"","Description":"","Attributes":1,"ValueType":"System.Guid"},"Value":"00000000-0000-0000-0000-000000000000"},{"Key":{"Id":"InnerResultsCount","Label":"InnerResultsCount","Category":"","Description":"","Attributes":1,"ValueType":"System.Int32"},"Value":0}]}],"TestRunStatistics":{"ExecutedTests":34,"Stats":{"Failed":7,"Passed":27}},"ActiveTests":[]},"RunAttachments":[],"ExecutorUris":["executor://mstestadapter/v2"]}}
TpTrace Verbose: 0 : 2192, 4, 2020/12/02, 02:57:17.978, 825958366164, testhost.dll, BaseRunTests.RunTests: Run is complete.
TpTrace Verbose: 0 : 2192, 9, 2020/12/02, 02:57:17.980, 825958373836, testhost.dll, TcpClientExtensions.MessageLoopAsync: NotifyDataAvailable remoteEndPoint: [::ffff:127.0.0.1]:55905 localEndPoint: [::ffff:127.0.0.1]:55906
TpTrace Information: 0 : 2192, 9, 2020/12/02, 02:57:17.980, 825958374219, testhost.dll, TestRequestHandler.ProcessRequests: received message: (TestSession.Terminate) -> null
TpTrace Information: 0 : 2192, 9, 2020/12/02, 02:57:17.980, 825958374339, testhost.dll, Session End message received from server. Closing the connection.
TpTrace Information: 0 : 2192, 9, 2020/12/02, 02:57:17.981, 825958375647, testhost.dll, SocketClient.Stop: Stop communication from server endpoint: 127.0.0.1:055905
TpTrace Information: 0 : 2192, 9, 2020/12/02, 02:57:17.981, 825958375789, testhost.dll, SocketClient: Stop: Cancellation requested. Stopping message loop.
TpTrace Verbose: 0 : 2192, 9, 2020/12/02, 02:57:17.981, 825958376569, testhost.dll, LengthPrefixCommunicationChannel.Dispose: Dispose reader and writer.
TpTrace Information: 0 : 2192, 9, 2020/12/02, 02:57:17.981, 825958376747, testhost.dll, Closing the connection !
TpTrace Information: 0 : 2192, 9, 2020/12/02, 02:57:17.981, 825958377586, testhost.dll, SocketClient.PrivateStop: Stop communication from server endpoint: 127.0.0.1:055905, error:
TpTrace Verbose: 0 : 2192, 9, 2020/12/02, 02:57:17.982, 825958378445, testhost.dll, LengthPrefixCommunicationChannel.Dispose: Dispose reader and writer.
TpTrace Information: 0 : 2192, 1, 2020/12/02, 02:57:17.982, 825958378514, testhost.dll, Closing the connection !
TpTrace Verbose: 0 : 2192, 9, 2020/12/02, 02:57:17.982, 825958378613, testhost.dll, TcpClientExtensions.MessageLoopAsync: exiting MessageLoopAsync remoteEndPoint: [::ffff:127.0.0.1]:55905 localEndPoint: [::ffff:127.0.0.1]:55906
TpTrace Information: 0 : 2192, 1, 2020/12/02, 02:57:17.982, 825958378810, testhost.dll, SocketClient.Stop: Stop communication from server endpoint: 127.0.0.1:055905
TpTrace Verbose: 0 : 2192, 1, 2020/12/02, 02:57:17.982, 825958378968, testhost.dll, LengthPrefixCommunicationChannel.Dispose: Dispose reader and writer.
TpTrace Information: 0 : 2192, 1, 2020/12/02, 02:57:17.982, 825958379317, testhost.dll, Testhost process exiting.
