TpTrace Information: 0 : 12960, 1, 2020/12/01, 23:38:03.577, 789605087528, datacollector.dll, DataCollectorMain.Run: Starting data collector run with args: --port,53087,--parentprocessid,9876,--diag,C:\Users\Emir\source\repos\VVS-ZADACA2\Filmoteka\Unit Testovi\bin\Debug\fine-code-coverage\_outputfolder\diagnostics.datacollector.20-12-01_23-38-03_44985_4.log,--tracelevel,4
TpTrace Information: 0 : 12960, 1, 2020/12/01, 23:38:03.585, 789605097237, datacollector.dll, DataCollector: Monitoring parent process with id: '9876'
TpTrace Information: 0 : 12960, 1, 2020/12/01, 23:38:03.594, 789605124189, datacollector.dll, Trying to connect to server on socket : 127.0.0.1:53087 
TpTrace Verbose: 0 : 12960, 1, 2020/12/01, 23:38:03.610, 789605174587, datacollector.dll, SocketCommunicationManager : SetupClientAsync : Attempting to connect to the server.
TpTrace Information: 0 : 12960, 7, 2020/12/01, 23:38:03.620, 789605205241, datacollector.dll, Connected to the server successfully 
TpTrace Information: 0 : 12960, 7, 2020/12/01, 23:38:03.620, 789605205518, datacollector.dll, Using the buffer size of 16384 bytes
TpTrace Information: 0 : 12960, 1, 2020/12/01, 23:38:03.718, 789605503833, datacollector.dll, DataCollector: Start Request Processing.
TpTrace Information: 0 : 12960, 1, 2020/12/01, 23:38:03.724, 789605519747, datacollector.dll, DataCollectionRequestHandler.ProcessRequests : Datacollector received message: (DataCollection.BeforeTestRunStart) -> {
  "SettingsXml": "<RunSettings><RunConfiguration><ResultsDirectory>C:\\Users\\Emir\\source\\repos\\VVS-ZADACA2\\Filmoteka\\Unit Testovi\\bin\\Debug\\fine-code-coverage\\_outputfolder</ResultsDirectory><TargetPlatform>X64</TargetPlatform><TargetFrameworkVersion>.NETCoreApp,Version=v3.1</TargetFrameworkVersion><DesignMode>False</DesignMode><CollectSourceInformation>False</CollectSourceInformation><TestAdaptersPaths>C:\\Program Files\\dotnet\\sdk\\3.1.403\\Extensions</TestAdaptersPaths></RunConfiguration><LoggerRunSettings><Loggers><Logger friendlyName=\"blame\" enabled=\"True\" /><Logger friendlyName=\"Console\" uri=\"logger://microsoft/TestPlatform/ConsoleLogger/v1\" assemblyQualifiedName=\"Microsoft.VisualStudio.TestPlatform.CommandLine.Internal.ConsoleLogger, vstest.console, Version=15.0.0.0, Culture=neutral, PublicKeyToken=b03f5f7f11d50a3a\" codeBase=\"C:\\Program Files\\dotnet\\sdk\\3.1.403\\vstest.console.dll\" enabled=\"True\" /></Loggers></LoggerRunSettings><DataCollectionRunSettings><DataCollectors><DataCollector friendlyName=\"blame\" enabled=\"True\"><Configuration><ResultsDirectory>C:\\Users\\Emir\\source\\repos\\VVS-ZADACA2\\Filmoteka\\Unit Testovi\\bin\\Debug\\fine-code-coverage\\_outputfolder</ResultsDirectory></Configuration></DataCollector></DataCollectors></DataCollectionRunSettings></RunSettings>",
  "Sources": [
    "C:\\Users\\Emir\\source\\repos\\VVS-ZADACA2\\Filmoteka\\Unit Testovi\\bin\\Debug\\fine-code-coverage\\Unit Testovi.dll"
  ]
}
TpTrace Verbose: 0 : 12960, 1, 2020/12/01, 23:38:03.783, 789605699075, datacollector.dll, TestPluginCache: Update extensions started. Skip filter = False
TpTrace Verbose: 0 : 12960, 1, 2020/12/01, 23:38:03.784, 789605701998, datacollector.dll, TestPluginCache: Using directories for assembly resolution 'C:\Program Files\dotnet\sdk\3.1.403\Extensions'.
TpTrace Verbose: 0 : 12960, 1, 2020/12/01, 23:38:03.784, 789605702229, datacollector.dll, TestPluginCache: Updated the available extensions to 'C:\Program Files\dotnet\sdk\3.1.403\Extensions\Microsoft.TestPlatform.Extensions.BlameDataCollector.dll,C:\Program Files\dotnet\sdk\3.1.403\Extensions\Microsoft.TestPlatform.Extensions.EventLogCollector.dll'.
TpTrace Verbose: 0 : 12960, 1, 2020/12/01, 23:38:03.812, 789605788419, datacollector.dll, TestPluginCache.DiscoverTestExtensions: finding test extensions in assemblies ends with: Collector.dll TPluginInfo: Microsoft.VisualStudio.TestPlatform.Common.DataCollector.DataCollectorConfig TExtension: Microsoft.VisualStudio.TestPlatform.ObjectModel.DataCollection.DataCollector
TpTrace Verbose: 0 : 12960, 1, 2020/12/01, 23:38:03.825, 789605828969, datacollector.dll, TestPluginCache.GetExtensionPaths: Filtered extension paths: C:\Program Files\dotnet\sdk\3.1.403\Extensions\Microsoft.TestPlatform.Extensions.BlameDataCollector.dll
C:\Program Files\dotnet\sdk\3.1.403\Extensions\Microsoft.TestPlatform.Extensions.EventLogCollector.dll
TpTrace Verbose: 0 : 12960, 1, 2020/12/01, 23:38:03.826, 789605829379, datacollector.dll, TestPluginCache.GetExtensionPaths: Added default extension paths: 
TpTrace Verbose: 0 : 12960, 1, 2020/12/01, 23:38:03.826, 789605829530, datacollector.dll, TestPluginCache.GetExtensionPaths: Added unfilterableExtensionPaths: 
TpTrace Information: 0 : 12960, 1, 2020/12/01, 23:38:03.826, 789605832060, datacollector.dll, AssemblyResolver.ctor: Creating AssemblyResolver with searchDirectories C:\Program Files\dotnet\sdk\3.1.403\Extensions,C:\Program Files\dotnet\sdk\3.1.403
TpTrace Verbose: 0 : 12960, 1, 2020/12/01, 23:38:03.828, 789605837157, datacollector.dll, TestPluginCache.DiscoverTestExtensions: Discovering the extensions using extension path.
TpTrace Verbose: 0 : 12960, 1, 2020/12/01, 23:38:03.828, 789605837685, datacollector.dll, TestPluginCache.GetExtensionPaths: Filtered extension paths: C:\Program Files\dotnet\sdk\3.1.403\Extensions\Microsoft.TestPlatform.Extensions.BlameDataCollector.dll
C:\Program Files\dotnet\sdk\3.1.403\Extensions\Microsoft.TestPlatform.Extensions.EventLogCollector.dll
TpTrace Verbose: 0 : 12960, 1, 2020/12/01, 23:38:03.828, 789605837827, datacollector.dll, TestPluginCache.GetExtensionPaths: Added default extension paths: 
TpTrace Verbose: 0 : 12960, 1, 2020/12/01, 23:38:03.828, 789605837940, datacollector.dll, TestPluginCache.GetExtensionPaths: Added unfilterableExtensionPaths: 
TpTrace Verbose: 0 : 12960, 1, 2020/12/01, 23:38:03.828, 789605838158, datacollector.dll, TestPluginCache.DiscoverTestExtensions: Discovering the extensions using allExtensionPaths: C:\Program Files\dotnet\sdk\3.1.403\Extensions\Microsoft.TestPlatform.Extensions.BlameDataCollector.dll
C:\Program Files\dotnet\sdk\3.1.403\Extensions\Microsoft.TestPlatform.Extensions.EventLogCollector.dll
TpTrace Information: 0 : 12960, 1, 2020/12/01, 23:38:03.828, 789605838557, datacollector.dll, AssemblyResolver.AddSearchDirectories: Adding more searchDirectories C:\Program Files\dotnet\sdk\3.1.403\Extensions,C:\Program Files\dotnet\sdk\3.1.403
TpTrace Information: 0 : 12960, 1, 2020/12/01, 23:38:03.829, 789605838798, datacollector.dll, AssemblyResolver.AddSearchDirectories: Adding more searchDirectories C:\Program Files\dotnet\sdk\3.1.403\Extensions,C:\Program Files\dotnet\sdk\3.1.403
TpTrace Information: 0 : 12960, 1, 2020/12/01, 23:38:03.829, 789605840435, datacollector.dll, AssemblyResolver.OnResolve: Microsoft.TestPlatform.Extensions.BlameDataCollector: Resolving assembly.
TpTrace Information: 0 : 12960, 1, 2020/12/01, 23:38:03.830, 789605843185, datacollector.dll, AssemblyResolver.OnResolve: Resolved assembly: Microsoft.TestPlatform.Extensions.BlameDataCollector, from path: C:\Program Files\dotnet\sdk\3.1.403\Extensions\Microsoft.TestPlatform.Extensions.BlameDataCollector.dll
TpTrace Error: 0 : 12960, 1, 2020/12/01, 23:38:03.831, 789605846803, datacollector.dll, The type "Microsoft.TestPlatform.Extensions.BlameDataCollector.BlameCollector" defined in "Microsoft.TestPlatform.Extensions.BlameDataCollector.dll" does not have ExtensionUri attribute.
TpTrace Information: 0 : 12960, 1, 2020/12/01, 23:38:03.832, 789605849284, datacollector.dll, AssemblyResolver.OnResolve: Microsoft.TestPlatform.Extensions.EventLogCollector: Resolving assembly.
TpTrace Information: 0 : 12960, 1, 2020/12/01, 23:38:03.833, 789605850803, datacollector.dll, AssemblyResolver.OnResolve: Resolved assembly: Microsoft.TestPlatform.Extensions.EventLogCollector, from path: C:\Program Files\dotnet\sdk\3.1.403\Extensions\Microsoft.TestPlatform.Extensions.EventLogCollector.dll
TpTrace Error: 0 : 12960, 1, 2020/12/01, 23:38:03.834, 789605855016, datacollector.dll, The type "Microsoft.TestPlatform.Extensions.EventLogCollector.EventLogDataCollector" defined in "Microsoft.TestPlatform.Extensions.EventLogCollector.dll" does not have ExtensionUri attribute.
TpTrace Verbose: 0 : 12960, 1, 2020/12/01, 23:38:03.834, 789605856170, datacollector.dll, TestPluginCache: Discovered the extensions using extension path 'C:\Program Files\dotnet\sdk\3.1.403\Extensions\Microsoft.TestPlatform.Extensions.BlameDataCollector.dll,C:\Program Files\dotnet\sdk\3.1.403\Extensions\Microsoft.TestPlatform.Extensions.EventLogCollector.dll'.
TpTrace Verbose: 0 : 12960, 1, 2020/12/01, 23:38:03.834, 789605856349, datacollector.dll, TestPluginCache: Discoverers are ''.
TpTrace Verbose: 0 : 12960, 1, 2020/12/01, 23:38:03.834, 789605856463, datacollector.dll, TestPluginCache: Executors are ''.
TpTrace Verbose: 0 : 12960, 1, 2020/12/01, 23:38:03.834, 789605856570, datacollector.dll, TestPluginCache: Executors2 are ''.
TpTrace Verbose: 0 : 12960, 1, 2020/12/01, 23:38:03.835, 789605856744, datacollector.dll, TestPluginCache: Setting providers are ''.
TpTrace Verbose: 0 : 12960, 1, 2020/12/01, 23:38:03.835, 789605856932, datacollector.dll, TestPluginCache: Loggers are ''.
TpTrace Information: 0 : 12960, 1, 2020/12/01, 23:38:03.836, 789605862103, datacollector.dll, TestPluginManager.CreateTestExtension: Attempting to load test extension: Microsoft.TestPlatform.Extensions.BlameDataCollector.BlameCollector
TpTrace Error: 0 : 12960, 1, 2020/12/01, 23:38:03.836, 789605862559, datacollector.dll, The type "Microsoft.TestPlatform.Extensions.BlameDataCollector.BlameCollector" defined in "Microsoft.TestPlatform.Extensions.BlameDataCollector.dll" does not have ExtensionUri attribute.
TpTrace Information: 0 : 12960, 1, 2020/12/01, 23:38:03.843, 789605882853, datacollector.dll, Listening on Endpoint : 127.0.0.1:53089
TpTrace Information: 0 : 12960, 1, 2020/12/01, 23:38:03.851, 789605906841, datacollector.dll, DataCollectionRequestHandler.ProcessRequests : DataCollection started.
TpTrace Information: 0 : 12960, 1, 2020/12/01, 23:38:03.895, 789606040468, datacollector.dll, DataCollectionRequestHandler.ProcessRequests : Datacollector received message: (DataCollection.TestHostLaunched) -> {
  "ProcessId": 13284
}
TpTrace Information: 0 : 12960, 5, 2020/12/01, 23:38:04.078, 789606596759, datacollector.dll, Using the buffer size of 16384 bytes
TpTrace Information: 0 : 12960, 5, 2020/12/01, 23:38:04.078, 789606597703, datacollector.dll, Accepted Client request and set the flag
TpTrace Information: 0 : 12960, 7, 2020/12/01, 23:38:04.606, 789608202128, datacollector.dll, DataCollectionTestCaseEventHandler: Test case starting.
TpTrace Information: 0 : 12960, 7, 2020/12/01, 23:38:04.647, 789608327072, datacollector.dll, Blame Collector : Test Case Start
TpTrace Information: 0 : 12960, 7, 2020/12/01, 23:38:04.647, 789608328750, datacollector.dll, DataCollectionTestCaseEventHandler: Test case 'TestZamjenskiObjekat - aef9dec6-1181-fac1-2596-b31421e8da47' started.
TpTrace Information: 0 : 12960, 7, 2020/12/01, 23:38:04.734, 789608591076, datacollector.dll, DataCollectionTestCaseEventHandler : Test case completing.
TpTrace Information: 0 : 12960, 7, 2020/12/01, 23:38:04.738, 789608605458, datacollector.dll, Blame Collector : Test Case End
TpTrace Error: 0 : 12960, 7, 2020/12/01, 23:38:04.753, 789608650823, datacollector.dll, DataCollectionAttachmentManager.GetAttachments: Fail to get attachments: System.Collections.Generic.KeyNotFoundException: The given key 'Microsoft.VisualStudio.TestPlatform.ObjectModel.DataCollection.DataCollectionContext' was not present in the dictionary.
   at System.Collections.Generic.Dictionary`2.get_Item(TKey key)
   at Microsoft.VisualStudio.TestPlatform.Common.DataCollector.DataCollectionAttachmentManager.GetAttachments(DataCollectionContext dataCollectionContext) 
TpTrace Information: 0 : 12960, 7, 2020/12/01, 23:38:04.757, 789608662862, datacollector.dll, DataCollectionTestCaseEventHandler: Test case 'TestZamjenskiObjekat - aef9dec6-1181-fac1-2596-b31421e8da47' completed
TpTrace Information: 0 : 12960, 7, 2020/12/01, 23:38:04.773, 789608711184, datacollector.dll, DataCollectionTestCaseEventHandler: Test case starting.
TpTrace Information: 0 : 12960, 7, 2020/12/01, 23:38:04.774, 789608713329, datacollector.dll, Blame Collector : Test Case Start
TpTrace Information: 0 : 12960, 7, 2020/12/01, 23:38:04.774, 789608713718, datacollector.dll, DataCollectionTestCaseEventHandler: Test case 'TestDodajNastavakIstiGlumci - 307a9543-71bf-45b1-736e-e86a33581b25' started.
TpTrace Information: 0 : 12960, 7, 2020/12/01, 23:38:04.776, 789608720902, datacollector.dll, DataCollectionTestCaseEventHandler : Test case completing.
TpTrace Information: 0 : 12960, 7, 2020/12/01, 23:38:04.777, 789608722703, datacollector.dll, Blame Collector : Test Case End
TpTrace Error: 0 : 12960, 7, 2020/12/01, 23:38:04.777, 789608723461, datacollector.dll, DataCollectionAttachmentManager.GetAttachments: Fail to get attachments: System.Collections.Generic.KeyNotFoundException: The given key 'Microsoft.VisualStudio.TestPlatform.ObjectModel.DataCollection.DataCollectionContext' was not present in the dictionary.
   at System.Collections.Generic.Dictionary`2.get_Item(TKey key)
   at Microsoft.VisualStudio.TestPlatform.Common.DataCollector.DataCollectionAttachmentManager.GetAttachments(DataCollectionContext dataCollectionContext) 
TpTrace Information: 0 : 12960, 7, 2020/12/01, 23:38:04.777, 789608723890, datacollector.dll, DataCollectionTestCaseEventHandler: Test case 'TestDodajNastavakIstiGlumci - 307a9543-71bf-45b1-736e-e86a33581b25' completed
TpTrace Information: 0 : 12960, 7, 2020/12/01, 23:38:04.778, 789608727358, datacollector.dll, DataCollectionTestCaseEventHandler: Test case starting.
TpTrace Information: 0 : 12960, 7, 2020/12/01, 23:38:04.779, 789608729000, datacollector.dll, Blame Collector : Test Case Start
TpTrace Information: 0 : 12960, 7, 2020/12/01, 23:38:04.779, 789608729263, datacollector.dll, DataCollectionTestCaseEventHandler: Test case 'TestDodajNastavakRazlicitiGlumci - ccc8a4b1-0bba-0d1f-634a-2a0e08c0293a' started.
TpTrace Information: 0 : 12960, 7, 2020/12/01, 23:38:04.781, 789608735988, datacollector.dll, DataCollectionTestCaseEventHandler : Test case completing.
TpTrace Information: 0 : 12960, 7, 2020/12/01, 23:38:04.782, 789608737834, datacollector.dll, Blame Collector : Test Case End
TpTrace Error: 0 : 12960, 7, 2020/12/01, 23:38:04.782, 789608738337, datacollector.dll, DataCollectionAttachmentManager.GetAttachments: Fail to get attachments: System.Collections.Generic.KeyNotFoundException: The given key 'Microsoft.VisualStudio.TestPlatform.ObjectModel.DataCollection.DataCollectionContext' was not present in the dictionary.
   at System.Collections.Generic.Dictionary`2.get_Item(TKey key)
   at Microsoft.VisualStudio.TestPlatform.Common.DataCollector.DataCollectionAttachmentManager.GetAttachments(DataCollectionContext dataCollectionContext) 
TpTrace Information: 0 : 12960, 7, 2020/12/01, 23:38:04.782, 789608738729, datacollector.dll, DataCollectionTestCaseEventHandler: Test case 'TestDodajNastavakRazlicitiGlumci - ccc8a4b1-0bba-0d1f-634a-2a0e08c0293a' completed
TpTrace Information: 0 : 12960, 7, 2020/12/01, 23:38:04.783, 789608742243, datacollector.dll, DataCollectionTestCaseEventHandler: Test case starting.
TpTrace Information: 0 : 12960, 7, 2020/12/01, 23:38:04.784, 789608744235, datacollector.dll, Blame Collector : Test Case Start
TpTrace Information: 0 : 12960, 7, 2020/12/01, 23:38:04.784, 789608744594, datacollector.dll, DataCollectionTestCaseEventHandler: Test case 'TestDodajNastavakIzuzetak - 83c1ddde-4e31-66fc-a376-4096e8037e77' started.
TpTrace Information: 0 : 12960, 7, 2020/12/01, 23:38:04.790, 789608762452, datacollector.dll, DataCollectionTestCaseEventHandler : Test case completing.
TpTrace Information: 0 : 12960, 7, 2020/12/01, 23:38:04.791, 789608764557, datacollector.dll, Blame Collector : Test Case End
TpTrace Error: 0 : 12960, 7, 2020/12/01, 23:38:04.791, 789608765145, datacollector.dll, DataCollectionAttachmentManager.GetAttachments: Fail to get attachments: System.Collections.Generic.KeyNotFoundException: The given key 'Microsoft.VisualStudio.TestPlatform.ObjectModel.DataCollection.DataCollectionContext' was not present in the dictionary.
   at System.Collections.Generic.Dictionary`2.get_Item(TKey key)
   at Microsoft.VisualStudio.TestPlatform.Common.DataCollector.DataCollectionAttachmentManager.GetAttachments(DataCollectionContext dataCollectionContext) 
TpTrace Information: 0 : 12960, 7, 2020/12/01, 23:38:04.791, 789608765678, datacollector.dll, DataCollectionTestCaseEventHandler: Test case 'TestDodajNastavakIzuzetak - 83c1ddde-4e31-66fc-a376-4096e8037e77' completed
TpTrace Information: 0 : 12960, 7, 2020/12/01, 23:38:04.792, 789608769361, datacollector.dll, DataCollectionTestCaseEventHandler: Test case starting.
TpTrace Information: 0 : 12960, 7, 2020/12/01, 23:38:04.793, 789608771032, datacollector.dll, Blame Collector : Test Case Start
TpTrace Information: 0 : 12960, 7, 2020/12/01, 23:38:04.793, 789608771410, datacollector.dll, DataCollectionTestCaseEventHandler: Test case 'TestDajSveFilmoveSGLumcima - 729a6b5e-7234-caa5-77a0-368e88dfe702' started.
TpTrace Information: 0 : 12960, 7, 2020/12/01, 23:38:04.797, 789608784231, datacollector.dll, DataCollectionTestCaseEventHandler : Test case completing.
TpTrace Information: 0 : 12960, 7, 2020/12/01, 23:38:04.798, 789608786113, datacollector.dll, Blame Collector : Test Case End
TpTrace Error: 0 : 12960, 7, 2020/12/01, 23:38:04.798, 789608786656, datacollector.dll, DataCollectionAttachmentManager.GetAttachments: Fail to get attachments: System.Collections.Generic.KeyNotFoundException: The given key 'Microsoft.VisualStudio.TestPlatform.ObjectModel.DataCollection.DataCollectionContext' was not present in the dictionary.
   at System.Collections.Generic.Dictionary`2.get_Item(TKey key)
   at Microsoft.VisualStudio.TestPlatform.Common.DataCollector.DataCollectionAttachmentManager.GetAttachments(DataCollectionContext dataCollectionContext) 
TpTrace Information: 0 : 12960, 7, 2020/12/01, 23:38:04.798, 789608787016, datacollector.dll, DataCollectionTestCaseEventHandler: Test case 'TestDajSveFilmoveSGLumcima - 729a6b5e-7234-caa5-77a0-368e88dfe702' completed
TpTrace Information: 0 : 12960, 7, 2020/12/01, 23:38:04.800, 789608791922, datacollector.dll, DataCollectionTestCaseEventHandler: Test case starting.
TpTrace Information: 0 : 12960, 7, 2020/12/01, 23:38:04.800, 789608793705, datacollector.dll, Blame Collector : Test Case Start
TpTrace Information: 0 : 12960, 7, 2020/12/01, 23:38:04.800, 789608794038, datacollector.dll, DataCollectionTestCaseEventHandler: Test case 'TestDajSrednjuOcjenuSvihFilmova - ff1b4d14-945d-8df7-b04f-61053947ac65' started.
TpTrace Information: 0 : 12960, 7, 2020/12/01, 23:38:04.804, 789608803850, datacollector.dll, DataCollectionTestCaseEventHandler : Test case completing.
TpTrace Information: 0 : 12960, 7, 2020/12/01, 23:38:04.804, 789608805645, datacollector.dll, Blame Collector : Test Case End
TpTrace Error: 0 : 12960, 7, 2020/12/01, 23:38:04.804, 789608806178, datacollector.dll, DataCollectionAttachmentManager.GetAttachments: Fail to get attachments: System.Collections.Generic.KeyNotFoundException: The given key 'Microsoft.VisualStudio.TestPlatform.ObjectModel.DataCollection.DataCollectionContext' was not present in the dictionary.
   at System.Collections.Generic.Dictionary`2.get_Item(TKey key)
   at Microsoft.VisualStudio.TestPlatform.Common.DataCollector.DataCollectionAttachmentManager.GetAttachments(DataCollectionContext dataCollectionContext) 
TpTrace Information: 0 : 12960, 7, 2020/12/01, 23:38:04.804, 789608806548, datacollector.dll, DataCollectionTestCaseEventHandler: Test case 'TestDajSrednjuOcjenuSvihFilmova - ff1b4d14-945d-8df7-b04f-61053947ac65' completed
TpTrace Information: 0 : 12960, 7, 2020/12/01, 23:38:04.806, 789608810145, datacollector.dll, DataCollectionTestCaseEventHandler: Test case starting.
TpTrace Information: 0 : 12960, 7, 2020/12/01, 23:38:04.806, 789608811838, datacollector.dll, Blame Collector : Test Case Start
TpTrace Information: 0 : 12960, 7, 2020/12/01, 23:38:04.806, 789608812124, datacollector.dll, DataCollectionTestCaseEventHandler: Test case 'TestDajSrednjuOcjenuSvihFilmovaPrazan - 5ce7f736-72c3-ced1-6d90-e30c94cad1f2' started.
TpTrace Information: 0 : 12960, 7, 2020/12/01, 23:38:04.808, 789608817686, datacollector.dll, DataCollectionTestCaseEventHandler : Test case completing.
TpTrace Information: 0 : 12960, 7, 2020/12/01, 23:38:04.809, 789608819379, datacollector.dll, Blame Collector : Test Case End
TpTrace Error: 0 : 12960, 7, 2020/12/01, 23:38:04.809, 789608819857, datacollector.dll, DataCollectionAttachmentManager.GetAttachments: Fail to get attachments: System.Collections.Generic.KeyNotFoundException: The given key 'Microsoft.VisualStudio.TestPlatform.ObjectModel.DataCollection.DataCollectionContext' was not present in the dictionary.
   at System.Collections.Generic.Dictionary`2.get_Item(TKey key)
   at Microsoft.VisualStudio.TestPlatform.Common.DataCollector.DataCollectionAttachmentManager.GetAttachments(DataCollectionContext dataCollectionContext) 
TpTrace Information: 0 : 12960, 7, 2020/12/01, 23:38:04.809, 789608820187, datacollector.dll, DataCollectionTestCaseEventHandler: Test case 'TestDajSrednjuOcjenuSvihFilmovaPrazan - 5ce7f736-72c3-ced1-6d90-e30c94cad1f2' completed
TpTrace Information: 0 : 12960, 7, 2020/12/01, 23:38:04.810, 789608824545, datacollector.dll, DataCollectionTestCaseEventHandler: Test case starting.
TpTrace Information: 0 : 12960, 7, 2020/12/01, 23:38:04.811, 789608826498, datacollector.dll, Blame Collector : Test Case Start
TpTrace Information: 0 : 12960, 7, 2020/12/01, 23:38:04.811, 789608826835, datacollector.dll, DataCollectionTestCaseEventHandler: Test case 'TestWatchlistKonstruktorIzuzetak - f5a195b5-097c-875e-c0c3-04764ba84a21' started.
TpTrace Information: 0 : 12960, 7, 2020/12/01, 23:38:04.813, 789608832421, datacollector.dll, DataCollectionTestCaseEventHandler : Test case completing.
TpTrace Information: 0 : 12960, 7, 2020/12/01, 23:38:04.814, 789608834269, datacollector.dll, Blame Collector : Test Case End
TpTrace Error: 0 : 12960, 7, 2020/12/01, 23:38:04.814, 789608834763, datacollector.dll, DataCollectionAttachmentManager.GetAttachments: Fail to get attachments: System.Collections.Generic.KeyNotFoundException: The given key 'Microsoft.VisualStudio.TestPlatform.ObjectModel.DataCollection.DataCollectionContext' was not present in the dictionary.
   at System.Collections.Generic.Dictionary`2.get_Item(TKey key)
   at Microsoft.VisualStudio.TestPlatform.Common.DataCollector.DataCollectionAttachmentManager.GetAttachments(DataCollectionContext dataCollectionContext) 
TpTrace Information: 0 : 12960, 7, 2020/12/01, 23:38:04.814, 789608835116, datacollector.dll, DataCollectionTestCaseEventHandler: Test case 'TestWatchlistKonstruktorIzuzetak - f5a195b5-097c-875e-c0c3-04764ba84a21' completed
TpTrace Information: 0 : 12960, 7, 2020/12/01, 23:38:04.816, 789608840264, datacollector.dll, DataCollectionTestCaseEventHandler: Test case starting.
TpTrace Information: 0 : 12960, 7, 2020/12/01, 23:38:04.816, 789608841988, datacollector.dll, Blame Collector : Test Case Start
TpTrace Information: 0 : 12960, 7, 2020/12/01, 23:38:04.816, 789608842284, datacollector.dll, DataCollectionTestCaseEventHandler: Test case 'TestProdužiRokValidan - b1426bd4-5b5c-cdf7-b56e-482bb38d32fa' started.
TpTrace Information: 0 : 12960, 7, 2020/12/01, 23:38:04.822, 789608858582, datacollector.dll, DataCollectionTestCaseEventHandler : Test case completing.
TpTrace Information: 0 : 12960, 7, 2020/12/01, 23:38:04.826, 789608870507, datacollector.dll, Blame Collector : Test Case End
TpTrace Error: 0 : 12960, 7, 2020/12/01, 23:38:04.826, 789608871215, datacollector.dll, DataCollectionAttachmentManager.GetAttachments: Fail to get attachments: System.Collections.Generic.KeyNotFoundException: The given key 'Microsoft.VisualStudio.TestPlatform.ObjectModel.DataCollection.DataCollectionContext' was not present in the dictionary.
   at System.Collections.Generic.Dictionary`2.get_Item(TKey key)
   at Microsoft.VisualStudio.TestPlatform.Common.DataCollector.DataCollectionAttachmentManager.GetAttachments(DataCollectionContext dataCollectionContext) 
TpTrace Information: 0 : 12960, 7, 2020/12/01, 23:38:04.826, 789608871578, datacollector.dll, DataCollectionTestCaseEventHandler: Test case 'TestProdužiRokValidan - b1426bd4-5b5c-cdf7-b56e-482bb38d32fa' completed
TpTrace Information: 0 : 12960, 7, 2020/12/01, 23:38:04.876, 789609022991, datacollector.dll, DataCollectionTestCaseEventHandler: Test case starting.
TpTrace Information: 0 : 12960, 7, 2020/12/01, 23:38:04.877, 789609025864, datacollector.dll, Blame Collector : Test Case Start
TpTrace Information: 0 : 12960, 7, 2020/12/01, 23:38:04.877, 789609026250, datacollector.dll, DataCollectionTestCaseEventHandler: Test case 'TestAutomatskiKorisničkiPodaciIzuzetak - cad8ba2a-9c27-403a-f461-230cd3f8eda3' started.
TpTrace Information: 0 : 12960, 7, 2020/12/01, 23:38:04.882, 789609041209, datacollector.dll, DataCollectionTestCaseEventHandler : Test case completing.
TpTrace Information: 0 : 12960, 7, 2020/12/01, 23:38:04.882, 789609042945, datacollector.dll, Blame Collector : Test Case End
TpTrace Error: 0 : 12960, 7, 2020/12/01, 23:38:04.882, 789609043461, datacollector.dll, DataCollectionAttachmentManager.GetAttachments: Fail to get attachments: System.Collections.Generic.KeyNotFoundException: The given key 'Microsoft.VisualStudio.TestPlatform.ObjectModel.DataCollection.DataCollectionContext' was not present in the dictionary.
   at System.Collections.Generic.Dictionary`2.get_Item(TKey key)
   at Microsoft.VisualStudio.TestPlatform.Common.DataCollector.DataCollectionAttachmentManager.GetAttachments(DataCollectionContext dataCollectionContext) 
TpTrace Information: 0 : 12960, 7, 2020/12/01, 23:38:04.882, 789609043821, datacollector.dll, DataCollectionTestCaseEventHandler: Test case 'TestAutomatskiKorisničkiPodaciIzuzetak - cad8ba2a-9c27-403a-f461-230cd3f8eda3' completed
TpTrace Information: 0 : 12960, 7, 2020/12/01, 23:38:04.884, 789609047324, datacollector.dll, DataCollectionTestCaseEventHandler: Test case starting.
TpTrace Information: 0 : 12960, 7, 2020/12/01, 23:38:04.884, 789609049108, datacollector.dll, Blame Collector : Test Case Start
TpTrace Information: 0 : 12960, 7, 2020/12/01, 23:38:04.884, 789609049391, datacollector.dll, DataCollectionTestCaseEventHandler: Test case 'TestAutomatskiKorisničkiPodaciUsername - 34271688-a4e2-dbb0-0f29-edee8d7255ec' started.
TpTrace Information: 0 : 12960, 7, 2020/12/01, 23:38:04.886, 789609055345, datacollector.dll, DataCollectionTestCaseEventHandler : Test case completing.
TpTrace Information: 0 : 12960, 7, 2020/12/01, 23:38:04.887, 789609057074, datacollector.dll, Blame Collector : Test Case End
TpTrace Error: 0 : 12960, 7, 2020/12/01, 23:38:04.887, 789609057581, datacollector.dll, DataCollectionAttachmentManager.GetAttachments: Fail to get attachments: System.Collections.Generic.KeyNotFoundException: The given key 'Microsoft.VisualStudio.TestPlatform.ObjectModel.DataCollection.DataCollectionContext' was not present in the dictionary.
   at System.Collections.Generic.Dictionary`2.get_Item(TKey key)
   at Microsoft.VisualStudio.TestPlatform.Common.DataCollector.DataCollectionAttachmentManager.GetAttachments(DataCollectionContext dataCollectionContext) 
TpTrace Information: 0 : 12960, 7, 2020/12/01, 23:38:04.887, 789609057957, datacollector.dll, DataCollectionTestCaseEventHandler: Test case 'TestAutomatskiKorisničkiPodaciUsername - 34271688-a4e2-dbb0-0f29-edee8d7255ec' completed
TpTrace Information: 0 : 12960, 7, 2020/12/01, 23:38:04.888, 789609061511, datacollector.dll, DataCollectionTestCaseEventHandler: Test case starting.
TpTrace Information: 0 : 12960, 7, 2020/12/01, 23:38:04.889, 789609063167, datacollector.dll, Blame Collector : Test Case Start
TpTrace Information: 0 : 12960, 7, 2020/12/01, 23:38:04.889, 789609063447, datacollector.dll, DataCollectionTestCaseEventHandler: Test case 'TestAutomatskiKorisničkiPodaciPassword - 3e680ae4-a773-3605-0554-850350f5daa3' started.
TpTrace Information: 0 : 12960, 7, 2020/12/01, 23:38:04.890, 789609067798, datacollector.dll, DataCollectionTestCaseEventHandler : Test case completing.
TpTrace Information: 0 : 12960, 7, 2020/12/01, 23:38:04.891, 789609069418, datacollector.dll, Blame Collector : Test Case End
TpTrace Error: 0 : 12960, 7, 2020/12/01, 23:38:04.891, 789609069930, datacollector.dll, DataCollectionAttachmentManager.GetAttachments: Fail to get attachments: System.Collections.Generic.KeyNotFoundException: The given key 'Microsoft.VisualStudio.TestPlatform.ObjectModel.DataCollection.DataCollectionContext' was not present in the dictionary.
   at System.Collections.Generic.Dictionary`2.get_Item(TKey key)
   at Microsoft.VisualStudio.TestPlatform.Common.DataCollector.DataCollectionAttachmentManager.GetAttachments(DataCollectionContext dataCollectionContext) 
TpTrace Information: 0 : 12960, 7, 2020/12/01, 23:38:04.891, 789609070291, datacollector.dll, DataCollectionTestCaseEventHandler: Test case 'TestAutomatskiKorisničkiPodaciPassword - 3e680ae4-a773-3605-0554-850350f5daa3' completed
TpTrace Information: 0 : 12960, 7, 2020/12/01, 23:38:04.892, 789609073876, datacollector.dll, DataCollectionTestCaseEventHandler: Test case starting.
TpTrace Information: 0 : 12960, 7, 2020/12/01, 23:38:04.893, 789609075478, datacollector.dll, Blame Collector : Test Case Start
TpTrace Information: 0 : 12960, 7, 2020/12/01, 23:38:04.893, 789609075736, datacollector.dll, DataCollectionTestCaseEventHandler: Test case 'TestGostKonstruktorIzuzetakUsername - 39b408a3-583c-b5a0-7503-f509f012c8d2' started.
TpTrace Information: 0 : 12960, 7, 2020/12/01, 23:38:04.895, 789609080943, datacollector.dll, DataCollectionTestCaseEventHandler : Test case completing.
TpTrace Information: 0 : 12960, 7, 2020/12/01, 23:38:04.895, 789609082550, datacollector.dll, Blame Collector : Test Case End
TpTrace Error: 0 : 12960, 7, 2020/12/01, 23:38:04.895, 789609083025, datacollector.dll, DataCollectionAttachmentManager.GetAttachments: Fail to get attachments: System.Collections.Generic.KeyNotFoundException: The given key 'Microsoft.VisualStudio.TestPlatform.ObjectModel.DataCollection.DataCollectionContext' was not present in the dictionary.
   at System.Collections.Generic.Dictionary`2.get_Item(TKey key)
   at Microsoft.VisualStudio.TestPlatform.Common.DataCollector.DataCollectionAttachmentManager.GetAttachments(DataCollectionContext dataCollectionContext) 
TpTrace Information: 0 : 12960, 7, 2020/12/01, 23:38:04.895, 789609083372, datacollector.dll, DataCollectionTestCaseEventHandler: Test case 'TestGostKonstruktorIzuzetakUsername - 39b408a3-583c-b5a0-7503-f509f012c8d2' completed
TpTrace Information: 0 : 12960, 7, 2020/12/01, 23:38:04.897, 789609086867, datacollector.dll, DataCollectionTestCaseEventHandler: Test case starting.
TpTrace Information: 0 : 12960, 7, 2020/12/01, 23:38:04.897, 789609088422, datacollector.dll, Blame Collector : Test Case Start
TpTrace Information: 0 : 12960, 7, 2020/12/01, 23:38:04.897, 789609088714, datacollector.dll, DataCollectionTestCaseEventHandler: Test case 'TestGostKonstruktorIzuzetakPassword - 86fa567a-4e12-53dd-0313-f751ffd2eb88' started.
TpTrace Information: 0 : 12960, 7, 2020/12/01, 23:38:04.899, 789609094050, datacollector.dll, DataCollectionTestCaseEventHandler : Test case completing.
TpTrace Information: 0 : 12960, 7, 2020/12/01, 23:38:04.899, 789609095620, datacollector.dll, Blame Collector : Test Case End
TpTrace Error: 0 : 12960, 7, 2020/12/01, 23:38:04.900, 789609096085, datacollector.dll, DataCollectionAttachmentManager.GetAttachments: Fail to get attachments: System.Collections.Generic.KeyNotFoundException: The given key 'Microsoft.VisualStudio.TestPlatform.ObjectModel.DataCollection.DataCollectionContext' was not present in the dictionary.
   at System.Collections.Generic.Dictionary`2.get_Item(TKey key)
   at Microsoft.VisualStudio.TestPlatform.Common.DataCollector.DataCollectionAttachmentManager.GetAttachments(DataCollectionContext dataCollectionContext) 
TpTrace Information: 0 : 12960, 7, 2020/12/01, 23:38:04.900, 789609096396, datacollector.dll, DataCollectionTestCaseEventHandler: Test case 'TestGostKonstruktorIzuzetakPassword - 86fa567a-4e12-53dd-0313-f751ffd2eb88' completed
TpTrace Information: 0 : 12960, 7, 2020/12/01, 23:38:04.901, 789609099666, datacollector.dll, DataCollectionTestCaseEventHandler: Test case starting.
TpTrace Information: 0 : 12960, 7, 2020/12/01, 23:38:04.901, 789609101488, datacollector.dll, Blame Collector : Test Case Start
TpTrace Information: 0 : 12960, 7, 2020/12/01, 23:38:04.902, 789609101819, datacollector.dll, DataCollectionTestCaseEventHandler: Test case 'TestGostKonstruktorIzuzetakIme - 41fd401d-9afa-9f74-6f5c-6cf219b029c2' started.
TpTrace Information: 0 : 12960, 7, 2020/12/01, 23:38:04.903, 789609106791, datacollector.dll, DataCollectionTestCaseEventHandler : Test case completing.
TpTrace Information: 0 : 12960, 7, 2020/12/01, 23:38:04.904, 789609108484, datacollector.dll, Blame Collector : Test Case End
TpTrace Error: 0 : 12960, 7, 2020/12/01, 23:38:04.904, 789609108927, datacollector.dll, DataCollectionAttachmentManager.GetAttachments: Fail to get attachments: System.Collections.Generic.KeyNotFoundException: The given key 'Microsoft.VisualStudio.TestPlatform.ObjectModel.DataCollection.DataCollectionContext' was not present in the dictionary.
   at System.Collections.Generic.Dictionary`2.get_Item(TKey key)
   at Microsoft.VisualStudio.TestPlatform.Common.DataCollector.DataCollectionAttachmentManager.GetAttachments(DataCollectionContext dataCollectionContext) 
TpTrace Information: 0 : 12960, 7, 2020/12/01, 23:38:04.904, 789609109241, datacollector.dll, DataCollectionTestCaseEventHandler: Test case 'TestGostKonstruktorIzuzetakIme - 41fd401d-9afa-9f74-6f5c-6cf219b029c2' completed
TpTrace Information: 0 : 12960, 7, 2020/12/01, 23:38:04.905, 789609112433, datacollector.dll, DataCollectionTestCaseEventHandler: Test case starting.
TpTrace Information: 0 : 12960, 7, 2020/12/01, 23:38:04.905, 789609113908, datacollector.dll, Blame Collector : Test Case Start
TpTrace Information: 0 : 12960, 7, 2020/12/01, 23:38:04.906, 789609114175, datacollector.dll, DataCollectionTestCaseEventHandler: Test case 'TestGostKonstruktorIzuzetakPrezime - 5496d222-d9d9-035e-24df-a9776c77309d' started.
TpTrace Information: 0 : 12960, 7, 2020/12/01, 23:38:04.907, 789609119214, datacollector.dll, DataCollectionTestCaseEventHandler : Test case completing.
TpTrace Information: 0 : 12960, 7, 2020/12/01, 23:38:04.908, 789609120852, datacollector.dll, Blame Collector : Test Case End
TpTrace Error: 0 : 12960, 7, 2020/12/01, 23:38:04.908, 789609121288, datacollector.dll, DataCollectionAttachmentManager.GetAttachments: Fail to get attachments: System.Collections.Generic.KeyNotFoundException: The given key 'Microsoft.VisualStudio.TestPlatform.ObjectModel.DataCollection.DataCollectionContext' was not present in the dictionary.
   at System.Collections.Generic.Dictionary`2.get_Item(TKey key)
   at Microsoft.VisualStudio.TestPlatform.Common.DataCollector.DataCollectionAttachmentManager.GetAttachments(DataCollectionContext dataCollectionContext) 
TpTrace Information: 0 : 12960, 7, 2020/12/01, 23:38:04.908, 789609121602, datacollector.dll, DataCollectionTestCaseEventHandler: Test case 'TestGostKonstruktorIzuzetakPrezime - 5496d222-d9d9-035e-24df-a9776c77309d' completed
TpTrace Information: 0 : 12960, 7, 2020/12/01, 23:38:04.909, 789609124652, datacollector.dll, DataCollectionTestCaseEventHandler: Test case starting.
TpTrace Information: 0 : 12960, 7, 2020/12/01, 23:38:04.910, 789609126132, datacollector.dll, Blame Collector : Test Case Start
TpTrace Information: 0 : 12960, 7, 2020/12/01, 23:38:04.910, 789609126371, datacollector.dll, DataCollectionTestCaseEventHandler: Test case 'TestGostKonstruktor - 12b3125e-4566-927c-a90b-70d580a15a51' started.
TpTrace Information: 0 : 12960, 7, 2020/12/01, 23:38:04.911, 789609130079, datacollector.dll, DataCollectionTestCaseEventHandler : Test case completing.
TpTrace Information: 0 : 12960, 7, 2020/12/01, 23:38:04.911, 789609131653, datacollector.dll, Blame Collector : Test Case End
TpTrace Error: 0 : 12960, 7, 2020/12/01, 23:38:04.911, 789609132112, datacollector.dll, DataCollectionAttachmentManager.GetAttachments: Fail to get attachments: System.Collections.Generic.KeyNotFoundException: The given key 'Microsoft.VisualStudio.TestPlatform.ObjectModel.DataCollection.DataCollectionContext' was not present in the dictionary.
   at System.Collections.Generic.Dictionary`2.get_Item(TKey key)
   at Microsoft.VisualStudio.TestPlatform.Common.DataCollector.DataCollectionAttachmentManager.GetAttachments(DataCollectionContext dataCollectionContext) 
TpTrace Information: 0 : 12960, 7, 2020/12/01, 23:38:04.912, 789609132467, datacollector.dll, DataCollectionTestCaseEventHandler: Test case 'TestGostKonstruktor - 12b3125e-4566-927c-a90b-70d580a15a51' completed
TpTrace Information: 0 : 12960, 7, 2020/12/01, 23:38:04.913, 789609135736, datacollector.dll, DataCollectionTestCaseEventHandler: Test case starting.
TpTrace Information: 0 : 12960, 7, 2020/12/01, 23:38:04.913, 789609137296, datacollector.dll, Blame Collector : Test Case Start
TpTrace Information: 0 : 12960, 7, 2020/12/01, 23:38:04.913, 789609137595, datacollector.dll, DataCollectionTestCaseEventHandler: Test case 'TestProduziRokIzuzetak - bf2ecff7-0441-824e-00de-bca953b0fadc' started.
TpTrace Information: 0 : 12960, 7, 2020/12/01, 23:38:04.915, 789609142941, datacollector.dll, DataCollectionTestCaseEventHandler : Test case completing.
TpTrace Information: 0 : 12960, 7, 2020/12/01, 23:38:04.916, 789609144461, datacollector.dll, Blame Collector : Test Case End
TpTrace Error: 0 : 12960, 7, 2020/12/01, 23:38:04.916, 789609144895, datacollector.dll, DataCollectionAttachmentManager.GetAttachments: Fail to get attachments: System.Collections.Generic.KeyNotFoundException: The given key 'Microsoft.VisualStudio.TestPlatform.ObjectModel.DataCollection.DataCollectionContext' was not present in the dictionary.
   at System.Collections.Generic.Dictionary`2.get_Item(TKey key)
   at Microsoft.VisualStudio.TestPlatform.Common.DataCollector.DataCollectionAttachmentManager.GetAttachments(DataCollectionContext dataCollectionContext) 
TpTrace Information: 0 : 12960, 7, 2020/12/01, 23:38:04.916, 789609145198, datacollector.dll, DataCollectionTestCaseEventHandler: Test case 'TestProduziRokIzuzetak - bf2ecff7-0441-824e-00de-bca953b0fadc' completed
TpTrace Information: 0 : 12960, 7, 2020/12/01, 23:38:04.920, 789609158445, datacollector.dll, DataCollectionTestCaseEventHandler: Test session ended
TpTrace Information: 0 : 12960, 1, 2020/12/01, 23:38:05.005, 789609414878, datacollector.dll, DataCollectionRequestHandler.ProcessRequests : Datacollector received message: (DataCollection.AfterTestRunEnd) -> false
TpTrace Information: 0 : 12960, 1, 2020/12/01, 23:38:05.005, 789609417159, datacollector.dll, Blame Collector : Session End
TpTrace Error: 0 : 12960, 1, 2020/12/01, 23:38:05.005, 789609417805, datacollector.dll, DataCollectionAttachmentManager.GetAttachments: Fail to get attachments: System.Collections.Generic.KeyNotFoundException: The given key 'Microsoft.VisualStudio.TestPlatform.ObjectModel.DataCollection.DataCollectionContext' was not present in the dictionary.
   at System.Collections.Generic.Dictionary`2.get_Item(TKey key)
   at Microsoft.VisualStudio.TestPlatform.Common.DataCollector.DataCollectionAttachmentManager.GetAttachments(DataCollectionContext dataCollectionContext) 
TpTrace Information: 0 : 12960, 1, 2020/12/01, 23:38:05.006, 789609418031, datacollector.dll, DataCollectionManager.CleanupPlugins: CleanupPlugins called
TpTrace Verbose: 0 : 12960, 1, 2020/12/01, 23:38:05.006, 789609418211, datacollector.dll, DataCollectionManager.CleanupPlugins: Cleaning up 1 plugins
TpTrace Verbose: 0 : 12960, 1, 2020/12/01, 23:38:05.006, 789609418586, datacollector.dll, dataCollectorInfo.DisposeDataCollector: calling Dispose() on Microsoft.TestPlatform.Extensions.BlameDataCollector.BlameCollector
TpTrace Information: 0 : 12960, 1, 2020/12/01, 23:38:05.006, 789609418813, datacollector.dll, DataCollectionManager.CleanupPlugins: CleanupPlugins finished
TpTrace Information: 0 : 12960, 1, 2020/12/01, 23:38:05.006, 789609419137, datacollector.dll, DataCollectionRequestHandler.ProcessRequests : Session End message received from server. Closing the connection.
TpTrace Information: 0 : 12960, 1, 2020/12/01, 23:38:05.006, 789609419517, datacollector.dll, Closing the connection !
TpTrace Information: 0 : 12960, 1, 2020/12/01, 23:38:05.006, 789609419658, datacollector.dll, DataCollectionRequestHandler.ProcessRequests : DataCollection completed
TpTrace Information: 0 : 12960, 1, 2020/12/01, 23:38:05.006, 789609419781, datacollector.dll, Program.Main: exiting datacollector process.
