TpTrace Information: 0 : 10008, 1, 2020/12/01, 01:20:06.439, 545480732279, datacollector.dll, DataCollectorMain.Run: Starting data collector run with args: --port,51871,--parentprocessid,14492,--diag,C:\Users\Emir\Source\Repos\VVS-Zadaca2\Filmoteka\Unit Testovi\bin\Debug\fine-code-coverage\_outputfolder\diagnostics.datacollector.20-12-01_01-20-06_30315_4.log,--tracelevel,4
TpTrace Information: 0 : 10008, 1, 2020/12/01, 01:20:06.448, 545480744633, datacollector.dll, DataCollector: Monitoring parent process with id: '14492'
TpTrace Information: 0 : 10008, 1, 2020/12/01, 01:20:06.459, 545480777746, datacollector.dll, Trying to connect to server on socket : 127.0.0.1:51871 
TpTrace Verbose: 0 : 10008, 1, 2020/12/01, 01:20:06.477, 545480833061, datacollector.dll, SocketCommunicationManager : SetupClientAsync : Attempting to connect to the server.
TpTrace Information: 0 : 10008, 6, 2020/12/01, 01:20:06.487, 545480864337, datacollector.dll, Connected to the server successfully 
TpTrace Information: 0 : 10008, 6, 2020/12/01, 01:20:06.487, 545480864659, datacollector.dll, Using the buffer size of 16384 bytes
TpTrace Information: 0 : 10008, 1, 2020/12/01, 01:20:06.581, 545481150050, datacollector.dll, DataCollector: Start Request Processing.
TpTrace Information: 0 : 10008, 1, 2020/12/01, 01:20:06.586, 545481165293, datacollector.dll, DataCollectionRequestHandler.ProcessRequests : Datacollector received message: (DataCollection.BeforeTestRunStart) -> {
  "SettingsXml": "<RunSettings><RunConfiguration><ResultsDirectory>C:\\Users\\Emir\\Source\\Repos\\VVS-Zadaca2\\Filmoteka\\Unit Testovi\\bin\\Debug\\fine-code-coverage\\_outputfolder</ResultsDirectory><TargetPlatform>X64</TargetPlatform><TargetFrameworkVersion>.NETCoreApp,Version=v3.1</TargetFrameworkVersion><DesignMode>False</DesignMode><CollectSourceInformation>False</CollectSourceInformation><TestAdaptersPaths>C:\\Program Files\\dotnet\\sdk\\3.1.403\\Extensions</TestAdaptersPaths></RunConfiguration><LoggerRunSettings><Loggers><Logger friendlyName=\"blame\" enabled=\"True\" /><Logger friendlyName=\"Console\" uri=\"logger://microsoft/TestPlatform/ConsoleLogger/v1\" assemblyQualifiedName=\"Microsoft.VisualStudio.TestPlatform.CommandLine.Internal.ConsoleLogger, vstest.console, Version=15.0.0.0, Culture=neutral, PublicKeyToken=b03f5f7f11d50a3a\" codeBase=\"C:\\Program Files\\dotnet\\sdk\\3.1.403\\vstest.console.dll\" enabled=\"True\" /></Loggers></LoggerRunSettings><DataCollectionRunSettings><DataCollectors><DataCollector friendlyName=\"blame\" enabled=\"True\"><Configuration><ResultsDirectory>C:\\Users\\Emir\\Source\\Repos\\VVS-Zadaca2\\Filmoteka\\Unit Testovi\\bin\\Debug\\fine-code-coverage\\_outputfolder</ResultsDirectory></Configuration></DataCollector></DataCollectors></DataCollectionRunSettings></RunSettings>",
  "Sources": [
    "C:\\Users\\Emir\\Source\\Repos\\VVS-Zadaca2\\Filmoteka\\Unit Testovi\\bin\\Debug\\fine-code-coverage\\Unit Testovi.dll"
  ]
}
TpTrace Verbose: 0 : 10008, 1, 2020/12/01, 01:20:06.644, 545481341432, datacollector.dll, TestPluginCache: Update extensions started. Skip filter = False
TpTrace Verbose: 0 : 10008, 1, 2020/12/01, 01:20:06.645, 545481344551, datacollector.dll, TestPluginCache: Using directories for assembly resolution 'C:\Program Files\dotnet\sdk\3.1.403\Extensions'.
TpTrace Verbose: 0 : 10008, 1, 2020/12/01, 01:20:06.645, 545481344752, datacollector.dll, TestPluginCache: Updated the available extensions to 'C:\Program Files\dotnet\sdk\3.1.403\Extensions\Microsoft.TestPlatform.Extensions.BlameDataCollector.dll,C:\Program Files\dotnet\sdk\3.1.403\Extensions\Microsoft.TestPlatform.Extensions.EventLogCollector.dll'.
TpTrace Verbose: 0 : 10008, 1, 2020/12/01, 01:20:06.653, 545481369877, datacollector.dll, TestPluginCache.DiscoverTestExtensions: finding test extensions in assemblies ends with: Collector.dll TPluginInfo: Microsoft.VisualStudio.TestPlatform.Common.DataCollector.DataCollectorConfig TExtension: Microsoft.VisualStudio.TestPlatform.ObjectModel.DataCollection.DataCollector
TpTrace Verbose: 0 : 10008, 1, 2020/12/01, 01:20:06.654, 545481370590, datacollector.dll, TestPluginCache.GetExtensionPaths: Filtered extension paths: C:\Program Files\dotnet\sdk\3.1.403\Extensions\Microsoft.TestPlatform.Extensions.BlameDataCollector.dll
C:\Program Files\dotnet\sdk\3.1.403\Extensions\Microsoft.TestPlatform.Extensions.EventLogCollector.dll
TpTrace Verbose: 0 : 10008, 1, 2020/12/01, 01:20:06.654, 545481370876, datacollector.dll, TestPluginCache.GetExtensionPaths: Added default extension paths: 
TpTrace Verbose: 0 : 10008, 1, 2020/12/01, 01:20:06.654, 545481371012, datacollector.dll, TestPluginCache.GetExtensionPaths: Added unfilterableExtensionPaths: 
TpTrace Information: 0 : 10008, 1, 2020/12/01, 01:20:06.654, 545481373369, datacollector.dll, AssemblyResolver.ctor: Creating AssemblyResolver with searchDirectories C:\Program Files\dotnet\sdk\3.1.403\Extensions,C:\Program Files\dotnet\sdk\3.1.403
TpTrace Verbose: 0 : 10008, 1, 2020/12/01, 01:20:06.656, 545481378188, datacollector.dll, TestPluginCache.DiscoverTestExtensions: Discovering the extensions using extension path.
TpTrace Verbose: 0 : 10008, 1, 2020/12/01, 01:20:06.656, 545481378669, datacollector.dll, TestPluginCache.GetExtensionPaths: Filtered extension paths: C:\Program Files\dotnet\sdk\3.1.403\Extensions\Microsoft.TestPlatform.Extensions.BlameDataCollector.dll
C:\Program Files\dotnet\sdk\3.1.403\Extensions\Microsoft.TestPlatform.Extensions.EventLogCollector.dll
TpTrace Verbose: 0 : 10008, 1, 2020/12/01, 01:20:06.656, 545481378801, datacollector.dll, TestPluginCache.GetExtensionPaths: Added default extension paths: 
TpTrace Verbose: 0 : 10008, 1, 2020/12/01, 01:20:06.656, 545481378930, datacollector.dll, TestPluginCache.GetExtensionPaths: Added unfilterableExtensionPaths: 
TpTrace Verbose: 0 : 10008, 1, 2020/12/01, 01:20:06.656, 545481379139, datacollector.dll, TestPluginCache.DiscoverTestExtensions: Discovering the extensions using allExtensionPaths: C:\Program Files\dotnet\sdk\3.1.403\Extensions\Microsoft.TestPlatform.Extensions.BlameDataCollector.dll
C:\Program Files\dotnet\sdk\3.1.403\Extensions\Microsoft.TestPlatform.Extensions.EventLogCollector.dll
TpTrace Information: 0 : 10008, 1, 2020/12/01, 01:20:06.656, 545481379472, datacollector.dll, AssemblyResolver.AddSearchDirectories: Adding more searchDirectories C:\Program Files\dotnet\sdk\3.1.403\Extensions,C:\Program Files\dotnet\sdk\3.1.403
TpTrace Information: 0 : 10008, 1, 2020/12/01, 01:20:06.657, 545481379725, datacollector.dll, AssemblyResolver.AddSearchDirectories: Adding more searchDirectories C:\Program Files\dotnet\sdk\3.1.403\Extensions,C:\Program Files\dotnet\sdk\3.1.403
TpTrace Information: 0 : 10008, 1, 2020/12/01, 01:20:06.657, 545481381316, datacollector.dll, AssemblyResolver.OnResolve: Microsoft.TestPlatform.Extensions.BlameDataCollector: Resolving assembly.
TpTrace Information: 0 : 10008, 1, 2020/12/01, 01:20:06.658, 545481383987, datacollector.dll, AssemblyResolver.OnResolve: Resolved assembly: Microsoft.TestPlatform.Extensions.BlameDataCollector, from path: C:\Program Files\dotnet\sdk\3.1.403\Extensions\Microsoft.TestPlatform.Extensions.BlameDataCollector.dll
TpTrace Error: 0 : 10008, 1, 2020/12/01, 01:20:06.659, 545481387687, datacollector.dll, The type "Microsoft.TestPlatform.Extensions.BlameDataCollector.BlameCollector" defined in "Microsoft.TestPlatform.Extensions.BlameDataCollector.dll" does not have ExtensionUri attribute.
TpTrace Information: 0 : 10008, 1, 2020/12/01, 01:20:06.660, 545481389949, datacollector.dll, AssemblyResolver.OnResolve: Microsoft.TestPlatform.Extensions.EventLogCollector: Resolving assembly.
TpTrace Information: 0 : 10008, 1, 2020/12/01, 01:20:06.660, 545481391640, datacollector.dll, AssemblyResolver.OnResolve: Resolved assembly: Microsoft.TestPlatform.Extensions.EventLogCollector, from path: C:\Program Files\dotnet\sdk\3.1.403\Extensions\Microsoft.TestPlatform.Extensions.EventLogCollector.dll
TpTrace Error: 0 : 10008, 1, 2020/12/01, 01:20:06.662, 545481395938, datacollector.dll, The type "Microsoft.TestPlatform.Extensions.EventLogCollector.EventLogDataCollector" defined in "Microsoft.TestPlatform.Extensions.EventLogCollector.dll" does not have ExtensionUri attribute.
TpTrace Verbose: 0 : 10008, 1, 2020/12/01, 01:20:06.662, 545481397097, datacollector.dll, TestPluginCache: Discovered the extensions using extension path 'C:\Program Files\dotnet\sdk\3.1.403\Extensions\Microsoft.TestPlatform.Extensions.BlameDataCollector.dll,C:\Program Files\dotnet\sdk\3.1.403\Extensions\Microsoft.TestPlatform.Extensions.EventLogCollector.dll'.
TpTrace Verbose: 0 : 10008, 1, 2020/12/01, 01:20:06.662, 545481397271, datacollector.dll, TestPluginCache: Discoverers are ''.
TpTrace Verbose: 0 : 10008, 1, 2020/12/01, 01:20:06.662, 545481397382, datacollector.dll, TestPluginCache: Executors are ''.
TpTrace Verbose: 0 : 10008, 1, 2020/12/01, 01:20:06.662, 545481397507, datacollector.dll, TestPluginCache: Executors2 are ''.
TpTrace Verbose: 0 : 10008, 1, 2020/12/01, 01:20:06.662, 545481397611, datacollector.dll, TestPluginCache: Setting providers are ''.
TpTrace Verbose: 0 : 10008, 1, 2020/12/01, 01:20:06.662, 545481397715, datacollector.dll, TestPluginCache: Loggers are ''.
TpTrace Information: 0 : 10008, 1, 2020/12/01, 01:20:06.664, 545481402794, datacollector.dll, TestPluginManager.CreateTestExtension: Attempting to load test extension: Microsoft.TestPlatform.Extensions.BlameDataCollector.BlameCollector
TpTrace Error: 0 : 10008, 1, 2020/12/01, 01:20:06.664, 545481403229, datacollector.dll, The type "Microsoft.TestPlatform.Extensions.BlameDataCollector.BlameCollector" defined in "Microsoft.TestPlatform.Extensions.BlameDataCollector.dll" does not have ExtensionUri attribute.
TpTrace Information: 0 : 10008, 1, 2020/12/01, 01:20:06.671, 545481422886, datacollector.dll, Listening on Endpoint : 127.0.0.1:51873
TpTrace Information: 0 : 10008, 1, 2020/12/01, 01:20:06.679, 545481446653, datacollector.dll, DataCollectionRequestHandler.ProcessRequests : DataCollection started.
TpTrace Information: 0 : 10008, 1, 2020/12/01, 01:20:06.723, 545481582206, datacollector.dll, DataCollectionRequestHandler.ProcessRequests : Datacollector received message: (DataCollection.TestHostLaunched) -> {
  "ProcessId": 8728
}
TpTrace Information: 0 : 10008, 5, 2020/12/01, 01:20:06.917, 545482172846, datacollector.dll, Using the buffer size of 16384 bytes
TpTrace Information: 0 : 10008, 5, 2020/12/01, 01:20:06.917, 545482173132, datacollector.dll, Accepted Client request and set the flag
TpTrace Information: 0 : 10008, 6, 2020/12/01, 01:20:07.440, 545483762618, datacollector.dll, DataCollectionTestCaseEventHandler: Test case starting.
TpTrace Information: 0 : 10008, 6, 2020/12/01, 01:20:07.480, 545483884196, datacollector.dll, Blame Collector : Test Case Start
TpTrace Information: 0 : 10008, 6, 2020/12/01, 01:20:07.481, 545483885731, datacollector.dll, DataCollectionTestCaseEventHandler: Test case 'TestZamjenskiObjekat - aef9dec6-1181-fac1-2596-b31421e8da47' started.
TpTrace Information: 0 : 10008, 6, 2020/12/01, 01:20:07.566, 545484146033, datacollector.dll, DataCollectionTestCaseEventHandler : Test case completing.
TpTrace Information: 0 : 10008, 6, 2020/12/01, 01:20:07.571, 545484159611, datacollector.dll, Blame Collector : Test Case End
TpTrace Error: 0 : 10008, 6, 2020/12/01, 01:20:07.586, 545484205700, datacollector.dll, DataCollectionAttachmentManager.GetAttachments: Fail to get attachments: System.Collections.Generic.KeyNotFoundException: The given key 'Microsoft.VisualStudio.TestPlatform.ObjectModel.DataCollection.DataCollectionContext' was not present in the dictionary.
   at System.Collections.Generic.Dictionary`2.get_Item(TKey key)
   at Microsoft.VisualStudio.TestPlatform.Common.DataCollector.DataCollectionAttachmentManager.GetAttachments(DataCollectionContext dataCollectionContext) 
TpTrace Information: 0 : 10008, 6, 2020/12/01, 01:20:07.590, 545484217790, datacollector.dll, DataCollectionTestCaseEventHandler: Test case 'TestZamjenskiObjekat - aef9dec6-1181-fac1-2596-b31421e8da47' completed
TpTrace Information: 0 : 10008, 6, 2020/12/01, 01:20:07.603, 545484257183, datacollector.dll, DataCollectionTestCaseEventHandler: Test case starting.
TpTrace Information: 0 : 10008, 6, 2020/12/01, 01:20:07.603, 545484259171, datacollector.dll, Blame Collector : Test Case Start
TpTrace Information: 0 : 10008, 6, 2020/12/01, 01:20:07.604, 545484259620, datacollector.dll, DataCollectionTestCaseEventHandler: Test case 'TestDodajNastavakIstiGlumci - 307a9543-71bf-45b1-736e-e86a33581b25' started.
TpTrace Information: 0 : 10008, 6, 2020/12/01, 01:20:07.610, 545484280393, datacollector.dll, DataCollectionTestCaseEventHandler : Test case completing.
TpTrace Information: 0 : 10008, 6, 2020/12/01, 01:20:07.611, 545484282338, datacollector.dll, Blame Collector : Test Case End
TpTrace Error: 0 : 10008, 6, 2020/12/01, 01:20:07.611, 545484283124, datacollector.dll, DataCollectionAttachmentManager.GetAttachments: Fail to get attachments: System.Collections.Generic.KeyNotFoundException: The given key 'Microsoft.VisualStudio.TestPlatform.ObjectModel.DataCollection.DataCollectionContext' was not present in the dictionary.
   at System.Collections.Generic.Dictionary`2.get_Item(TKey key)
   at Microsoft.VisualStudio.TestPlatform.Common.DataCollector.DataCollectionAttachmentManager.GetAttachments(DataCollectionContext dataCollectionContext) 
TpTrace Information: 0 : 10008, 6, 2020/12/01, 01:20:07.611, 545484283522, datacollector.dll, DataCollectionTestCaseEventHandler: Test case 'TestDodajNastavakIstiGlumci - 307a9543-71bf-45b1-736e-e86a33581b25' completed
TpTrace Information: 0 : 10008, 6, 2020/12/01, 01:20:07.613, 545484287248, datacollector.dll, DataCollectionTestCaseEventHandler: Test case starting.
TpTrace Information: 0 : 10008, 6, 2020/12/01, 01:20:07.613, 545484288784, datacollector.dll, Blame Collector : Test Case Start
TpTrace Information: 0 : 10008, 6, 2020/12/01, 01:20:07.613, 545484289090, datacollector.dll, DataCollectionTestCaseEventHandler: Test case 'TestDodajNastavakRazlicitiGlumci - ccc8a4b1-0bba-0d1f-634a-2a0e08c0293a' started.
TpTrace Information: 0 : 10008, 6, 2020/12/01, 01:20:07.615, 545484295961, datacollector.dll, DataCollectionTestCaseEventHandler : Test case completing.
TpTrace Information: 0 : 10008, 6, 2020/12/01, 01:20:07.616, 545484297629, datacollector.dll, Blame Collector : Test Case End
TpTrace Error: 0 : 10008, 6, 2020/12/01, 01:20:07.616, 545484298124, datacollector.dll, DataCollectionAttachmentManager.GetAttachments: Fail to get attachments: System.Collections.Generic.KeyNotFoundException: The given key 'Microsoft.VisualStudio.TestPlatform.ObjectModel.DataCollection.DataCollectionContext' was not present in the dictionary.
   at System.Collections.Generic.Dictionary`2.get_Item(TKey key)
   at Microsoft.VisualStudio.TestPlatform.Common.DataCollector.DataCollectionAttachmentManager.GetAttachments(DataCollectionContext dataCollectionContext) 
TpTrace Information: 0 : 10008, 6, 2020/12/01, 01:20:07.616, 545484298494, datacollector.dll, DataCollectionTestCaseEventHandler: Test case 'TestDodajNastavakRazlicitiGlumci - ccc8a4b1-0bba-0d1f-634a-2a0e08c0293a' completed
TpTrace Information: 0 : 10008, 6, 2020/12/01, 01:20:07.617, 545484301959, datacollector.dll, DataCollectionTestCaseEventHandler: Test case starting.
TpTrace Information: 0 : 10008, 6, 2020/12/01, 01:20:07.618, 545484303553, datacollector.dll, Blame Collector : Test Case Start
TpTrace Information: 0 : 10008, 6, 2020/12/01, 01:20:07.618, 545484303896, datacollector.dll, DataCollectionTestCaseEventHandler: Test case 'TestDodajNastavakIzuzetak - 83c1ddde-4e31-66fc-a376-4096e8037e77' started.
TpTrace Information: 0 : 10008, 6, 2020/12/01, 01:20:07.622, 545484317015, datacollector.dll, DataCollectionTestCaseEventHandler : Test case completing.
TpTrace Information: 0 : 10008, 6, 2020/12/01, 01:20:07.623, 545484318898, datacollector.dll, Blame Collector : Test Case End
TpTrace Error: 0 : 10008, 6, 2020/12/01, 01:20:07.623, 545484319480, datacollector.dll, DataCollectionAttachmentManager.GetAttachments: Fail to get attachments: System.Collections.Generic.KeyNotFoundException: The given key 'Microsoft.VisualStudio.TestPlatform.ObjectModel.DataCollection.DataCollectionContext' was not present in the dictionary.
   at System.Collections.Generic.Dictionary`2.get_Item(TKey key)
   at Microsoft.VisualStudio.TestPlatform.Common.DataCollector.DataCollectionAttachmentManager.GetAttachments(DataCollectionContext dataCollectionContext) 
TpTrace Information: 0 : 10008, 6, 2020/12/01, 01:20:07.623, 545484320063, datacollector.dll, DataCollectionTestCaseEventHandler: Test case 'TestDodajNastavakIzuzetak - 83c1ddde-4e31-66fc-a376-4096e8037e77' completed
TpTrace Information: 0 : 10008, 6, 2020/12/01, 01:20:07.624, 545484323263, datacollector.dll, DataCollectionTestCaseEventHandler: Test case starting.
TpTrace Information: 0 : 10008, 6, 2020/12/01, 01:20:07.625, 545484324815, datacollector.dll, Blame Collector : Test Case Start
TpTrace Information: 0 : 10008, 6, 2020/12/01, 01:20:07.625, 545484325147, datacollector.dll, DataCollectionTestCaseEventHandler: Test case 'TestDajSveFilmoveSGLumcima - 729a6b5e-7234-caa5-77a0-368e88dfe702' started.
TpTrace Information: 0 : 10008, 6, 2020/12/01, 01:20:07.630, 545484339299, datacollector.dll, DataCollectionTestCaseEventHandler : Test case completing.
TpTrace Information: 0 : 10008, 6, 2020/12/01, 01:20:07.630, 545484341116, datacollector.dll, Blame Collector : Test Case End
TpTrace Error: 0 : 10008, 6, 2020/12/01, 01:20:07.630, 545484341648, datacollector.dll, DataCollectionAttachmentManager.GetAttachments: Fail to get attachments: System.Collections.Generic.KeyNotFoundException: The given key 'Microsoft.VisualStudio.TestPlatform.ObjectModel.DataCollection.DataCollectionContext' was not present in the dictionary.
   at System.Collections.Generic.Dictionary`2.get_Item(TKey key)
   at Microsoft.VisualStudio.TestPlatform.Common.DataCollector.DataCollectionAttachmentManager.GetAttachments(DataCollectionContext dataCollectionContext) 
TpTrace Information: 0 : 10008, 6, 2020/12/01, 01:20:07.631, 545484342078, datacollector.dll, DataCollectionTestCaseEventHandler: Test case 'TestDajSveFilmoveSGLumcima - 729a6b5e-7234-caa5-77a0-368e88dfe702' completed
TpTrace Information: 0 : 10008, 6, 2020/12/01, 01:20:07.632, 545484345301, datacollector.dll, DataCollectionTestCaseEventHandler: Test case starting.
TpTrace Information: 0 : 10008, 6, 2020/12/01, 01:20:07.632, 545484346774, datacollector.dll, Blame Collector : Test Case Start
TpTrace Information: 0 : 10008, 6, 2020/12/01, 01:20:07.632, 545484347045, datacollector.dll, DataCollectionTestCaseEventHandler: Test case 'TestDajSrednjuOcjenuSvihFilmova - ff1b4d14-945d-8df7-b04f-61053947ac65' started.
TpTrace Information: 0 : 10008, 6, 2020/12/01, 01:20:07.635, 545484356634, datacollector.dll, DataCollectionTestCaseEventHandler : Test case completing.
TpTrace Information: 0 : 10008, 6, 2020/12/01, 01:20:07.636, 545484358398, datacollector.dll, Blame Collector : Test Case End
TpTrace Error: 0 : 10008, 6, 2020/12/01, 01:20:07.636, 545484358909, datacollector.dll, DataCollectionAttachmentManager.GetAttachments: Fail to get attachments: System.Collections.Generic.KeyNotFoundException: The given key 'Microsoft.VisualStudio.TestPlatform.ObjectModel.DataCollection.DataCollectionContext' was not present in the dictionary.
   at System.Collections.Generic.Dictionary`2.get_Item(TKey key)
   at Microsoft.VisualStudio.TestPlatform.Common.DataCollector.DataCollectionAttachmentManager.GetAttachments(DataCollectionContext dataCollectionContext) 
TpTrace Information: 0 : 10008, 6, 2020/12/01, 01:20:07.636, 545484359280, datacollector.dll, DataCollectionTestCaseEventHandler: Test case 'TestDajSrednjuOcjenuSvihFilmova - ff1b4d14-945d-8df7-b04f-61053947ac65' completed
TpTrace Information: 0 : 10008, 6, 2020/12/01, 01:20:07.638, 545484363093, datacollector.dll, DataCollectionTestCaseEventHandler: Test case starting.
TpTrace Information: 0 : 10008, 6, 2020/12/01, 01:20:07.638, 545484364752, datacollector.dll, Blame Collector : Test Case Start
TpTrace Information: 0 : 10008, 6, 2020/12/01, 01:20:07.638, 545484365016, datacollector.dll, DataCollectionTestCaseEventHandler: Test case 'TestDajSrednjuOcjenuSvihFilmovaPrazan - 5ce7f736-72c3-ced1-6d90-e30c94cad1f2' started.
TpTrace Information: 0 : 10008, 6, 2020/12/01, 01:20:07.640, 545484370484, datacollector.dll, DataCollectionTestCaseEventHandler : Test case completing.
TpTrace Information: 0 : 10008, 6, 2020/12/01, 01:20:07.641, 545484372331, datacollector.dll, Blame Collector : Test Case End
TpTrace Error: 0 : 10008, 6, 2020/12/01, 01:20:07.641, 545484372862, datacollector.dll, DataCollectionAttachmentManager.GetAttachments: Fail to get attachments: System.Collections.Generic.KeyNotFoundException: The given key 'Microsoft.VisualStudio.TestPlatform.ObjectModel.DataCollection.DataCollectionContext' was not present in the dictionary.
   at System.Collections.Generic.Dictionary`2.get_Item(TKey key)
   at Microsoft.VisualStudio.TestPlatform.Common.DataCollector.DataCollectionAttachmentManager.GetAttachments(DataCollectionContext dataCollectionContext) 
TpTrace Information: 0 : 10008, 6, 2020/12/01, 01:20:07.641, 545484373214, datacollector.dll, DataCollectionTestCaseEventHandler: Test case 'TestDajSrednjuOcjenuSvihFilmovaPrazan - 5ce7f736-72c3-ced1-6d90-e30c94cad1f2' completed
TpTrace Information: 0 : 10008, 6, 2020/12/01, 01:20:07.642, 545484378042, datacollector.dll, DataCollectionTestCaseEventHandler: Test case starting.
TpTrace Information: 0 : 10008, 6, 2020/12/01, 01:20:07.643, 545484379724, datacollector.dll, Blame Collector : Test Case Start
TpTrace Information: 0 : 10008, 6, 2020/12/01, 01:20:07.643, 545484380033, datacollector.dll, DataCollectionTestCaseEventHandler: Test case 'TestProdužiRokValidan - b1426bd4-5b5c-cdf7-b56e-482bb38d32fa' started.
TpTrace Information: 0 : 10008, 6, 2020/12/01, 01:20:07.649, 545484397954, datacollector.dll, DataCollectionTestCaseEventHandler : Test case completing.
TpTrace Information: 0 : 10008, 6, 2020/12/01, 01:20:07.650, 545484399809, datacollector.dll, Blame Collector : Test Case End
TpTrace Error: 0 : 10008, 6, 2020/12/01, 01:20:07.650, 545484400383, datacollector.dll, DataCollectionAttachmentManager.GetAttachments: Fail to get attachments: System.Collections.Generic.KeyNotFoundException: The given key 'Microsoft.VisualStudio.TestPlatform.ObjectModel.DataCollection.DataCollectionContext' was not present in the dictionary.
   at System.Collections.Generic.Dictionary`2.get_Item(TKey key)
   at Microsoft.VisualStudio.TestPlatform.Common.DataCollector.DataCollectionAttachmentManager.GetAttachments(DataCollectionContext dataCollectionContext) 
TpTrace Information: 0 : 10008, 6, 2020/12/01, 01:20:07.650, 545484400732, datacollector.dll, DataCollectionTestCaseEventHandler: Test case 'TestProdužiRokValidan - b1426bd4-5b5c-cdf7-b56e-482bb38d32fa' completed
TpTrace Information: 0 : 10008, 6, 2020/12/01, 01:20:07.655, 545484415256, datacollector.dll, DataCollectionTestCaseEventHandler: Test session ended
TpTrace Information: 0 : 10008, 1, 2020/12/01, 01:20:07.772, 545484770644, datacollector.dll, DataCollectionRequestHandler.ProcessRequests : Datacollector received message: (DataCollection.AfterTestRunEnd) -> false
TpTrace Information: 0 : 10008, 1, 2020/12/01, 01:20:07.772, 545484772941, datacollector.dll, Blame Collector : Session End
TpTrace Error: 0 : 10008, 1, 2020/12/01, 01:20:07.773, 545484773783, datacollector.dll, DataCollectionAttachmentManager.GetAttachments: Fail to get attachments: System.Collections.Generic.KeyNotFoundException: The given key 'Microsoft.VisualStudio.TestPlatform.ObjectModel.DataCollection.DataCollectionContext' was not present in the dictionary.
   at System.Collections.Generic.Dictionary`2.get_Item(TKey key)
   at Microsoft.VisualStudio.TestPlatform.Common.DataCollector.DataCollectionAttachmentManager.GetAttachments(DataCollectionContext dataCollectionContext) 
TpTrace Information: 0 : 10008, 1, 2020/12/01, 01:20:07.773, 545484774027, datacollector.dll, DataCollectionManager.CleanupPlugins: CleanupPlugins called
TpTrace Verbose: 0 : 10008, 1, 2020/12/01, 01:20:07.773, 545484774175, datacollector.dll, DataCollectionManager.CleanupPlugins: Cleaning up 1 plugins
TpTrace Verbose: 0 : 10008, 1, 2020/12/01, 01:20:07.773, 545484774544, datacollector.dll, dataCollectorInfo.DisposeDataCollector: calling Dispose() on Microsoft.TestPlatform.Extensions.BlameDataCollector.BlameCollector
TpTrace Information: 0 : 10008, 1, 2020/12/01, 01:20:07.773, 545484774784, datacollector.dll, DataCollectionManager.CleanupPlugins: CleanupPlugins finished
TpTrace Information: 0 : 10008, 1, 2020/12/01, 01:20:07.773, 545484775149, datacollector.dll, DataCollectionRequestHandler.ProcessRequests : Session End message received from server. Closing the connection.
TpTrace Information: 0 : 10008, 1, 2020/12/01, 01:20:07.773, 545484775521, datacollector.dll, Closing the connection !
TpTrace Information: 0 : 10008, 1, 2020/12/01, 01:20:07.773, 545484775639, datacollector.dll, DataCollectionRequestHandler.ProcessRequests : DataCollection completed
TpTrace Information: 0 : 10008, 1, 2020/12/01, 01:20:07.773, 545484775769, datacollector.dll, Program.Main: exiting datacollector process.
