TpTrace Information: 0 : 1736, 1, 2020/12/02, 02:13:24.574, 817950207018, datacollector.dll, DataCollectorMain.Run: Starting data collector run with args: --port,55264,--parentprocessid,15620,--diag,C:\Users\Emir\source\repos\VVS-ZADACA2\Filmoteka\Unit Testovi\bin\Debug\fine-code-coverage\_outputfolder\diagnostics.datacollector.20-12-02_02-13-24_44898_4.log,--tracelevel,4
TpTrace Information: 0 : 1736, 1, 2020/12/02, 02:13:24.581, 817950216421, datacollector.dll, DataCollector: Monitoring parent process with id: '15620'
TpTrace Information: 0 : 1736, 1, 2020/12/02, 02:13:24.590, 817950243032, datacollector.dll, Trying to connect to server on socket : 127.0.0.1:55264 
TpTrace Verbose: 0 : 1736, 1, 2020/12/02, 02:13:24.606, 817950293669, datacollector.dll, SocketCommunicationManager : SetupClientAsync : Attempting to connect to the server.
TpTrace Information: 0 : 1736, 5, 2020/12/02, 02:13:24.616, 817950321866, datacollector.dll, Connected to the server successfully 
TpTrace Information: 0 : 1736, 5, 2020/12/02, 02:13:24.616, 817950322196, datacollector.dll, Using the buffer size of 16384 bytes
TpTrace Information: 0 : 1736, 1, 2020/12/02, 02:13:24.711, 817950612356, datacollector.dll, DataCollector: Start Request Processing.
TpTrace Information: 0 : 1736, 1, 2020/12/02, 02:13:24.716, 817950628437, datacollector.dll, DataCollectionRequestHandler.ProcessRequests : Datacollector received message: (DataCollection.BeforeTestRunStart) -> {
  "SettingsXml": "<RunSettings><RunConfiguration><ResultsDirectory>C:\\Users\\Emir\\source\\repos\\VVS-ZADACA2\\Filmoteka\\Unit Testovi\\bin\\Debug\\fine-code-coverage\\_outputfolder</ResultsDirectory><TargetPlatform>X64</TargetPlatform><TargetFrameworkVersion>.NETCoreApp,Version=v3.1</TargetFrameworkVersion><DesignMode>False</DesignMode><CollectSourceInformation>False</CollectSourceInformation><TestAdaptersPaths>C:\\Program Files\\dotnet\\sdk\\3.1.403\\Extensions</TestAdaptersPaths></RunConfiguration><LoggerRunSettings><Loggers><Logger friendlyName=\"blame\" enabled=\"True\" /><Logger friendlyName=\"Console\" uri=\"logger://microsoft/TestPlatform/ConsoleLogger/v1\" assemblyQualifiedName=\"Microsoft.VisualStudio.TestPlatform.CommandLine.Internal.ConsoleLogger, vstest.console, Version=15.0.0.0, Culture=neutral, PublicKeyToken=b03f5f7f11d50a3a\" codeBase=\"C:\\Program Files\\dotnet\\sdk\\3.1.403\\vstest.console.dll\" enabled=\"True\" /></Loggers></LoggerRunSettings><DataCollectionRunSettings><DataCollectors><DataCollector friendlyName=\"blame\" enabled=\"True\"><Configuration><ResultsDirectory>C:\\Users\\Emir\\source\\repos\\VVS-ZADACA2\\Filmoteka\\Unit Testovi\\bin\\Debug\\fine-code-coverage\\_outputfolder</ResultsDirectory></Configuration></DataCollector></DataCollectors></DataCollectionRunSettings></RunSettings>",
  "Sources": [
    "C:\\Users\\Emir\\source\\repos\\VVS-ZADACA2\\Filmoteka\\Unit Testovi\\bin\\Debug\\fine-code-coverage\\Unit Testovi.dll"
  ]
}
TpTrace Verbose: 0 : 1736, 1, 2020/12/02, 02:13:24.776, 817950806388, datacollector.dll, TestPluginCache: Update extensions started. Skip filter = False
TpTrace Verbose: 0 : 1736, 1, 2020/12/02, 02:13:24.777, 817950809625, datacollector.dll, TestPluginCache: Using directories for assembly resolution 'C:\Program Files\dotnet\sdk\3.1.403\Extensions'.
TpTrace Verbose: 0 : 1736, 1, 2020/12/02, 02:13:24.777, 817950809825, datacollector.dll, TestPluginCache: Updated the available extensions to 'C:\Program Files\dotnet\sdk\3.1.403\Extensions\Microsoft.TestPlatform.Extensions.BlameDataCollector.dll,C:\Program Files\dotnet\sdk\3.1.403\Extensions\Microsoft.TestPlatform.Extensions.EventLogCollector.dll'.
TpTrace Verbose: 0 : 1736, 1, 2020/12/02, 02:13:24.789, 817950847533, datacollector.dll, TestPluginCache.DiscoverTestExtensions: finding test extensions in assemblies ends with: Collector.dll TPluginInfo: Microsoft.VisualStudio.TestPlatform.Common.DataCollector.DataCollectorConfig TExtension: Microsoft.VisualStudio.TestPlatform.ObjectModel.DataCollection.DataCollector
TpTrace Verbose: 0 : 1736, 1, 2020/12/02, 02:13:24.790, 817950848306, datacollector.dll, TestPluginCache.GetExtensionPaths: Filtered extension paths: C:\Program Files\dotnet\sdk\3.1.403\Extensions\Microsoft.TestPlatform.Extensions.BlameDataCollector.dll
C:\Program Files\dotnet\sdk\3.1.403\Extensions\Microsoft.TestPlatform.Extensions.EventLogCollector.dll
TpTrace Verbose: 0 : 1736, 1, 2020/12/02, 02:13:24.790, 817950848666, datacollector.dll, TestPluginCache.GetExtensionPaths: Added default extension paths: 
TpTrace Verbose: 0 : 1736, 1, 2020/12/02, 02:13:24.790, 817950848819, datacollector.dll, TestPluginCache.GetExtensionPaths: Added unfilterableExtensionPaths: 
TpTrace Information: 0 : 1736, 1, 2020/12/02, 02:13:24.791, 817950851252, datacollector.dll, AssemblyResolver.ctor: Creating AssemblyResolver with searchDirectories C:\Program Files\dotnet\sdk\3.1.403\Extensions,C:\Program Files\dotnet\sdk\3.1.403
TpTrace Verbose: 0 : 1736, 1, 2020/12/02, 02:13:24.792, 817950856097, datacollector.dll, TestPluginCache.DiscoverTestExtensions: Discovering the extensions using extension path.
TpTrace Verbose: 0 : 1736, 1, 2020/12/02, 02:13:24.792, 817950856611, datacollector.dll, TestPluginCache.GetExtensionPaths: Filtered extension paths: C:\Program Files\dotnet\sdk\3.1.403\Extensions\Microsoft.TestPlatform.Extensions.BlameDataCollector.dll
C:\Program Files\dotnet\sdk\3.1.403\Extensions\Microsoft.TestPlatform.Extensions.EventLogCollector.dll
TpTrace Verbose: 0 : 1736, 1, 2020/12/02, 02:13:24.792, 817950856777, datacollector.dll, TestPluginCache.GetExtensionPaths: Added default extension paths: 
TpTrace Verbose: 0 : 1736, 1, 2020/12/02, 02:13:24.792, 817950856891, datacollector.dll, TestPluginCache.GetExtensionPaths: Added unfilterableExtensionPaths: 
TpTrace Verbose: 0 : 1736, 1, 2020/12/02, 02:13:24.793, 817950857154, datacollector.dll, TestPluginCache.DiscoverTestExtensions: Discovering the extensions using allExtensionPaths: C:\Program Files\dotnet\sdk\3.1.403\Extensions\Microsoft.TestPlatform.Extensions.BlameDataCollector.dll
C:\Program Files\dotnet\sdk\3.1.403\Extensions\Microsoft.TestPlatform.Extensions.EventLogCollector.dll
TpTrace Information: 0 : 1736, 1, 2020/12/02, 02:13:24.793, 817950857497, datacollector.dll, AssemblyResolver.AddSearchDirectories: Adding more searchDirectories C:\Program Files\dotnet\sdk\3.1.403\Extensions,C:\Program Files\dotnet\sdk\3.1.403
TpTrace Information: 0 : 1736, 1, 2020/12/02, 02:13:24.793, 817950857709, datacollector.dll, AssemblyResolver.AddSearchDirectories: Adding more searchDirectories C:\Program Files\dotnet\sdk\3.1.403\Extensions,C:\Program Files\dotnet\sdk\3.1.403
TpTrace Information: 0 : 1736, 1, 2020/12/02, 02:13:24.793, 817950859314, datacollector.dll, AssemblyResolver.OnResolve: Microsoft.TestPlatform.Extensions.BlameDataCollector: Resolving assembly.
TpTrace Information: 0 : 1736, 1, 2020/12/02, 02:13:24.794, 817950861846, datacollector.dll, AssemblyResolver.OnResolve: Resolved assembly: Microsoft.TestPlatform.Extensions.BlameDataCollector, from path: C:\Program Files\dotnet\sdk\3.1.403\Extensions\Microsoft.TestPlatform.Extensions.BlameDataCollector.dll
TpTrace Error: 0 : 1736, 1, 2020/12/02, 02:13:24.795, 817950865847, datacollector.dll, The type "Microsoft.TestPlatform.Extensions.BlameDataCollector.BlameCollector" defined in "Microsoft.TestPlatform.Extensions.BlameDataCollector.dll" does not have ExtensionUri attribute.
TpTrace Information: 0 : 1736, 1, 2020/12/02, 02:13:24.796, 817950868355, datacollector.dll, AssemblyResolver.OnResolve: Microsoft.TestPlatform.Extensions.EventLogCollector: Resolving assembly.
TpTrace Information: 0 : 1736, 1, 2020/12/02, 02:13:24.797, 817950870031, datacollector.dll, AssemblyResolver.OnResolve: Resolved assembly: Microsoft.TestPlatform.Extensions.EventLogCollector, from path: C:\Program Files\dotnet\sdk\3.1.403\Extensions\Microsoft.TestPlatform.Extensions.EventLogCollector.dll
TpTrace Error: 0 : 1736, 1, 2020/12/02, 02:13:24.798, 817950874619, datacollector.dll, The type "Microsoft.TestPlatform.Extensions.EventLogCollector.EventLogDataCollector" defined in "Microsoft.TestPlatform.Extensions.EventLogCollector.dll" does not have ExtensionUri attribute.
TpTrace Verbose: 0 : 1736, 1, 2020/12/02, 02:13:24.799, 817950876001, datacollector.dll, TestPluginCache: Discovered the extensions using extension path 'C:\Program Files\dotnet\sdk\3.1.403\Extensions\Microsoft.TestPlatform.Extensions.BlameDataCollector.dll,C:\Program Files\dotnet\sdk\3.1.403\Extensions\Microsoft.TestPlatform.Extensions.EventLogCollector.dll'.
TpTrace Verbose: 0 : 1736, 1, 2020/12/02, 02:13:24.799, 817950876205, datacollector.dll, TestPluginCache: Discoverers are ''.
TpTrace Verbose: 0 : 1736, 1, 2020/12/02, 02:13:24.799, 817950876321, datacollector.dll, TestPluginCache: Executors are ''.
TpTrace Verbose: 0 : 1736, 1, 2020/12/02, 02:13:24.799, 817950876433, datacollector.dll, TestPluginCache: Executors2 are ''.
TpTrace Verbose: 0 : 1736, 1, 2020/12/02, 02:13:24.799, 817950876540, datacollector.dll, TestPluginCache: Setting providers are ''.
TpTrace Verbose: 0 : 1736, 1, 2020/12/02, 02:13:24.799, 817950876661, datacollector.dll, TestPluginCache: Loggers are ''.
TpTrace Information: 0 : 1736, 1, 2020/12/02, 02:13:24.801, 817950881835, datacollector.dll, TestPluginManager.CreateTestExtension: Attempting to load test extension: Microsoft.TestPlatform.Extensions.BlameDataCollector.BlameCollector
TpTrace Error: 0 : 1736, 1, 2020/12/02, 02:13:24.801, 817950882308, datacollector.dll, The type "Microsoft.TestPlatform.Extensions.BlameDataCollector.BlameCollector" defined in "Microsoft.TestPlatform.Extensions.BlameDataCollector.dll" does not have ExtensionUri attribute.
TpTrace Information: 0 : 1736, 1, 2020/12/02, 02:13:24.808, 817950902851, datacollector.dll, Listening on Endpoint : 127.0.0.1:55266
TpTrace Information: 0 : 1736, 1, 2020/12/02, 02:13:24.816, 817950929606, datacollector.dll, DataCollectionRequestHandler.ProcessRequests : DataCollection started.
TpTrace Information: 0 : 1736, 1, 2020/12/02, 02:13:24.861, 817951064033, datacollector.dll, DataCollectionRequestHandler.ProcessRequests : Datacollector received message: (DataCollection.TestHostLaunched) -> {
  "ProcessId": 12296
}
TpTrace Information: 0 : 1736, 5, 2020/12/02, 02:13:25.069, 817951697330, datacollector.dll, Using the buffer size of 16384 bytes
TpTrace Information: 0 : 1736, 5, 2020/12/02, 02:13:25.069, 817951698158, datacollector.dll, Accepted Client request and set the flag
TpTrace Information: 0 : 1736, 7, 2020/12/02, 02:13:25.607, 817953333916, datacollector.dll, DataCollectionTestCaseEventHandler: Test case starting.
TpTrace Information: 0 : 1736, 7, 2020/12/02, 02:13:25.648, 817953458709, datacollector.dll, Blame Collector : Test Case Start
TpTrace Information: 0 : 1736, 7, 2020/12/02, 02:13:25.649, 817953460316, datacollector.dll, DataCollectionTestCaseEventHandler: Test case 'TestZamjenskiObjekat - aef9dec6-1181-fac1-2596-b31421e8da47' started.
TpTrace Information: 0 : 1736, 7, 2020/12/02, 02:13:25.740, 817953737926, datacollector.dll, DataCollectionTestCaseEventHandler : Test case completing.
TpTrace Information: 0 : 1736, 7, 2020/12/02, 02:13:25.744, 817953751384, datacollector.dll, Blame Collector : Test Case End
TpTrace Error: 0 : 1736, 7, 2020/12/02, 02:13:25.759, 817953796844, datacollector.dll, DataCollectionAttachmentManager.GetAttachments: Fail to get attachments: System.Collections.Generic.KeyNotFoundException: The given key 'Microsoft.VisualStudio.TestPlatform.ObjectModel.DataCollection.DataCollectionContext' was not present in the dictionary.
   at System.Collections.Generic.Dictionary`2.get_Item(TKey key)
   at Microsoft.VisualStudio.TestPlatform.Common.DataCollector.DataCollectionAttachmentManager.GetAttachments(DataCollectionContext dataCollectionContext) 
TpTrace Information: 0 : 1736, 7, 2020/12/02, 02:13:25.763, 817953808666, datacollector.dll, DataCollectionTestCaseEventHandler: Test case 'TestZamjenskiObjekat - aef9dec6-1181-fac1-2596-b31421e8da47' completed
TpTrace Information: 0 : 1736, 7, 2020/12/02, 02:13:25.776, 817953847735, datacollector.dll, DataCollectionTestCaseEventHandler: Test case starting.
TpTrace Information: 0 : 1736, 7, 2020/12/02, 02:13:25.777, 817953849731, datacollector.dll, Blame Collector : Test Case Start
TpTrace Information: 0 : 1736, 7, 2020/12/02, 02:13:25.777, 817953850113, datacollector.dll, DataCollectionTestCaseEventHandler: Test case 'TestDodajNastavakIstiGlumci - 307a9543-71bf-45b1-736e-e86a33581b25' started.
TpTrace Information: 0 : 1736, 7, 2020/12/02, 02:13:25.779, 817953857484, datacollector.dll, DataCollectionTestCaseEventHandler : Test case completing.
TpTrace Information: 0 : 1736, 7, 2020/12/02, 02:13:25.780, 817953859394, datacollector.dll, Blame Collector : Test Case End
TpTrace Error: 0 : 1736, 7, 2020/12/02, 02:13:25.780, 817953860104, datacollector.dll, DataCollectionAttachmentManager.GetAttachments: Fail to get attachments: System.Collections.Generic.KeyNotFoundException: The given key 'Microsoft.VisualStudio.TestPlatform.ObjectModel.DataCollection.DataCollectionContext' was not present in the dictionary.
   at System.Collections.Generic.Dictionary`2.get_Item(TKey key)
   at Microsoft.VisualStudio.TestPlatform.Common.DataCollector.DataCollectionAttachmentManager.GetAttachments(DataCollectionContext dataCollectionContext) 
TpTrace Information: 0 : 1736, 7, 2020/12/02, 02:13:25.780, 817953860551, datacollector.dll, DataCollectionTestCaseEventHandler: Test case 'TestDodajNastavakIstiGlumci - 307a9543-71bf-45b1-736e-e86a33581b25' completed
TpTrace Information: 0 : 1736, 7, 2020/12/02, 02:13:25.781, 817953864306, datacollector.dll, DataCollectionTestCaseEventHandler: Test case starting.
TpTrace Information: 0 : 1736, 7, 2020/12/02, 02:13:25.782, 817953865924, datacollector.dll, Blame Collector : Test Case Start
TpTrace Information: 0 : 1736, 7, 2020/12/02, 02:13:25.782, 817953866181, datacollector.dll, DataCollectionTestCaseEventHandler: Test case 'TestDodajNastavakRazlicitiGlumci - ccc8a4b1-0bba-0d1f-634a-2a0e08c0293a' started.
TpTrace Information: 0 : 1736, 7, 2020/12/02, 02:13:25.784, 817953873533, datacollector.dll, DataCollectionTestCaseEventHandler : Test case completing.
TpTrace Information: 0 : 1736, 7, 2020/12/02, 02:13:25.786, 817953879486, datacollector.dll, Blame Collector : Test Case End
TpTrace Error: 0 : 1736, 7, 2020/12/02, 02:13:25.787, 817953880059, datacollector.dll, DataCollectionAttachmentManager.GetAttachments: Fail to get attachments: System.Collections.Generic.KeyNotFoundException: The given key 'Microsoft.VisualStudio.TestPlatform.ObjectModel.DataCollection.DataCollectionContext' was not present in the dictionary.
   at System.Collections.Generic.Dictionary`2.get_Item(TKey key)
   at Microsoft.VisualStudio.TestPlatform.Common.DataCollector.DataCollectionAttachmentManager.GetAttachments(DataCollectionContext dataCollectionContext) 
TpTrace Information: 0 : 1736, 7, 2020/12/02, 02:13:25.787, 817953880427, datacollector.dll, DataCollectionTestCaseEventHandler: Test case 'TestDodajNastavakRazlicitiGlumci - ccc8a4b1-0bba-0d1f-634a-2a0e08c0293a' completed
TpTrace Information: 0 : 1736, 7, 2020/12/02, 02:13:25.788, 817953883771, datacollector.dll, DataCollectionTestCaseEventHandler: Test case starting.
TpTrace Information: 0 : 1736, 7, 2020/12/02, 02:13:25.788, 817953885375, datacollector.dll, Blame Collector : Test Case Start
TpTrace Information: 0 : 1736, 7, 2020/12/02, 02:13:25.788, 817953885773, datacollector.dll, DataCollectionTestCaseEventHandler: Test case 'TestDodajNastavakIzuzetak - 83c1ddde-4e31-66fc-a376-4096e8037e77' started.
TpTrace Information: 0 : 1736, 7, 2020/12/02, 02:13:25.793, 817953899751, datacollector.dll, DataCollectionTestCaseEventHandler : Test case completing.
TpTrace Information: 0 : 1736, 7, 2020/12/02, 02:13:25.794, 817953901595, datacollector.dll, Blame Collector : Test Case End
TpTrace Error: 0 : 1736, 7, 2020/12/02, 02:13:25.794, 817953902112, datacollector.dll, DataCollectionAttachmentManager.GetAttachments: Fail to get attachments: System.Collections.Generic.KeyNotFoundException: The given key 'Microsoft.VisualStudio.TestPlatform.ObjectModel.DataCollection.DataCollectionContext' was not present in the dictionary.
   at System.Collections.Generic.Dictionary`2.get_Item(TKey key)
   at Microsoft.VisualStudio.TestPlatform.Common.DataCollector.DataCollectionAttachmentManager.GetAttachments(DataCollectionContext dataCollectionContext) 
TpTrace Information: 0 : 1736, 7, 2020/12/02, 02:13:25.794, 817953902626, datacollector.dll, DataCollectionTestCaseEventHandler: Test case 'TestDodajNastavakIzuzetak - 83c1ddde-4e31-66fc-a376-4096e8037e77' completed
TpTrace Information: 0 : 1736, 7, 2020/12/02, 02:13:25.795, 817953905740, datacollector.dll, DataCollectionTestCaseEventHandler: Test case starting.
TpTrace Information: 0 : 1736, 7, 2020/12/02, 02:13:25.796, 817953907359, datacollector.dll, Blame Collector : Test Case Start
TpTrace Information: 0 : 1736, 7, 2020/12/02, 02:13:25.796, 817953907666, datacollector.dll, DataCollectionTestCaseEventHandler: Test case 'TestDajSveFilmoveSGLumcima2 - b1e684c9-ba75-f6f1-bf40-5e4e7cedaaa8' started.
TpTrace Information: 0 : 1736, 7, 2020/12/02, 02:13:25.799, 817953919063, datacollector.dll, DataCollectionTestCaseEventHandler : Test case completing.
TpTrace Information: 0 : 1736, 7, 2020/12/02, 02:13:25.800, 817953921281, datacollector.dll, Blame Collector : Test Case End
TpTrace Error: 0 : 1736, 7, 2020/12/02, 02:13:25.800, 817953921850, datacollector.dll, DataCollectionAttachmentManager.GetAttachments: Fail to get attachments: System.Collections.Generic.KeyNotFoundException: The given key 'Microsoft.VisualStudio.TestPlatform.ObjectModel.DataCollection.DataCollectionContext' was not present in the dictionary.
   at System.Collections.Generic.Dictionary`2.get_Item(TKey key)
   at Microsoft.VisualStudio.TestPlatform.Common.DataCollector.DataCollectionAttachmentManager.GetAttachments(DataCollectionContext dataCollectionContext) 
TpTrace Information: 0 : 1736, 7, 2020/12/02, 02:13:25.801, 817953922320, datacollector.dll, DataCollectionTestCaseEventHandler: Test case 'TestDajSveFilmoveSGLumcima2 - b1e684c9-ba75-f6f1-bf40-5e4e7cedaaa8' completed
TpTrace Information: 0 : 1736, 7, 2020/12/02, 02:13:25.802, 817953926822, datacollector.dll, DataCollectionTestCaseEventHandler: Test case starting.
TpTrace Information: 0 : 1736, 7, 2020/12/02, 02:13:25.803, 817953928581, datacollector.dll, Blame Collector : Test Case Start
TpTrace Information: 0 : 1736, 7, 2020/12/02, 02:13:25.803, 817953928897, datacollector.dll, DataCollectionTestCaseEventHandler: Test case 'TestDajSrednjuOcjenuSvihFilmova - ff1b4d14-945d-8df7-b04f-61053947ac65' started.
TpTrace Information: 0 : 1736, 7, 2020/12/02, 02:13:25.806, 817953937787, datacollector.dll, DataCollectionTestCaseEventHandler : Test case completing.
TpTrace Information: 0 : 1736, 7, 2020/12/02, 02:13:25.806, 817953939508, datacollector.dll, Blame Collector : Test Case End
TpTrace Error: 0 : 1736, 7, 2020/12/02, 02:13:25.806, 817953940023, datacollector.dll, DataCollectionAttachmentManager.GetAttachments: Fail to get attachments: System.Collections.Generic.KeyNotFoundException: The given key 'Microsoft.VisualStudio.TestPlatform.ObjectModel.DataCollection.DataCollectionContext' was not present in the dictionary.
   at System.Collections.Generic.Dictionary`2.get_Item(TKey key)
   at Microsoft.VisualStudio.TestPlatform.Common.DataCollector.DataCollectionAttachmentManager.GetAttachments(DataCollectionContext dataCollectionContext) 
TpTrace Information: 0 : 1736, 7, 2020/12/02, 02:13:25.806, 817953940372, datacollector.dll, DataCollectionTestCaseEventHandler: Test case 'TestDajSrednjuOcjenuSvihFilmova - ff1b4d14-945d-8df7-b04f-61053947ac65' completed
TpTrace Information: 0 : 1736, 7, 2020/12/02, 02:13:25.808, 817953944043, datacollector.dll, DataCollectionTestCaseEventHandler: Test case starting.
TpTrace Information: 0 : 1736, 7, 2020/12/02, 02:13:25.808, 817953945636, datacollector.dll, Blame Collector : Test Case Start
TpTrace Information: 0 : 1736, 7, 2020/12/02, 02:13:25.808, 817953945937, datacollector.dll, DataCollectionTestCaseEventHandler: Test case 'TestDajSrednjuOcjenuSvihFilmovaPrazan - 5ce7f736-72c3-ced1-6d90-e30c94cad1f2' started.
TpTrace Information: 0 : 1736, 7, 2020/12/02, 02:13:25.810, 817953951107, datacollector.dll, DataCollectionTestCaseEventHandler : Test case completing.
TpTrace Information: 0 : 1736, 7, 2020/12/02, 02:13:25.811, 817953952773, datacollector.dll, Blame Collector : Test Case End
TpTrace Error: 0 : 1736, 7, 2020/12/02, 02:13:25.811, 817953953276, datacollector.dll, DataCollectionAttachmentManager.GetAttachments: Fail to get attachments: System.Collections.Generic.KeyNotFoundException: The given key 'Microsoft.VisualStudio.TestPlatform.ObjectModel.DataCollection.DataCollectionContext' was not present in the dictionary.
   at System.Collections.Generic.Dictionary`2.get_Item(TKey key)
   at Microsoft.VisualStudio.TestPlatform.Common.DataCollector.DataCollectionAttachmentManager.GetAttachments(DataCollectionContext dataCollectionContext) 
TpTrace Information: 0 : 1736, 7, 2020/12/02, 02:13:25.811, 817953953589, datacollector.dll, DataCollectionTestCaseEventHandler: Test case 'TestDajSrednjuOcjenuSvihFilmovaPrazan - 5ce7f736-72c3-ced1-6d90-e30c94cad1f2' completed
TpTrace Information: 0 : 1736, 7, 2020/12/02, 02:13:25.812, 817953956491, datacollector.dll, DataCollectionTestCaseEventHandler: Test case starting.
TpTrace Information: 0 : 1736, 7, 2020/12/02, 02:13:25.812, 817953958080, datacollector.dll, Blame Collector : Test Case Start
TpTrace Information: 0 : 1736, 7, 2020/12/02, 02:13:25.812, 817953958398, datacollector.dll, DataCollectionTestCaseEventHandler: Test case 'TestWatchlistKonstruktorIzuzetak - f5a195b5-097c-875e-c0c3-04764ba84a21' started.
TpTrace Information: 0 : 1736, 7, 2020/12/02, 02:13:25.814, 817953963170, datacollector.dll, DataCollectionTestCaseEventHandler : Test case completing.
TpTrace Information: 0 : 1736, 7, 2020/12/02, 02:13:25.814, 817953964701, datacollector.dll, Blame Collector : Test Case End
TpTrace Error: 0 : 1736, 7, 2020/12/02, 02:13:25.815, 817953965152, datacollector.dll, DataCollectionAttachmentManager.GetAttachments: Fail to get attachments: System.Collections.Generic.KeyNotFoundException: The given key 'Microsoft.VisualStudio.TestPlatform.ObjectModel.DataCollection.DataCollectionContext' was not present in the dictionary.
   at System.Collections.Generic.Dictionary`2.get_Item(TKey key)
   at Microsoft.VisualStudio.TestPlatform.Common.DataCollector.DataCollectionAttachmentManager.GetAttachments(DataCollectionContext dataCollectionContext) 
TpTrace Information: 0 : 1736, 7, 2020/12/02, 02:13:25.815, 817953965464, datacollector.dll, DataCollectionTestCaseEventHandler: Test case 'TestWatchlistKonstruktorIzuzetak - f5a195b5-097c-875e-c0c3-04764ba84a21' completed
TpTrace Information: 0 : 1736, 7, 2020/12/02, 02:13:25.816, 817953970179, datacollector.dll, DataCollectionTestCaseEventHandler: Test case starting.
TpTrace Information: 0 : 1736, 7, 2020/12/02, 02:13:25.817, 817953971714, datacollector.dll, Blame Collector : Test Case Start
TpTrace Information: 0 : 1736, 7, 2020/12/02, 02:13:25.817, 817953971979, datacollector.dll, DataCollectionTestCaseEventHandler: Test case 'TestProdužiRokValidan - b1426bd4-5b5c-cdf7-b56e-482bb38d32fa' started.
TpTrace Information: 0 : 1736, 7, 2020/12/02, 02:13:25.825, 817953997257, datacollector.dll, DataCollectionTestCaseEventHandler : Test case completing.
TpTrace Information: 0 : 1736, 7, 2020/12/02, 02:13:25.826, 817953999101, datacollector.dll, Blame Collector : Test Case End
TpTrace Error: 0 : 1736, 7, 2020/12/02, 02:13:25.826, 817953999670, datacollector.dll, DataCollectionAttachmentManager.GetAttachments: Fail to get attachments: System.Collections.Generic.KeyNotFoundException: The given key 'Microsoft.VisualStudio.TestPlatform.ObjectModel.DataCollection.DataCollectionContext' was not present in the dictionary.
   at System.Collections.Generic.Dictionary`2.get_Item(TKey key)
   at Microsoft.VisualStudio.TestPlatform.Common.DataCollector.DataCollectionAttachmentManager.GetAttachments(DataCollectionContext dataCollectionContext) 
TpTrace Information: 0 : 1736, 7, 2020/12/02, 02:13:25.826, 817954000054, datacollector.dll, DataCollectionTestCaseEventHandler: Test case 'TestProdužiRokValidan - b1426bd4-5b5c-cdf7-b56e-482bb38d32fa' completed
TpTrace Information: 0 : 1736, 7, 2020/12/02, 02:13:25.875, 817954149822, datacollector.dll, DataCollectionTestCaseEventHandler: Test case starting.
TpTrace Information: 0 : 1736, 7, 2020/12/02, 02:13:25.876, 817954152114, datacollector.dll, Blame Collector : Test Case Start
TpTrace Information: 0 : 1736, 7, 2020/12/02, 02:13:25.876, 817954152521, datacollector.dll, DataCollectionTestCaseEventHandler: Test case 'TestAutomatskiKorisničkiPodaciIzuzetak - cad8ba2a-9c27-403a-f461-230cd3f8eda3' started.
TpTrace Information: 0 : 1736, 7, 2020/12/02, 02:13:25.882, 817954169629, datacollector.dll, DataCollectionTestCaseEventHandler : Test case completing.
TpTrace Information: 0 : 1736, 7, 2020/12/02, 02:13:25.883, 817954171789, datacollector.dll, Blame Collector : Test Case End
TpTrace Error: 0 : 1736, 7, 2020/12/02, 02:13:25.883, 817954172501, datacollector.dll, DataCollectionAttachmentManager.GetAttachments: Fail to get attachments: System.Collections.Generic.KeyNotFoundException: The given key 'Microsoft.VisualStudio.TestPlatform.ObjectModel.DataCollection.DataCollectionContext' was not present in the dictionary.
   at System.Collections.Generic.Dictionary`2.get_Item(TKey key)
   at Microsoft.VisualStudio.TestPlatform.Common.DataCollector.DataCollectionAttachmentManager.GetAttachments(DataCollectionContext dataCollectionContext) 
TpTrace Information: 0 : 1736, 7, 2020/12/02, 02:13:25.883, 817954172955, datacollector.dll, DataCollectionTestCaseEventHandler: Test case 'TestAutomatskiKorisničkiPodaciIzuzetak - cad8ba2a-9c27-403a-f461-230cd3f8eda3' completed
TpTrace Information: 0 : 1736, 7, 2020/12/02, 02:13:25.884, 817954176855, datacollector.dll, DataCollectionTestCaseEventHandler: Test case starting.
TpTrace Information: 0 : 1736, 7, 2020/12/02, 02:13:25.885, 817954179201, datacollector.dll, Blame Collector : Test Case Start
TpTrace Information: 0 : 1736, 7, 2020/12/02, 02:13:25.885, 817954179586, datacollector.dll, DataCollectionTestCaseEventHandler: Test case 'TestAutomatskiKorisničkiPodaciUsername - 34271688-a4e2-dbb0-0f29-edee8d7255ec' started.
TpTrace Information: 0 : 1736, 7, 2020/12/02, 02:13:25.887, 817954185953, datacollector.dll, DataCollectionTestCaseEventHandler : Test case completing.
TpTrace Information: 0 : 1736, 7, 2020/12/02, 02:13:25.888, 817954187703, datacollector.dll, Blame Collector : Test Case End
TpTrace Error: 0 : 1736, 7, 2020/12/02, 02:13:25.888, 817954188304, datacollector.dll, DataCollectionAttachmentManager.GetAttachments: Fail to get attachments: System.Collections.Generic.KeyNotFoundException: The given key 'Microsoft.VisualStudio.TestPlatform.ObjectModel.DataCollection.DataCollectionContext' was not present in the dictionary.
   at System.Collections.Generic.Dictionary`2.get_Item(TKey key)
   at Microsoft.VisualStudio.TestPlatform.Common.DataCollector.DataCollectionAttachmentManager.GetAttachments(DataCollectionContext dataCollectionContext) 
TpTrace Information: 0 : 1736, 7, 2020/12/02, 02:13:25.888, 817954188654, datacollector.dll, DataCollectionTestCaseEventHandler: Test case 'TestAutomatskiKorisničkiPodaciUsername - 34271688-a4e2-dbb0-0f29-edee8d7255ec' completed
TpTrace Information: 0 : 1736, 7, 2020/12/02, 02:13:25.889, 817954192271, datacollector.dll, DataCollectionTestCaseEventHandler: Test case starting.
TpTrace Information: 0 : 1736, 7, 2020/12/02, 02:13:25.890, 817954194497, datacollector.dll, Blame Collector : Test Case Start
TpTrace Information: 0 : 1736, 7, 2020/12/02, 02:13:25.890, 817954194859, datacollector.dll, DataCollectionTestCaseEventHandler: Test case 'TestAutomatskiKorisničkiPodaciPassword - 3e680ae4-a773-3605-0554-850350f5daa3' started.
TpTrace Information: 0 : 1736, 7, 2020/12/02, 02:13:25.892, 817954199419, datacollector.dll, DataCollectionTestCaseEventHandler : Test case completing.
TpTrace Information: 0 : 1736, 7, 2020/12/02, 02:13:25.892, 817954201816, datacollector.dll, Blame Collector : Test Case End
TpTrace Error: 0 : 1736, 7, 2020/12/02, 02:13:25.893, 817954202515, datacollector.dll, DataCollectionAttachmentManager.GetAttachments: Fail to get attachments: System.Collections.Generic.KeyNotFoundException: The given key 'Microsoft.VisualStudio.TestPlatform.ObjectModel.DataCollection.DataCollectionContext' was not present in the dictionary.
   at System.Collections.Generic.Dictionary`2.get_Item(TKey key)
   at Microsoft.VisualStudio.TestPlatform.Common.DataCollector.DataCollectionAttachmentManager.GetAttachments(DataCollectionContext dataCollectionContext) 
TpTrace Information: 0 : 1736, 7, 2020/12/02, 02:13:25.893, 817954202961, datacollector.dll, DataCollectionTestCaseEventHandler: Test case 'TestAutomatskiKorisničkiPodaciPassword - 3e680ae4-a773-3605-0554-850350f5daa3' completed
TpTrace Information: 0 : 1736, 7, 2020/12/02, 02:13:25.894, 817954206614, datacollector.dll, DataCollectionTestCaseEventHandler: Test case starting.
TpTrace Information: 0 : 1736, 7, 2020/12/02, 02:13:25.895, 817954208370, datacollector.dll, Blame Collector : Test Case Start
TpTrace Information: 0 : 1736, 7, 2020/12/02, 02:13:25.895, 817954208711, datacollector.dll, DataCollectionTestCaseEventHandler: Test case 'TestGostKonstruktorIzuzetakUsername - 39b408a3-583c-b5a0-7503-f509f012c8d2' started.
TpTrace Information: 0 : 1736, 7, 2020/12/02, 02:13:25.896, 817954213934, datacollector.dll, DataCollectionTestCaseEventHandler : Test case completing.
TpTrace Information: 0 : 1736, 7, 2020/12/02, 02:13:25.897, 817954215559, datacollector.dll, Blame Collector : Test Case End
TpTrace Error: 0 : 1736, 7, 2020/12/02, 02:13:25.897, 817954216064, datacollector.dll, DataCollectionAttachmentManager.GetAttachments: Fail to get attachments: System.Collections.Generic.KeyNotFoundException: The given key 'Microsoft.VisualStudio.TestPlatform.ObjectModel.DataCollection.DataCollectionContext' was not present in the dictionary.
   at System.Collections.Generic.Dictionary`2.get_Item(TKey key)
   at Microsoft.VisualStudio.TestPlatform.Common.DataCollector.DataCollectionAttachmentManager.GetAttachments(DataCollectionContext dataCollectionContext) 
TpTrace Information: 0 : 1736, 7, 2020/12/02, 02:13:25.897, 817954216399, datacollector.dll, DataCollectionTestCaseEventHandler: Test case 'TestGostKonstruktorIzuzetakUsername - 39b408a3-583c-b5a0-7503-f509f012c8d2' completed
TpTrace Information: 0 : 1736, 7, 2020/12/02, 02:13:25.898, 817954219794, datacollector.dll, DataCollectionTestCaseEventHandler: Test case starting.
TpTrace Information: 0 : 1736, 7, 2020/12/02, 02:13:25.899, 817954221564, datacollector.dll, Blame Collector : Test Case Start
TpTrace Information: 0 : 1736, 7, 2020/12/02, 02:13:25.899, 817954221917, datacollector.dll, DataCollectionTestCaseEventHandler: Test case 'TestGostKonstruktorIzuzetakPassword - 86fa567a-4e12-53dd-0313-f751ffd2eb88' started.
TpTrace Information: 0 : 1736, 7, 2020/12/02, 02:13:25.901, 817954227520, datacollector.dll, DataCollectionTestCaseEventHandler : Test case completing.
TpTrace Information: 0 : 1736, 7, 2020/12/02, 02:13:25.902, 817954229949, datacollector.dll, Blame Collector : Test Case End
TpTrace Error: 0 : 1736, 7, 2020/12/02, 02:13:25.902, 817954230561, datacollector.dll, DataCollectionAttachmentManager.GetAttachments: Fail to get attachments: System.Collections.Generic.KeyNotFoundException: The given key 'Microsoft.VisualStudio.TestPlatform.ObjectModel.DataCollection.DataCollectionContext' was not present in the dictionary.
   at System.Collections.Generic.Dictionary`2.get_Item(TKey key)
   at Microsoft.VisualStudio.TestPlatform.Common.DataCollector.DataCollectionAttachmentManager.GetAttachments(DataCollectionContext dataCollectionContext) 
TpTrace Information: 0 : 1736, 7, 2020/12/02, 02:13:25.902, 817954231024, datacollector.dll, DataCollectionTestCaseEventHandler: Test case 'TestGostKonstruktorIzuzetakPassword - 86fa567a-4e12-53dd-0313-f751ffd2eb88' completed
TpTrace Information: 0 : 1736, 7, 2020/12/02, 02:13:25.903, 817954234418, datacollector.dll, DataCollectionTestCaseEventHandler: Test case starting.
TpTrace Information: 0 : 1736, 7, 2020/12/02, 02:13:25.904, 817954236076, datacollector.dll, Blame Collector : Test Case Start
TpTrace Information: 0 : 1736, 7, 2020/12/02, 02:13:25.904, 817954236580, datacollector.dll, DataCollectionTestCaseEventHandler: Test case 'TestGostKonstruktorIzuzetakIme - 41fd401d-9afa-9f74-6f5c-6cf219b029c2' started.
TpTrace Information: 0 : 1736, 7, 2020/12/02, 02:13:25.906, 817954241947, datacollector.dll, DataCollectionTestCaseEventHandler : Test case completing.
TpTrace Information: 0 : 1736, 7, 2020/12/02, 02:13:25.906, 817954243511, datacollector.dll, Blame Collector : Test Case End
TpTrace Error: 0 : 1736, 7, 2020/12/02, 02:13:25.906, 817954243991, datacollector.dll, DataCollectionAttachmentManager.GetAttachments: Fail to get attachments: System.Collections.Generic.KeyNotFoundException: The given key 'Microsoft.VisualStudio.TestPlatform.ObjectModel.DataCollection.DataCollectionContext' was not present in the dictionary.
   at System.Collections.Generic.Dictionary`2.get_Item(TKey key)
   at Microsoft.VisualStudio.TestPlatform.Common.DataCollector.DataCollectionAttachmentManager.GetAttachments(DataCollectionContext dataCollectionContext) 
TpTrace Information: 0 : 1736, 7, 2020/12/02, 02:13:25.906, 817954244337, datacollector.dll, DataCollectionTestCaseEventHandler: Test case 'TestGostKonstruktorIzuzetakIme - 41fd401d-9afa-9f74-6f5c-6cf219b029c2' completed
TpTrace Information: 0 : 1736, 7, 2020/12/02, 02:13:25.908, 817954247842, datacollector.dll, DataCollectionTestCaseEventHandler: Test case starting.
TpTrace Information: 0 : 1736, 7, 2020/12/02, 02:13:25.908, 817954249430, datacollector.dll, Blame Collector : Test Case Start
TpTrace Information: 0 : 1736, 7, 2020/12/02, 02:13:25.908, 817954249692, datacollector.dll, DataCollectionTestCaseEventHandler: Test case 'TestGostKonstruktorIzuzetakPrezime - 5496d222-d9d9-035e-24df-a9776c77309d' started.
TpTrace Information: 0 : 1736, 7, 2020/12/02, 02:13:25.910, 817954255081, datacollector.dll, DataCollectionTestCaseEventHandler : Test case completing.
TpTrace Information: 0 : 1736, 7, 2020/12/02, 02:13:25.910, 817954256662, datacollector.dll, Blame Collector : Test Case End
TpTrace Error: 0 : 1736, 7, 2020/12/02, 02:13:25.911, 817954257205, datacollector.dll, DataCollectionAttachmentManager.GetAttachments: Fail to get attachments: System.Collections.Generic.KeyNotFoundException: The given key 'Microsoft.VisualStudio.TestPlatform.ObjectModel.DataCollection.DataCollectionContext' was not present in the dictionary.
   at System.Collections.Generic.Dictionary`2.get_Item(TKey key)
   at Microsoft.VisualStudio.TestPlatform.Common.DataCollector.DataCollectionAttachmentManager.GetAttachments(DataCollectionContext dataCollectionContext) 
TpTrace Information: 0 : 1736, 7, 2020/12/02, 02:13:25.911, 817954257552, datacollector.dll, DataCollectionTestCaseEventHandler: Test case 'TestGostKonstruktorIzuzetakPrezime - 5496d222-d9d9-035e-24df-a9776c77309d' completed
TpTrace Information: 0 : 1736, 7, 2020/12/02, 02:13:25.912, 817954260970, datacollector.dll, DataCollectionTestCaseEventHandler: Test case starting.
TpTrace Information: 0 : 1736, 7, 2020/12/02, 02:13:25.912, 817954262498, datacollector.dll, Blame Collector : Test Case Start
TpTrace Information: 0 : 1736, 7, 2020/12/02, 02:13:25.912, 817954262787, datacollector.dll, DataCollectionTestCaseEventHandler: Test case 'TestGostKonstruktor - 12b3125e-4566-927c-a90b-70d580a15a51' started.
TpTrace Information: 0 : 1736, 7, 2020/12/02, 02:13:25.914, 817954267085, datacollector.dll, DataCollectionTestCaseEventHandler : Test case completing.
TpTrace Information: 0 : 1736, 7, 2020/12/02, 02:13:25.914, 817954268629, datacollector.dll, Blame Collector : Test Case End
TpTrace Error: 0 : 1736, 7, 2020/12/02, 02:13:25.915, 817954269108, datacollector.dll, DataCollectionAttachmentManager.GetAttachments: Fail to get attachments: System.Collections.Generic.KeyNotFoundException: The given key 'Microsoft.VisualStudio.TestPlatform.ObjectModel.DataCollection.DataCollectionContext' was not present in the dictionary.
   at System.Collections.Generic.Dictionary`2.get_Item(TKey key)
   at Microsoft.VisualStudio.TestPlatform.Common.DataCollector.DataCollectionAttachmentManager.GetAttachments(DataCollectionContext dataCollectionContext) 
TpTrace Information: 0 : 1736, 7, 2020/12/02, 02:13:25.915, 817954269442, datacollector.dll, DataCollectionTestCaseEventHandler: Test case 'TestGostKonstruktor - 12b3125e-4566-927c-a90b-70d580a15a51' completed
TpTrace Information: 0 : 1736, 7, 2020/12/02, 02:13:25.916, 817954272857, datacollector.dll, DataCollectionTestCaseEventHandler: Test case starting.
TpTrace Information: 0 : 1736, 7, 2020/12/02, 02:13:25.916, 817954274415, datacollector.dll, Blame Collector : Test Case Start
TpTrace Information: 0 : 1736, 7, 2020/12/02, 02:13:25.916, 817954274710, datacollector.dll, DataCollectionTestCaseEventHandler: Test case 'TestProduziRokIzuzetak - bf2ecff7-0441-824e-00de-bca953b0fadc' started.
TpTrace Information: 0 : 1736, 7, 2020/12/02, 02:13:25.918, 817954280819, datacollector.dll, DataCollectionTestCaseEventHandler : Test case completing.
TpTrace Information: 0 : 1736, 7, 2020/12/02, 02:13:25.919, 817954283316, datacollector.dll, Blame Collector : Test Case End
TpTrace Error: 0 : 1736, 7, 2020/12/02, 02:13:25.919, 817954283965, datacollector.dll, DataCollectionAttachmentManager.GetAttachments: Fail to get attachments: System.Collections.Generic.KeyNotFoundException: The given key 'Microsoft.VisualStudio.TestPlatform.ObjectModel.DataCollection.DataCollectionContext' was not present in the dictionary.
   at System.Collections.Generic.Dictionary`2.get_Item(TKey key)
   at Microsoft.VisualStudio.TestPlatform.Common.DataCollector.DataCollectionAttachmentManager.GetAttachments(DataCollectionContext dataCollectionContext) 
TpTrace Information: 0 : 1736, 7, 2020/12/02, 02:13:25.920, 817954284440, datacollector.dll, DataCollectionTestCaseEventHandler: Test case 'TestProduziRokIzuzetak - bf2ecff7-0441-824e-00de-bca953b0fadc' completed
TpTrace Information: 0 : 1736, 7, 2020/12/02, 02:13:25.924, 817954299228, datacollector.dll, DataCollectionTestCaseEventHandler: Test case starting.
TpTrace Information: 0 : 1736, 7, 2020/12/02, 02:13:25.925, 817954301694, datacollector.dll, Blame Collector : Test Case Start
TpTrace Information: 0 : 1736, 7, 2020/12/02, 02:13:25.925, 817954302118, datacollector.dll, DataCollectionTestCaseEventHandler: Test case 'TestClanKonstruktor - 9ab13ecb-b998-21e4-8673-9699e018df29' started.
TpTrace Information: 0 : 1736, 7, 2020/12/02, 02:13:25.927, 817954307880, datacollector.dll, DataCollectionTestCaseEventHandler : Test case completing.
TpTrace Information: 0 : 1736, 7, 2020/12/02, 02:13:25.928, 817954310447, datacollector.dll, Blame Collector : Test Case End
TpTrace Error: 0 : 1736, 7, 2020/12/02, 02:13:25.928, 817954311159, datacollector.dll, DataCollectionAttachmentManager.GetAttachments: Fail to get attachments: System.Collections.Generic.KeyNotFoundException: The given key 'Microsoft.VisualStudio.TestPlatform.ObjectModel.DataCollection.DataCollectionContext' was not present in the dictionary.
   at System.Collections.Generic.Dictionary`2.get_Item(TKey key)
   at Microsoft.VisualStudio.TestPlatform.Common.DataCollector.DataCollectionAttachmentManager.GetAttachments(DataCollectionContext dataCollectionContext) 
TpTrace Information: 0 : 1736, 7, 2020/12/02, 02:13:25.929, 817954311651, datacollector.dll, DataCollectionTestCaseEventHandler: Test case 'TestClanKonstruktor - 9ab13ecb-b998-21e4-8673-9699e018df29' completed
TpTrace Information: 0 : 1736, 7, 2020/12/02, 02:13:25.930, 817954315351, datacollector.dll, DataCollectionTestCaseEventHandler: Test case starting.
TpTrace Information: 0 : 1736, 7, 2020/12/02, 02:13:25.930, 817954317018, datacollector.dll, Blame Collector : Test Case Start
TpTrace Information: 0 : 1736, 7, 2020/12/02, 02:13:25.930, 817954317286, datacollector.dll, DataCollectionTestCaseEventHandler: Test case 'TestResetujListe - b45e19f7-dfb7-efd1-2a7c-9c68ce58acc9' started.
TpTrace Information: 0 : 1736, 7, 2020/12/02, 02:13:25.932, 817954322028, datacollector.dll, DataCollectionTestCaseEventHandler : Test case completing.
TpTrace Information: 0 : 1736, 7, 2020/12/02, 02:13:25.932, 817954323618, datacollector.dll, Blame Collector : Test Case End
TpTrace Error: 0 : 1736, 7, 2020/12/02, 02:13:25.933, 817954324450, datacollector.dll, DataCollectionAttachmentManager.GetAttachments: Fail to get attachments: System.Collections.Generic.KeyNotFoundException: The given key 'Microsoft.VisualStudio.TestPlatform.ObjectModel.DataCollection.DataCollectionContext' was not present in the dictionary.
   at System.Collections.Generic.Dictionary`2.get_Item(TKey key)
   at Microsoft.VisualStudio.TestPlatform.Common.DataCollector.DataCollectionAttachmentManager.GetAttachments(DataCollectionContext dataCollectionContext) 
TpTrace Information: 0 : 1736, 7, 2020/12/02, 02:13:25.934, 817954329468, datacollector.dll, DataCollectionTestCaseEventHandler: Test case 'TestResetujListe - b45e19f7-dfb7-efd1-2a7c-9c68ce58acc9' completed
TpTrace Information: 0 : 1736, 7, 2020/12/02, 02:13:25.939, 817954342849, datacollector.dll, DataCollectionTestCaseEventHandler: Test case starting.
TpTrace Information: 0 : 1736, 7, 2020/12/02, 02:13:25.942, 817954353002, datacollector.dll, Blame Collector : Test Case Start
TpTrace Information: 0 : 1736, 7, 2020/12/02, 02:13:25.943, 817954354961, datacollector.dll, DataCollectionTestCaseEventHandler: Test case 'TestDodajWatchlistu - b05d0ee2-def9-a4ac-4204-55ae9d535972' started.
TpTrace Information: 0 : 1736, 7, 2020/12/02, 02:13:25.945, 817954362894, datacollector.dll, DataCollectionTestCaseEventHandler : Test case completing.
TpTrace Information: 0 : 1736, 7, 2020/12/02, 02:13:25.947, 817954368538, datacollector.dll, Blame Collector : Test Case End
TpTrace Error: 0 : 1736, 7, 2020/12/02, 02:13:25.948, 817954371583, datacollector.dll, DataCollectionAttachmentManager.GetAttachments: Fail to get attachments: System.Collections.Generic.KeyNotFoundException: The given key 'Microsoft.VisualStudio.TestPlatform.ObjectModel.DataCollection.DataCollectionContext' was not present in the dictionary.
   at System.Collections.Generic.Dictionary`2.get_Item(TKey key)
   at Microsoft.VisualStudio.TestPlatform.Common.DataCollector.DataCollectionAttachmentManager.GetAttachments(DataCollectionContext dataCollectionContext) 
TpTrace Information: 0 : 1736, 7, 2020/12/02, 02:13:25.949, 817954373228, datacollector.dll, DataCollectionTestCaseEventHandler: Test case 'TestDodajWatchlistu - b05d0ee2-def9-a4ac-4204-55ae9d535972' completed
TpTrace Information: 0 : 1736, 7, 2020/12/02, 02:13:25.950, 817954377681, datacollector.dll, DataCollectionTestCaseEventHandler: Test case starting.
TpTrace Information: 0 : 1736, 7, 2020/12/02, 02:13:25.952, 817954382415, datacollector.dll, Blame Collector : Test Case Start
TpTrace Information: 0 : 1736, 7, 2020/12/02, 02:13:25.952, 817954383678, datacollector.dll, DataCollectionTestCaseEventHandler: Test case 'TestDodajWatchlistuNevalidnoIme - b77e61f6-961e-3255-4cea-b7287e0b046c' started.
TpTrace Information: 0 : 1736, 7, 2020/12/02, 02:13:25.955, 817954392130, datacollector.dll, DataCollectionTestCaseEventHandler : Test case completing.
TpTrace Information: 0 : 1736, 7, 2020/12/02, 02:13:25.956, 817954396595, datacollector.dll, Blame Collector : Test Case End
TpTrace Error: 0 : 1736, 7, 2020/12/02, 02:13:25.957, 817954398845, datacollector.dll, DataCollectionAttachmentManager.GetAttachments: Fail to get attachments: System.Collections.Generic.KeyNotFoundException: The given key 'Microsoft.VisualStudio.TestPlatform.ObjectModel.DataCollection.DataCollectionContext' was not present in the dictionary.
   at System.Collections.Generic.Dictionary`2.get_Item(TKey key)
   at Microsoft.VisualStudio.TestPlatform.Common.DataCollector.DataCollectionAttachmentManager.GetAttachments(DataCollectionContext dataCollectionContext) 
TpTrace Information: 0 : 1736, 7, 2020/12/02, 02:13:25.958, 817954399955, datacollector.dll, DataCollectionTestCaseEventHandler: Test case 'TestDodajWatchlistuNevalidnoIme - b77e61f6-961e-3255-4cea-b7287e0b046c' completed
TpTrace Information: 0 : 1736, 7, 2020/12/02, 02:13:25.959, 817954403491, datacollector.dll, DataCollectionTestCaseEventHandler: Test case starting.
TpTrace Information: 0 : 1736, 7, 2020/12/02, 02:13:25.960, 817954407612, datacollector.dll, Blame Collector : Test Case Start
TpTrace Information: 0 : 1736, 7, 2020/12/02, 02:13:25.960, 817954408827, datacollector.dll, DataCollectionTestCaseEventHandler: Test case 'TestRadSaKorisnicima2 - 0b1a277a-5ea3-c22e-a0d5-2071500cf294' started.
TpTrace Information: 0 : 1736, 7, 2020/12/02, 02:13:25.964, 817954418674, datacollector.dll, DataCollectionTestCaseEventHandler : Test case completing.
TpTrace Information: 0 : 1736, 7, 2020/12/02, 02:13:25.965, 817954422132, datacollector.dll, Blame Collector : Test Case End
TpTrace Error: 0 : 1736, 7, 2020/12/02, 02:13:25.966, 817954424162, datacollector.dll, DataCollectionAttachmentManager.GetAttachments: Fail to get attachments: System.Collections.Generic.KeyNotFoundException: The given key 'Microsoft.VisualStudio.TestPlatform.ObjectModel.DataCollection.DataCollectionContext' was not present in the dictionary.
   at System.Collections.Generic.Dictionary`2.get_Item(TKey key)
   at Microsoft.VisualStudio.TestPlatform.Common.DataCollector.DataCollectionAttachmentManager.GetAttachments(DataCollectionContext dataCollectionContext) 
TpTrace Information: 0 : 1736, 7, 2020/12/02, 02:13:25.966, 817954425551, datacollector.dll, DataCollectionTestCaseEventHandler: Test case 'TestRadSaKorisnicima2 - 0b1a277a-5ea3-c22e-a0d5-2071500cf294' completed
TpTrace Information: 0 : 1736, 7, 2020/12/02, 02:13:25.968, 817954430664, datacollector.dll, DataCollectionTestCaseEventHandler: Test case starting.
TpTrace Information: 0 : 1736, 7, 2020/12/02, 02:13:25.969, 817954436168, datacollector.dll, Blame Collector : Test Case Start
TpTrace Information: 0 : 1736, 7, 2020/12/02, 02:13:25.970, 817954437412, datacollector.dll, DataCollectionTestCaseEventHandler: Test case 'TestRadSaKorisnicima1 - a5a51751-0b91-1792-b4d7-773d10f46762' started.
TpTrace Information: 0 : 1736, 7, 2020/12/02, 02:13:25.974, 817954449409, datacollector.dll, DataCollectionTestCaseEventHandler : Test case completing.
TpTrace Information: 0 : 1736, 7, 2020/12/02, 02:13:25.975, 817954454084, datacollector.dll, Blame Collector : Test Case End
TpTrace Error: 0 : 1736, 7, 2020/12/02, 02:13:25.976, 817954456071, datacollector.dll, DataCollectionAttachmentManager.GetAttachments: Fail to get attachments: System.Collections.Generic.KeyNotFoundException: The given key 'Microsoft.VisualStudio.TestPlatform.ObjectModel.DataCollection.DataCollectionContext' was not present in the dictionary.
   at System.Collections.Generic.Dictionary`2.get_Item(TKey key)
   at Microsoft.VisualStudio.TestPlatform.Common.DataCollector.DataCollectionAttachmentManager.GetAttachments(DataCollectionContext dataCollectionContext) 
TpTrace Information: 0 : 1736, 7, 2020/12/02, 02:13:25.976, 817954457123, datacollector.dll, DataCollectionTestCaseEventHandler: Test case 'TestRadSaKorisnicima1 - a5a51751-0b91-1792-b4d7-773d10f46762' completed
TpTrace Information: 0 : 1736, 7, 2020/12/02, 02:13:25.979, 817954465136, datacollector.dll, DataCollectionTestCaseEventHandler: Test case starting.
TpTrace Information: 0 : 1736, 7, 2020/12/02, 02:13:25.980, 817954468055, datacollector.dll, Blame Collector : Test Case Start
TpTrace Information: 0 : 1736, 7, 2020/12/02, 02:13:25.980, 817954468829, datacollector.dll, DataCollectionTestCaseEventHandler: Test case 'TestRadSaKorisnicima3 - 5237efcb-1dfd-8c0c-9928-ddd872268d8c' started.
TpTrace Information: 0 : 1736, 7, 2020/12/02, 02:13:25.983, 817954476295, datacollector.dll, DataCollectionTestCaseEventHandler : Test case completing.
TpTrace Information: 0 : 1736, 7, 2020/12/02, 02:13:25.984, 817954479557, datacollector.dll, Blame Collector : Test Case End
TpTrace Error: 0 : 1736, 7, 2020/12/02, 02:13:25.984, 817954481213, datacollector.dll, DataCollectionAttachmentManager.GetAttachments: Fail to get attachments: System.Collections.Generic.KeyNotFoundException: The given key 'Microsoft.VisualStudio.TestPlatform.ObjectModel.DataCollection.DataCollectionContext' was not present in the dictionary.
   at System.Collections.Generic.Dictionary`2.get_Item(TKey key)
   at Microsoft.VisualStudio.TestPlatform.Common.DataCollector.DataCollectionAttachmentManager.GetAttachments(DataCollectionContext dataCollectionContext) 
TpTrace Information: 0 : 1736, 7, 2020/12/02, 02:13:25.985, 817954482142, datacollector.dll, DataCollectionTestCaseEventHandler: Test case 'TestRadSaKorisnicima3 - 5237efcb-1dfd-8c0c-9928-ddd872268d8c' completed
TpTrace Information: 0 : 1736, 7, 2020/12/02, 02:13:25.986, 817954486595, datacollector.dll, DataCollectionTestCaseEventHandler: Test case starting.
TpTrace Information: 0 : 1736, 7, 2020/12/02, 02:13:25.987, 817954489325, datacollector.dll, Blame Collector : Test Case Start
TpTrace Information: 0 : 1736, 7, 2020/12/02, 02:13:25.987, 817954489825, datacollector.dll, DataCollectionTestCaseEventHandler: Test case 'TestRadSaKorisnicima4 - 66b33d35-cbdf-c6db-f5e2-bd2af0c7a32e' started.
TpTrace Information: 0 : 1736, 7, 2020/12/02, 02:13:25.989, 817954495788, datacollector.dll, DataCollectionTestCaseEventHandler : Test case completing.
TpTrace Information: 0 : 1736, 7, 2020/12/02, 02:13:25.990, 817954498394, datacollector.dll, Blame Collector : Test Case End
TpTrace Error: 0 : 1736, 7, 2020/12/02, 02:13:25.990, 817954499658, datacollector.dll, DataCollectionAttachmentManager.GetAttachments: Fail to get attachments: System.Collections.Generic.KeyNotFoundException: The given key 'Microsoft.VisualStudio.TestPlatform.ObjectModel.DataCollection.DataCollectionContext' was not present in the dictionary.
   at System.Collections.Generic.Dictionary`2.get_Item(TKey key)
   at Microsoft.VisualStudio.TestPlatform.Common.DataCollector.DataCollectionAttachmentManager.GetAttachments(DataCollectionContext dataCollectionContext) 
TpTrace Information: 0 : 1736, 7, 2020/12/02, 02:13:25.991, 817954500401, datacollector.dll, DataCollectionTestCaseEventHandler: Test case 'TestRadSaKorisnicima4 - 66b33d35-cbdf-c6db-f5e2-bd2af0c7a32e' completed
TpTrace Information: 0 : 1736, 7, 2020/12/02, 02:13:25.992, 817954503673, datacollector.dll, DataCollectionTestCaseEventHandler: Test case starting.
TpTrace Information: 0 : 1736, 7, 2020/12/02, 02:13:25.993, 817954506307, datacollector.dll, Blame Collector : Test Case Start
TpTrace Information: 0 : 1736, 7, 2020/12/02, 02:13:25.993, 817954506970, datacollector.dll, DataCollectionTestCaseEventHandler: Test case 'TestDajSveFilmoveSGLumcima1 - ffd38ca0-f8ca-4a3f-f9f8-5898c8624527' started.
TpTrace Information: 0 : 1736, 7, 2020/12/02, 02:13:25.994, 817954512109, datacollector.dll, DataCollectionTestCaseEventHandler : Test case completing.
TpTrace Information: 0 : 1736, 7, 2020/12/02, 02:13:25.995, 817954514756, datacollector.dll, Blame Collector : Test Case End
TpTrace Error: 0 : 1736, 7, 2020/12/02, 02:13:25.996, 817954515891, datacollector.dll, DataCollectionAttachmentManager.GetAttachments: Fail to get attachments: System.Collections.Generic.KeyNotFoundException: The given key 'Microsoft.VisualStudio.TestPlatform.ObjectModel.DataCollection.DataCollectionContext' was not present in the dictionary.
   at System.Collections.Generic.Dictionary`2.get_Item(TKey key)
   at Microsoft.VisualStudio.TestPlatform.Common.DataCollector.DataCollectionAttachmentManager.GetAttachments(DataCollectionContext dataCollectionContext) 
TpTrace Information: 0 : 1736, 7, 2020/12/02, 02:13:25.996, 817954516487, datacollector.dll, DataCollectionTestCaseEventHandler: Test case 'TestDajSveFilmoveSGLumcima1 - ffd38ca0-f8ca-4a3f-f9f8-5898c8624527' completed
TpTrace Information: 0 : 1736, 7, 2020/12/02, 02:13:26.005, 817954543372, datacollector.dll, DataCollectionTestCaseEventHandler: Test case starting.
TpTrace Information: 0 : 1736, 7, 2020/12/02, 02:13:26.006, 817954546970, datacollector.dll, Blame Collector : Test Case Start
TpTrace Information: 0 : 1736, 7, 2020/12/02, 02:13:26.006, 817954547596, datacollector.dll, DataCollectionTestCaseEventHandler: Test case 'TestWatchlistGetters - 4c112a7f-3f51-b744-8a86-026b4873fce5' started.
TpTrace Information: 0 : 1736, 7, 2020/12/02, 02:13:26.008, 817954553265, datacollector.dll, DataCollectionTestCaseEventHandler : Test case completing.
TpTrace Information: 0 : 1736, 7, 2020/12/02, 02:13:26.009, 817954556145, datacollector.dll, Blame Collector : Test Case End
TpTrace Error: 0 : 1736, 7, 2020/12/02, 02:13:26.009, 817954557508, datacollector.dll, DataCollectionAttachmentManager.GetAttachments: Fail to get attachments: System.Collections.Generic.KeyNotFoundException: The given key 'Microsoft.VisualStudio.TestPlatform.ObjectModel.DataCollection.DataCollectionContext' was not present in the dictionary.
   at System.Collections.Generic.Dictionary`2.get_Item(TKey key)
   at Microsoft.VisualStudio.TestPlatform.Common.DataCollector.DataCollectionAttachmentManager.GetAttachments(DataCollectionContext dataCollectionContext) 
TpTrace Information: 0 : 1736, 7, 2020/12/02, 02:13:26.010, 817954558403, datacollector.dll, DataCollectionTestCaseEventHandler: Test case 'TestWatchlistGetters - 4c112a7f-3f51-b744-8a86-026b4873fce5' completed
TpTrace Information: 0 : 1736, 7, 2020/12/02, 02:13:26.011, 817954562559, datacollector.dll, DataCollectionTestCaseEventHandler: Test case starting.
TpTrace Information: 0 : 1736, 7, 2020/12/02, 02:13:26.012, 817954564983, datacollector.dll, Blame Collector : Test Case Start
TpTrace Information: 0 : 1736, 7, 2020/12/02, 02:13:26.012, 817954565461, datacollector.dll, DataCollectionTestCaseEventHandler: Test case 'TestOcjenaFilma - 6b3c749b-c159-aafa-2990-c9e4026f0c9b' started.
TpTrace Information: 0 : 1736, 7, 2020/12/02, 02:13:26.013, 817954569634, datacollector.dll, DataCollectionTestCaseEventHandler : Test case completing.
TpTrace Information: 0 : 1736, 7, 2020/12/02, 02:13:26.014, 817954571858, datacollector.dll, Blame Collector : Test Case End
TpTrace Error: 0 : 1736, 7, 2020/12/02, 02:13:26.015, 817954573151, datacollector.dll, DataCollectionAttachmentManager.GetAttachments: Fail to get attachments: System.Collections.Generic.KeyNotFoundException: The given key 'Microsoft.VisualStudio.TestPlatform.ObjectModel.DataCollection.DataCollectionContext' was not present in the dictionary.
   at System.Collections.Generic.Dictionary`2.get_Item(TKey key)
   at Microsoft.VisualStudio.TestPlatform.Common.DataCollector.DataCollectionAttachmentManager.GetAttachments(DataCollectionContext dataCollectionContext) 
TpTrace Information: 0 : 1736, 7, 2020/12/02, 02:13:26.015, 817954574026, datacollector.dll, DataCollectionTestCaseEventHandler: Test case 'TestOcjenaFilma - 6b3c749b-c159-aafa-2990-c9e4026f0c9b' completed
TpTrace Information: 0 : 1736, 7, 2020/12/02, 02:13:26.016, 817954577077, datacollector.dll, DataCollectionTestCaseEventHandler: Test case starting.
TpTrace Information: 0 : 1736, 7, 2020/12/02, 02:13:26.017, 817954579651, datacollector.dll, Blame Collector : Test Case Start
TpTrace Information: 0 : 1736, 7, 2020/12/02, 02:13:26.017, 817954580239, datacollector.dll, DataCollectionTestCaseEventHandler: Test case 'TestOcjenaFilmaNevalidna - 0de731af-9fce-2c49-97db-103c13d35c18' started.
TpTrace Information: 0 : 1736, 7, 2020/12/02, 02:13:26.019, 817954585935, datacollector.dll, DataCollectionTestCaseEventHandler : Test case completing.
TpTrace Information: 0 : 1736, 7, 2020/12/02, 02:13:26.019, 817954588172, datacollector.dll, Blame Collector : Test Case End
TpTrace Error: 0 : 1736, 7, 2020/12/02, 02:13:26.020, 817954589505, datacollector.dll, DataCollectionAttachmentManager.GetAttachments: Fail to get attachments: System.Collections.Generic.KeyNotFoundException: The given key 'Microsoft.VisualStudio.TestPlatform.ObjectModel.DataCollection.DataCollectionContext' was not present in the dictionary.
   at System.Collections.Generic.Dictionary`2.get_Item(TKey key)
   at Microsoft.VisualStudio.TestPlatform.Common.DataCollector.DataCollectionAttachmentManager.GetAttachments(DataCollectionContext dataCollectionContext) 
TpTrace Information: 0 : 1736, 7, 2020/12/02, 02:13:26.020, 817954590133, datacollector.dll, DataCollectionTestCaseEventHandler: Test case 'TestOcjenaFilmaNevalidna - 0de731af-9fce-2c49-97db-103c13d35c18' completed
TpTrace Information: 0 : 1736, 7, 2020/12/02, 02:13:26.021, 817954593048, datacollector.dll, DataCollectionTestCaseEventHandler: Test case starting.
TpTrace Information: 0 : 1736, 7, 2020/12/02, 02:13:26.022, 817954595077, datacollector.dll, Blame Collector : Test Case Start
TpTrace Information: 0 : 1736, 7, 2020/12/02, 02:13:26.022, 817954595632, datacollector.dll, DataCollectionTestCaseEventHandler: Test case 'TestGlumciFilmaGreska - 1fd12fe1-cad1-16ba-f60d-5607f5c76911' started.
TpTrace Information: 0 : 1736, 7, 2020/12/02, 02:13:26.024, 817954600842, datacollector.dll, DataCollectionTestCaseEventHandler : Test case completing.
TpTrace Information: 0 : 1736, 7, 2020/12/02, 02:13:26.024, 817954603297, datacollector.dll, Blame Collector : Test Case End
TpTrace Error: 0 : 1736, 7, 2020/12/02, 02:13:26.025, 817954603995, datacollector.dll, DataCollectionAttachmentManager.GetAttachments: Fail to get attachments: System.Collections.Generic.KeyNotFoundException: The given key 'Microsoft.VisualStudio.TestPlatform.ObjectModel.DataCollection.DataCollectionContext' was not present in the dictionary.
   at System.Collections.Generic.Dictionary`2.get_Item(TKey key)
   at Microsoft.VisualStudio.TestPlatform.Common.DataCollector.DataCollectionAttachmentManager.GetAttachments(DataCollectionContext dataCollectionContext) 
TpTrace Information: 0 : 1736, 7, 2020/12/02, 02:13:26.025, 817954604540, datacollector.dll, DataCollectionTestCaseEventHandler: Test case 'TestGlumciFilmaGreska - 1fd12fe1-cad1-16ba-f60d-5607f5c76911' completed
TpTrace Information: 0 : 1736, 7, 2020/12/02, 02:13:26.026, 817954607710, datacollector.dll, DataCollectionTestCaseEventHandler: Test case starting.
TpTrace Information: 0 : 1736, 7, 2020/12/02, 02:13:26.026, 817954609131, datacollector.dll, Blame Collector : Test Case Start
TpTrace Information: 0 : 1736, 7, 2020/12/02, 02:13:26.026, 817954609506, datacollector.dll, DataCollectionTestCaseEventHandler: Test case 'TestKonstruktorFilmaNull - 715aaf6e-0938-2509-4933-188da981eb81' started.
TpTrace Information: 0 : 1736, 7, 2020/12/02, 02:13:26.028, 817954613954, datacollector.dll, DataCollectionTestCaseEventHandler : Test case completing.
TpTrace Information: 0 : 1736, 7, 2020/12/02, 02:13:26.029, 817954616306, datacollector.dll, Blame Collector : Test Case End
TpTrace Error: 0 : 1736, 7, 2020/12/02, 02:13:26.029, 817954617003, datacollector.dll, DataCollectionAttachmentManager.GetAttachments: Fail to get attachments: System.Collections.Generic.KeyNotFoundException: The given key 'Microsoft.VisualStudio.TestPlatform.ObjectModel.DataCollection.DataCollectionContext' was not present in the dictionary.
   at System.Collections.Generic.Dictionary`2.get_Item(TKey key)
   at Microsoft.VisualStudio.TestPlatform.Common.DataCollector.DataCollectionAttachmentManager.GetAttachments(DataCollectionContext dataCollectionContext) 
TpTrace Information: 0 : 1736, 7, 2020/12/02, 02:13:26.029, 817954617532, datacollector.dll, DataCollectionTestCaseEventHandler: Test case 'TestKonstruktorFilmaNull - 715aaf6e-0938-2509-4933-188da981eb81' completed
TpTrace Information: 0 : 1736, 7, 2020/12/02, 02:13:26.030, 817954620544, datacollector.dll, DataCollectionTestCaseEventHandler: Test case starting.
TpTrace Information: 0 : 1736, 7, 2020/12/02, 02:13:26.031, 817954621977, datacollector.dll, Blame Collector : Test Case Start
TpTrace Information: 0 : 1736, 7, 2020/12/02, 02:13:26.031, 817954622290, datacollector.dll, DataCollectionTestCaseEventHandler: Test case 'TestFilmIdGet - a8cc0d83-d5b1-9283-3596-9227ef7276ff' started.
TpTrace Information: 0 : 1736, 7, 2020/12/02, 02:13:26.032, 817954625826, datacollector.dll, DataCollectionTestCaseEventHandler : Test case completing.
TpTrace Information: 0 : 1736, 7, 2020/12/02, 02:13:26.032, 817954627198, datacollector.dll, Blame Collector : Test Case End
TpTrace Error: 0 : 1736, 7, 2020/12/02, 02:13:26.032, 817954627688, datacollector.dll, DataCollectionAttachmentManager.GetAttachments: Fail to get attachments: System.Collections.Generic.KeyNotFoundException: The given key 'Microsoft.VisualStudio.TestPlatform.ObjectModel.DataCollection.DataCollectionContext' was not present in the dictionary.
   at System.Collections.Generic.Dictionary`2.get_Item(TKey key)
   at Microsoft.VisualStudio.TestPlatform.Common.DataCollector.DataCollectionAttachmentManager.GetAttachments(DataCollectionContext dataCollectionContext) 
TpTrace Information: 0 : 1736, 7, 2020/12/02, 02:13:26.033, 817954628059, datacollector.dll, DataCollectionTestCaseEventHandler: Test case 'TestFilmIdGet - a8cc0d83-d5b1-9283-3596-9227ef7276ff' completed
TpTrace Information: 0 : 1736, 7, 2020/12/02, 02:13:26.033, 817954630797, datacollector.dll, DataCollectionTestCaseEventHandler: Test case starting.
TpTrace Information: 0 : 1736, 7, 2020/12/02, 02:13:26.034, 817954632203, datacollector.dll, Blame Collector : Test Case Start
TpTrace Information: 0 : 1736, 7, 2020/12/02, 02:13:26.034, 817954632466, datacollector.dll, DataCollectionTestCaseEventHandler: Test case 'TestGostGetters - 27b7b273-e32f-a952-1733-b8680029fe70' started.
TpTrace Information: 0 : 1736, 7, 2020/12/02, 02:13:26.036, 817954637171, datacollector.dll, DataCollectionTestCaseEventHandler : Test case completing.
TpTrace Information: 0 : 1736, 7, 2020/12/02, 02:13:26.036, 817954638503, datacollector.dll, Blame Collector : Test Case End
TpTrace Error: 0 : 1736, 7, 2020/12/02, 02:13:26.036, 817954638986, datacollector.dll, DataCollectionAttachmentManager.GetAttachments: Fail to get attachments: System.Collections.Generic.KeyNotFoundException: The given key 'Microsoft.VisualStudio.TestPlatform.ObjectModel.DataCollection.DataCollectionContext' was not present in the dictionary.
   at System.Collections.Generic.Dictionary`2.get_Item(TKey key)
   at Microsoft.VisualStudio.TestPlatform.Common.DataCollector.DataCollectionAttachmentManager.GetAttachments(DataCollectionContext dataCollectionContext) 
TpTrace Information: 0 : 1736, 7, 2020/12/02, 02:13:26.036, 817954639322, datacollector.dll, DataCollectionTestCaseEventHandler: Test case 'TestGostGetters - 27b7b273-e32f-a952-1733-b8680029fe70' completed
TpTrace Information: 0 : 1736, 7, 2020/12/02, 02:13:26.041, 817954652875, datacollector.dll, DataCollectionTestCaseEventHandler: Test session ended
TpTrace Information: 0 : 1736, 1, 2020/12/02, 02:13:26.113, 817954872857, datacollector.dll, DataCollectionRequestHandler.ProcessRequests : Datacollector received message: (DataCollection.AfterTestRunEnd) -> false
TpTrace Information: 0 : 1736, 1, 2020/12/02, 02:13:26.114, 817954875277, datacollector.dll, Blame Collector : Session End
TpTrace Error: 0 : 1736, 1, 2020/12/02, 02:13:26.114, 817954876115, datacollector.dll, DataCollectionAttachmentManager.GetAttachments: Fail to get attachments: System.Collections.Generic.KeyNotFoundException: The given key 'Microsoft.VisualStudio.TestPlatform.ObjectModel.DataCollection.DataCollectionContext' was not present in the dictionary.
   at System.Collections.Generic.Dictionary`2.get_Item(TKey key)
   at Microsoft.VisualStudio.TestPlatform.Common.DataCollector.DataCollectionAttachmentManager.GetAttachments(DataCollectionContext dataCollectionContext) 
TpTrace Information: 0 : 1736, 1, 2020/12/02, 02:13:26.114, 817954876546, datacollector.dll, DataCollectionManager.CleanupPlugins: CleanupPlugins called
TpTrace Verbose: 0 : 1736, 1, 2020/12/02, 02:13:26.114, 817954876703, datacollector.dll, DataCollectionManager.CleanupPlugins: Cleaning up 1 plugins
TpTrace Verbose: 0 : 1736, 1, 2020/12/02, 02:13:26.114, 817954877124, datacollector.dll, dataCollectorInfo.DisposeDataCollector: calling Dispose() on Microsoft.TestPlatform.Extensions.BlameDataCollector.BlameCollector
TpTrace Information: 0 : 1736, 1, 2020/12/02, 02:13:26.115, 817954877383, datacollector.dll, DataCollectionManager.CleanupPlugins: CleanupPlugins finished
TpTrace Information: 0 : 1736, 1, 2020/12/02, 02:13:26.115, 817954877721, datacollector.dll, DataCollectionRequestHandler.ProcessRequests : Session End message received from server. Closing the connection.
TpTrace Information: 0 : 1736, 1, 2020/12/02, 02:13:26.115, 817954878277, datacollector.dll, Closing the connection !
TpTrace Information: 0 : 1736, 1, 2020/12/02, 02:13:26.115, 817954878428, datacollector.dll, DataCollectionRequestHandler.ProcessRequests : DataCollection completed
TpTrace Information: 0 : 1736, 1, 2020/12/02, 02:13:26.115, 817954878537, datacollector.dll, Program.Main: exiting datacollector process.
