TpTrace Information: 0 : 15604, 1, 2020/12/01, 23:16:38.177, 2982421973469, testhost.dll, DefaultEngineInvoker.Invoke: Testhost process started with args :[--port, 62584],[--endpoint, 127.0.0.1:062584],[--role, client],[--parentprocessid, 14224],[--diag, C:\Users\EK\Desktop\VVS-Zadaca2\Filmoteka\Unit Testovi\bin\Debug\fine-code-coverage\_outputfolder\diagnostics.host.20-12-01_23-16-37_85146_4.log],[--tracelevel, 4],[--datacollectionport, 62583],[--telemetryoptedin, false]
TpTrace Information: 0 : 15604, 1, 2020/12/01, 23:16:38.188, 2982422041516, testhost.dll, DefaultEngineInvoker.SetParentProcessExitCallback: Monitoring parent process with id: '14224'
TpTrace Information: 0 : 15604, 1, 2020/12/01, 23:16:38.199, 2982422153256, testhost.dll, DefaultEngineInvoker.GetConnectionInfo: Initialize communication on endpoint address: '127.0.0.1:062584'
TpTrace Information: 0 : 15604, 1, 2020/12/01, 23:16:38.224, 2982422395042, testhost.dll, SocketClient.Start: connecting to server endpoint: 127.0.0.1:062584
TpTrace Information: 0 : 15604, 1, 2020/12/01, 23:16:38.230, 2982422463049, testhost.dll, DefaultEngineInvoker.ConnectToDatacollector: Connecting to datacollector, port: 62583
TpTrace Information: 0 : 15604, 5, 2020/12/01, 23:16:38.233, 2982422492777, testhost.dll, SocketClient.OnServerConnected: connected to server endpoint: 127.0.0.1:062584
TpTrace Verbose: 0 : 15604, 5, 2020/12/01, 23:16:38.237, 2982422529875, testhost.dll, Connected to server, and starting MessageLoopAsync
TpTrace Information: 0 : 15604, 1, 2020/12/01, 23:16:38.238, 2982422537866, testhost.dll, Trying to connect to server on socket : 127.0.0.1:62583 
TpTrace Verbose: 0 : 15604, 1, 2020/12/01, 23:16:38.239, 2982422545488, testhost.dll, SocketCommunicationManager : SetupClientAsync : Attempting to connect to the server.
TpTrace Information: 0 : 15604, 10, 2020/12/01, 23:16:38.242, 2982422573659, testhost.dll, Connected to the server successfully 
TpTrace Information: 0 : 15604, 10, 2020/12/01, 23:16:38.242, 2982422575030, testhost.dll, Using the buffer size of 16384 bytes
TpTrace Verbose: 0 : 15604, 5, 2020/12/01, 23:16:38.242, 2982422580108, testhost.dll, TcpClientExtensions.MessageLoopAsync: Polling on remoteEndPoint: [::ffff:127.0.0.1]:62584 localEndPoint: [::ffff:127.0.0.1]:62585
TpTrace Information: 0 : 15604, 1, 2020/12/01, 23:16:38.243, 2982422583854, testhost.dll, DefaultEngineInvoker.Invoke: Start Request Processing.
TpTrace Verbose: 0 : 15604, 5, 2020/12/01, 23:16:38.243, 2982422585977, testhost.dll, TcpClientExtensions.MessageLoopAsync: NotifyDataAvailable remoteEndPoint: [::ffff:127.0.0.1]:62584 localEndPoint: [::ffff:127.0.0.1]:62585
TpTrace Information: 0 : 15604, 11, 2020/12/01, 23:16:38.244, 2982422596761, testhost.dll, DefaultEngineInvoker.StartProcessingAsync: Connected to vstest.console, Starting process requests.
TpTrace Information: 0 : 15604, 5, 2020/12/01, 23:16:39.349, 2982433646684, testhost.dll, TestRequestHandler.ProcessRequests: received message: (ProtocolVersion) -> 3
TpTrace Verbose: 0 : 15604, 5, 2020/12/01, 23:16:39.626, 2982436420335, testhost.dll, TestRequestHandler.SendData:  sending data from testhost: {"Version":2,"MessageType":"TestSession.Message","Payload":{"MessageLevel":0,"Message":"Logging TestHost Diagnostics in file: C:\\Users\\EK\\Desktop\\VVS-Zadaca2\\Filmoteka\\Unit Testovi\\bin\\Debug\\fine-code-coverage\\_outputfolder\\diagnostics.host.20-12-01_23-16-37_85146_4.log"}}
TpTrace Verbose: 0 : 15604, 5, 2020/12/01, 23:16:39.627, 2982436433798, testhost.dll, TcpClientExtensions.MessageLoopAsync: Polling on remoteEndPoint: [::ffff:127.0.0.1]:62584 localEndPoint: [::ffff:127.0.0.1]:62585
TpTrace Verbose: 0 : 15604, 5, 2020/12/01, 23:16:39.628, 2982436443038, testhost.dll, TcpClientExtensions.MessageLoopAsync: NotifyDataAvailable remoteEndPoint: [::ffff:127.0.0.1]:62584 localEndPoint: [::ffff:127.0.0.1]:62585
TpTrace Information: 0 : 15604, 5, 2020/12/01, 23:16:39.663, 2982436792658, testhost.dll, TestRequestHandler.ProcessRequests: received message: (TestExecution.Initialize) -> [
  "C:\\Users\\EK\\Desktop\\VVS-Zadaca2\\Filmoteka\\Unit Testovi\\bin\\Debug\\fine-code-coverage\\Microsoft.VisualStudio.TestPlatform.MSTest.TestAdapter.dll"
]
TpTrace Information: 0 : 15604, 5, 2020/12/01, 23:16:39.664, 2982436795766, testhost.dll, Execution Session Initialize.
TpTrace Verbose: 0 : 15604, 5, 2020/12/01, 23:16:39.772, 2982437883086, testhost.dll, TcpClientExtensions.MessageLoopAsync: Polling on remoteEndPoint: [::ffff:127.0.0.1]:62584 localEndPoint: [::ffff:127.0.0.1]:62585
TpTrace Verbose: 0 : 15604, 5, 2020/12/01, 23:16:39.773, 2982437885609, testhost.dll, TcpClientExtensions.MessageLoopAsync: NotifyDataAvailable remoteEndPoint: [::ffff:127.0.0.1]:62584 localEndPoint: [::ffff:127.0.0.1]:62585
TpTrace Verbose: 0 : 15604, 4, 2020/12/01, 23:16:39.796, 2982438118053, testhost.dll, TestExecutorService: Loading the extensions
TpTrace Information: 0 : 15604, 5, 2020/12/01, 23:16:39.796, 2982438118156, testhost.dll, TestRequestHandler.ProcessRequests: received message: (TestExecution.StartWithSources) -> {
  "AdapterSourceMap": {
    "_none_": [
      "C:\\Users\\EK\\Desktop\\VVS-Zadaca2\\Filmoteka\\Unit Testovi\\bin\\Debug\\fine-code-coverage\\Unit Testovi.dll"
    ]
  },
  "RunSettings": "<RunSettings>\r\n  <RunConfiguration>\r\n    <ResultsDirectory>C:\\Users\\EK\\Desktop\\VVS-Zadaca2\\Filmoteka\\Unit Testovi\\bin\\Debug\\fine-code-coverage\\_outputfolder</ResultsDirectory>\r\n    <TargetPlatform>X64</TargetPlatform>\r\n    <TargetFrameworkVersion>.NETCoreApp,Version=v3.1</TargetFrameworkVersion>\r\n    <DesignMode>False</DesignMode>\r\n    <CollectSourceInformation>False</CollectSourceInformation>\r\n  </RunConfiguration>\r\n  <LoggerRunSettings>\r\n    <Loggers>\r\n      <Logger friendlyName=\"blame\" enabled=\"True\" />\r\n      <Logger friendlyName=\"Console\" uri=\"logger://microsoft/TestPlatform/ConsoleLogger/v1\" assemblyQualifiedName=\"Microsoft.VisualStudio.TestPlatform.CommandLine.Internal.ConsoleLogger, vstest.console, Version=15.0.0.0, Culture=neutral, PublicKeyToken=b03f5f7f11d50a3a\" codeBase=\"C:\\Program Files\\dotnet\\sdk\\5.0.100\\vstest.console.dll\" enabled=\"True\" />\r\n    </Loggers>\r\n  </LoggerRunSettings>\r\n  <DataCollectionRunSettings>\r\n    <DataCollectors>\r\n      <DataCollector friendlyName=\"blame\" enabled=\"True\">\r\n        <Configuration>\r\n          <ResultsDirectory>C:\\Users\\EK\\Desktop\\VVS-Zadaca2\\Filmoteka\\Unit Testovi\\bin\\Debug\\fine-code-coverage\\_outputfolder</ResultsDirectory>\r\n        </Configuration>\r\n      </DataCollector>\r\n    </DataCollectors>\r\n  </DataCollectionRunSettings>\r\n</RunSettings>",
  "TestExecutionContext": {
    "FrequencyOfRunStatsChangeEvent": 10,
    "RunStatsChangeEventTimeout": "00:00:01.5000000",
    "InIsolation": false,
    "KeepAlive": false,
    "AreTestCaseLevelEventsRequired": false,
    "IsDebug": false,
    "TestCaseFilter": null,
    "FilterOptions": null
  },
  "Package": null
}
TpTrace Information: 0 : 15604, 5, 2020/12/01, 23:16:39.796, 2982438120985, testhost.dll, Execution started.
TpTrace Verbose: 0 : 15604, 4, 2020/12/01, 23:16:39.809, 2982438252839, testhost.dll, TestPluginCache.DiscoverTestExtensions: finding test extensions in assemblies endswith: TestAdapter.dll TPluginInfo: Microsoft.VisualStudio.TestPlatform.Common.ExtensionFramework.Utilities.TestExecutorPluginInformation TExtension: Microsoft.VisualStudio.TestPlatform.ObjectModel.Adapter.ITestExecutor
TpTrace Verbose: 0 : 15604, 4, 2020/12/01, 23:16:39.895, 2982439111038, testhost.dll, TestPluginCache.GetExtensionPaths: Filtered extension paths: 
TpTrace Verbose: 0 : 15604, 4, 2020/12/01, 23:16:39.897, 2982439132647, testhost.dll, TestPluginCache.GetExtensionPaths: Added default extension paths: C:\Users\EK\Desktop\VVS-Zadaca2\Filmoteka\Unit Testovi\bin\Debug\fine-code-coverage\Microsoft.VisualStudio.TestPlatform.MSTest.TestAdapter.dll
TpTrace Verbose: 0 : 15604, 4, 2020/12/01, 23:16:39.898, 2982439133893, testhost.dll, TestPluginCache.GetExtensionPaths: Added unfilterableExtensionPaths: 
TpTrace Information: 0 : 15604, 4, 2020/12/01, 23:16:39.931, 2982439465852, testhost.dll, AssemblyResolver.ctor: Creating AssemblyResolver with searchDirectories C:\Users\EK\Desktop\VVS-Zadaca2\Filmoteka\Unit Testovi\bin\Debug\fine-code-coverage
TpTrace Verbose: 0 : 15604, 4, 2020/12/01, 23:16:39.946, 2982439620310, testhost.dll, TestPluginCache.DiscoverTestExtensions: Discovering the extensions using extension path.
TpTrace Verbose: 0 : 15604, 4, 2020/12/01, 23:16:39.947, 2982439633017, testhost.dll, TestPluginCache.GetExtensionPaths: Filtered extension paths: 
TpTrace Verbose: 0 : 15604, 4, 2020/12/01, 23:16:39.948, 2982439639389, testhost.dll, TestPluginCache.GetExtensionPaths: Added default extension paths: C:\Users\EK\Desktop\VVS-Zadaca2\Filmoteka\Unit Testovi\bin\Debug\fine-code-coverage\Microsoft.VisualStudio.TestPlatform.MSTest.TestAdapter.dll
TpTrace Verbose: 0 : 15604, 4, 2020/12/01, 23:16:39.949, 2982439644334, testhost.dll, TestPluginCache.GetExtensionPaths: Added unfilterableExtensionPaths: 
TpTrace Verbose: 0 : 15604, 4, 2020/12/01, 23:16:39.949, 2982439652257, testhost.dll, TestPluginCache.DiscoverTestExtensions: Discovering the extensions using allExtensionPaths: C:\Users\EK\Desktop\VVS-Zadaca2\Filmoteka\Unit Testovi\bin\Debug\fine-code-coverage\Microsoft.VisualStudio.TestPlatform.MSTest.TestAdapter.dll
TpTrace Information: 0 : 15604, 4, 2020/12/01, 23:16:39.959, 2982439753593, testhost.dll, AssemblyResolver.AddSearchDirectories: Adding more searchDirectories C:\Users\EK\Desktop\VVS-Zadaca2\Filmoteka\Unit Testovi\bin\Debug\fine-code-coverage
TpTrace Information: 0 : 15604, 4, 2020/12/01, 23:16:40.001, 2982440167812, testhost.dll, AssemblyResolver.OnResolve: Microsoft.VisualStudio.TestPlatform.MSTest.TestAdapter: Resolving assembly.
TpTrace Information: 0 : 15604, 4, 2020/12/01, 23:16:40.014, 2982440296731, testhost.dll, AssemblyResolver.OnResolve: Resolved assembly: Microsoft.VisualStudio.TestPlatform.MSTest.TestAdapter, from path: C:\Users\EK\Desktop\VVS-Zadaca2\Filmoteka\Unit Testovi\bin\Debug\fine-code-coverage\Microsoft.VisualStudio.TestPlatform.MSTest.TestAdapter.dll
TpTrace Information: 0 : 15604, 4, 2020/12/01, 23:16:40.032, 2982440482240, testhost.dll, AssemblyResolver.OnResolve: Microsoft.VisualStudio.TestPlatform.MSTestAdapter.PlatformServices.Interface: Resolving assembly.
TpTrace Information: 0 : 15604, 4, 2020/12/01, 23:16:40.036, 2982440520245, testhost.dll, AssemblyResolver.OnResolve: Resolved assembly: Microsoft.VisualStudio.TestPlatform.MSTestAdapter.PlatformServices.Interface, from path: C:\Users\EK\Desktop\VVS-Zadaca2\Filmoteka\Unit Testovi\bin\Debug\fine-code-coverage\Microsoft.VisualStudio.TestPlatform.MSTestAdapter.PlatformServices.Interface.dll
TpTrace Information: 0 : 15604, 4, 2020/12/01, 23:16:40.040, 2982440557561, testhost.dll, AssemblyResolver.OnResolve: Microsoft.VisualStudio.TestPlatform.MSTestAdapter.PlatformServices: Resolving assembly.
TpTrace Information: 0 : 15604, 4, 2020/12/01, 23:16:40.044, 2982440603039, testhost.dll, AssemblyResolver.OnResolve: Resolved assembly: Microsoft.VisualStudio.TestPlatform.MSTestAdapter.PlatformServices, from path: C:\Users\EK\Desktop\VVS-Zadaca2\Filmoteka\Unit Testovi\bin\Debug\fine-code-coverage\Microsoft.VisualStudio.TestPlatform.MSTestAdapter.PlatformServices.dll
TpTrace Verbose: 0 : 15604, 5, 2020/12/01, 23:16:40.051, 2982440669445, testhost.dll, TcpClientExtensions.MessageLoopAsync: Polling on remoteEndPoint: [::ffff:127.0.0.1]:62584 localEndPoint: [::ffff:127.0.0.1]:62585
TpTrace Verbose: 0 : 15604, 4, 2020/12/01, 23:16:40.098, 2982441145538, testhost.dll, TestPluginCache: Discovered the extensions using extension path ''.
TpTrace Verbose: 0 : 15604, 4, 2020/12/01, 23:16:40.103, 2982441186541, testhost.dll, TestPluginCache: Discoverers are ''.
TpTrace Verbose: 0 : 15604, 4, 2020/12/01, 23:16:40.103, 2982441190567, testhost.dll, TestPluginCache: Executors are 'executor://MSTestAdapter/v2'.
TpTrace Verbose: 0 : 15604, 4, 2020/12/01, 23:16:40.105, 2982441203848, testhost.dll, TestPluginCache: Setting providers are ''.
TpTrace Verbose: 0 : 15604, 4, 2020/12/01, 23:16:40.107, 2982441225872, testhost.dll, TestPluginCache: Loggers are ''.
TpTrace Information: 0 : 15604, 4, 2020/12/01, 23:16:40.191, 2982442070714, testhost.dll, TestPluginManager.CreateTestExtension: Attempting to load test extension: Microsoft.VisualStudio.TestPlatform.MSTest.TestAdapter.MSTestExecutor
TpTrace Verbose: 0 : 15604, 4, 2020/12/01, 23:16:40.246, 2982442620228, testhost.dll, TestExecutorExtensionManager: Loading executor Microsoft.VisualStudio.TestPlatform.MSTest.TestAdapter.MSTestExecutor
TpTrace Verbose: 0 : 15604, 4, 2020/12/01, 23:16:40.247, 2982442627652, testhost.dll, TestExecutorService: Loaded the executors
TpTrace Verbose: 0 : 15604, 4, 2020/12/01, 23:16:40.256, 2982442722628, testhost.dll, TestPluginCache.DiscoverTestExtensions: finding test extensions in assemblies endswith: TestAdapter.dll TPluginInfo: Microsoft.VisualStudio.TestPlatform.Common.ExtensionFramework.Utilities.TestSettingsProviderPluginInformation TExtension: Microsoft.VisualStudio.TestPlatform.ObjectModel.Adapter.ISettingsProvider
TpTrace Verbose: 0 : 15604, 4, 2020/12/01, 23:16:40.258, 2982442743455, testhost.dll, TestPluginCache.GetExtensionPaths: Filtered extension paths: 
TpTrace Verbose: 0 : 15604, 4, 2020/12/01, 23:16:40.259, 2982442749618, testhost.dll, TestPluginCache.GetExtensionPaths: Added default extension paths: C:\Users\EK\Desktop\VVS-Zadaca2\Filmoteka\Unit Testovi\bin\Debug\fine-code-coverage\Microsoft.VisualStudio.TestPlatform.MSTest.TestAdapter.dll
TpTrace Verbose: 0 : 15604, 4, 2020/12/01, 23:16:40.260, 2982442755111, testhost.dll, TestPluginCache.GetExtensionPaths: Added unfilterableExtensionPaths: 
TpTrace Information: 0 : 15604, 4, 2020/12/01, 23:16:40.262, 2982442775810, testhost.dll, AssemblyResolver.AddSearchDirectories: Adding more searchDirectories C:\Users\EK\Desktop\VVS-Zadaca2\Filmoteka\Unit Testovi\bin\Debug\fine-code-coverage
TpTrace Verbose: 0 : 15604, 4, 2020/12/01, 23:16:40.263, 2982442783740, testhost.dll, TestPluginCache.DiscoverTestExtensions: Discovering the extensions using extension path.
TpTrace Verbose: 0 : 15604, 4, 2020/12/01, 23:16:40.263, 2982442789644, testhost.dll, TestPluginCache.GetExtensionPaths: Filtered extension paths: 
TpTrace Verbose: 0 : 15604, 4, 2020/12/01, 23:16:40.264, 2982442795902, testhost.dll, TestPluginCache.GetExtensionPaths: Added default extension paths: C:\Users\EK\Desktop\VVS-Zadaca2\Filmoteka\Unit Testovi\bin\Debug\fine-code-coverage\Microsoft.VisualStudio.TestPlatform.MSTest.TestAdapter.dll
TpTrace Verbose: 0 : 15604, 4, 2020/12/01, 23:16:40.264, 2982442800443, testhost.dll, TestPluginCache.GetExtensionPaths: Added unfilterableExtensionPaths: 
TpTrace Verbose: 0 : 15604, 4, 2020/12/01, 23:16:40.265, 2982442806108, testhost.dll, TestPluginCache.DiscoverTestExtensions: Discovering the extensions using allExtensionPaths: C:\Users\EK\Desktop\VVS-Zadaca2\Filmoteka\Unit Testovi\bin\Debug\fine-code-coverage\Microsoft.VisualStudio.TestPlatform.MSTest.TestAdapter.dll
TpTrace Information: 0 : 15604, 4, 2020/12/01, 23:16:40.266, 2982442815968, testhost.dll, AssemblyResolver.AddSearchDirectories: Adding more searchDirectories C:\Users\EK\Desktop\VVS-Zadaca2\Filmoteka\Unit Testovi\bin\Debug\fine-code-coverage
TpTrace Verbose: 0 : 15604, 4, 2020/12/01, 23:16:40.267, 2982442829733, testhost.dll, TestPluginCache: Discovered the extensions using extension path ''.
TpTrace Verbose: 0 : 15604, 4, 2020/12/01, 23:16:40.267, 2982442830889, testhost.dll, TestPluginCache: Discoverers are ''.
TpTrace Verbose: 0 : 15604, 4, 2020/12/01, 23:16:40.267, 2982442831628, testhost.dll, TestPluginCache: Executors are 'executor://MSTestAdapter/v2'.
TpTrace Verbose: 0 : 15604, 4, 2020/12/01, 23:16:40.268, 2982442839615, testhost.dll, TestPluginCache: Setting providers are ''.
TpTrace Verbose: 0 : 15604, 4, 2020/12/01, 23:16:40.269, 2982442845587, testhost.dll, TestPluginCache: Loggers are ''.
TpTrace Verbose: 0 : 15604, 4, 2020/12/01, 23:16:40.280, 2982442961276, testhost.dll, TestExecutorService: Loaded the settings providers
TpTrace Information: 0 : 15604, 4, 2020/12/01, 23:16:40.281, 2982442967856, testhost.dll, TestExecutorService: Loaded the extensions
TpTrace Information: 0 : 15604, 4, 2020/12/01, 23:16:40.781, 2982447967865, testhost.dll, TestDiscoveryManager: Discovering tests from sources C:\Users\EK\Desktop\VVS-Zadaca2\Filmoteka\Unit Testovi\bin\Debug\fine-code-coverage\Unit Testovi.dll
TpTrace Verbose: 0 : 15604, 4, 2020/12/01, 23:16:40.784, 2982448001370, testhost.dll, TestPluginCache.DiscoverTestExtensions: finding test extensions in assemblies endswith: TestAdapter.dll TPluginInfo: Microsoft.VisualStudio.TestPlatform.Common.ExtensionFramework.Utilities.TestDiscovererPluginInformation TExtension: Microsoft.VisualStudio.TestPlatform.ObjectModel.Adapter.ITestDiscoverer
TpTrace Verbose: 0 : 15604, 4, 2020/12/01, 23:16:40.784, 2982448003340, testhost.dll, TestPluginCache.GetExtensionPaths: Filtered extension paths: 
TpTrace Verbose: 0 : 15604, 4, 2020/12/01, 23:16:40.785, 2982448003936, testhost.dll, TestPluginCache.GetExtensionPaths: Added default extension paths: C:\Users\EK\Desktop\VVS-Zadaca2\Filmoteka\Unit Testovi\bin\Debug\fine-code-coverage\Microsoft.VisualStudio.TestPlatform.MSTest.TestAdapter.dll
TpTrace Verbose: 0 : 15604, 4, 2020/12/01, 23:16:40.785, 2982448004515, testhost.dll, TestPluginCache.GetExtensionPaths: Added unfilterableExtensionPaths: 
TpTrace Information: 0 : 15604, 4, 2020/12/01, 23:16:40.785, 2982448006140, testhost.dll, AssemblyResolver.AddSearchDirectories: Adding more searchDirectories C:\Users\EK\Desktop\VVS-Zadaca2\Filmoteka\Unit Testovi\bin\Debug\fine-code-coverage
TpTrace Verbose: 0 : 15604, 4, 2020/12/01, 23:16:40.785, 2982448006820, testhost.dll, TestPluginCache.DiscoverTestExtensions: Discovering the extensions using extension path.
TpTrace Verbose: 0 : 15604, 4, 2020/12/01, 23:16:40.785, 2982448007277, testhost.dll, TestPluginCache.GetExtensionPaths: Filtered extension paths: 
TpTrace Verbose: 0 : 15604, 4, 2020/12/01, 23:16:40.785, 2982448007690, testhost.dll, TestPluginCache.GetExtensionPaths: Added default extension paths: C:\Users\EK\Desktop\VVS-Zadaca2\Filmoteka\Unit Testovi\bin\Debug\fine-code-coverage\Microsoft.VisualStudio.TestPlatform.MSTest.TestAdapter.dll
TpTrace Verbose: 0 : 15604, 4, 2020/12/01, 23:16:40.785, 2982448008092, testhost.dll, TestPluginCache.GetExtensionPaths: Added unfilterableExtensionPaths: 
TpTrace Verbose: 0 : 15604, 4, 2020/12/01, 23:16:40.785, 2982448008606, testhost.dll, TestPluginCache.DiscoverTestExtensions: Discovering the extensions using allExtensionPaths: C:\Users\EK\Desktop\VVS-Zadaca2\Filmoteka\Unit Testovi\bin\Debug\fine-code-coverage\Microsoft.VisualStudio.TestPlatform.MSTest.TestAdapter.dll
TpTrace Information: 0 : 15604, 4, 2020/12/01, 23:16:40.785, 2982448009168, testhost.dll, AssemblyResolver.AddSearchDirectories: Adding more searchDirectories C:\Users\EK\Desktop\VVS-Zadaca2\Filmoteka\Unit Testovi\bin\Debug\fine-code-coverage
TpTrace Verbose: 0 : 15604, 4, 2020/12/01, 23:16:40.789, 2982448045172, testhost.dll, TestPluginCache: Discovered the extensions using extension path ''.
TpTrace Verbose: 0 : 15604, 4, 2020/12/01, 23:16:40.789, 2982448046387, testhost.dll, TestPluginCache: Discoverers are 'Microsoft.VisualStudio.TestPlatform.MSTest.TestAdapter.MSTestDiscoverer, Microsoft.VisualStudio.TestPlatform.MSTest.TestAdapter, Version=14.0.0.0, Culture=neutral, PublicKeyToken=b03f5f7f11d50a3a'.
TpTrace Verbose: 0 : 15604, 4, 2020/12/01, 23:16:40.789, 2982448046997, testhost.dll, TestPluginCache: Executors are 'executor://MSTestAdapter/v2'.
TpTrace Verbose: 0 : 15604, 4, 2020/12/01, 23:16:40.789, 2982448047442, testhost.dll, TestPluginCache: Setting providers are ''.
TpTrace Verbose: 0 : 15604, 4, 2020/12/01, 23:16:40.789, 2982448047843, testhost.dll, TestPluginCache: Loggers are ''.
TpTrace Verbose: 0 : 15604, 4, 2020/12/01, 23:16:40.796, 2982448117413, testhost.dll, BaseRunTests.RunTestInternalWithExecutors: Running tests for executor://MSTestAdapter/v2
TpTrace Information: 0 : 15604, 4, 2020/12/01, 23:16:40.899, 2982449153222, testhost.dll, AssemblyResolver.OnResolve: Microsoft.VisualStudio.TestPlatform.MSTestAdapter.PlatformServices.resources: Resolving assembly.
TpTrace Information: 0 : 15604, 4, 2020/12/01, 23:16:40.900, 2982449159217, testhost.dll, AssemblyResolver.OnResolve: Microsoft.VisualStudio.TestPlatform.MSTestAdapter.PlatformServices.resources: Failed to load assembly.
TpTrace Information: 0 : 15604, 4, 2020/12/01, 23:16:40.901, 2982449168266, testhost.dll, AssemblyResolver.OnResolve: Microsoft.VisualStudio.TestPlatform.MSTestAdapter.PlatformServices.resources: Resolving assembly.
TpTrace Information: 0 : 15604, 4, 2020/12/01, 23:16:40.901, 2982449170189, testhost.dll, AssemblyResolver.OnResolve: Microsoft.VisualStudio.TestPlatform.MSTestAdapter.PlatformServices.resources: Resolved from cache.
TpTrace Verbose: 0 : 15604, 4, 2020/12/01, 23:16:40.930, 2982449454181, testhost.dll, TestExecutionRecorder.RecordStart: Starting test: Unit_Testovi.NoviTestovi.TestZamjenskiObjekat.
TpTrace Verbose: 0 : 15604, 5, 2020/12/01, 23:16:41.064, 2982450796528, testhost.dll, TcpClientExtensions.MessageLoopAsync: Polling on remoteEndPoint: [::ffff:127.0.0.1]:62584 localEndPoint: [::ffff:127.0.0.1]:62585
TpTrace Information: 0 : 15604, 4, 2020/12/01, 23:16:41.853, 2982458685844, testhost.dll, AssemblyResolver.OnResolve: Microsoft.VisualStudio.TestPlatform.MSTest.TestAdapter.resources: Resolving assembly.
TpTrace Information: 0 : 15604, 4, 2020/12/01, 23:16:41.857, 2982458725411, testhost.dll, AssemblyResolver.OnResolve: Microsoft.VisualStudio.TestPlatform.MSTest.TestAdapter.resources: Failed to load assembly.
TpTrace Information: 0 : 15604, 9, 2020/12/01, 23:16:42.029, 2982460451159, testhost.dll, Sending test run statistics
TpTrace Verbose: 0 : 15604, 5, 2020/12/01, 23:16:42.068, 2982460840756, testhost.dll, TcpClientExtensions.MessageLoopAsync: Polling on remoteEndPoint: [::ffff:127.0.0.1]:62584 localEndPoint: [::ffff:127.0.0.1]:62585
TpTrace Verbose: 0 : 15604, 4, 2020/12/01, 23:16:42.166, 2982461815047, testhost.dll, TestExecutionRecorder.RecordEnd: test: Unit_Testovi.NoviTestovi.TestZamjenskiObjekat execution completed.
TpTrace Verbose: 0 : 15604, 9, 2020/12/01, 23:16:42.237, 2982462533066, testhost.dll, TestRequestHandler.SendData:  sending data from testhost: {"Version":2,"MessageType":"TestExecution.StatsChange","Payload":{"NewTestResults":[],"TestRunStatistics":{"ExecutedTests":0,"Stats":{}},"ActiveTests":[{"Id":"aef9dec6-1181-fac1-2596-b31421e8da47","FullyQualifiedName":"Unit_Testovi.NoviTestovi.TestZamjenskiObjekat","DisplayName":"TestZamjenskiObjekat","ExecutorUri":"executor://MSTestAdapter/v2","Source":"C:\\Users\\EK\\Desktop\\VVS-Zadaca2\\Filmoteka\\Unit Testovi\\bin\\Debug\\fine-code-coverage\\Unit Testovi.dll","CodeFilePath":null,"LineNumber":-1,"Properties":[{"Key":{"Id":"MSTestDiscoverer.TestClassName","Label":"ClassName","Category":"","Description":"","Attributes":1,"ValueType":"System.String"},"Value":"Unit_Testovi.NoviTestovi"},{"Key":{"Id":"TestObject.Traits","Label":"Traits","Category":"","Description":"","Attributes":5,"ValueType":"System.Collections.Generic.KeyValuePair`2[[System.String],[System.String]][]"},"Value":[]}]}]}}
TpTrace Verbose: 0 : 15604, 9, 2020/12/01, 23:16:42.239, 2982462544537, testhost.dll, TestRunCache: OnNewTestResult: Notified the onCacheHit callback.
TpTrace Warning: 0 : 15604, 4, 2020/12/01, 23:16:42.240, 2982462562007, testhost.dll, InProgressTests is null
TpTrace Verbose: 0 : 15604, 4, 2020/12/01, 23:16:42.339, 2982463548975, testhost.dll, TestExecutionRecorder.RecordResult: Received result for test: Unit_Testovi.NoviTestovi.TestZamjenskiObjekat.
TpTrace Warning: 0 : 15604, 4, 2020/12/01, 23:16:42.368, 2982463837819, testhost.dll, InProgressTests is null
TpTrace Warning: 0 : 15604, 4, 2020/12/01, 23:16:42.385, 2982464007779, testhost.dll, TestRunCache: No test found corresponding to testResult 'TestZamjenskiObjekat  Failed
  Message: Test method Unit_Testovi.NoviTestovi.TestZamjenskiObjekat threw exception: 
System.NotImplementedException: The method or operation is not implemented.
  StackTrace:
    at Filmoteka.Reziser.DaLiJeReziraoFilm(Film f) in C:\Users\EK\Desktop\VVS-Zadaca2\Filmoteka\Filmoteka\Reziser.cs:line 15
   at Filmoteka.Filmoteka.DajSveFilmoveZaRezisera(IReziser reziser) in C:\Users\EK\Desktop\VVS-Zadaca2\Filmoteka\Filmoteka\Filmoteka.cs:line 97
   at Unit_Testovi.NoviTestovi.TestZamjenskiObjekat() in C:\Users\EK\Desktop\VVS-Zadaca2\Filmoteka\Unit Testovi\NoviTestovi.cs:line 23
' in inProgress list.
TpTrace Verbose: 0 : 15604, 4, 2020/12/01, 23:16:42.386, 2982464017672, testhost.dll, TestExecutionRecorder.RecordStart: Starting test: Unit_Testovi.NoviTestovi.TestDodajNastavakIstiGlumci.
TpTrace Verbose: 0 : 15604, 4, 2020/12/01, 23:16:42.391, 2982464063606, testhost.dll, TestExecutionRecorder.RecordEnd: test: Unit_Testovi.NoviTestovi.TestDodajNastavakIstiGlumci execution completed.
TpTrace Verbose: 0 : 15604, 4, 2020/12/01, 23:16:42.396, 2982464118813, testhost.dll, TestExecutionRecorder.RecordResult: Received result for test: Unit_Testovi.NoviTestovi.TestDodajNastavakIstiGlumci.
TpTrace Warning: 0 : 15604, 4, 2020/12/01, 23:16:42.397, 2982464128009, testhost.dll, InProgressTests is null
TpTrace Warning: 0 : 15604, 4, 2020/12/01, 23:16:42.398, 2982464133941, testhost.dll, TestRunCache: No test found corresponding to testResult 'TestDodajNastavakIstiGlumci  Failed
  Message: Test method Unit_Testovi.NoviTestovi.TestDodajNastavakIstiGlumci threw exception: 
System.NotImplementedException: The method or operation is not implemented.
  StackTrace:
    at Filmoteka.Filmoteka.DodajNastavak(Film film, Double rating, Boolean istiGlumci, List`1 noviGlumci) in C:\Users\EK\Desktop\VVS-Zadaca2\Filmoteka\Filmoteka\Filmoteka.cs:line 147
   at Unit_Testovi.NoviTestovi.TestDodajNastavakIstiGlumci() in C:\Users\EK\Desktop\VVS-Zadaca2\Filmoteka\Unit Testovi\NoviTestovi.cs:line 40
' in inProgress list.
TpTrace Verbose: 0 : 15604, 4, 2020/12/01, 23:16:42.399, 2982464145512, testhost.dll, TestExecutionRecorder.RecordStart: Starting test: Unit_Testovi.NoviTestovi.TestDodajNastavakRazlicitiGlumci.
TpTrace Verbose: 0 : 15604, 4, 2020/12/01, 23:16:42.411, 2982464269998, testhost.dll, TestExecutionRecorder.RecordEnd: test: Unit_Testovi.NoviTestovi.TestDodajNastavakRazlicitiGlumci execution completed.
TpTrace Verbose: 0 : 15604, 4, 2020/12/01, 23:16:42.413, 2982464291258, testhost.dll, TestExecutionRecorder.RecordResult: Received result for test: Unit_Testovi.NoviTestovi.TestDodajNastavakRazlicitiGlumci.
TpTrace Warning: 0 : 15604, 4, 2020/12/01, 23:16:42.414, 2982464294007, testhost.dll, InProgressTests is null
TpTrace Warning: 0 : 15604, 4, 2020/12/01, 23:16:42.414, 2982464297537, testhost.dll, TestRunCache: No test found corresponding to testResult 'TestDodajNastavakRazlicitiGlumci  Failed
  Message: Test method Unit_Testovi.NoviTestovi.TestDodajNastavakRazlicitiGlumci threw exception: 
System.NotImplementedException: The method or operation is not implemented.
  StackTrace:
    at Filmoteka.Filmoteka.DodajNastavak(Film film, Double rating, Boolean istiGlumci, List`1 noviGlumci) in C:\Users\EK\Desktop\VVS-Zadaca2\Filmoteka\Filmoteka\Filmoteka.cs:line 147
   at Unit_Testovi.NoviTestovi.TestDodajNastavakRazlicitiGlumci() in C:\Users\EK\Desktop\VVS-Zadaca2\Filmoteka\Unit Testovi\NoviTestovi.cs:line 53
' in inProgress list.
TpTrace Verbose: 0 : 15604, 4, 2020/12/01, 23:16:42.414, 2982464301528, testhost.dll, TestExecutionRecorder.RecordStart: Starting test: Unit_Testovi.NoviTestovi.TestDodajNastavakIzuzetak.
TpTrace Information: 0 : 15604, 4, 2020/12/01, 23:16:42.434, 2982464503260, testhost.dll, AssemblyResolver.OnResolve: Microsoft.VisualStudio.TestPlatform.TestFramework.resources: Resolving assembly.
TpTrace Information: 0 : 15604, 4, 2020/12/01, 23:16:42.435, 2982464504791, testhost.dll, AssemblyResolver.OnResolve: Microsoft.VisualStudio.TestPlatform.TestFramework.resources: Failed to load assembly.
TpTrace Verbose: 0 : 15604, 4, 2020/12/01, 23:16:42.436, 2982464513655, testhost.dll, TestExecutionRecorder.RecordEnd: test: Unit_Testovi.NoviTestovi.TestDodajNastavakIzuzetak execution completed.
TpTrace Verbose: 0 : 15604, 4, 2020/12/01, 23:16:42.437, 2982464524179, testhost.dll, TestExecutionRecorder.RecordResult: Received result for test: Unit_Testovi.NoviTestovi.TestDodajNastavakIzuzetak.
TpTrace Warning: 0 : 15604, 4, 2020/12/01, 23:16:42.437, 2982464524956, testhost.dll, InProgressTests is null
TpTrace Warning: 0 : 15604, 4, 2020/12/01, 23:16:42.437, 2982464525362, testhost.dll, TestRunCache: No test found corresponding to testResult 'TestDodajNastavakIzuzetak  Failed
  Message: Test method threw exception System.NotImplementedException, but exception System.ArgumentNullException was expected. Exception message: System.NotImplementedException: The method or operation is not implemented.
  StackTrace:
   at Filmoteka.Filmoteka.DodajNastavak(Film film, Double rating, Boolean istiGlumci, List`1 noviGlumci) in C:\Users\EK\Desktop\VVS-Zadaca2\Filmoteka\Filmoteka\Filmoteka.cs:line 147
   at Unit_Testovi.NoviTestovi.TestDodajNastavakIzuzetak() in C:\Users\EK\Desktop\VVS-Zadaca2\Filmoteka\Unit Testovi\NoviTestovi.cs:line 66
' in inProgress list.
TpTrace Verbose: 0 : 15604, 4, 2020/12/01, 23:16:42.437, 2982464525820, testhost.dll, TestExecutionRecorder.RecordStart: Starting test: Unit_Testovi.NoviTestovi.TestDajSveFilmoveSGLumcima.
TpTrace Verbose: 0 : 15604, 4, 2020/12/01, 23:16:42.456, 2982464716676, testhost.dll, TestExecutionRecorder.RecordEnd: test: Unit_Testovi.NoviTestovi.TestDajSveFilmoveSGLumcima execution completed.
TpTrace Verbose: 0 : 15604, 4, 2020/12/01, 23:16:42.458, 2982464742526, testhost.dll, TestExecutionRecorder.RecordResult: Received result for test: Unit_Testovi.NoviTestovi.TestDajSveFilmoveSGLumcima.
TpTrace Warning: 0 : 15604, 4, 2020/12/01, 23:16:42.458, 2982464743412, testhost.dll, InProgressTests is null
TpTrace Warning: 0 : 15604, 4, 2020/12/01, 23:16:42.459, 2982464746703, testhost.dll, TestRunCache: No test found corresponding to testResult 'TestDajSveFilmoveSGLumcima  Passed
  Test Messages:
  StdOutMsgs:
3
' in inProgress list.
TpTrace Verbose: 0 : 15604, 4, 2020/12/01, 23:16:42.459, 2982464747248, testhost.dll, TestExecutionRecorder.RecordStart: Starting test: Unit_Testovi.NoviTestovi.TestDajSrednjuOcjenuSvihFilmova.
TpTrace Verbose: 0 : 15604, 4, 2020/12/01, 23:16:42.461, 2982464766405, testhost.dll, TestExecutionRecorder.RecordEnd: test: Unit_Testovi.NoviTestovi.TestDajSrednjuOcjenuSvihFilmova execution completed.
TpTrace Verbose: 0 : 15604, 4, 2020/12/01, 23:16:42.462, 2982464773673, testhost.dll, TestExecutionRecorder.RecordResult: Received result for test: Unit_Testovi.NoviTestovi.TestDajSrednjuOcjenuSvihFilmova.
TpTrace Warning: 0 : 15604, 4, 2020/12/01, 23:16:42.462, 2982464774233, testhost.dll, InProgressTests is null
TpTrace Warning: 0 : 15604, 4, 2020/12/01, 23:16:42.462, 2982464776992, testhost.dll, TestRunCache: No test found corresponding to testResult 'TestDajSrednjuOcjenuSvihFilmova  Passed' in inProgress list.
TpTrace Verbose: 0 : 15604, 4, 2020/12/01, 23:16:42.462, 2982464782854, testhost.dll, TestExecutionRecorder.RecordStart: Starting test: Unit_Testovi.NoviTestovi.TestDajSrednjuOcjenuSvihFilmovaPrazan.
TpTrace Verbose: 0 : 15604, 4, 2020/12/01, 23:16:42.472, 2982464880692, testhost.dll, TestExecutionRecorder.RecordEnd: test: Unit_Testovi.NoviTestovi.TestDajSrednjuOcjenuSvihFilmovaPrazan execution completed.
TpTrace Verbose: 0 : 15604, 4, 2020/12/01, 23:16:42.473, 2982464889425, testhost.dll, TestExecutionRecorder.RecordResult: Received result for test: Unit_Testovi.NoviTestovi.TestDajSrednjuOcjenuSvihFilmovaPrazan.
TpTrace Warning: 0 : 15604, 4, 2020/12/01, 23:16:42.473, 2982464890051, testhost.dll, InProgressTests is null
TpTrace Warning: 0 : 15604, 4, 2020/12/01, 23:16:42.473, 2982464890386, testhost.dll, TestRunCache: No test found corresponding to testResult 'TestDajSrednjuOcjenuSvihFilmovaPrazan  Passed' in inProgress list.
TpTrace Verbose: 0 : 15604, 4, 2020/12/01, 23:16:42.473, 2982464890746, testhost.dll, TestExecutionRecorder.RecordStart: Starting test: Unit_Testovi.NoviTestovi.TestWatchlistKonstruktorIzuzetak.
TpTrace Verbose: 0 : 15604, 4, 2020/12/01, 23:16:42.475, 2982464903963, testhost.dll, TestExecutionRecorder.RecordEnd: test: Unit_Testovi.NoviTestovi.TestWatchlistKonstruktorIzuzetak execution completed.
TpTrace Verbose: 0 : 15604, 4, 2020/12/01, 23:16:42.475, 2982464912045, testhost.dll, TestExecutionRecorder.RecordResult: Received result for test: Unit_Testovi.NoviTestovi.TestWatchlistKonstruktorIzuzetak.
TpTrace Warning: 0 : 15604, 4, 2020/12/01, 23:16:42.475, 2982464912581, testhost.dll, InProgressTests is null
TpTrace Warning: 0 : 15604, 4, 2020/12/01, 23:16:42.475, 2982464912923, testhost.dll, TestRunCache: No test found corresponding to testResult 'TestWatchlistKonstruktorIzuzetak  Passed' in inProgress list.
TpTrace Verbose: 0 : 15604, 4, 2020/12/01, 23:16:42.475, 2982464913287, testhost.dll, TestExecutionRecorder.RecordStart: Starting test: Unit_Testovi.NoviTestovi.TestProdužiRokValidan.
TpTrace Verbose: 0 : 15604, 4, 2020/12/01, 23:16:42.479, 2982464946091, testhost.dll, TestExecutionRecorder.RecordEnd: test: Unit_Testovi.NoviTestovi.TestProdužiRokValidan execution completed.
TpTrace Verbose: 0 : 15604, 4, 2020/12/01, 23:16:42.479, 2982464952822, testhost.dll, TestExecutionRecorder.RecordResult: Received result for test: Unit_Testovi.NoviTestovi.TestProdužiRokValidan.
TpTrace Warning: 0 : 15604, 4, 2020/12/01, 23:16:42.479, 2982464953381, testhost.dll, InProgressTests is null
TpTrace Warning: 0 : 15604, 4, 2020/12/01, 23:16:42.480, 2982464953743, testhost.dll, TestRunCache: No test found corresponding to testResult 'TestProdužiRokValidan  Passed' in inProgress list.
TpTrace Verbose: 0 : 15604, 4, 2020/12/01, 23:16:42.480, 2982464954120, testhost.dll, TestExecutionRecorder.RecordStart: Starting test: Unit_Testovi.NoviTestovi.TestAutomatskiKorisničkiPodaciIzuzetak.
TpTrace Information: 0 : 15604, 4, 2020/12/01, 23:16:42.480, 2982464954577, testhost.dll, Sending test run statistics
TpTrace Verbose: 0 : 15604, 4, 2020/12/01, 23:16:42.488, 2982465034903, testhost.dll, TestRequestHandler.SendData:  sending data from testhost: {"Version":2,"MessageType":"TestExecution.StatsChange","Payload":{"NewTestResults":[{"TestCase":{"Id":"aef9dec6-1181-fac1-2596-b31421e8da47","FullyQualifiedName":"Unit_Testovi.NoviTestovi.TestZamjenskiObjekat","DisplayName":"TestZamjenskiObjekat","ExecutorUri":"executor://MSTestAdapter/v2","Source":"C:\\Users\\EK\\Desktop\\VVS-Zadaca2\\Filmoteka\\Unit Testovi\\bin\\Debug\\fine-code-coverage\\Unit Testovi.dll","CodeFilePath":null,"LineNumber":-1,"Properties":[{"Key":{"Id":"MSTestDiscoverer.TestClassName","Label":"ClassName","Category":"","Description":"","Attributes":1,"ValueType":"System.String"},"Value":"Unit_Testovi.NoviTestovi"},{"Key":{"Id":"TestObject.Traits","Label":"Traits","Category":"","Description":"","Attributes":5,"ValueType":"System.Collections.Generic.KeyValuePair`2[[System.String],[System.String]][]"},"Value":[]}]},"Attachments":[],"Outcome":2,"ErrorMessage":"Test method Unit_Testovi.NoviTestovi.TestZamjenskiObjekat threw exception: \r\nSystem.NotImplementedException: The method or operation is not implemented.","ErrorStackTrace":"    at Filmoteka.Reziser.DaLiJeReziraoFilm(Film f) in C:\\Users\\EK\\Desktop\\VVS-Zadaca2\\Filmoteka\\Filmoteka\\Reziser.cs:line 15\r\n   at Filmoteka.Filmoteka.DajSveFilmoveZaRezisera(IReziser reziser) in C:\\Users\\EK\\Desktop\\VVS-Zadaca2\\Filmoteka\\Filmoteka\\Filmoteka.cs:line 97\r\n   at Unit_Testovi.NoviTestovi.TestZamjenskiObjekat() in C:\\Users\\EK\\Desktop\\VVS-Zadaca2\\Filmoteka\\Unit Testovi\\NoviTestovi.cs:line 23\r\n","DisplayName":null,"Messages":[],"ComputerName":null,"Duration":"00:00:00.3301239","StartTime":"2020-12-01T23:16:41.5509244+01:00","EndTime":"2020-12-01T23:16:42.1286068+01:00","Properties":[{"Key":{"Id":"ExecutionId","Label":"ExecutionId","Category":"","Description":"","Attributes":1,"ValueType":"System.Guid"},"Value":"00000000-0000-0000-0000-000000000000"},{"Key":{"Id":"ParentExecId","Label":"ParentExecId","Category":"","Description":"","Attributes":1,"ValueType":"System.Guid"},"Value":"00000000-0000-0000-0000-000000000000"},{"Key":{"Id":"InnerResultsCount","Label":"InnerResultsCount","Category":"","Description":"","Attributes":1,"ValueType":"System.Int32"},"Value":0}]},{"TestCase":{"Id":"307a9543-71bf-45b1-736e-e86a33581b25","FullyQualifiedName":"Unit_Testovi.NoviTestovi.TestDodajNastavakIstiGlumci","DisplayName":"TestDodajNastavakIstiGlumci","ExecutorUri":"executor://MSTestAdapter/v2","Source":"C:\\Users\\EK\\Desktop\\VVS-Zadaca2\\Filmoteka\\Unit Testovi\\bin\\Debug\\fine-code-coverage\\Unit Testovi.dll","CodeFilePath":null,"LineNumber":-1,"Properties":[{"Key":{"Id":"MSTestDiscoverer.TestClassName","Label":"ClassName","Category":"","Description":"","Attributes":1,"ValueType":"System.String"},"Value":"Unit_Testovi.NoviTestovi"},{"Key":{"Id":"TestObject.Traits","Label":"Traits","Category":"","Description":"","Attributes":5,"ValueType":"System.Collections.Generic.KeyValuePair`2[[System.String],[System.String]][]"},"Value":[]}]},"Attachments":[],"Outcome":2,"ErrorMessage":"Test method Unit_Testovi.NoviTestovi.TestDodajNastavakIstiGlumci threw exception: \r\nSystem.NotImplementedException: The method or operation is not implemented.","ErrorStackTrace":"    at Filmoteka.Filmoteka.DodajNastavak(Film film, Double rating, Boolean istiGlumci, List`1 noviGlumci) in C:\\Users\\EK\\Desktop\\VVS-Zadaca2\\Filmoteka\\Filmoteka\\Filmoteka.cs:line 147\r\n   at Unit_Testovi.NoviTestovi.TestDodajNastavakIstiGlumci() in C:\\Users\\EK\\Desktop\\VVS-Zadaca2\\Filmoteka\\Unit Testovi\\NoviTestovi.cs:line 40\r\n","DisplayName":null,"Messages":[],"ComputerName":null,"Duration":"00:00:00.0008793","StartTime":"2020-12-01T23:16:42.389849+01:00","EndTime":"2020-12-01T23:16:42.3909869+01:00","Properties":[{"Key":{"Id":"ExecutionId","Label":"ExecutionId","Category":"","Description":"","Attributes":1,"ValueType":"System.Guid"},"Value":"00000000-0000-0000-0000-000000000000"},{"Key":{"Id":"ParentExecId","Label":"ParentExecId","Category":"","Description":"","Attributes":1,"ValueType":"System.Guid"},"Value":"00000000-0000-0000-0000-000000000000"},{"Key":{"Id":"InnerResultsCount","Label":"InnerResultsCount","Category":"","Description":"","Attributes":1,"ValueType":"System.Int32"},"Value":0}]},{"TestCase":{"Id":"ccc8a4b1-0bba-0d1f-634a-2a0e08c0293a","FullyQualifiedName":"Unit_Testovi.NoviTestovi.TestDodajNastavakRazlicitiGlumci","DisplayName":"TestDodajNastavakRazlicitiGlumci","ExecutorUri":"executor://MSTestAdapter/v2","Source":"C:\\Users\\EK\\Desktop\\VVS-Zadaca2\\Filmoteka\\Unit Testovi\\bin\\Debug\\fine-code-coverage\\Unit Testovi.dll","CodeFilePath":null,"LineNumber":-1,"Properties":[{"Key":{"Id":"MSTestDiscoverer.TestClassName","Label":"ClassName","Category":"","Description":"","Attributes":1,"ValueType":"System.String"},"Value":"Unit_Testovi.NoviTestovi"},{"Key":{"Id":"TestObject.Traits","Label":"Traits","Category":"","Description":"","Attributes":5,"ValueType":"System.Collections.Generic.KeyValuePair`2[[System.String],[System.String]][]"},"Value":[]}]},"Attachments":[],"Outcome":2,"ErrorMessage":"Test method Unit_Testovi.NoviTestovi.TestDodajNastavakRazlicitiGlumci threw exception: \r\nSystem.NotImplementedException: The method or operation is not implemented.","ErrorStackTrace":"    at Filmoteka.Filmoteka.DodajNastavak(Film film, Double rating, Boolean istiGlumci, List`1 noviGlumci) in C:\\Users\\EK\\Desktop\\VVS-Zadaca2\\Filmoteka\\Filmoteka\\Filmoteka.cs:line 147\r\n   at Unit_Testovi.NoviTestovi.TestDodajNastavakRazlicitiGlumci() in C:\\Users\\EK\\Desktop\\VVS-Zadaca2\\Filmoteka\\Unit Testovi\\NoviTestovi.cs:line 53\r\n","DisplayName":null,"Messages":[],"ComputerName":null,"Duration":"00:00:00.0072821","StartTime":"2020-12-01T23:16:42.4031343+01:00","EndTime":"2020-12-01T23:16:42.4115308+01:00","Properties":[{"Key":{"Id":"ExecutionId","Label":"ExecutionId","Category":"","Description":"","Attributes":1,"ValueType":"System.Guid"},"Value":"00000000-0000-0000-0000-000000000000"},{"Key":{"Id":"ParentExecId","Label":"ParentExecId","Category":"","Description":"","Attributes":1,"ValueType":"System.Guid"},"Value":"00000000-0000-0000-0000-000000000000"},{"Key":{"Id":"InnerResultsCount","Label":"InnerResultsCount","Category":"","Description":"","Attributes":1,"ValueType":"System.Int32"},"Value":0}]},{"TestCase":{"Id":"83c1ddde-4e31-66fc-a376-4096e8037e77","FullyQualifiedName":"Unit_Testovi.NoviTestovi.TestDodajNastavakIzuzetak","DisplayName":"TestDodajNastavakIzuzetak","ExecutorUri":"executor://MSTestAdapter/v2","Source":"C:\\Users\\EK\\Desktop\\VVS-Zadaca2\\Filmoteka\\Unit Testovi\\bin\\Debug\\fine-code-coverage\\Unit Testovi.dll","CodeFilePath":null,"LineNumber":-1,"Properties":[{"Key":{"Id":"MSTestDiscoverer.TestClassName","Label":"ClassName","Category":"","Description":"","Attributes":1,"ValueType":"System.String"},"Value":"Unit_Testovi.NoviTestovi"},{"Key":{"Id":"TestObject.Traits","Label":"Traits","Category":"","Description":"","Attributes":5,"ValueType":"System.Collections.Generic.KeyValuePair`2[[System.String],[System.String]][]"},"Value":[]}]},"Attachments":[],"Outcome":2,"ErrorMessage":"Test method threw exception System.NotImplementedException, but exception System.ArgumentNullException was expected. Exception message: System.NotImplementedException: The method or operation is not implemented.","ErrorStackTrace":"   at Filmoteka.Filmoteka.DodajNastavak(Film film, Double rating, Boolean istiGlumci, List`1 noviGlumci) in C:\\Users\\EK\\Desktop\\VVS-Zadaca2\\Filmoteka\\Filmoteka\\Filmoteka.cs:line 147\r\n   at Unit_Testovi.NoviTestovi.TestDodajNastavakIzuzetak() in C:\\Users\\EK\\Desktop\\VVS-Zadaca2\\Filmoteka\\Unit Testovi\\NoviTestovi.cs:line 66\r\n","DisplayName":null,"Messages":[],"ComputerName":null,"Duration":"00:00:00.0114622","StartTime":"2020-12-01T23:16:42.4242259+01:00","EndTime":"2020-12-01T23:16:42.4359998+01:00","Properties":[{"Key":{"Id":"ExecutionId","Label":"ExecutionId","Category":"","Description":"","Attributes":1,"ValueType":"System.Guid"},"Value":"00000000-0000-0000-0000-000000000000"},{"Key":{"Id":"ParentExecId","Label":"ParentExecId","Category":"","Description":"","Attributes":1,"ValueType":"System.Guid"},"Value":"00000000-0000-0000-0000-000000000000"},{"Key":{"Id":"InnerResultsCount","Label":"InnerResultsCount","Category":"","Description":"","Attributes":1,"ValueType":"System.Int32"},"Value":0}]},{"TestCase":{"Id":"729a6b5e-7234-caa5-77a0-368e88dfe702","FullyQualifiedName":"Unit_Testovi.NoviTestovi.TestDajSveFilmoveSGLumcima","DisplayName":"TestDajSveFilmoveSGLumcima","ExecutorUri":"executor://MSTestAdapter/v2","Source":"C:\\Users\\EK\\Desktop\\VVS-Zadaca2\\Filmoteka\\Unit Testovi\\bin\\Debug\\fine-code-coverage\\Unit Testovi.dll","CodeFilePath":null,"LineNumber":-1,"Properties":[{"Key":{"Id":"MSTestDiscoverer.TestClassName","Label":"ClassName","Category":"","Description":"","Attributes":1,"ValueType":"System.String"},"Value":"Unit_Testovi.NoviTestovi"},{"Key":{"Id":"TestObject.Traits","Label":"Traits","Category":"","Description":"","Attributes":5,"ValueType":"System.Collections.Generic.KeyValuePair`2[[System.String],[System.String]][]"},"Value":[]}]},"Attachments":[],"Outcome":1,"ErrorMessage":null,"ErrorStackTrace":null,"DisplayName":null,"Messages":[{"Category":"StdOutMsgs","Text":"3\r\n"}],"ComputerName":null,"Duration":"00:00:00.0093629","StartTime":"2020-12-01T23:16:42.4451628+01:00","EndTime":"2020-12-01T23:16:42.4554446+01:00","Properties":[{"Key":{"Id":"ExecutionId","Label":"ExecutionId","Category":"","Description":"","Attributes":1,"ValueType":"System.Guid"},"Value":"00000000-0000-0000-0000-000000000000"},{"Key":{"Id":"ParentExecId","Label":"ParentExecId","Category":"","Description":"","Attributes":1,"ValueType":"System.Guid"},"Value":"00000000-0000-0000-0000-000000000000"},{"Key":{"Id":"InnerResultsCount","Label":"InnerResultsCount","Category":"","Description":"","Attributes":1,"ValueType":"System.Int32"},"Value":0}]},{"TestCase":{"Id":"ff1b4d14-945d-8df7-b04f-61053947ac65","FullyQualifiedName":"Unit_Testovi.NoviTestovi.TestDajSrednjuOcjenuSvihFilmova","DisplayName":"TestDajSrednjuOcjenuSvihFilmova","ExecutorUri":"executor://MSTestAdapter/v2","Source":"C:\\Users\\EK\\Desktop\\VVS-Zadaca2\\Filmoteka\\Unit Testovi\\bin\\Debug\\fine-code-coverage\\Unit Testovi.dll","CodeFilePath":null,"LineNumber":-1,"Properties":[{"Key":{"Id":"MSTestDiscoverer.TestClassName","Label":"ClassName","Category":"","Description":"","Attributes":1,"ValueType":"System.String"},"Value":"Unit_Testovi.NoviTestovi"},{"Key":{"Id":"TestObject.Traits","Label":"Traits","Category":"","Description":"","Attributes":5,"ValueType":"System.Collections.Generic.KeyValuePair`2[[System.String],[System.String]][]"},"Value":[]}]},"Attachments":[],"Outcome":1,"ErrorMessage":null,"ErrorStackTrace":null,"DisplayName":null,"Messages":[],"ComputerName":null,"Duration":"00:00:00.0011456","StartTime":"2020-12-01T23:16:42.4600207+01:00","EndTime":"2020-12-01T23:16:42.4612765+01:00","Properties":[{"Key":{"Id":"ExecutionId","Label":"ExecutionId","Category":"","Description":"","Attributes":1,"ValueType":"System.Guid"},"Value":"00000000-0000-0000-0000-000000000000"},{"Key":{"Id":"ParentExecId","Label":"ParentExecId","Category":"","Description":"","Attributes":1,"ValueType":"System.Guid"},"Value":"00000000-0000-0000-0000-000000000000"},{"Key":{"Id":"InnerResultsCount","Label":"InnerResultsCount","Category":"","Description":"","Attributes":1,"ValueType":"System.Int32"},"Value":0}]},{"TestCase":{"Id":"5ce7f736-72c3-ced1-6d90-e30c94cad1f2","FullyQualifiedName":"Unit_Testovi.NoviTestovi.TestDajSrednjuOcjenuSvihFilmovaPrazan","DisplayName":"TestDajSrednjuOcjenuSvihFilmovaPrazan","ExecutorUri":"executor://MSTestAdapter/v2","Source":"C:\\Users\\EK\\Desktop\\VVS-Zadaca2\\Filmoteka\\Unit Testovi\\bin\\Debug\\fine-code-coverage\\Unit Testovi.dll","CodeFilePath":null,"LineNumber":-1,"Properties":[{"Key":{"Id":"MSTestDiscoverer.TestClassName","Label":"ClassName","Category":"","Description":"","Attributes":1,"ValueType":"System.String"},"Value":"Unit_Testovi.NoviTestovi"},{"Key":{"Id":"TestObject.Traits","Label":"Traits","Category":"","Description":"","Attributes":5,"ValueType":"System.Collections.Generic.KeyValuePair`2[[System.String],[System.String]][]"},"Value":[]}]},"Attachments":[],"Outcome":1,"ErrorMessage":null,"ErrorStackTrace":null,"DisplayName":null,"Messages":[],"ComputerName":null,"Duration":"00:00:00.0006582","StartTime":"2020-12-01T23:16:42.4707363+01:00","EndTime":"2020-12-01T23:16:42.4726992+01:00","Properties":[{"Key":{"Id":"ExecutionId","Label":"ExecutionId","Category":"","Description":"","Attributes":1,"ValueType":"System.Guid"},"Value":"00000000-0000-0000-0000-000000000000"},{"Key":{"Id":"ParentExecId","Label":"ParentExecId","Category":"","Description":"","Attributes":1,"ValueType":"System.Guid"},"Value":"00000000-0000-0000-0000-000000000000"},{"Key":{"Id":"InnerResultsCount","Label":"InnerResultsCount","Category":"","Description":"","Attributes":1,"ValueType":"System.Int32"},"Value":0}]},{"TestCase":{"Id":"f5a195b5-097c-875e-c0c3-04764ba84a21","FullyQualifiedName":"Unit_Testovi.NoviTestovi.TestWatchlistKonstruktorIzuzetak","DisplayName":"TestWatchlistKonstruktorIzuzetak","ExecutorUri":"executor://MSTestAdapter/v2","Source":"C:\\Users\\EK\\Desktop\\VVS-Zadaca2\\Filmoteka\\Unit Testovi\\bin\\Debug\\fine-code-coverage\\Unit Testovi.dll","CodeFilePath":null,"LineNumber":-1,"Properties":[{"Key":{"Id":"MSTestDiscoverer.TestClassName","Label":"ClassName","Category":"","Description":"","Attributes":1,"ValueType":"System.String"},"Value":"Unit_Testovi.NoviTestovi"},{"Key":{"Id":"TestObject.Traits","Label":"Traits","Category":"","Description":"","Attributes":5,"ValueType":"System.Collections.Generic.KeyValuePair`2[[System.String],[System.String]][]"},"Value":[]}]},"Attachments":[],"Outcome":1,"ErrorMessage":null,"ErrorStackTrace":null,"DisplayName":null,"Messages":[],"ComputerName":null,"Duration":"00:00:00.0004668","StartTime":"2020-12-01T23:16:42.4743607+01:00","EndTime":"2020-12-01T23:16:42.4750303+01:00","Properties":[{"Key":{"Id":"ExecutionId","Label":"ExecutionId","Category":"","Description":"","Attributes":1,"ValueType":"System.Guid"},"Value":"00000000-0000-0000-0000-000000000000"},{"Key":{"Id":"ParentExecId","Label":"ParentExecId","Category":"","Description":"","Attributes":1,"ValueType":"System.Guid"},"Value":"00000000-0000-0000-0000-000000000000"},{"Key":{"Id":"InnerResultsCount","Label":"InnerResultsCount","Category":"","Description":"","Attributes":1,"ValueType":"System.Int32"},"Value":0}]},{"TestCase":{"Id":"b1426bd4-5b5c-cdf7-b56e-482bb38d32fa","FullyQualifiedName":"Unit_Testovi.NoviTestovi.TestProdužiRokValidan","DisplayName":"TestProdužiRokValidan","ExecutorUri":"executor://MSTestAdapter/v2","Source":"C:\\Users\\EK\\Desktop\\VVS-Zadaca2\\Filmoteka\\Unit Testovi\\bin\\Debug\\fine-code-coverage\\Unit Testovi.dll","CodeFilePath":null,"LineNumber":-1,"Properties":[{"Key":{"Id":"MSTestDiscoverer.TestClassName","Label":"ClassName","Category":"","Description":"","Attributes":1,"ValueType":"System.String"},"Value":"Unit_Testovi.NoviTestovi"},{"Key":{"Id":"TestObject.Traits","Label":"Traits","Category":"","Description":"","Attributes":5,"ValueType":"System.Collections.Generic.KeyValuePair`2[[System.String],[System.String]][]"},"Value":[]}]},"Attachments":[],"Outcome":1,"ErrorMessage":null,"ErrorStackTrace":null,"DisplayName":null,"Messages":[],"ComputerName":null,"Duration":"00:00:00.0022699","StartTime":"2020-12-01T23:16:42.4768798+01:00","EndTime":"2020-12-01T23:16:42.4792476+01:00","Properties":[{"Key":{"Id":"ExecutionId","Label":"ExecutionId","Category":"","Description":"","Attributes":1,"ValueType":"System.Guid"},"Value":"00000000-0000-0000-0000-000000000000"},{"Key":{"Id":"ParentExecId","Label":"ParentExecId","Category":"","Description":"","Attributes":1,"ValueType":"System.Guid"},"Value":"00000000-0000-0000-0000-000000000000"},{"Key":{"Id":"InnerResultsCount","Label":"InnerResultsCount","Category":"","Description":"","Attributes":1,"ValueType":"System.Int32"},"Value":0}]}],"TestRunStatistics":{"ExecutedTests":9,"Stats":{"Failed":4,"Passed":5}},"ActiveTests":[{"Id":"cad8ba2a-9c27-403a-f461-230cd3f8eda3","FullyQualifiedName":"Unit_Testovi.NoviTestovi.TestAutomatskiKorisničkiPodaciIzuzetak","DisplayName":"TestAutomatskiKorisničkiPodaciIzuzetak","ExecutorUri":"executor://MSTestAdapter/v2","Source":"C:\\Users\\EK\\Desktop\\VVS-Zadaca2\\Filmoteka\\Unit Testovi\\bin\\Debug\\fine-code-coverage\\Unit Testovi.dll","CodeFilePath":null,"LineNumber":-1,"Properties":[{"Key":{"Id":"MSTestDiscoverer.TestClassName","Label":"ClassName","Category":"","Description":"","Attributes":1,"ValueType":"System.String"},"Value":"Unit_Testovi.NoviTestovi"},{"Key":{"Id":"TestObject.Traits","Label":"Traits","Category":"","Description":"","Attributes":5,"ValueType":"System.Collections.Generic.KeyValuePair`2[[System.String],[System.String]][]"},"Value":[]}]}]}}
TpTrace Verbose: 0 : 15604, 4, 2020/12/01, 23:16:42.488, 2982465038897, testhost.dll, TestRunCache: OnNewTestResult: Notified the onCacheHit callback.
TpTrace Verbose: 0 : 15604, 4, 2020/12/01, 23:16:42.515, 2982465304774, testhost.dll, TestExecutionRecorder.RecordEnd: test: Unit_Testovi.NoviTestovi.TestAutomatskiKorisničkiPodaciIzuzetak execution completed.
TpTrace Warning: 0 : 15604, 4, 2020/12/01, 23:16:42.515, 2982465305506, testhost.dll, InProgressTests is null
TpTrace Verbose: 0 : 15604, 4, 2020/12/01, 23:16:42.516, 2982465314519, testhost.dll, TestExecutionRecorder.RecordResult: Received result for test: Unit_Testovi.NoviTestovi.TestAutomatskiKorisničkiPodaciIzuzetak.
TpTrace Warning: 0 : 15604, 4, 2020/12/01, 23:16:42.516, 2982465315228, testhost.dll, InProgressTests is null
TpTrace Warning: 0 : 15604, 4, 2020/12/01, 23:16:42.516, 2982465315595, testhost.dll, TestRunCache: No test found corresponding to testResult 'TestAutomatskiKorisničkiPodaciIzuzetak  Passed' in inProgress list.
TpTrace Verbose: 0 : 15604, 4, 2020/12/01, 23:16:42.516, 2982465316052, testhost.dll, TestExecutionRecorder.RecordStart: Starting test: Unit_Testovi.NoviTestovi.TestAutomatskiKorisničkiPodaciUsername.
TpTrace Verbose: 0 : 15604, 4, 2020/12/01, 23:16:42.527, 2982465430556, testhost.dll, TestExecutionRecorder.RecordEnd: test: Unit_Testovi.NoviTestovi.TestAutomatskiKorisničkiPodaciUsername execution completed.
TpTrace Verbose: 0 : 15604, 4, 2020/12/01, 23:16:42.538, 2982465535739, testhost.dll, TestExecutionRecorder.RecordResult: Received result for test: Unit_Testovi.NoviTestovi.TestAutomatskiKorisničkiPodaciUsername.
TpTrace Warning: 0 : 15604, 4, 2020/12/01, 23:16:42.538, 2982465537811, testhost.dll, InProgressTests is null
TpTrace Warning: 0 : 15604, 4, 2020/12/01, 23:16:42.538, 2982465538546, testhost.dll, TestRunCache: No test found corresponding to testResult 'TestAutomatskiKorisničkiPodaciUsername  Passed' in inProgress list.
TpTrace Verbose: 0 : 15604, 4, 2020/12/01, 23:16:42.538, 2982465539338, testhost.dll, TestExecutionRecorder.RecordStart: Starting test: Unit_Testovi.NoviTestovi.TestAutomatskiKorisničkiPodaciPassword.
TpTrace Verbose: 0 : 15604, 4, 2020/12/01, 23:16:42.549, 2982465648873, testhost.dll, TestExecutionRecorder.RecordEnd: test: Unit_Testovi.NoviTestovi.TestAutomatskiKorisničkiPodaciPassword execution completed.
TpTrace Verbose: 0 : 15604, 4, 2020/12/01, 23:16:42.558, 2982465743014, testhost.dll, TestExecutionRecorder.RecordResult: Received result for test: Unit_Testovi.NoviTestovi.TestAutomatskiKorisničkiPodaciPassword.
TpTrace Warning: 0 : 15604, 4, 2020/12/01, 23:16:42.559, 2982465749488, testhost.dll, InProgressTests is null
TpTrace Warning: 0 : 15604, 4, 2020/12/01, 23:16:42.559, 2982465750202, testhost.dll, TestRunCache: No test found corresponding to testResult 'TestAutomatskiKorisničkiPodaciPassword  Passed' in inProgress list.
TpTrace Verbose: 0 : 15604, 4, 2020/12/01, 23:16:42.559, 2982465750846, testhost.dll, TestExecutionRecorder.RecordStart: Starting test: Unit_Testovi.NoviTestovi.TestGostKonstruktorIzuzetakUsername.
TpTrace Verbose: 0 : 15604, 4, 2020/12/01, 23:16:42.569, 2982465846386, testhost.dll, TestExecutionRecorder.RecordEnd: test: Unit_Testovi.NoviTestovi.TestGostKonstruktorIzuzetakUsername execution completed.
TpTrace Verbose: 0 : 15604, 4, 2020/12/01, 23:16:42.572, 2982465874861, testhost.dll, TestExecutionRecorder.RecordResult: Received result for test: Unit_Testovi.NoviTestovi.TestGostKonstruktorIzuzetakUsername.
TpTrace Warning: 0 : 15604, 4, 2020/12/01, 23:16:42.572, 2982465881177, testhost.dll, InProgressTests is null
TpTrace Warning: 0 : 15604, 4, 2020/12/01, 23:16:42.573, 2982465887172, testhost.dll, TestRunCache: No test found corresponding to testResult 'TestGostKonstruktorIzuzetakUsername  Passed' in inProgress list.
TpTrace Verbose: 0 : 15604, 4, 2020/12/01, 23:16:42.573, 2982465891324, testhost.dll, TestExecutionRecorder.RecordStart: Starting test: Unit_Testovi.NoviTestovi.TestGostKonstruktorIzuzetakPassword.
TpTrace Verbose: 0 : 15604, 4, 2020/12/01, 23:16:42.583, 2982465989652, testhost.dll, TestExecutionRecorder.RecordEnd: test: Unit_Testovi.NoviTestovi.TestGostKonstruktorIzuzetakPassword execution completed.
TpTrace Verbose: 0 : 15604, 4, 2020/12/01, 23:16:42.592, 2982466076135, testhost.dll, TestExecutionRecorder.RecordResult: Received result for test: Unit_Testovi.NoviTestovi.TestGostKonstruktorIzuzetakPassword.
TpTrace Warning: 0 : 15604, 4, 2020/12/01, 23:16:42.592, 2982466077747, testhost.dll, InProgressTests is null
TpTrace Warning: 0 : 15604, 4, 2020/12/01, 23:16:42.592, 2982466078475, testhost.dll, TestRunCache: No test found corresponding to testResult 'TestGostKonstruktorIzuzetakPassword  Passed' in inProgress list.
TpTrace Verbose: 0 : 15604, 4, 2020/12/01, 23:16:42.592, 2982466079378, testhost.dll, TestExecutionRecorder.RecordStart: Starting test: Unit_Testovi.NoviTestovi.TestGostKonstruktorIzuzetakIme.
TpTrace Verbose: 0 : 15604, 4, 2020/12/01, 23:16:42.603, 2982466187294, testhost.dll, TestExecutionRecorder.RecordEnd: test: Unit_Testovi.NoviTestovi.TestGostKonstruktorIzuzetakIme execution completed.
TpTrace Verbose: 0 : 15604, 4, 2020/12/01, 23:16:42.607, 2982466225404, testhost.dll, TestExecutionRecorder.RecordResult: Received result for test: Unit_Testovi.NoviTestovi.TestGostKonstruktorIzuzetakIme.
TpTrace Warning: 0 : 15604, 4, 2020/12/01, 23:16:42.607, 2982466231336, testhost.dll, InProgressTests is null
TpTrace Warning: 0 : 15604, 4, 2020/12/01, 23:16:42.608, 2982466234946, testhost.dll, TestRunCache: No test found corresponding to testResult 'TestGostKonstruktorIzuzetakIme  Passed' in inProgress list.
TpTrace Verbose: 0 : 15604, 4, 2020/12/01, 23:16:42.608, 2982466243343, testhost.dll, TestExecutionRecorder.RecordStart: Starting test: Unit_Testovi.NoviTestovi.TestGostKonstruktorIzuzetakPrezime.
TpTrace Verbose: 0 : 15604, 4, 2020/12/01, 23:16:42.620, 2982466358973, testhost.dll, TestExecutionRecorder.RecordEnd: test: Unit_Testovi.NoviTestovi.TestGostKonstruktorIzuzetakPrezime execution completed.
TpTrace Verbose: 0 : 15604, 4, 2020/12/01, 23:16:42.625, 2982466410809, testhost.dll, TestExecutionRecorder.RecordResult: Received result for test: Unit_Testovi.NoviTestovi.TestGostKonstruktorIzuzetakPrezime.
TpTrace Warning: 0 : 15604, 4, 2020/12/01, 23:16:42.625, 2982466411848, testhost.dll, InProgressTests is null
TpTrace Warning: 0 : 15604, 4, 2020/12/01, 23:16:42.625, 2982466412223, testhost.dll, TestRunCache: No test found corresponding to testResult 'TestGostKonstruktorIzuzetakPrezime  Passed' in inProgress list.
TpTrace Verbose: 0 : 15604, 4, 2020/12/01, 23:16:42.625, 2982466412708, testhost.dll, TestExecutionRecorder.RecordStart: Starting test: Unit_Testovi.NoviTestovi.TestGostKonstruktor.
TpTrace Verbose: 0 : 15604, 4, 2020/12/01, 23:16:42.629, 2982466449520, testhost.dll, TestExecutionRecorder.RecordEnd: test: Unit_Testovi.NoviTestovi.TestGostKonstruktor execution completed.
TpTrace Verbose: 0 : 15604, 4, 2020/12/01, 23:16:42.636, 2982466522378, testhost.dll, TestExecutionRecorder.RecordResult: Received result for test: Unit_Testovi.NoviTestovi.TestGostKonstruktor.
TpTrace Warning: 0 : 15604, 4, 2020/12/01, 23:16:42.636, 2982466523434, testhost.dll, InProgressTests is null
TpTrace Warning: 0 : 15604, 4, 2020/12/01, 23:16:42.637, 2982466523928, testhost.dll, TestRunCache: No test found corresponding to testResult 'TestGostKonstruktor  Passed' in inProgress list.
TpTrace Verbose: 0 : 15604, 4, 2020/12/01, 23:16:42.648, 2982466634693, testhost.dll, BaseRunTests.RunTestInternalWithExecutors: Completed running tests for executor://MSTestAdapter/v2
TpTrace Information: 0 : 15604, 4, 2020/12/01, 23:16:42.669, 2982466845459, testhost.dll, Sending test run complete
TpTrace Verbose: 0 : 15604, 4, 2020/12/01, 23:16:42.689, 2982467045600, testhost.dll, TestRequestHandler.SendData:  sending data from testhost: {"Version":2,"MessageType":"TestExecution.Completed","Payload":{"TestRunCompleteArgs":{"TestRunStatistics":{"ExecutedTests":17,"Stats":{"Failed":4,"Passed":13}},"IsCanceled":false,"IsAborted":false,"Error":null,"AttachmentSets":[],"ElapsedTimeInRunningTests":"00:00:01.8571883","Metrics":{}},"LastRunTests":{"NewTestResults":[{"TestCase":{"Id":"cad8ba2a-9c27-403a-f461-230cd3f8eda3","FullyQualifiedName":"Unit_Testovi.NoviTestovi.TestAutomatskiKorisničkiPodaciIzuzetak","DisplayName":"TestAutomatskiKorisničkiPodaciIzuzetak","ExecutorUri":"executor://MSTestAdapter/v2","Source":"C:\\Users\\EK\\Desktop\\VVS-Zadaca2\\Filmoteka\\Unit Testovi\\bin\\Debug\\fine-code-coverage\\Unit Testovi.dll","CodeFilePath":null,"LineNumber":-1,"Properties":[{"Key":{"Id":"MSTestDiscoverer.TestClassName","Label":"ClassName","Category":"","Description":"","Attributes":1,"ValueType":"System.String"},"Value":"Unit_Testovi.NoviTestovi"},{"Key":{"Id":"TestObject.Traits","Label":"Traits","Category":"","Description":"","Attributes":5,"ValueType":"System.Collections.Generic.KeyValuePair`2[[System.String],[System.String]][]"},"Value":[]}]},"Attachments":[],"Outcome":1,"ErrorMessage":null,"ErrorStackTrace":null,"DisplayName":null,"Messages":[],"ComputerName":null,"Duration":"00:00:00.0091788","StartTime":"2020-12-01T23:16:42.5042892+01:00","EndTime":"2020-12-01T23:16:42.5151053+01:00","Properties":[{"Key":{"Id":"ExecutionId","Label":"ExecutionId","Category":"","Description":"","Attributes":1,"ValueType":"System.Guid"},"Value":"00000000-0000-0000-0000-000000000000"},{"Key":{"Id":"ParentExecId","Label":"ParentExecId","Category":"","Description":"","Attributes":1,"ValueType":"System.Guid"},"Value":"00000000-0000-0000-0000-000000000000"},{"Key":{"Id":"InnerResultsCount","Label":"InnerResultsCount","Category":"","Description":"","Attributes":1,"ValueType":"System.Int32"},"Value":0}]},{"TestCase":{"Id":"34271688-a4e2-dbb0-0f29-edee8d7255ec","FullyQualifiedName":"Unit_Testovi.NoviTestovi.TestAutomatskiKorisničkiPodaciUsername","DisplayName":"TestAutomatskiKorisničkiPodaciUsername","ExecutorUri":"executor://MSTestAdapter/v2","Source":"C:\\Users\\EK\\Desktop\\VVS-Zadaca2\\Filmoteka\\Unit Testovi\\bin\\Debug\\fine-code-coverage\\Unit Testovi.dll","CodeFilePath":null,"LineNumber":-1,"Properties":[{"Key":{"Id":"MSTestDiscoverer.TestClassName","Label":"ClassName","Category":"","Description":"","Attributes":1,"ValueType":"System.String"},"Value":"Unit_Testovi.NoviTestovi"},{"Key":{"Id":"TestObject.Traits","Label":"Traits","Category":"","Description":"","Attributes":5,"ValueType":"System.Collections.Generic.KeyValuePair`2[[System.String],[System.String]][]"},"Value":[]}]},"Attachments":[],"Outcome":1,"ErrorMessage":null,"ErrorStackTrace":null,"DisplayName":null,"Messages":[],"ComputerName":null,"Duration":"00:00:00.0059310","StartTime":"2020-12-01T23:16:42.5190886+01:00","EndTime":"2020-12-01T23:16:42.5276411+01:00","Properties":[{"Key":{"Id":"ExecutionId","Label":"ExecutionId","Category":"","Description":"","Attributes":1,"ValueType":"System.Guid"},"Value":"00000000-0000-0000-0000-000000000000"},{"Key":{"Id":"ParentExecId","Label":"ParentExecId","Category":"","Description":"","Attributes":1,"ValueType":"System.Guid"},"Value":"00000000-0000-0000-0000-000000000000"},{"Key":{"Id":"InnerResultsCount","Label":"InnerResultsCount","Category":"","Description":"","Attributes":1,"ValueType":"System.Int32"},"Value":0}]},{"TestCase":{"Id":"3e680ae4-a773-3605-0554-850350f5daa3","FullyQualifiedName":"Unit_Testovi.NoviTestovi.TestAutomatskiKorisničkiPodaciPassword","DisplayName":"TestAutomatskiKorisničkiPodaciPassword","ExecutorUri":"executor://MSTestAdapter/v2","Source":"C:\\Users\\EK\\Desktop\\VVS-Zadaca2\\Filmoteka\\Unit Testovi\\bin\\Debug\\fine-code-coverage\\Unit Testovi.dll","CodeFilePath":null,"LineNumber":-1,"Properties":[{"Key":{"Id":"MSTestDiscoverer.TestClassName","Label":"ClassName","Category":"","Description":"","Attributes":1,"ValueType":"System.String"},"Value":"Unit_Testovi.NoviTestovi"},{"Key":{"Id":"TestObject.Traits","Label":"Traits","Category":"","Description":"","Attributes":5,"ValueType":"System.Collections.Generic.KeyValuePair`2[[System.String],[System.String]][]"},"Value":[]}]},"Attachments":[],"Outcome":1,"ErrorMessage":null,"ErrorStackTrace":null,"DisplayName":null,"Messages":[],"ComputerName":null,"Duration":"00:00:00.0004020","StartTime":"2020-12-01T23:16:42.548901+01:00","EndTime":"2020-12-01T23:16:42.549516+01:00","Properties":[{"Key":{"Id":"ExecutionId","Label":"ExecutionId","Category":"","Description":"","Attributes":1,"ValueType":"System.Guid"},"Value":"00000000-0000-0000-0000-000000000000"},{"Key":{"Id":"ParentExecId","Label":"ParentExecId","Category":"","Description":"","Attributes":1,"ValueType":"System.Guid"},"Value":"00000000-0000-0000-0000-000000000000"},{"Key":{"Id":"InnerResultsCount","Label":"InnerResultsCount","Category":"","Description":"","Attributes":1,"ValueType":"System.Int32"},"Value":0}]},{"TestCase":{"Id":"39b408a3-583c-b5a0-7503-f509f012c8d2","FullyQualifiedName":"Unit_Testovi.NoviTestovi.TestGostKonstruktorIzuzetakUsername","DisplayName":"TestGostKonstruktorIzuzetakUsername","ExecutorUri":"executor://MSTestAdapter/v2","Source":"C:\\Users\\EK\\Desktop\\VVS-Zadaca2\\Filmoteka\\Unit Testovi\\bin\\Debug\\fine-code-coverage\\Unit Testovi.dll","CodeFilePath":null,"LineNumber":-1,"Properties":[{"Key":{"Id":"MSTestDiscoverer.TestClassName","Label":"ClassName","Category":"","Description":"","Attributes":1,"ValueType":"System.String"},"Value":"Unit_Testovi.NoviTestovi"},{"Key":{"Id":"TestObject.Traits","Label":"Traits","Category":"","Description":"","Attributes":5,"ValueType":"System.Collections.Generic.KeyValuePair`2[[System.String],[System.String]][]"},"Value":[]}]},"Attachments":[],"Outcome":1,"ErrorMessage":null,"ErrorStackTrace":null,"DisplayName":null,"Messages":[],"ComputerName":null,"Duration":"00:00:00.0042691","StartTime":"2020-12-01T23:16:42.5630862+01:00","EndTime":"2020-12-01T23:16:42.5691577+01:00","Properties":[{"Key":{"Id":"ExecutionId","Label":"ExecutionId","Category":"","Description":"","Attributes":1,"ValueType":"System.Guid"},"Value":"00000000-0000-0000-0000-000000000000"},{"Key":{"Id":"ParentExecId","Label":"ParentExecId","Category":"","Description":"","Attributes":1,"ValueType":"System.Guid"},"Value":"00000000-0000-0000-0000-000000000000"},{"Key":{"Id":"InnerResultsCount","Label":"InnerResultsCount","Category":"","Description":"","Attributes":1,"ValueType":"System.Int32"},"Value":0}]},{"TestCase":{"Id":"86fa567a-4e12-53dd-0313-f751ffd2eb88","FullyQualifiedName":"Unit_Testovi.NoviTestovi.TestGostKonstruktorIzuzetakPassword","DisplayName":"TestGostKonstruktorIzuzetakPassword","ExecutorUri":"executor://MSTestAdapter/v2","Source":"C:\\Users\\EK\\Desktop\\VVS-Zadaca2\\Filmoteka\\Unit Testovi\\bin\\Debug\\fine-code-coverage\\Unit Testovi.dll","CodeFilePath":null,"LineNumber":-1,"Properties":[{"Key":{"Id":"MSTestDiscoverer.TestClassName","Label":"ClassName","Category":"","Description":"","Attributes":1,"ValueType":"System.String"},"Value":"Unit_Testovi.NoviTestovi"},{"Key":{"Id":"TestObject.Traits","Label":"Traits","Category":"","Description":"","Attributes":5,"ValueType":"System.Collections.Generic.KeyValuePair`2[[System.String],[System.String]][]"},"Value":[]}]},"Attachments":[],"Outcome":1,"ErrorMessage":null,"ErrorStackTrace":null,"DisplayName":null,"Messages":[],"ComputerName":null,"Duration":"00:00:00.0016786","StartTime":"2020-12-01T23:16:42.5814858+01:00","EndTime":"2020-12-01T23:16:42.5835177+01:00","Properties":[{"Key":{"Id":"ExecutionId","Label":"ExecutionId","Category":"","Description":"","Attributes":1,"ValueType":"System.Guid"},"Value":"00000000-0000-0000-0000-000000000000"},{"Key":{"Id":"ParentExecId","Label":"ParentExecId","Category":"","Description":"","Attributes":1,"ValueType":"System.Guid"},"Value":"00000000-0000-0000-0000-000000000000"},{"Key":{"Id":"InnerResultsCount","Label":"InnerResultsCount","Category":"","Description":"","Attributes":1,"ValueType":"System.Int32"},"Value":0}]},{"TestCase":{"Id":"41fd401d-9afa-9f74-6f5c-6cf219b029c2","FullyQualifiedName":"Unit_Testovi.NoviTestovi.TestGostKonstruktorIzuzetakIme","DisplayName":"TestGostKonstruktorIzuzetakIme","ExecutorUri":"executor://MSTestAdapter/v2","Source":"C:\\Users\\EK\\Desktop\\VVS-Zadaca2\\Filmoteka\\Unit Testovi\\bin\\Debug\\fine-code-coverage\\Unit Testovi.dll","CodeFilePath":null,"LineNumber":-1,"Properties":[{"Key":{"Id":"MSTestDiscoverer.TestClassName","Label":"ClassName","Category":"","Description":"","Attributes":1,"ValueType":"System.String"},"Value":"Unit_Testovi.NoviTestovi"},{"Key":{"Id":"TestObject.Traits","Label":"Traits","Category":"","Description":"","Attributes":5,"ValueType":"System.Collections.Generic.KeyValuePair`2[[System.String],[System.String]][]"},"Value":[]}]},"Attachments":[],"Outcome":1,"ErrorMessage":null,"ErrorStackTrace":null,"DisplayName":null,"Messages":[],"ComputerName":null,"Duration":"00:00:00.0030590","StartTime":"2020-12-01T23:16:42.5985649+01:00","EndTime":"2020-12-01T23:16:42.6033427+01:00","Properties":[{"Key":{"Id":"ExecutionId","Label":"ExecutionId","Category":"","Description":"","Attributes":1,"ValueType":"System.Guid"},"Value":"00000000-0000-0000-0000-000000000000"},{"Key":{"Id":"ParentExecId","Label":"ParentExecId","Category":"","Description":"","Attributes":1,"ValueType":"System.Guid"},"Value":"00000000-0000-0000-0000-000000000000"},{"Key":{"Id":"InnerResultsCount","Label":"InnerResultsCount","Category":"","Description":"","Attributes":1,"ValueType":"System.Int32"},"Value":0}]},{"TestCase":{"Id":"5496d222-d9d9-035e-24df-a9776c77309d","FullyQualifiedName":"Unit_Testovi.NoviTestovi.TestGostKonstruktorIzuzetakPrezime","DisplayName":"TestGostKonstruktorIzuzetakPrezime","ExecutorUri":"executor://MSTestAdapter/v2","Source":"C:\\Users\\EK\\Desktop\\VVS-Zadaca2\\Filmoteka\\Unit Testovi\\bin\\Debug\\fine-code-coverage\\Unit Testovi.dll","CodeFilePath":null,"LineNumber":-1,"Properties":[{"Key":{"Id":"MSTestDiscoverer.TestClassName","Label":"ClassName","Category":"","Description":"","Attributes":1,"ValueType":"System.String"},"Value":"Unit_Testovi.NoviTestovi"},{"Key":{"Id":"TestObject.Traits","Label":"Traits","Category":"","Description":"","Attributes":5,"ValueType":"System.Collections.Generic.KeyValuePair`2[[System.String],[System.String]][]"},"Value":[]}]},"Attachments":[],"Outcome":1,"ErrorMessage":null,"ErrorStackTrace":null,"DisplayName":null,"Messages":[],"ComputerName":null,"Duration":"00:00:00.0046124","StartTime":"2020-12-01T23:16:42.6147453+01:00","EndTime":"2020-12-01T23:16:42.6204227+01:00","Properties":[{"Key":{"Id":"ExecutionId","Label":"ExecutionId","Category":"","Description":"","Attributes":1,"ValueType":"System.Guid"},"Value":"00000000-0000-0000-0000-000000000000"},{"Key":{"Id":"ParentExecId","Label":"ParentExecId","Category":"","Description":"","Attributes":1,"ValueType":"System.Guid"},"Value":"00000000-0000-0000-0000-000000000000"},{"Key":{"Id":"InnerResultsCount","Label":"InnerResultsCount","Category":"","Description":"","Attributes":1,"ValueType":"System.Int32"},"Value":0}]},{"TestCase":{"Id":"12b3125e-4566-927c-a90b-70d580a15a51","FullyQualifiedName":"Unit_Testovi.NoviTestovi.TestGostKonstruktor","DisplayName":"TestGostKonstruktor","ExecutorUri":"executor://MSTestAdapter/v2","Source":"C:\\Users\\EK\\Desktop\\VVS-Zadaca2\\Filmoteka\\Unit Testovi\\bin\\Debug\\fine-code-coverage\\Unit Testovi.dll","CodeFilePath":null,"LineNumber":-1,"Properties":[{"Key":{"Id":"MSTestDiscoverer.TestClassName","Label":"ClassName","Category":"","Description":"","Attributes":1,"ValueType":"System.String"},"Value":"Unit_Testovi.NoviTestovi"},{"Key":{"Id":"TestObject.Traits","Label":"Traits","Category":"","Description":"","Attributes":5,"ValueType":"System.Collections.Generic.KeyValuePair`2[[System.String],[System.String]][]"},"Value":[]}]},"Attachments":[],"Outcome":1,"ErrorMessage":null,"ErrorStackTrace":null,"DisplayName":null,"Messages":[],"ComputerName":null,"Duration":"00:00:00.0011302","StartTime":"2020-12-01T23:16:42.6275412+01:00","EndTime":"2020-12-01T23:16:42.6295243+01:00","Properties":[{"Key":{"Id":"ExecutionId","Label":"ExecutionId","Category":"","Description":"","Attributes":1,"ValueType":"System.Guid"},"Value":"00000000-0000-0000-0000-000000000000"},{"Key":{"Id":"ParentExecId","Label":"ParentExecId","Category":"","Description":"","Attributes":1,"ValueType":"System.Guid"},"Value":"00000000-0000-0000-0000-000000000000"},{"Key":{"Id":"InnerResultsCount","Label":"InnerResultsCount","Category":"","Description":"","Attributes":1,"ValueType":"System.Int32"},"Value":0}]}],"TestRunStatistics":{"ExecutedTests":17,"Stats":{"Failed":4,"Passed":13}},"ActiveTests":[]},"RunAttachments":[],"ExecutorUris":["executor://mstestadapter/v2"]}}
TpTrace Verbose: 0 : 15604, 4, 2020/12/01, 23:16:42.689, 2982467051637, testhost.dll, BaseRunTests.RunTests: Run is complete.
TpTrace Verbose: 0 : 15604, 5, 2020/12/01, 23:16:42.691, 2982467063698, testhost.dll, TcpClientExtensions.MessageLoopAsync: NotifyDataAvailable remoteEndPoint: [::ffff:127.0.0.1]:62584 localEndPoint: [::ffff:127.0.0.1]:62585
TpTrace Information: 0 : 15604, 5, 2020/12/01, 23:16:42.691, 2982467065098, testhost.dll, TestRequestHandler.ProcessRequests: received message: (TestSession.Terminate) -> null
TpTrace Information: 0 : 15604, 5, 2020/12/01, 23:16:42.691, 2982467065548, testhost.dll, Session End message received from server. Closing the connection.
TpTrace Information: 0 : 15604, 5, 2020/12/01, 23:16:42.691, 2982467069585, testhost.dll, SocketClient.Stop: Stop communication from server endpoint: 127.0.0.1:062584
TpTrace Information: 0 : 15604, 5, 2020/12/01, 23:16:42.691, 2982467070200, testhost.dll, SocketClient: Stop: Cancellation requested. Stopping message loop.
TpTrace Verbose: 0 : 15604, 5, 2020/12/01, 23:16:42.691, 2982467073088, testhost.dll, LengthPrefixCommunicationChannel.Dispose: Dispose reader and writer.
TpTrace Information: 0 : 15604, 5, 2020/12/01, 23:16:42.692, 2982467073709, testhost.dll, Closing the connection !
TpTrace Information: 0 : 15604, 5, 2020/12/01, 23:16:42.692, 2982467076334, testhost.dll, SocketClient.PrivateStop: Stop communication from server endpoint: 127.0.0.1:062584, error:
TpTrace Verbose: 0 : 15604, 5, 2020/12/01, 23:16:42.692, 2982467079528, testhost.dll, LengthPrefixCommunicationChannel.Dispose: Dispose reader and writer.
TpTrace Information: 0 : 15604, 1, 2020/12/01, 23:16:42.692, 2982467079709, testhost.dll, Closing the connection !
TpTrace Verbose: 0 : 15604, 5, 2020/12/01, 23:16:42.692, 2982467080272, testhost.dll, TcpClientExtensions.MessageLoopAsync: exiting MessageLoopAsync remoteEndPoint: [::ffff:127.0.0.1]:62584 localEndPoint: [::ffff:127.0.0.1]:62585
TpTrace Information: 0 : 15604, 1, 2020/12/01, 23:16:42.692, 2982467080902, testhost.dll, SocketClient.Stop: Stop communication from server endpoint: 127.0.0.1:062584
TpTrace Verbose: 0 : 15604, 1, 2020/12/01, 23:16:42.692, 2982467081827, testhost.dll, LengthPrefixCommunicationChannel.Dispose: Dispose reader and writer.
TpTrace Information: 0 : 15604, 1, 2020/12/01, 23:16:42.692, 2982467083292, testhost.dll, Testhost process exiting.
